[2.498s] Invoking command in '/home/labserver/ros2_ws/src/samuchair': PYTHONPATH=/home/labserver/ros2_ws/build/samuchair/prefix_override:/home/labserver/ros2_ws/install/samuchair/lib/python3.10/site-packages:${PYTHONPATH} /usr/bin/python3 setup.py egg_info --egg-base ../../build/samuchair build --build-base /home/labserver/ros2_ws/build/samuchair/build install --record /home/labserver/ros2_ws/build/samuchair/install.log --single-version-externally-managed
[2.927s] running egg_info
[2.974s] writing ../../build/samuchair/samuchair.egg-info/PKG-INFO
[2.974s] writing dependency_links to ../../build/samuchair/samuchair.egg-info/dependency_links.txt
[2.975s] writing entry points to ../../build/samuchair/samuchair.egg-info/entry_points.txt
[2.976s] writing requirements to ../../build/samuchair/samuchair.egg-info/requires.txt
[2.976s] writing top-level names to ../../build/samuchair/samuchair.egg-info/top_level.txt
[3.249s] reading manifest file '../../build/samuchair/samuchair.egg-info/SOURCES.txt'
[3.249s] writing manifest file '../../build/samuchair/samuchair.egg-info/SOURCES.txt'
[3.254s] running build
[3.254s] running build_py
[3.256s] copying samuchair/arduinoNode.py -> /home/labserver/ros2_ws/build/samuchair/build/lib/samuchair
[3.257s] copying samuchair/webcamNode.py -> /home/labserver/ros2_ws/build/samuchair/build/lib/samuchair
[3.257s] copying samuchair/secondarytaskNode.py -> /home/labserver/ros2_ws/build/samuchair/build/lib/samuchair
[3.257s] copying samuchair/ComJoystickManual.py -> /home/labserver/ros2_ws/build/samuchair/build/lib/samuchair
[3.257s] copying samuchair/Webcam.py -> /home/labserver/ros2_ws/build/samuchair/build/lib/samuchair
[3.257s] copying samuchair/esp32Node.py -> /home/labserver/ros2_ws/build/samuchair/build/lib/samuchair
[3.262s] copying samuchair/esp32Node_old.py -> /home/labserver/ros2_ws/build/samuchair/build/lib/samuchair
[3.262s] copying samuchair/testArduinoNode.py -> /home/labserver/ros2_ws/build/samuchair/build/lib/samuchair
[3.262s] copying samuchair/__init__.py -> /home/labserver/ros2_ws/build/samuchair/build/lib/samuchair
[3.262s] copying samuchair/SecondaryTask.py -> /home/labserver/ros2_ws/build/samuchair/build/lib/samuchair
[3.267s] copying samuchair/ComESP32.py -> /home/labserver/ros2_ws/build/samuchair/build/lib/samuchair
[3.268s] running install
[3.269s] /home/labserver/.local/lib/python3.10/site-packages/setuptools/_distutils/cmd.py:66: SetuptoolsDeprecationWarning: setup.py install is deprecated.
[3.273s] !!
[3.273s] 
[3.273s]         ********************************************************************************
[3.273s]         Please avoid running ``setup.py`` directly.
[3.273s]         Instead, use pypa/build, pypa/installer or other
[3.273s]         standards-based tools.
[3.273s] 
[3.273s]         See https://blog.ganssle.io/articles/2021/10/setup-py-deprecated.html for details.
[3.273s]         ********************************************************************************
[3.273s] 
[3.273s] !!
[3.273s]   self.initialize_options()
[3.285s] running install_lib
[3.330s] copying /home/labserver/ros2_ws/build/samuchair/build/lib/samuchair/Webcam.py -> /home/labserver/ros2_ws/install/samuchair/lib/python3.10/site-packages/samuchair
[3.330s] byte-compiling /home/labserver/ros2_ws/install/samuchair/lib/python3.10/site-packages/samuchair/Webcam.py to Webcam.cpython-310.pyc
[3.337s] running install_data
[3.378s] copying launch/samuchair.launch.py -> /home/labserver/ros2_ws/install/samuchair/share/samuchair/launch
[3.384s] copying resource/samuchair -> /home/labserver/ros2_ws/install/samuchair/share/ament_index/resource_index/packages
[3.384s] copying package.xml -> /home/labserver/ros2_ws/install/samuchair/share/samuchair
[3.384s] running install_egg_info
[3.424s] removing '/home/labserver/ros2_ws/install/samuchair/lib/python3.10/site-packages/samuchair-0.0.0-py3.10.egg-info' (and everything under it)
[3.430s] Copying ../../build/samuchair/samuchair.egg-info to /home/labserver/ros2_ws/install/samuchair/lib/python3.10/site-packages/samuchair-0.0.0-py3.10.egg-info
[3.430s] running install_scripts
[3.575s] Installing arduinoNode script to /home/labserver/ros2_ws/install/samuchair/lib/samuchair
[3.579s] Installing esp32Node script to /home/labserver/ros2_ws/install/samuchair/lib/samuchair
[3.580s] Installing secondarytaskNode script to /home/labserver/ros2_ws/install/samuchair/lib/samuchair
[3.580s] Installing testArduinoNode script to /home/labserver/ros2_ws/install/samuchair/lib/samuchair
[3.584s] Installing webcamNode script to /home/labserver/ros2_ws/install/samuchair/lib/samuchair
[3.584s] writing list of installed files to '/home/labserver/ros2_ws/build/samuchair/install.log'
[3.752s] Invoked command in '/home/labserver/ros2_ws/src/samuchair' returned '0': PYTHONPATH=/home/labserver/ros2_ws/build/samuchair/prefix_override:/home/labserver/ros2_ws/install/samuchair/lib/python3.10/site-packages:${PYTHONPATH} /usr/bin/python3 setup.py egg_info --egg-base ../../build/samuchair build --build-base /home/labserver/ros2_ws/build/samuchair/build install --record /home/labserver/ros2_ws/build/samuchair/install.log --single-version-externally-managed
