[1.940s] Invoking command in '/home/labserver/ros2_ws/src/prueba': PYTHONPATH=/home/labserver/ros2_ws/build/prueba/prefix_override:/home/labserver/ros2_ws/install/prueba/lib/python3.10/site-packages:${PYTHONPATH} /usr/bin/python3 setup.py egg_info --egg-base ../../build/prueba build --build-base /home/labserver/ros2_ws/build/prueba/build install --record /home/labserver/ros2_ws/build/prueba/install.log --single-version-externally-managed
[2.425s] running egg_info
[2.457s] writing ../../build/prueba/prueba.egg-info/PKG-INFO
[2.462s] writing dependency_links to ../../build/prueba/prueba.egg-info/dependency_links.txt
[2.467s] writing entry points to ../../build/prueba/prueba.egg-info/entry_points.txt
[2.468s] writing requirements to ../../build/prueba/prueba.egg-info/requires.txt
[2.474s] writing top-level names to ../../build/prueba/prueba.egg-info/top_level.txt
[2.780s] reading manifest file '../../build/prueba/prueba.egg-info/SOURCES.txt'
[2.786s] writing manifest file '../../build/prueba/prueba.egg-info/SOURCES.txt'
[2.789s] running build
[2.795s] running build_py
[2.796s] /home/labserver/.local/lib/python3.10/site-packages/setuptools/_distutils/cmd.py:66: SetuptoolsDeprecationWarning: setup.py install is deprecated.
[2.796s] !!
[2.796s] 
[2.800s]         ********************************************************************************
[2.800s]         Please avoid running ``setup.py`` directly.
[2.800s]         Instead, use pypa/build, pypa/installer or other
[2.800s]         standards-based tools.
[2.808s] 
[2.809s]         See https://blog.ganssle.io/articles/2021/10/setup-py-deprecated.html for details.
[2.811s]         ********************************************************************************
[2.814s] 
[2.815s] !!
[2.815s]   self.initialize_options()
[2.816s] copying prueba/prueba.py -> /home/labserver/ros2_ws/build/prueba/build/lib/prueba
[2.816s] copying prueba/listener.py -> /home/labserver/ros2_ws/build/prueba/build/lib/prueba
[2.816s] copying prueba/__init__.py -> /home/labserver/ros2_ws/build/prueba/build/lib/prueba
[2.820s] running install
[2.827s] running install_lib
[2.877s] running install_data
[2.925s] copying resource/prueba -> /home/labserver/ros2_ws/install/prueba/share/ament_index/resource_index/packages
[2.927s] copying package.xml -> /home/labserver/ros2_ws/install/prueba/share/prueba
[2.928s] running install_egg_info
[2.969s] removing '/home/labserver/ros2_ws/install/prueba/lib/python3.10/site-packages/prueba-0.0.0-py3.10.egg-info' (and everything under it)
[2.971s] Copying ../../build/prueba/prueba.egg-info to /home/labserver/ros2_ws/install/prueba/lib/python3.10/site-packages/prueba-0.0.0-py3.10.egg-info
[2.974s] running install_scripts
[3.088s] Installing listener script to /home/labserver/ros2_ws/install/prueba/lib/prueba
[3.089s] Installing talker script to /home/labserver/ros2_ws/install/prueba/lib/prueba
[3.091s] writing list of installed files to '/home/labserver/ros2_ws/build/prueba/install.log'
[3.458s] Invoked command in '/home/labserver/ros2_ws/src/prueba' returned '0': PYTHONPATH=/home/labserver/ros2_ws/build/prueba/prefix_override:/home/labserver/ros2_ws/install/prueba/lib/python3.10/site-packages:${PYTHONPATH} /usr/bin/python3 setup.py egg_info --egg-base ../../build/prueba build --build-base /home/labserver/ros2_ws/build/prueba/build install --record /home/labserver/ros2_ws/build/prueba/install.log --single-version-externally-managed
