[1.742s] Invoking command in '/home/labserver/ros2_ws/src/samuchair': PYTHONPATH=/home/labserver/ros2_ws/build/samuchair/prefix_override:/home/labserver/ros2_ws/install/samuchair/lib/python3.10/site-packages:${PYTHONPATH} /usr/bin/python3 setup.py egg_info --egg-base ../../build/samuchair build --build-base /home/labserver/ros2_ws/build/samuchair/build install --record /home/labserver/ros2_ws/build/samuchair/install.log --single-version-externally-managed
[2.073s] running egg_info
[2.105s] writing ../../build/samuchair/samuchair.egg-info/PKG-INFO
[2.107s] writing dependency_links to ../../build/samuchair/samuchair.egg-info/dependency_links.txt
[2.107s] writing entry points to ../../build/samuchair/samuchair.egg-info/entry_points.txt
[2.108s] writing requirements to ../../build/samuchair/samuchair.egg-info/requires.txt
[2.110s] writing top-level names to ../../build/samuchair/samuchair.egg-info/top_level.txt
[2.327s] reading manifest file '../../build/samuchair/samuchair.egg-info/SOURCES.txt'
[2.331s] writing manifest file '../../build/samuchair/samuchair.egg-info/SOURCES.txt'
[2.332s] running build
[2.332s] running build_py
[2.335s] copying samuchair/arduinoNode.py -> /home/labserver/ros2_ws/build/samuchair/build/lib/samuchair
[2.335s] copying samuchair/webcamNode.py -> /home/labserver/ros2_ws/build/samuchair/build/lib/samuchair
[2.335s] copying samuchair/secondarytaskNode.py -> /home/labserver/ros2_ws/build/samuchair/build/lib/samuchair
[2.336s] copying samuchair/ComJoystickManual.py -> /home/labserver/ros2_ws/build/samuchair/build/lib/samuchair
[2.336s] copying samuchair/Webcam.py -> /home/labserver/ros2_ws/build/samuchair/build/lib/samuchair
[2.336s] copying samuchair/esp32Node.py -> /home/labserver/ros2_ws/build/samuchair/build/lib/samuchair
[2.340s] copying samuchair/esp32Node_old.py -> /home/labserver/ros2_ws/build/samuchair/build/lib/samuchair
[2.341s] copying samuchair/testArduinoNode.py -> /home/labserver/ros2_ws/build/samuchair/build/lib/samuchair
[2.341s] copying samuchair/__init__.py -> /home/labserver/ros2_ws/build/samuchair/build/lib/samuchair
[2.341s] copying samuchair/SecondaryTask.py -> /home/labserver/ros2_ws/build/samuchair/build/lib/samuchair
[2.342s] copying samuchair/ComESP32.py -> /home/labserver/ros2_ws/build/samuchair/build/lib/samuchair
[2.342s] running install
[2.344s] /home/labserver/.local/lib/python3.10/site-packages/setuptools/_distutils/cmd.py:66: SetuptoolsDeprecationWarning: setup.py install is deprecated.
[2.344s] !!
[2.345s] 
[2.346s]         ********************************************************************************
[2.346s]         Please avoid running ``setup.py`` directly.
[2.346s]         Instead, use pypa/build, pypa/installer or other
[2.346s]         standards-based tools.
[2.347s] 
[2.347s]         See https://blog.ganssle.io/articles/2021/10/setup-py-deprecated.html for details.
[2.347s]         ********************************************************************************
[2.347s] 
[2.347s] !!
[2.347s]   self.initialize_options()
[2.353s] running install_lib
[2.382s] running install_data
[2.409s] copying launch/samuchair.launch.py -> /home/labserver/ros2_ws/install/samuchair/share/samuchair/launch
[2.410s] copying resource/samuchair -> /home/labserver/ros2_ws/install/samuchair/share/ament_index/resource_index/packages
[2.412s] copying package.xml -> /home/labserver/ros2_ws/install/samuchair/share/samuchair
[2.413s] running install_egg_info
[2.432s] removing '/home/labserver/ros2_ws/install/samuchair/lib/python3.10/site-packages/samuchair-0.0.0-py3.10.egg-info' (and everything under it)
[2.433s] Copying ../../build/samuchair/samuchair.egg-info to /home/labserver/ros2_ws/install/samuchair/lib/python3.10/site-packages/samuchair-0.0.0-py3.10.egg-info
[2.434s] running install_scripts
[2.494s] Installing arduinoNode script to /home/labserver/ros2_ws/install/samuchair/lib/samuchair
[2.494s] Installing esp32Node script to /home/labserver/ros2_ws/install/samuchair/lib/samuchair
[2.495s] Installing secondarytaskNode script to /home/labserver/ros2_ws/install/samuchair/lib/samuchair
[2.496s] Installing testArduinoNode script to /home/labserver/ros2_ws/install/samuchair/lib/samuchair
[2.496s] Installing webcamNode script to /home/labserver/ros2_ws/install/samuchair/lib/samuchair
[2.497s] writing list of installed files to '/home/labserver/ros2_ws/build/samuchair/install.log'
[2.560s] Invoked command in '/home/labserver/ros2_ws/src/samuchair' returned '0': PYTHONPATH=/home/labserver/ros2_ws/build/samuchair/prefix_override:/home/labserver/ros2_ws/install/samuchair/lib/python3.10/site-packages:${PYTHONPATH} /usr/bin/python3 setup.py egg_info --egg-base ../../build/samuchair build --build-base /home/labserver/ros2_ws/build/samuchair/build install --record /home/labserver/ros2_ws/build/samuchair/install.log --single-version-externally-managed
