[1.833s] Invoking command in '/home/labserver/ros2_ws/src/samuchair': PYTHONPATH=/home/labserver/ros2_ws/build/samuchair/prefix_override:/home/labserver/ros2_ws/install/samuchair/lib/python3.10/site-packages:${PYTHONPATH} /usr/bin/python3 setup.py egg_info --egg-base ../../build/samuchair build --build-base /home/labserver/ros2_ws/build/samuchair/build install --record /home/labserver/ros2_ws/build/samuchair/install.log --single-version-externally-managed
[2.117s] running egg_info
[2.139s] writing ../../build/samuchair/samuchair.egg-info/PKG-INFO
[2.140s] writing dependency_links to ../../build/samuchair/samuchair.egg-info/dependency_links.txt
[2.141s] writing entry points to ../../build/samuchair/samuchair.egg-info/entry_points.txt
[2.141s] writing requirements to ../../build/samuchair/samuchair.egg-info/requires.txt
[2.142s] writing top-level names to ../../build/samuchair/samuchair.egg-info/top_level.txt
[2.357s] reading manifest file '../../build/samuchair/samuchair.egg-info/SOURCES.txt'
[2.358s] writing manifest file '../../build/samuchair/samuchair.egg-info/SOURCES.txt'
[2.360s] running build
[2.360s] running build_py
[2.361s] copying samuchair/arduinoNode.py -> /home/labserver/ros2_ws/build/samuchair/build/lib/samuchair
[2.361s] copying samuchair/movilNode.py -> /home/labserver/ros2_ws/build/samuchair/build/lib/samuchair
[2.361s] copying samuchair/webcamNode.py -> /home/labserver/ros2_ws/build/samuchair/build/lib/samuchair
[2.362s] copying samuchair/tactilesNode.py -> /home/labserver/ros2_ws/build/samuchair/build/lib/samuchair
[2.363s] copying samuchair/secondarytaskNode.py -> /home/labserver/ros2_ws/build/samuchair/build/lib/samuchair
[2.363s] copying samuchair/ComJoystickManual.py -> /home/labserver/ros2_ws/build/samuchair/build/lib/samuchair
[2.363s] copying samuchair/Webcam.py -> /home/labserver/ros2_ws/build/samuchair/build/lib/samuchair
[2.363s] copying samuchair/esp32Node.py -> /home/labserver/ros2_ws/build/samuchair/build/lib/samuchair
[2.365s] copying samuchair/esp32Node_old.py -> /home/labserver/ros2_ws/build/samuchair/build/lib/samuchair
[2.365s] copying samuchair/testArduinoNode.py -> /home/labserver/ros2_ws/build/samuchair/build/lib/samuchair
[2.365s] copying samuchair/__init__.py -> /home/labserver/ros2_ws/build/samuchair/build/lib/samuchair
[2.365s] copying samuchair/SecondaryTask.py -> /home/labserver/ros2_ws/build/samuchair/build/lib/samuchair
[2.365s] copying samuchair/ComESP32.py -> /home/labserver/ros2_ws/build/samuchair/build/lib/samuchair
[2.365s] running install
[2.367s] /home/labserver/.local/lib/python3.10/site-packages/setuptools/_distutils/cmd.py:66: SetuptoolsDeprecationWarning: setup.py install is deprecated.
[2.367s] !!
[2.368s] 
[2.368s]         ********************************************************************************
[2.368s]         Please avoid running ``setup.py`` directly.
[2.368s]         Instead, use pypa/build, pypa/installer or other
[2.368s]         standards-based tools.
[2.368s] 
[2.368s]         See https://blog.ganssle.io/articles/2021/10/setup-py-deprecated.html for details.
[2.368s]         ********************************************************************************
[2.368s] 
[2.368s] !!
[2.368s]   self.initialize_options()
[2.373s] running install_lib
[2.395s] copying /home/labserver/ros2_ws/build/samuchair/build/lib/samuchair/arduinoNode.py -> /home/labserver/ros2_ws/install/samuchair/lib/python3.10/site-packages/samuchair
[2.395s] copying /home/labserver/ros2_ws/build/samuchair/build/lib/samuchair/movilNode.py -> /home/labserver/ros2_ws/install/samuchair/lib/python3.10/site-packages/samuchair
[2.395s] copying /home/labserver/ros2_ws/build/samuchair/build/lib/samuchair/webcamNode.py -> /home/labserver/ros2_ws/install/samuchair/lib/python3.10/site-packages/samuchair
[2.395s] copying /home/labserver/ros2_ws/build/samuchair/build/lib/samuchair/tactilesNode.py -> /home/labserver/ros2_ws/install/samuchair/lib/python3.10/site-packages/samuchair
[2.395s] copying /home/labserver/ros2_ws/build/samuchair/build/lib/samuchair/secondarytaskNode.py -> /home/labserver/ros2_ws/install/samuchair/lib/python3.10/site-packages/samuchair
[2.396s] copying /home/labserver/ros2_ws/build/samuchair/build/lib/samuchair/ComJoystickManual.py -> /home/labserver/ros2_ws/install/samuchair/lib/python3.10/site-packages/samuchair
[2.396s] copying /home/labserver/ros2_ws/build/samuchair/build/lib/samuchair/Webcam.py -> /home/labserver/ros2_ws/install/samuchair/lib/python3.10/site-packages/samuchair
[2.396s] copying /home/labserver/ros2_ws/build/samuchair/build/lib/samuchair/esp32Node.py -> /home/labserver/ros2_ws/install/samuchair/lib/python3.10/site-packages/samuchair
[2.396s] copying /home/labserver/ros2_ws/build/samuchair/build/lib/samuchair/esp32Node_old.py -> /home/labserver/ros2_ws/install/samuchair/lib/python3.10/site-packages/samuchair
[2.396s] copying /home/labserver/ros2_ws/build/samuchair/build/lib/samuchair/testArduinoNode.py -> /home/labserver/ros2_ws/install/samuchair/lib/python3.10/site-packages/samuchair
[2.397s] copying /home/labserver/ros2_ws/build/samuchair/build/lib/samuchair/__init__.py -> /home/labserver/ros2_ws/install/samuchair/lib/python3.10/site-packages/samuchair
[2.397s] copying /home/labserver/ros2_ws/build/samuchair/build/lib/samuchair/SecondaryTask.py -> /home/labserver/ros2_ws/install/samuchair/lib/python3.10/site-packages/samuchair
[2.397s] copying /home/labserver/ros2_ws/build/samuchair/build/lib/samuchair/ComESP32.py -> /home/labserver/ros2_ws/install/samuchair/lib/python3.10/site-packages/samuchair
[2.398s] byte-compiling /home/labserver/ros2_ws/install/samuchair/lib/python3.10/site-packages/samuchair/arduinoNode.py to arduinoNode.cpython-310.pyc
[2.399s] byte-compiling /home/labserver/ros2_ws/install/samuchair/lib/python3.10/site-packages/samuchair/movilNode.py to movilNode.cpython-310.pyc
[2.403s] byte-compiling /home/labserver/ros2_ws/install/samuchair/lib/python3.10/site-packages/samuchair/webcamNode.py to webcamNode.cpython-310.pyc
[2.404s] byte-compiling /home/labserver/ros2_ws/install/samuchair/lib/python3.10/site-packages/samuchair/tactilesNode.py to tactilesNode.cpython-310.pyc
[2.404s] byte-compiling /home/labserver/ros2_ws/install/samuchair/lib/python3.10/site-packages/samuchair/secondarytaskNode.py to secondarytaskNode.cpython-310.pyc
[2.405s] byte-compiling /home/labserver/ros2_ws/install/samuchair/lib/python3.10/site-packages/samuchair/ComJoystickManual.py to ComJoystickManual.cpython-310.pyc
[2.407s] byte-compiling /home/labserver/ros2_ws/install/samuchair/lib/python3.10/site-packages/samuchair/Webcam.py to Webcam.cpython-310.pyc
[2.408s] byte-compiling /home/labserver/ros2_ws/install/samuchair/lib/python3.10/site-packages/samuchair/esp32Node.py to esp32Node.cpython-310.pyc
[2.409s] byte-compiling /home/labserver/ros2_ws/install/samuchair/lib/python3.10/site-packages/samuchair/esp32Node_old.py to esp32Node_old.cpython-310.pyc
[2.411s] byte-compiling /home/labserver/ros2_ws/install/samuchair/lib/python3.10/site-packages/samuchair/testArduinoNode.py to testArduinoNode.cpython-310.pyc
[2.415s] byte-compiling /home/labserver/ros2_ws/install/samuchair/lib/python3.10/site-packages/samuchair/__init__.py to __init__.cpython-310.pyc
[2.415s] byte-compiling /home/labserver/ros2_ws/install/samuchair/lib/python3.10/site-packages/samuchair/SecondaryTask.py to SecondaryTask.cpython-310.pyc
[2.416s] byte-compiling /home/labserver/ros2_ws/install/samuchair/lib/python3.10/site-packages/samuchair/ComESP32.py to ComESP32.cpython-310.pyc
[2.417s] running install_data
[2.440s] copying launch/record_samuchair.launch.py -> /home/labserver/ros2_ws/install/samuchair/share/samuchair/launch
[2.440s] copying launch/samuchair.launch.py -> /home/labserver/ros2_ws/install/samuchair/share/samuchair/launch
[2.440s] copying resource/samuchair -> /home/labserver/ros2_ws/install/samuchair/share/ament_index/resource_index/packages
[2.441s] copying package.xml -> /home/labserver/ros2_ws/install/samuchair/share/samuchair
[2.441s] running install_egg_info
[2.462s] removing '/home/labserver/ros2_ws/install/samuchair/lib/python3.10/site-packages/samuchair-0.0.0-py3.10.egg-info' (and everything under it)
[2.463s] Copying ../../build/samuchair/samuchair.egg-info to /home/labserver/ros2_ws/install/samuchair/lib/python3.10/site-packages/samuchair-0.0.0-py3.10.egg-info
[2.466s] running install_scripts
[2.534s] Installing arduinoNode script to /home/labserver/ros2_ws/install/samuchair/lib/samuchair
[2.534s] Installing esp32Node script to /home/labserver/ros2_ws/install/samuchair/lib/samuchair
[2.534s] Installing movilNode script to /home/labserver/ros2_ws/install/samuchair/lib/samuchair
[2.536s] Installing secondarytaskNode script to /home/labserver/ros2_ws/install/samuchair/lib/samuchair
[2.536s] Installing tactilesNode script to /home/labserver/ros2_ws/install/samuchair/lib/samuchair
[2.537s] Installing testArduinoNode script to /home/labserver/ros2_ws/install/samuchair/lib/samuchair
[2.538s] Installing webcamNode script to /home/labserver/ros2_ws/install/samuchair/lib/samuchair
[2.539s] writing list of installed files to '/home/labserver/ros2_ws/build/samuchair/install.log'
[2.604s] Invoked command in '/home/labserver/ros2_ws/src/samuchair' returned '0': PYTHONPATH=/home/labserver/ros2_ws/build/samuchair/prefix_override:/home/labserver/ros2_ws/install/samuchair/lib/python3.10/site-packages:${PYTHONPATH} /usr/bin/python3 setup.py egg_info --egg-base ../../build/samuchair build --build-base /home/labserver/ros2_ws/build/samuchair/build install --record /home/labserver/ros2_ws/build/samuchair/install.log --single-version-externally-managed
