[1.883s] Invoking command in '/home/labserver/ros2_ws/src/my_robot_controller': PYTHONPATH=/home/labserver/ros2_ws/build/my_robot_controller/prefix_override:/home/labserver/ros2_ws/install/my_robot_controller/lib/python3.10/site-packages:${PYTHONPATH} /usr/bin/python3 setup.py egg_info --egg-base ../../build/my_robot_controller build --build-base /home/labserver/ros2_ws/build/my_robot_controller/build install --record /home/labserver/ros2_ws/build/my_robot_controller/install.log --single-version-externally-managed
[2.167s] running egg_info
[2.185s] writing ../../build/my_robot_controller/my_robot_controller.egg-info/PKG-INFO
[2.186s] writing dependency_links to ../../build/my_robot_controller/my_robot_controller.egg-info/dependency_links.txt
[2.187s] writing entry points to ../../build/my_robot_controller/my_robot_controller.egg-info/entry_points.txt
[2.187s] writing requirements to ../../build/my_robot_controller/my_robot_controller.egg-info/requires.txt
[2.188s] writing top-level names to ../../build/my_robot_controller/my_robot_controller.egg-info/top_level.txt
[2.342s] reading manifest file '../../build/my_robot_controller/my_robot_controller.egg-info/SOURCES.txt'
[2.343s] writing manifest file '../../build/my_robot_controller/my_robot_controller.egg-info/SOURCES.txt'
[2.344s] running build
[2.344s] running build_py
[2.345s] copying my_robot_controller/my_first_node.py -> /home/labserver/ros2_ws/build/my_robot_controller/build/lib/my_robot_controller
[2.345s] copying my_robot_controller/__init__.py -> /home/labserver/ros2_ws/build/my_robot_controller/build/lib/my_robot_controller
[2.345s] running install
[2.346s] /home/labserver/.local/lib/python3.10/site-packages/setuptools/_distutils/cmd.py:66: SetuptoolsDeprecationWarning: setup.py install is deprecated.
[2.346s] !!
[2.346s] 
[2.346s]         ********************************************************************************
[2.346s]         Please avoid running ``setup.py`` directly.
[2.346s]         Instead, use pypa/build, pypa/installer or other
[2.346s]         standards-based tools.
[2.346s] 
[2.346s]         See https://blog.ganssle.io/articles/2021/10/setup-py-deprecated.html for details.
[2.346s]         ********************************************************************************
[2.346s] 
[2.346s] !!
[2.346s]   self.initialize_options()
[2.352s] running install_lib
[2.384s] running install_data
[2.403s] copying resource/my_robot_controller -> /home/labserver/ros2_ws/install/my_robot_controller/share/ament_index/resource_index/packages
[2.404s] copying package.xml -> /home/labserver/ros2_ws/install/my_robot_controller/share/my_robot_controller
[2.404s] running install_egg_info
[2.426s] removing '/home/labserver/ros2_ws/install/my_robot_controller/lib/python3.10/site-packages/my_robot_controller-0.0.0-py3.10.egg-info' (and everything under it)
[2.434s] Copying ../../build/my_robot_controller/my_robot_controller.egg-info to /home/labserver/ros2_ws/install/my_robot_controller/lib/python3.10/site-packages/my_robot_controller-0.0.0-py3.10.egg-info
[2.434s] running install_scripts
[2.501s] Installing test_node script to /home/labserver/ros2_ws/install/my_robot_controller/lib/my_robot_controller
[2.501s] writing list of installed files to '/home/labserver/ros2_ws/build/my_robot_controller/install.log'
[2.544s] Invoked command in '/home/labserver/ros2_ws/src/my_robot_controller' returned '0': PYTHONPATH=/home/labserver/ros2_ws/build/my_robot_controller/prefix_override:/home/labserver/ros2_ws/install/my_robot_controller/lib/python3.10/site-packages:${PYTHONPATH} /usr/bin/python3 setup.py egg_info --egg-base ../../build/my_robot_controller build --build-base /home/labserver/ros2_ws/build/my_robot_controller/build install --record /home/labserver/ros2_ws/build/my_robot_controller/install.log --single-version-externally-managed
