[2.954s] Invoking command in '/home/labserver/ros2_ws/src/samuchair': PYTHONPATH=/home/labserver/ros2_ws/build/samuchair/prefix_override:/home/labserver/ros2_ws/install/samuchair/lib/python3.10/site-packages:${PYTHONPATH} /usr/bin/python3 setup.py egg_info --egg-base ../../build/samuchair build --build-base /home/labserver/ros2_ws/build/samuchair/build install --record /home/labserver/ros2_ws/build/samuchair/install.log --single-version-externally-managed
[3.547s] running egg_info
[3.569s] writing ../../build/samuchair/samuchair.egg-info/PKG-INFO
[3.569s] writing dependency_links to ../../build/samuchair/samuchair.egg-info/dependency_links.txt
[3.569s] writing entry points to ../../build/samuchair/samuchair.egg-info/entry_points.txt
[3.571s] writing requirements to ../../build/samuchair/samuchair.egg-info/requires.txt
[3.571s] writing top-level names to ../../build/samuchair/samuchair.egg-info/top_level.txt
[3.948s] reading manifest file '../../build/samuchair/samuchair.egg-info/SOURCES.txt'
[3.951s] writing manifest file '../../build/samuchair/samuchair.egg-info/SOURCES.txt'
[3.955s] running build
[3.955s] running build_py
[3.955s] copying samuchair/arduinoNode.py -> /home/labserver/ros2_ws/build/samuchair/build/lib/samuchair
[3.956s] copying samuchair/webcamNode.py -> /home/labserver/ros2_ws/build/samuchair/build/lib/samuchair
[3.959s] copying samuchair/secondarytaskNode.py -> /home/labserver/ros2_ws/build/samuchair/build/lib/samuchair
[3.960s] copying samuchair/ComJoystickManual.py -> /home/labserver/ros2_ws/build/samuchair/build/lib/samuchair
[3.960s] copying samuchair/Webcam.py -> /home/labserver/ros2_ws/build/samuchair/build/lib/samuchair
[3.960s] copying samuchair/esp32Node.py -> /home/labserver/ros2_ws/build/samuchair/build/lib/samuchair
[3.960s] copying samuchair/esp32Node_old.py -> /home/labserver/ros2_ws/build/samuchair/build/lib/samuchair
[3.962s] copying samuchair/testArduinoNode.py -> /home/labserver/ros2_ws/build/samuchair/build/lib/samuchair
[3.963s] copying samuchair/__init__.py -> /home/labserver/ros2_ws/build/samuchair/build/lib/samuchair
[3.963s] copying samuchair/SecondaryTask.py -> /home/labserver/ros2_ws/build/samuchair/build/lib/samuchair
[3.963s] copying samuchair/ComESP32.py -> /home/labserver/ros2_ws/build/samuchair/build/lib/samuchair
[3.967s] running install
[3.967s] /home/labserver/.local/lib/python3.10/site-packages/setuptools/_distutils/cmd.py:66: SetuptoolsDeprecationWarning: setup.py install is deprecated.
[3.967s] !!
[3.968s] 
[3.968s]         ********************************************************************************
[3.968s]         Please avoid running ``setup.py`` directly.
[3.968s]         Instead, use pypa/build, pypa/installer or other
[3.968s]         standards-based tools.
[3.968s] 
[3.968s]         See https://blog.ganssle.io/articles/2021/10/setup-py-deprecated.html for details.
[3.968s]         ********************************************************************************
[3.970s] 
[3.971s] !!
[3.971s]   self.initialize_options()
[3.975s] running install_lib
[4.011s] running install_data
[4.034s] copying launch/samuchair.launch.py -> /home/labserver/ros2_ws/install/samuchair/share/samuchair/launch
[4.034s] copying resource/samuchair -> /home/labserver/ros2_ws/install/samuchair/share/ament_index/resource_index/packages
[4.034s] copying package.xml -> /home/labserver/ros2_ws/install/samuchair/share/samuchair
[4.040s] running install_egg_info
[4.067s] removing '/home/labserver/ros2_ws/install/samuchair/lib/python3.10/site-packages/samuchair-0.0.0-py3.10.egg-info' (and everything under it)
[4.071s] Copying ../../build/samuchair/samuchair.egg-info to /home/labserver/ros2_ws/install/samuchair/lib/python3.10/site-packages/samuchair-0.0.0-py3.10.egg-info
[4.076s] running install_scripts
[4.131s] Installing arduinoNode script to /home/labserver/ros2_ws/install/samuchair/lib/samuchair
[4.132s] Installing esp32Node script to /home/labserver/ros2_ws/install/samuchair/lib/samuchair
[4.133s] Installing secondarytaskNode script to /home/labserver/ros2_ws/install/samuchair/lib/samuchair
[4.134s] Installing testArduinoNode script to /home/labserver/ros2_ws/install/samuchair/lib/samuchair
[4.134s] Installing webcamNode script to /home/labserver/ros2_ws/install/samuchair/lib/samuchair
[4.135s] writing list of installed files to '/home/labserver/ros2_ws/build/samuchair/install.log'
[4.192s] Invoked command in '/home/labserver/ros2_ws/src/samuchair' returned '0': PYTHONPATH=/home/labserver/ros2_ws/build/samuchair/prefix_override:/home/labserver/ros2_ws/install/samuchair/lib/python3.10/site-packages:${PYTHONPATH} /usr/bin/python3 setup.py egg_info --egg-base ../../build/samuchair build --build-base /home/labserver/ros2_ws/build/samuchair/build install --record /home/labserver/ros2_ws/build/samuchair/install.log --single-version-externally-managed
