[2.639s] Invoking command in '/home/labserver/ros2_ws/src/samuchair': PYTHONPATH=/home/labserver/ros2_ws/build/samuchair/prefix_override:/home/labserver/ros2_ws/install/samuchair/lib/python3.10/site-packages:${PYTHONPATH} /usr/bin/python3 setup.py egg_info --egg-base ../../build/samuchair build --build-base /home/labserver/ros2_ws/build/samuchair/build install --record /home/labserver/ros2_ws/build/samuchair/install.log --single-version-externally-managed
[3.166s] running egg_info
[3.193s] writing ../../build/samuchair/samuchair.egg-info/PKG-INFO
[3.198s] writing dependency_links to ../../build/samuchair/samuchair.egg-info/dependency_links.txt
[3.200s] writing entry points to ../../build/samuchair/samuchair.egg-info/entry_points.txt
[3.208s] writing requirements to ../../build/samuchair/samuchair.egg-info/requires.txt
[3.208s] writing top-level names to ../../build/samuchair/samuchair.egg-info/top_level.txt
[3.572s] reading manifest file '../../build/samuchair/samuchair.egg-info/SOURCES.txt'
[3.572s] writing manifest file '../../build/samuchair/samuchair.egg-info/SOURCES.txt'
[3.572s] running build
[3.572s] running build_py
[3.578s] copying samuchair/arduinoNode.py -> /home/labserver/ros2_ws/build/samuchair/build/lib/samuchair
[3.578s] copying samuchair/joystickBluetoothNode.py -> /home/labserver/ros2_ws/build/samuchair/build/lib/samuchair
[3.578s] copying samuchair/movilNode.py -> /home/labserver/ros2_ws/build/samuchair/build/lib/samuchair
[3.579s] copying samuchair/webcamNode.py -> /home/labserver/ros2_ws/build/samuchair/build/lib/samuchair
[3.581s] copying samuchair/tactilesNode.py -> /home/labserver/ros2_ws/build/samuchair/build/lib/samuchair
[3.586s] copying samuchair/secondarytaskNode.py -> /home/labserver/ros2_ws/build/samuchair/build/lib/samuchair
[3.586s] copying samuchair/ComJoystickManual.py -> /home/labserver/ros2_ws/build/samuchair/build/lib/samuchair
[3.586s] copying samuchair/Webcam.py -> /home/labserver/ros2_ws/build/samuchair/build/lib/samuchair
[3.586s] copying samuchair/esp32Node.py -> /home/labserver/ros2_ws/build/samuchair/build/lib/samuchair
[3.586s] copying samuchair/jBNode.py -> /home/labserver/ros2_ws/build/samuchair/build/lib/samuchair
[3.606s] copying samuchair/esp32Node_old.py -> /home/labserver/ros2_ws/build/samuchair/build/lib/samuchair
[3.606s] copying samuchair/main.py -> /home/labserver/ros2_ws/build/samuchair/build/lib/samuchair
[3.607s] copying samuchair/testArduinoNode.py -> /home/labserver/ros2_ws/build/samuchair/build/lib/samuchair
[3.607s] copying samuchair/__init__.py -> /home/labserver/ros2_ws/build/samuchair/build/lib/samuchair
[3.607s] copying samuchair/SecondaryTask.py -> /home/labserver/ros2_ws/build/samuchair/build/lib/samuchair
[3.607s] copying samuchair/ComESP32.py -> /home/labserver/ros2_ws/build/samuchair/build/lib/samuchair
[3.607s] copying samuchair/mapJoyFingerChair.py -> /home/labserver/ros2_ws/build/samuchair/build/lib/samuchair
[3.607s] running install
[3.607s] /home/labserver/.local/lib/python3.10/site-packages/setuptools/_distutils/cmd.py:66: SetuptoolsDeprecationWarning: setup.py install is deprecated.
[3.607s] !!
[3.608s] 
[3.608s]         ********************************************************************************
[3.608s]         Please avoid running ``setup.py`` directly.
[3.608s]         Instead, use pypa/build, pypa/installer or other
[3.608s]         standards-based tools.
[3.608s] 
[3.608s]         See https://blog.ganssle.io/articles/2021/10/setup-py-deprecated.html for details.
[3.608s]         ********************************************************************************
[3.608s] 
[3.608s] !!
[3.608s]   self.initialize_options()
[3.629s] running install_lib
[3.674s] copying /home/labserver/ros2_ws/build/samuchair/build/lib/samuchair/ComJoystickManual.py -> /home/labserver/ros2_ws/install/samuchair/lib/python3.10/site-packages/samuchair
[3.678s] byte-compiling /home/labserver/ros2_ws/install/samuchair/lib/python3.10/site-packages/samuchair/ComJoystickManual.py to ComJoystickManual.cpython-310.pyc
[3.690s] running install_data
[3.741s] copying launch/record_samuchair.launch.py -> /home/labserver/ros2_ws/install/samuchair/share/samuchair/launch
[3.741s] copying launch/samuchair.launch.py -> /home/labserver/ros2_ws/install/samuchair/share/samuchair/launch
[3.749s] copying resource/samuchair -> /home/labserver/ros2_ws/install/samuchair/share/ament_index/resource_index/packages
[3.749s] copying package.xml -> /home/labserver/ros2_ws/install/samuchair/share/samuchair
[3.749s] running install_egg_info
[3.816s] removing '/home/labserver/ros2_ws/install/samuchair/lib/python3.10/site-packages/samuchair-0.0.0-py3.10.egg-info' (and everything under it)
[3.816s] Copying ../../build/samuchair/samuchair.egg-info to /home/labserver/ros2_ws/install/samuchair/lib/python3.10/site-packages/samuchair-0.0.0-py3.10.egg-info
[3.818s] running install_scripts
[4.016s] Installing arduinoNode script to /home/labserver/ros2_ws/install/samuchair/lib/samuchair
[4.017s] Installing esp32Node script to /home/labserver/ros2_ws/install/samuchair/lib/samuchair
[4.018s] Installing jBNode script to /home/labserver/ros2_ws/install/samuchair/lib/samuchair
[4.022s] Installing movilNode script to /home/labserver/ros2_ws/install/samuchair/lib/samuchair
[4.023s] Installing secondarytaskNode script to /home/labserver/ros2_ws/install/samuchair/lib/samuchair
[4.024s] Installing tactilesNode script to /home/labserver/ros2_ws/install/samuchair/lib/samuchair
[4.025s] Installing testArduinoNode script to /home/labserver/ros2_ws/install/samuchair/lib/samuchair
[4.026s] Installing webcamNode script to /home/labserver/ros2_ws/install/samuchair/lib/samuchair
[4.030s] writing list of installed files to '/home/labserver/ros2_ws/build/samuchair/install.log'
[4.146s] Invoked command in '/home/labserver/ros2_ws/src/samuchair' returned '0': PYTHONPATH=/home/labserver/ros2_ws/build/samuchair/prefix_override:/home/labserver/ros2_ws/install/samuchair/lib/python3.10/site-packages:${PYTHONPATH} /usr/bin/python3 setup.py egg_info --egg-base ../../build/samuchair build --build-base /home/labserver/ros2_ws/build/samuchair/build install --record /home/labserver/ros2_ws/build/samuchair/install.log --single-version-externally-managed
