[0.960s] Invoking command in '/home/labserver/ros2_ws/src/prueba': PYTHONPATH=/home/labserver/ros2_ws/build/prueba/prefix_override:/home/labserver/ros2_ws/install/prueba/lib/python3.10/site-packages:${PYTHONPATH} /usr/bin/python3 setup.py egg_info --egg-base ../../build/prueba build --build-base /home/labserver/ros2_ws/build/prueba/build install --record /home/labserver/ros2_ws/build/prueba/install.log --single-version-externally-managed
[1.177s] running egg_info
[1.187s] writing ../../build/prueba/prueba.egg-info/PKG-INFO
[1.188s] writing dependency_links to ../../build/prueba/prueba.egg-info/dependency_links.txt
[1.190s] writing entry points to ../../build/prueba/prueba.egg-info/entry_points.txt
[1.191s] writing requirements to ../../build/prueba/prueba.egg-info/requires.txt
[1.192s] writing top-level names to ../../build/prueba/prueba.egg-info/top_level.txt
[1.226s] reading manifest file '../../build/prueba/prueba.egg-info/SOURCES.txt'
[1.228s] writing manifest file '../../build/prueba/prueba.egg-info/SOURCES.txt'
[1.229s] running build
[1.230s] running build_py
[1.231s] copying prueba/prueba.py -> /home/labserver/ros2_ws/build/prueba/build/lib/prueba
[1.233s] copying prueba/listener.py -> /home/labserver/ros2_ws/build/prueba/build/lib/prueba
[1.233s] copying prueba/__init__.py -> /home/labserver/ros2_ws/build/prueba/build/lib/prueba
[1.233s] running install
[1.235s] /home/labserver/.local/lib/python3.10/site-packages/setuptools/_distutils/cmd.py:66: SetuptoolsDeprecationWarning: setup.py install is deprecated.
[1.235s] !!
[1.235s] 
[1.235s]         ********************************************************************************
[1.236s]         Please avoid running ``setup.py`` directly.
[1.236s]         Instead, use pypa/build, pypa/installer or other
[1.236s]         standards-based tools.
[1.236s] 
[1.236s]         See https://blog.ganssle.io/articles/2021/10/setup-py-deprecated.html for details.
[1.236s]         ********************************************************************************
[1.238s] 
[1.238s] !!
[1.239s]   self.initialize_options()
[1.241s] running install_lib
[1.259s] running install_data
[1.275s] copying resource/prueba -> /home/labserver/ros2_ws/install/prueba/share/ament_index/resource_index/packages
[1.275s] copying package.xml -> /home/labserver/ros2_ws/install/prueba/share/prueba
[1.275s] running install_egg_info
[1.294s] removing '/home/labserver/ros2_ws/install/prueba/lib/python3.10/site-packages/prueba-0.0.0-py3.10.egg-info' (and everything under it)
[1.297s] Copying ../../build/prueba/prueba.egg-info to /home/labserver/ros2_ws/install/prueba/lib/python3.10/site-packages/prueba-0.0.0-py3.10.egg-info
[1.298s] running install_scripts
[1.431s] Installing listener script to /home/labserver/ros2_ws/install/prueba/lib/prueba
[1.432s] Installing talker script to /home/labserver/ros2_ws/install/prueba/lib/prueba
[1.434s] writing list of installed files to '/home/labserver/ros2_ws/build/prueba/install.log'
[1.496s] Invoked command in '/home/labserver/ros2_ws/src/prueba' returned '0': PYTHONPATH=/home/labserver/ros2_ws/build/prueba/prefix_override:/home/labserver/ros2_ws/install/prueba/lib/python3.10/site-packages:${PYTHONPATH} /usr/bin/python3 setup.py egg_info --egg-base ../../build/prueba build --build-base /home/labserver/ros2_ws/build/prueba/build install --record /home/labserver/ros2_ws/build/prueba/install.log --single-version-externally-managed
