[5.724s] Invoking command in '/home/labserver/ros2_ws/src/prueba': PYTHONPATH=/home/labserver/ros2_ws/build/prueba/prefix_override:/home/labserver/ros2_ws/install/prueba/lib/python3.10/site-packages:${PYTHONPATH} /usr/bin/python3 setup.py egg_info --egg-base ../../build/prueba build --build-base /home/labserver/ros2_ws/build/prueba/build install --record /home/labserver/ros2_ws/build/prueba/install.log --single-version-externally-managed
[7.418s] running egg_info
[7.485s] writing ../../build/prueba/prueba.egg-info/PKG-INFO
[7.490s] writing dependency_links to ../../build/prueba/prueba.egg-info/dependency_links.txt
[7.499s] writing entry points to ../../build/prueba/prueba.egg-info/entry_points.txt
[7.500s] writing requirements to ../../build/prueba/prueba.egg-info/requires.txt
[7.501s] writing top-level names to ../../build/prueba/prueba.egg-info/top_level.txt
[8.727s] reading manifest file '../../build/prueba/prueba.egg-info/SOURCES.txt'
[8.736s] writing manifest file '../../build/prueba/prueba.egg-info/SOURCES.txt'
[8.736s] running build
[8.737s] running build_py
[8.737s] copying prueba/prueba.py -> /home/labserver/ros2_ws/build/prueba/build/lib/prueba
[8.737s] copying prueba/listener.py -> /home/labserver/ros2_ws/build/prueba/build/lib/prueba
[8.737s] copying prueba/__init__.py -> /home/labserver/ros2_ws/build/prueba/build/lib/prueba
[8.737s] running install
[8.737s] /home/labserver/.local/lib/python3.10/site-packages/setuptools/_distutils/cmd.py:66: SetuptoolsDeprecationWarning: setup.py install is deprecated.
[8.740s] !!
[8.740s] 
[8.740s]         ********************************************************************************
[8.740s]         Please avoid running ``setup.py`` directly.
[8.740s]         Instead, use pypa/build, pypa/installer or other
[8.740s]         standards-based tools.
[8.740s] 
[8.741s]         See https://blog.ganssle.io/articles/2021/10/setup-py-deprecated.html for details.
[8.741s]         ********************************************************************************
[8.741s] 
[8.741s] !!
[8.750s]   self.initialize_options()
[8.767s] running install_lib
[8.891s] running install_data
[8.980s] copying resource/prueba -> /home/labserver/ros2_ws/install/prueba/share/ament_index/resource_index/packages
[8.981s] copying package.xml -> /home/labserver/ros2_ws/install/prueba/share/prueba
[8.981s] running install_egg_info
[9.049s] removing '/home/labserver/ros2_ws/install/prueba/lib/python3.10/site-packages/prueba-0.0.0-py3.10.egg-info' (and everything under it)
[9.058s] Copying ../../build/prueba/prueba.egg-info to /home/labserver/ros2_ws/install/prueba/lib/python3.10/site-packages/prueba-0.0.0-py3.10.egg-info
[9.067s] running install_scripts
[9.352s] Installing listener script to /home/labserver/ros2_ws/install/prueba/lib/prueba
[9.352s] Installing talker script to /home/labserver/ros2_ws/install/prueba/lib/prueba
[9.356s] writing list of installed files to '/home/labserver/ros2_ws/build/prueba/install.log'
[9.545s] Invoked command in '/home/labserver/ros2_ws/src/prueba' returned '0': PYTHONPATH=/home/labserver/ros2_ws/build/prueba/prefix_override:/home/labserver/ros2_ws/install/prueba/lib/python3.10/site-packages:${PYTHONPATH} /usr/bin/python3 setup.py egg_info --egg-base ../../build/prueba build --build-base /home/labserver/ros2_ws/build/prueba/build install --record /home/labserver/ros2_ws/build/prueba/install.log --single-version-externally-managed
