[1.247s] DEBUG:colcon:Command line arguments: ['/usr/bin/colcon', 'build']
[1.248s] DEBUG:colcon:Parsed command line arguments: Namespace(log_base=None, log_level=None, verb_name='build', build_base='build', install_base='install', merge_install=False, symlink_install=False, test_result_base=None, continue_on_error=False, executor='parallel', parallel_workers=2, event_handlers=None, ignore_user_meta=False, metas=['./colcon.meta'], base_paths=['.'], packages_ignore=None, packages_ignore_regex=None, paths=None, packages_up_to=None, packages_up_to_regex=None, packages_above=None, packages_above_and_dependencies=None, packages_above_depth=None, packages_select_by_dep=None, packages_skip_by_dep=None, packages_skip_up_to=None, packages_select_build_failed=False, packages_skip_build_finished=False, packages_select_test_failures=False, packages_skip_test_passed=False, packages_select=None, packages_skip=None, packages_select_regex=None, packages_skip_regex=None, packages_start=None, packages_end=None, allow_overriding=[], cmake_args=None, cmake_target=None, cmake_target_skip_unavailable=False, cmake_clean_cache=False, cmake_clean_first=False, cmake_force_configure=False, ament_cmake_args=None, catkin_cmake_args=None, catkin_skip_building_tests=False, verb_parser=<colcon_defaults.argument_parser.defaults.DefaultArgumentsDecorator object at 0x7f2d43470fa0>, verb_extension=<colcon_core.verb.build.BuildVerb object at 0x7f2d438e7dc0>, main=<bound method BuildVerb.main of <colcon_core.verb.build.BuildVerb object at 0x7f2d438e7dc0>>)
[1.310s] Level 1:colcon.colcon_core.package_discovery:discover_packages(colcon_meta) check parameters
[1.311s] Level 1:colcon.colcon_core.package_discovery:discover_packages(recursive) check parameters
[1.311s] Level 1:colcon.colcon_core.package_discovery:discover_packages(ignore) check parameters
[1.311s] Level 1:colcon.colcon_core.package_discovery:discover_packages(path) check parameters
[1.311s] Level 1:colcon.colcon_core.package_discovery:discover_packages(colcon_meta) discover
[1.311s] Level 1:colcon.colcon_core.package_discovery:discover_packages(recursive) discover
[1.311s] INFO:colcon.colcon_core.package_discovery:Crawling recursively for packages in '/home/labserver/ros2_ws'
[1.311s] Level 1:colcon.colcon_core.package_identification:_identify(.) by extensions ['ignore', 'ignore_ament_install']
[1.312s] Level 1:colcon.colcon_core.package_identification:_identify(.) by extension 'ignore'
[1.312s] Level 1:colcon.colcon_core.package_identification:_identify(.) by extension 'ignore_ament_install'
[1.312s] Level 1:colcon.colcon_core.package_identification:_identify(.) by extensions ['colcon_pkg']
[1.312s] Level 1:colcon.colcon_core.package_identification:_identify(.) by extension 'colcon_pkg'
[1.312s] Level 1:colcon.colcon_core.package_identification:_identify(.) by extensions ['colcon_meta']
[1.312s] Level 1:colcon.colcon_core.package_identification:_identify(.) by extension 'colcon_meta'
[1.312s] Level 1:colcon.colcon_core.package_identification:_identify(.) by extensions ['ros']
[1.312s] Level 1:colcon.colcon_core.package_identification:_identify(.) by extension 'ros'
[1.329s] Level 1:colcon.colcon_core.package_identification:_identify(.) by extensions ['cmake', 'python']
[1.329s] Level 1:colcon.colcon_core.package_identification:_identify(.) by extension 'cmake'
[1.329s] Level 1:colcon.colcon_core.package_identification:_identify(.) by extension 'python'
[1.329s] Level 1:colcon.colcon_core.package_identification:_identify(.) by extensions ['python_setup_py']
[1.330s] Level 1:colcon.colcon_core.package_identification:_identify(.) by extension 'python_setup_py'
[1.330s] Level 1:colcon.colcon_core.package_identification:_identify(build) by extensions ['ignore', 'ignore_ament_install']
[1.330s] Level 1:colcon.colcon_core.package_identification:_identify(build) by extension 'ignore'
[1.330s] Level 1:colcon.colcon_core.package_identification:_identify(build) ignored
[1.331s] Level 1:colcon.colcon_core.package_identification:_identify(fotos) by extensions ['ignore', 'ignore_ament_install']
[1.331s] Level 1:colcon.colcon_core.package_identification:_identify(fotos) by extension 'ignore'
[1.331s] Level 1:colcon.colcon_core.package_identification:_identify(fotos) by extension 'ignore_ament_install'
[1.331s] Level 1:colcon.colcon_core.package_identification:_identify(fotos) by extensions ['colcon_pkg']
[1.331s] Level 1:colcon.colcon_core.package_identification:_identify(fotos) by extension 'colcon_pkg'
[1.331s] Level 1:colcon.colcon_core.package_identification:_identify(fotos) by extensions ['colcon_meta']
[1.331s] Level 1:colcon.colcon_core.package_identification:_identify(fotos) by extension 'colcon_meta'
[1.331s] Level 1:colcon.colcon_core.package_identification:_identify(fotos) by extensions ['ros']
[1.331s] Level 1:colcon.colcon_core.package_identification:_identify(fotos) by extension 'ros'
[1.331s] Level 1:colcon.colcon_core.package_identification:_identify(fotos) by extensions ['cmake', 'python']
[1.331s] Level 1:colcon.colcon_core.package_identification:_identify(fotos) by extension 'cmake'
[1.331s] Level 1:colcon.colcon_core.package_identification:_identify(fotos) by extension 'python'
[1.331s] Level 1:colcon.colcon_core.package_identification:_identify(fotos) by extensions ['python_setup_py']
[1.331s] Level 1:colcon.colcon_core.package_identification:_identify(fotos) by extension 'python_setup_py'
[1.332s] Level 1:colcon.colcon_core.package_identification:_identify(install) by extensions ['ignore', 'ignore_ament_install']
[1.332s] Level 1:colcon.colcon_core.package_identification:_identify(install) by extension 'ignore'
[1.332s] Level 1:colcon.colcon_core.package_identification:_identify(install) ignored
[1.332s] Level 1:colcon.colcon_core.package_identification:_identify(log) by extensions ['ignore', 'ignore_ament_install']
[1.332s] Level 1:colcon.colcon_core.package_identification:_identify(log) by extension 'ignore'
[1.332s] Level 1:colcon.colcon_core.package_identification:_identify(log) ignored
[1.332s] Level 1:colcon.colcon_core.package_identification:_identify(rosbag2_2025_10_22-13_13_59) by extensions ['ignore', 'ignore_ament_install']
[1.332s] Level 1:colcon.colcon_core.package_identification:_identify(rosbag2_2025_10_22-13_13_59) by extension 'ignore'
[1.332s] Level 1:colcon.colcon_core.package_identification:_identify(rosbag2_2025_10_22-13_13_59) by extension 'ignore_ament_install'
[1.332s] Level 1:colcon.colcon_core.package_identification:_identify(rosbag2_2025_10_22-13_13_59) by extensions ['colcon_pkg']
[1.332s] Level 1:colcon.colcon_core.package_identification:_identify(rosbag2_2025_10_22-13_13_59) by extension 'colcon_pkg'
[1.332s] Level 1:colcon.colcon_core.package_identification:_identify(rosbag2_2025_10_22-13_13_59) by extensions ['colcon_meta']
[1.332s] Level 1:colcon.colcon_core.package_identification:_identify(rosbag2_2025_10_22-13_13_59) by extension 'colcon_meta'
[1.332s] Level 1:colcon.colcon_core.package_identification:_identify(rosbag2_2025_10_22-13_13_59) by extensions ['ros']
[1.332s] Level 1:colcon.colcon_core.package_identification:_identify(rosbag2_2025_10_22-13_13_59) by extension 'ros'
[1.333s] Level 1:colcon.colcon_core.package_identification:_identify(rosbag2_2025_10_22-13_13_59) by extensions ['cmake', 'python']
[1.333s] Level 1:colcon.colcon_core.package_identification:_identify(rosbag2_2025_10_22-13_13_59) by extension 'cmake'
[1.333s] Level 1:colcon.colcon_core.package_identification:_identify(rosbag2_2025_10_22-13_13_59) by extension 'python'
[1.333s] Level 1:colcon.colcon_core.package_identification:_identify(rosbag2_2025_10_22-13_13_59) by extensions ['python_setup_py']
[1.333s] Level 1:colcon.colcon_core.package_identification:_identify(rosbag2_2025_10_22-13_13_59) by extension 'python_setup_py'
[1.333s] Level 1:colcon.colcon_core.package_identification:_identify(rosbag2_2025_10_22-13_13_59/rosbag2_2025_10_22-13_13_59_0_csv) by extensions ['ignore', 'ignore_ament_install']
[1.333s] Level 1:colcon.colcon_core.package_identification:_identify(rosbag2_2025_10_22-13_13_59/rosbag2_2025_10_22-13_13_59_0_csv) by extension 'ignore'
[1.333s] Level 1:colcon.colcon_core.package_identification:_identify(rosbag2_2025_10_22-13_13_59/rosbag2_2025_10_22-13_13_59_0_csv) by extension 'ignore_ament_install'
[1.334s] Level 1:colcon.colcon_core.package_identification:_identify(rosbag2_2025_10_22-13_13_59/rosbag2_2025_10_22-13_13_59_0_csv) by extensions ['colcon_pkg']
[1.334s] Level 1:colcon.colcon_core.package_identification:_identify(rosbag2_2025_10_22-13_13_59/rosbag2_2025_10_22-13_13_59_0_csv) by extension 'colcon_pkg'
[1.334s] Level 1:colcon.colcon_core.package_identification:_identify(rosbag2_2025_10_22-13_13_59/rosbag2_2025_10_22-13_13_59_0_csv) by extensions ['colcon_meta']
[1.334s] Level 1:colcon.colcon_core.package_identification:_identify(rosbag2_2025_10_22-13_13_59/rosbag2_2025_10_22-13_13_59_0_csv) by extension 'colcon_meta'
[1.334s] Level 1:colcon.colcon_core.package_identification:_identify(rosbag2_2025_10_22-13_13_59/rosbag2_2025_10_22-13_13_59_0_csv) by extensions ['ros']
[1.334s] Level 1:colcon.colcon_core.package_identification:_identify(rosbag2_2025_10_22-13_13_59/rosbag2_2025_10_22-13_13_59_0_csv) by extension 'ros'
[1.335s] Level 1:colcon.colcon_core.package_identification:_identify(rosbag2_2025_10_22-13_13_59/rosbag2_2025_10_22-13_13_59_0_csv) by extensions ['cmake', 'python']
[1.335s] Level 1:colcon.colcon_core.package_identification:_identify(rosbag2_2025_10_22-13_13_59/rosbag2_2025_10_22-13_13_59_0_csv) by extension 'cmake'
[1.335s] Level 1:colcon.colcon_core.package_identification:_identify(rosbag2_2025_10_22-13_13_59/rosbag2_2025_10_22-13_13_59_0_csv) by extension 'python'
[1.335s] Level 1:colcon.colcon_core.package_identification:_identify(rosbag2_2025_10_22-13_13_59/rosbag2_2025_10_22-13_13_59_0_csv) by extensions ['python_setup_py']
[1.335s] Level 1:colcon.colcon_core.package_identification:_identify(rosbag2_2025_10_22-13_13_59/rosbag2_2025_10_22-13_13_59_0_csv) by extension 'python_setup_py'
[1.336s] Level 1:colcon.colcon_core.package_identification:_identify(samuchair_bag) by extensions ['ignore', 'ignore_ament_install']
[1.336s] Level 1:colcon.colcon_core.package_identification:_identify(samuchair_bag) by extension 'ignore'
[1.336s] Level 1:colcon.colcon_core.package_identification:_identify(samuchair_bag) by extension 'ignore_ament_install'
[1.336s] Level 1:colcon.colcon_core.package_identification:_identify(samuchair_bag) by extensions ['colcon_pkg']
[1.336s] Level 1:colcon.colcon_core.package_identification:_identify(samuchair_bag) by extension 'colcon_pkg'
[1.336s] Level 1:colcon.colcon_core.package_identification:_identify(samuchair_bag) by extensions ['colcon_meta']
[1.336s] Level 1:colcon.colcon_core.package_identification:_identify(samuchair_bag) by extension 'colcon_meta'
[1.336s] Level 1:colcon.colcon_core.package_identification:_identify(samuchair_bag) by extensions ['ros']
[1.336s] Level 1:colcon.colcon_core.package_identification:_identify(samuchair_bag) by extension 'ros'
[1.336s] Level 1:colcon.colcon_core.package_identification:_identify(samuchair_bag) by extensions ['cmake', 'python']
[1.336s] Level 1:colcon.colcon_core.package_identification:_identify(samuchair_bag) by extension 'cmake'
[1.336s] Level 1:colcon.colcon_core.package_identification:_identify(samuchair_bag) by extension 'python'
[1.336s] Level 1:colcon.colcon_core.package_identification:_identify(samuchair_bag) by extensions ['python_setup_py']
[1.336s] Level 1:colcon.colcon_core.package_identification:_identify(samuchair_bag) by extension 'python_setup_py'
[1.337s] Level 1:colcon.colcon_core.package_identification:_identify(samuchair_bag/20251022_110032) by extensions ['ignore', 'ignore_ament_install']
[1.337s] Level 1:colcon.colcon_core.package_identification:_identify(samuchair_bag/20251022_110032) by extension 'ignore'
[1.337s] Level 1:colcon.colcon_core.package_identification:_identify(samuchair_bag/20251022_110032) by extension 'ignore_ament_install'
[1.337s] Level 1:colcon.colcon_core.package_identification:_identify(samuchair_bag/20251022_110032) by extensions ['colcon_pkg']
[1.337s] Level 1:colcon.colcon_core.package_identification:_identify(samuchair_bag/20251022_110032) by extension 'colcon_pkg'
[1.337s] Level 1:colcon.colcon_core.package_identification:_identify(samuchair_bag/20251022_110032) by extensions ['colcon_meta']
[1.337s] Level 1:colcon.colcon_core.package_identification:_identify(samuchair_bag/20251022_110032) by extension 'colcon_meta'
[1.337s] Level 1:colcon.colcon_core.package_identification:_identify(samuchair_bag/20251022_110032) by extensions ['ros']
[1.337s] Level 1:colcon.colcon_core.package_identification:_identify(samuchair_bag/20251022_110032) by extension 'ros'
[1.337s] Level 1:colcon.colcon_core.package_identification:_identify(samuchair_bag/20251022_110032) by extensions ['cmake', 'python']
[1.337s] Level 1:colcon.colcon_core.package_identification:_identify(samuchair_bag/20251022_110032) by extension 'cmake'
[1.337s] Level 1:colcon.colcon_core.package_identification:_identify(samuchair_bag/20251022_110032) by extension 'python'
[1.337s] Level 1:colcon.colcon_core.package_identification:_identify(samuchair_bag/20251022_110032) by extensions ['python_setup_py']
[1.337s] Level 1:colcon.colcon_core.package_identification:_identify(samuchair_bag/20251022_110032) by extension 'python_setup_py'
[1.338s] Level 1:colcon.colcon_core.package_identification:_identify(samuchair_bag/20251022_110032/20251022_110032_0_csv) by extensions ['ignore', 'ignore_ament_install']
[1.339s] Level 1:colcon.colcon_core.package_identification:_identify(samuchair_bag/20251022_110032/20251022_110032_0_csv) by extension 'ignore'
[1.339s] Level 1:colcon.colcon_core.package_identification:_identify(samuchair_bag/20251022_110032/20251022_110032_0_csv) by extension 'ignore_ament_install'
[1.339s] Level 1:colcon.colcon_core.package_identification:_identify(samuchair_bag/20251022_110032/20251022_110032_0_csv) by extensions ['colcon_pkg']
[1.339s] Level 1:colcon.colcon_core.package_identification:_identify(samuchair_bag/20251022_110032/20251022_110032_0_csv) by extension 'colcon_pkg'
[1.339s] Level 1:colcon.colcon_core.package_identification:_identify(samuchair_bag/20251022_110032/20251022_110032_0_csv) by extensions ['colcon_meta']
[1.340s] Level 1:colcon.colcon_core.package_identification:_identify(samuchair_bag/20251022_110032/20251022_110032_0_csv) by extension 'colcon_meta'
[1.340s] Level 1:colcon.colcon_core.package_identification:_identify(samuchair_bag/20251022_110032/20251022_110032_0_csv) by extensions ['ros']
[1.340s] Level 1:colcon.colcon_core.package_identification:_identify(samuchair_bag/20251022_110032/20251022_110032_0_csv) by extension 'ros'
[1.340s] Level 1:colcon.colcon_core.package_identification:_identify(samuchair_bag/20251022_110032/20251022_110032_0_csv) by extensions ['cmake', 'python']
[1.340s] Level 1:colcon.colcon_core.package_identification:_identify(samuchair_bag/20251022_110032/20251022_110032_0_csv) by extension 'cmake'
[1.340s] Level 1:colcon.colcon_core.package_identification:_identify(samuchair_bag/20251022_110032/20251022_110032_0_csv) by extension 'python'
[1.340s] Level 1:colcon.colcon_core.package_identification:_identify(samuchair_bag/20251022_110032/20251022_110032_0_csv) by extensions ['python_setup_py']
[1.340s] Level 1:colcon.colcon_core.package_identification:_identify(samuchair_bag/20251022_110032/20251022_110032_0_csv) by extension 'python_setup_py'
[1.340s] Level 1:colcon.colcon_core.package_identification:_identify(samuchair_bag/20251022_110540) by extensions ['ignore', 'ignore_ament_install']
[1.340s] Level 1:colcon.colcon_core.package_identification:_identify(samuchair_bag/20251022_110540) by extension 'ignore'
[1.341s] Level 1:colcon.colcon_core.package_identification:_identify(samuchair_bag/20251022_110540) by extension 'ignore_ament_install'
[1.341s] Level 1:colcon.colcon_core.package_identification:_identify(samuchair_bag/20251022_110540) by extensions ['colcon_pkg']
[1.341s] Level 1:colcon.colcon_core.package_identification:_identify(samuchair_bag/20251022_110540) by extension 'colcon_pkg'
[1.341s] Level 1:colcon.colcon_core.package_identification:_identify(samuchair_bag/20251022_110540) by extensions ['colcon_meta']
[1.341s] Level 1:colcon.colcon_core.package_identification:_identify(samuchair_bag/20251022_110540) by extension 'colcon_meta'
[1.341s] Level 1:colcon.colcon_core.package_identification:_identify(samuchair_bag/20251022_110540) by extensions ['ros']
[1.341s] Level 1:colcon.colcon_core.package_identification:_identify(samuchair_bag/20251022_110540) by extension 'ros'
[1.341s] Level 1:colcon.colcon_core.package_identification:_identify(samuchair_bag/20251022_110540) by extensions ['cmake', 'python']
[1.341s] Level 1:colcon.colcon_core.package_identification:_identify(samuchair_bag/20251022_110540) by extension 'cmake'
[1.341s] Level 1:colcon.colcon_core.package_identification:_identify(samuchair_bag/20251022_110540) by extension 'python'
[1.341s] Level 1:colcon.colcon_core.package_identification:_identify(samuchair_bag/20251022_110540) by extensions ['python_setup_py']
[1.341s] Level 1:colcon.colcon_core.package_identification:_identify(samuchair_bag/20251022_110540) by extension 'python_setup_py'
[1.342s] Level 1:colcon.colcon_core.package_identification:_identify(samuchair_bag/20251022_110540/20251022_110540_0_csv) by extensions ['ignore', 'ignore_ament_install']
[1.342s] Level 1:colcon.colcon_core.package_identification:_identify(samuchair_bag/20251022_110540/20251022_110540_0_csv) by extension 'ignore'
[1.342s] Level 1:colcon.colcon_core.package_identification:_identify(samuchair_bag/20251022_110540/20251022_110540_0_csv) by extension 'ignore_ament_install'
[1.342s] Level 1:colcon.colcon_core.package_identification:_identify(samuchair_bag/20251022_110540/20251022_110540_0_csv) by extensions ['colcon_pkg']
[1.342s] Level 1:colcon.colcon_core.package_identification:_identify(samuchair_bag/20251022_110540/20251022_110540_0_csv) by extension 'colcon_pkg'
[1.342s] Level 1:colcon.colcon_core.package_identification:_identify(samuchair_bag/20251022_110540/20251022_110540_0_csv) by extensions ['colcon_meta']
[1.342s] Level 1:colcon.colcon_core.package_identification:_identify(samuchair_bag/20251022_110540/20251022_110540_0_csv) by extension 'colcon_meta'
[1.342s] Level 1:colcon.colcon_core.package_identification:_identify(samuchair_bag/20251022_110540/20251022_110540_0_csv) by extensions ['ros']
[1.342s] Level 1:colcon.colcon_core.package_identification:_identify(samuchair_bag/20251022_110540/20251022_110540_0_csv) by extension 'ros'
[1.343s] Level 1:colcon.colcon_core.package_identification:_identify(samuchair_bag/20251022_110540/20251022_110540_0_csv) by extensions ['cmake', 'python']
[1.343s] Level 1:colcon.colcon_core.package_identification:_identify(samuchair_bag/20251022_110540/20251022_110540_0_csv) by extension 'cmake'
[1.343s] Level 1:colcon.colcon_core.package_identification:_identify(samuchair_bag/20251022_110540/20251022_110540_0_csv) by extension 'python'
[1.343s] Level 1:colcon.colcon_core.package_identification:_identify(samuchair_bag/20251022_110540/20251022_110540_0_csv) by extensions ['python_setup_py']
[1.343s] Level 1:colcon.colcon_core.package_identification:_identify(samuchair_bag/20251022_110540/20251022_110540_0_csv) by extension 'python_setup_py'
[1.343s] Level 1:colcon.colcon_core.package_identification:_identify(samuchair_bag/20251022_131114) by extensions ['ignore', 'ignore_ament_install']
[1.343s] Level 1:colcon.colcon_core.package_identification:_identify(samuchair_bag/20251022_131114) by extension 'ignore'
[1.343s] Level 1:colcon.colcon_core.package_identification:_identify(samuchair_bag/20251022_131114) by extension 'ignore_ament_install'
[1.343s] Level 1:colcon.colcon_core.package_identification:_identify(samuchair_bag/20251022_131114) by extensions ['colcon_pkg']
[1.343s] Level 1:colcon.colcon_core.package_identification:_identify(samuchair_bag/20251022_131114) by extension 'colcon_pkg'
[1.343s] Level 1:colcon.colcon_core.package_identification:_identify(samuchair_bag/20251022_131114) by extensions ['colcon_meta']
[1.343s] Level 1:colcon.colcon_core.package_identification:_identify(samuchair_bag/20251022_131114) by extension 'colcon_meta'
[1.343s] Level 1:colcon.colcon_core.package_identification:_identify(samuchair_bag/20251022_131114) by extensions ['ros']
[1.343s] Level 1:colcon.colcon_core.package_identification:_identify(samuchair_bag/20251022_131114) by extension 'ros'
[1.343s] Level 1:colcon.colcon_core.package_identification:_identify(samuchair_bag/20251022_131114) by extensions ['cmake', 'python']
[1.343s] Level 1:colcon.colcon_core.package_identification:_identify(samuchair_bag/20251022_131114) by extension 'cmake'
[1.343s] Level 1:colcon.colcon_core.package_identification:_identify(samuchair_bag/20251022_131114) by extension 'python'
[1.343s] Level 1:colcon.colcon_core.package_identification:_identify(samuchair_bag/20251022_131114) by extensions ['python_setup_py']
[1.343s] Level 1:colcon.colcon_core.package_identification:_identify(samuchair_bag/20251022_131114) by extension 'python_setup_py'
[1.344s] Level 1:colcon.colcon_core.package_identification:_identify(samuchair_bag/20251022_131114/20251022_131114_0_csv) by extensions ['ignore', 'ignore_ament_install']
[1.344s] Level 1:colcon.colcon_core.package_identification:_identify(samuchair_bag/20251022_131114/20251022_131114_0_csv) by extension 'ignore'
[1.344s] Level 1:colcon.colcon_core.package_identification:_identify(samuchair_bag/20251022_131114/20251022_131114_0_csv) by extension 'ignore_ament_install'
[1.344s] Level 1:colcon.colcon_core.package_identification:_identify(samuchair_bag/20251022_131114/20251022_131114_0_csv) by extensions ['colcon_pkg']
[1.344s] Level 1:colcon.colcon_core.package_identification:_identify(samuchair_bag/20251022_131114/20251022_131114_0_csv) by extension 'colcon_pkg'
[1.344s] Level 1:colcon.colcon_core.package_identification:_identify(samuchair_bag/20251022_131114/20251022_131114_0_csv) by extensions ['colcon_meta']
[1.344s] Level 1:colcon.colcon_core.package_identification:_identify(samuchair_bag/20251022_131114/20251022_131114_0_csv) by extension 'colcon_meta'
[1.344s] Level 1:colcon.colcon_core.package_identification:_identify(samuchair_bag/20251022_131114/20251022_131114_0_csv) by extensions ['ros']
[1.344s] Level 1:colcon.colcon_core.package_identification:_identify(samuchair_bag/20251022_131114/20251022_131114_0_csv) by extension 'ros'
[1.344s] Level 1:colcon.colcon_core.package_identification:_identify(samuchair_bag/20251022_131114/20251022_131114_0_csv) by extensions ['cmake', 'python']
[1.344s] Level 1:colcon.colcon_core.package_identification:_identify(samuchair_bag/20251022_131114/20251022_131114_0_csv) by extension 'cmake'
[1.344s] Level 1:colcon.colcon_core.package_identification:_identify(samuchair_bag/20251022_131114/20251022_131114_0_csv) by extension 'python'
[1.344s] Level 1:colcon.colcon_core.package_identification:_identify(samuchair_bag/20251022_131114/20251022_131114_0_csv) by extensions ['python_setup_py']
[1.344s] Level 1:colcon.colcon_core.package_identification:_identify(samuchair_bag/20251022_131114/20251022_131114_0_csv) by extension 'python_setup_py'
[1.344s] Level 1:colcon.colcon_core.package_identification:_identify(samuchair_bag/20251027_194254) by extensions ['ignore', 'ignore_ament_install']
[1.345s] Level 1:colcon.colcon_core.package_identification:_identify(samuchair_bag/20251027_194254) by extension 'ignore'
[1.345s] Level 1:colcon.colcon_core.package_identification:_identify(samuchair_bag/20251027_194254) by extension 'ignore_ament_install'
[1.345s] Level 1:colcon.colcon_core.package_identification:_identify(samuchair_bag/20251027_194254) by extensions ['colcon_pkg']
[1.345s] Level 1:colcon.colcon_core.package_identification:_identify(samuchair_bag/20251027_194254) by extension 'colcon_pkg'
[1.345s] Level 1:colcon.colcon_core.package_identification:_identify(samuchair_bag/20251027_194254) by extensions ['colcon_meta']
[1.345s] Level 1:colcon.colcon_core.package_identification:_identify(samuchair_bag/20251027_194254) by extension 'colcon_meta'
[1.345s] Level 1:colcon.colcon_core.package_identification:_identify(samuchair_bag/20251027_194254) by extensions ['ros']
[1.345s] Level 1:colcon.colcon_core.package_identification:_identify(samuchair_bag/20251027_194254) by extension 'ros'
[1.345s] Level 1:colcon.colcon_core.package_identification:_identify(samuchair_bag/20251027_194254) by extensions ['cmake', 'python']
[1.345s] Level 1:colcon.colcon_core.package_identification:_identify(samuchair_bag/20251027_194254) by extension 'cmake'
[1.345s] Level 1:colcon.colcon_core.package_identification:_identify(samuchair_bag/20251027_194254) by extension 'python'
[1.345s] Level 1:colcon.colcon_core.package_identification:_identify(samuchair_bag/20251027_194254) by extensions ['python_setup_py']
[1.345s] Level 1:colcon.colcon_core.package_identification:_identify(samuchair_bag/20251027_194254) by extension 'python_setup_py'
[1.345s] Level 1:colcon.colcon_core.package_identification:_identify(samuchair_bag/20251118_231306) by extensions ['ignore', 'ignore_ament_install']
[1.345s] Level 1:colcon.colcon_core.package_identification:_identify(samuchair_bag/20251118_231306) by extension 'ignore'
[1.346s] Level 1:colcon.colcon_core.package_identification:_identify(samuchair_bag/20251118_231306) by extension 'ignore_ament_install'
[1.346s] Level 1:colcon.colcon_core.package_identification:_identify(samuchair_bag/20251118_231306) by extensions ['colcon_pkg']
[1.346s] Level 1:colcon.colcon_core.package_identification:_identify(samuchair_bag/20251118_231306) by extension 'colcon_pkg'
[1.346s] Level 1:colcon.colcon_core.package_identification:_identify(samuchair_bag/20251118_231306) by extensions ['colcon_meta']
[1.346s] Level 1:colcon.colcon_core.package_identification:_identify(samuchair_bag/20251118_231306) by extension 'colcon_meta'
[1.346s] Level 1:colcon.colcon_core.package_identification:_identify(samuchair_bag/20251118_231306) by extensions ['ros']
[1.346s] Level 1:colcon.colcon_core.package_identification:_identify(samuchair_bag/20251118_231306) by extension 'ros'
[1.346s] Level 1:colcon.colcon_core.package_identification:_identify(samuchair_bag/20251118_231306) by extensions ['cmake', 'python']
[1.346s] Level 1:colcon.colcon_core.package_identification:_identify(samuchair_bag/20251118_231306) by extension 'cmake'
[1.346s] Level 1:colcon.colcon_core.package_identification:_identify(samuchair_bag/20251118_231306) by extension 'python'
[1.346s] Level 1:colcon.colcon_core.package_identification:_identify(samuchair_bag/20251118_231306) by extensions ['python_setup_py']
[1.346s] Level 1:colcon.colcon_core.package_identification:_identify(samuchair_bag/20251118_231306) by extension 'python_setup_py'
[1.346s] Level 1:colcon.colcon_core.package_identification:_identify(src) by extensions ['ignore', 'ignore_ament_install']
[1.346s] Level 1:colcon.colcon_core.package_identification:_identify(src) by extension 'ignore'
[1.346s] Level 1:colcon.colcon_core.package_identification:_identify(src) by extension 'ignore_ament_install'
[1.346s] Level 1:colcon.colcon_core.package_identification:_identify(src) by extensions ['colcon_pkg']
[1.346s] Level 1:colcon.colcon_core.package_identification:_identify(src) by extension 'colcon_pkg'
[1.347s] Level 1:colcon.colcon_core.package_identification:_identify(src) by extensions ['colcon_meta']
[1.347s] Level 1:colcon.colcon_core.package_identification:_identify(src) by extension 'colcon_meta'
[1.347s] Level 1:colcon.colcon_core.package_identification:_identify(src) by extensions ['ros']
[1.347s] Level 1:colcon.colcon_core.package_identification:_identify(src) by extension 'ros'
[1.347s] Level 1:colcon.colcon_core.package_identification:_identify(src) by extensions ['cmake', 'python']
[1.347s] Level 1:colcon.colcon_core.package_identification:_identify(src) by extension 'cmake'
[1.347s] Level 1:colcon.colcon_core.package_identification:_identify(src) by extension 'python'
[1.347s] Level 1:colcon.colcon_core.package_identification:_identify(src) by extensions ['python_setup_py']
[1.347s] Level 1:colcon.colcon_core.package_identification:_identify(src) by extension 'python_setup_py'
[1.347s] Level 1:colcon.colcon_core.package_identification:_identify(src/build) by extensions ['ignore', 'ignore_ament_install']
[1.347s] Level 1:colcon.colcon_core.package_identification:_identify(src/build) by extension 'ignore'
[1.347s] Level 1:colcon.colcon_core.package_identification:_identify(src/build) ignored
[1.347s] Level 1:colcon.colcon_core.package_identification:_identify(src/install) by extensions ['ignore', 'ignore_ament_install']
[1.347s] Level 1:colcon.colcon_core.package_identification:_identify(src/install) by extension 'ignore'
[1.348s] Level 1:colcon.colcon_core.package_identification:_identify(src/install) ignored
[1.348s] Level 1:colcon.colcon_core.package_identification:_identify(src/log) by extensions ['ignore', 'ignore_ament_install']
[1.348s] Level 1:colcon.colcon_core.package_identification:_identify(src/log) by extension 'ignore'
[1.348s] Level 1:colcon.colcon_core.package_identification:_identify(src/log) ignored
[1.348s] Level 1:colcon.colcon_core.package_identification:_identify(src/samuchair) by extensions ['ignore', 'ignore_ament_install']
[1.348s] Level 1:colcon.colcon_core.package_identification:_identify(src/samuchair) by extension 'ignore'
[1.348s] Level 1:colcon.colcon_core.package_identification:_identify(src/samuchair) by extension 'ignore_ament_install'
[1.348s] Level 1:colcon.colcon_core.package_identification:_identify(src/samuchair) by extensions ['colcon_pkg']
[1.348s] Level 1:colcon.colcon_core.package_identification:_identify(src/samuchair) by extension 'colcon_pkg'
[1.348s] Level 1:colcon.colcon_core.package_identification:_identify(src/samuchair) by extensions ['colcon_meta']
[1.348s] Level 1:colcon.colcon_core.package_identification:_identify(src/samuchair) by extension 'colcon_meta'
[1.348s] Level 1:colcon.colcon_core.package_identification:_identify(src/samuchair) by extensions ['ros']
[1.348s] Level 1:colcon.colcon_core.package_identification:_identify(src/samuchair) by extension 'ros'
[1.351s] DEBUG:colcon.colcon_core.package_identification:Package 'src/samuchair' with type 'ros.ament_python' and name 'samuchair'
[1.351s] Level 1:colcon.colcon_core.package_identification:_identify(src/samuchair_interfaces) by extensions ['ignore', 'ignore_ament_install']
[1.351s] Level 1:colcon.colcon_core.package_identification:_identify(src/samuchair_interfaces) by extension 'ignore'
[1.351s] Level 1:colcon.colcon_core.package_identification:_identify(src/samuchair_interfaces) by extension 'ignore_ament_install'
[1.351s] Level 1:colcon.colcon_core.package_identification:_identify(src/samuchair_interfaces) by extensions ['colcon_pkg']
[1.351s] Level 1:colcon.colcon_core.package_identification:_identify(src/samuchair_interfaces) by extension 'colcon_pkg'
[1.351s] Level 1:colcon.colcon_core.package_identification:_identify(src/samuchair_interfaces) by extensions ['colcon_meta']
[1.351s] Level 1:colcon.colcon_core.package_identification:_identify(src/samuchair_interfaces) by extension 'colcon_meta'
[1.351s] Level 1:colcon.colcon_core.package_identification:_identify(src/samuchair_interfaces) by extensions ['ros']
[1.351s] Level 1:colcon.colcon_core.package_identification:_identify(src/samuchair_interfaces) by extension 'ros'
[1.352s] DEBUG:colcon.colcon_core.package_identification:Package 'src/samuchair_interfaces' with type 'ros.catkin' and name 'samuchair_interfaces'
[1.352s] Level 1:colcon.colcon_core.package_discovery:discover_packages(recursive) using defaults
[1.352s] Level 1:colcon.colcon_core.package_discovery:discover_packages(ignore) discover
[1.352s] Level 1:colcon.colcon_core.package_discovery:discover_packages(ignore) using defaults
[1.352s] Level 1:colcon.colcon_core.package_discovery:discover_packages(path) discover
[1.353s] Level 1:colcon.colcon_core.package_discovery:discover_packages(path) using defaults
[1.463s] Level 1:colcon.colcon_core.package_discovery:discover_packages(prefix_path) check parameters
[1.463s] Level 1:colcon.colcon_core.package_discovery:discover_packages(prefix_path) discover
[1.499s] DEBUG:colcon.colcon_installed_package_information.package_discovery:Found 4 installed packages in /home/labserver/ros2_ws/install
[1.516s] DEBUG:colcon.colcon_installed_package_information.package_discovery:Found 1 installed packages in /home/labserver/ros2_ws/src/install
[1.534s] DEBUG:colcon.colcon_installed_package_information.package_discovery:Found 270 installed packages in /opt/ros/humble
[1.536s] Level 1:colcon.colcon_core.package_discovery:discover_packages(prefix_path) using defaults
[1.625s] Level 5:colcon.colcon_core.verb:set package 'samuchair' build argument 'cmake_args' from command line to 'None'
[1.625s] Level 5:colcon.colcon_core.verb:set package 'samuchair' build argument 'cmake_target' from command line to 'None'
[1.625s] Level 5:colcon.colcon_core.verb:set package 'samuchair' build argument 'cmake_target_skip_unavailable' from command line to 'False'
[1.625s] Level 5:colcon.colcon_core.verb:set package 'samuchair' build argument 'cmake_clean_cache' from command line to 'False'
[1.625s] Level 5:colcon.colcon_core.verb:set package 'samuchair' build argument 'cmake_clean_first' from command line to 'False'
[1.625s] Level 5:colcon.colcon_core.verb:set package 'samuchair' build argument 'cmake_force_configure' from command line to 'False'
[1.625s] Level 5:colcon.colcon_core.verb:set package 'samuchair' build argument 'ament_cmake_args' from command line to 'None'
[1.626s] Level 5:colcon.colcon_core.verb:set package 'samuchair' build argument 'catkin_cmake_args' from command line to 'None'
[1.626s] Level 5:colcon.colcon_core.verb:set package 'samuchair' build argument 'catkin_skip_building_tests' from command line to 'False'
[1.626s] DEBUG:colcon.colcon_core.verb:Building package 'samuchair' with the following arguments: {'ament_cmake_args': None, 'build_base': '/home/labserver/ros2_ws/build/samuchair', 'catkin_cmake_args': None, 'catkin_skip_building_tests': False, 'cmake_args': None, 'cmake_clean_cache': False, 'cmake_clean_first': False, 'cmake_force_configure': False, 'cmake_target': None, 'cmake_target_skip_unavailable': False, 'install_base': '/home/labserver/ros2_ws/install/samuchair', 'merge_install': False, 'path': '/home/labserver/ros2_ws/src/samuchair', 'symlink_install': False, 'test_result_base': None}
[1.643s] Level 5:colcon.colcon_core.verb:set package 'samuchair_interfaces' build argument 'cmake_args' from command line to 'None'
[1.643s] Level 5:colcon.colcon_core.verb:set package 'samuchair_interfaces' build argument 'cmake_target' from command line to 'None'
[1.643s] Level 5:colcon.colcon_core.verb:set package 'samuchair_interfaces' build argument 'cmake_target_skip_unavailable' from command line to 'False'
[1.644s] Level 5:colcon.colcon_core.verb:set package 'samuchair_interfaces' build argument 'cmake_clean_cache' from command line to 'False'
[1.644s] Level 5:colcon.colcon_core.verb:set package 'samuchair_interfaces' build argument 'cmake_clean_first' from command line to 'False'
[1.644s] Level 5:colcon.colcon_core.verb:set package 'samuchair_interfaces' build argument 'cmake_force_configure' from command line to 'False'
[1.644s] Level 5:colcon.colcon_core.verb:set package 'samuchair_interfaces' build argument 'ament_cmake_args' from command line to 'None'
[1.644s] Level 5:colcon.colcon_core.verb:set package 'samuchair_interfaces' build argument 'catkin_cmake_args' from command line to 'None'
[1.644s] Level 5:colcon.colcon_core.verb:set package 'samuchair_interfaces' build argument 'catkin_skip_building_tests' from command line to 'False'
[1.644s] DEBUG:colcon.colcon_core.verb:Building package 'samuchair_interfaces' with the following arguments: {'ament_cmake_args': None, 'build_base': '/home/labserver/ros2_ws/build/samuchair_interfaces', 'catkin_cmake_args': None, 'catkin_skip_building_tests': False, 'cmake_args': None, 'cmake_clean_cache': False, 'cmake_clean_first': False, 'cmake_force_configure': False, 'cmake_target': None, 'cmake_target_skip_unavailable': False, 'install_base': '/home/labserver/ros2_ws/install/samuchair_interfaces', 'merge_install': False, 'path': '/home/labserver/ros2_ws/src/samuchair_interfaces', 'symlink_install': False, 'test_result_base': None}
[1.661s] INFO:colcon.colcon_core.executor:Executing jobs using 'parallel' executor
[1.681s] DEBUG:colcon.colcon_parallel_executor.executor.parallel:run_until_complete
[1.682s] INFO:colcon.colcon_ros.task.ament_python.build:Building ROS package in '/home/labserver/ros2_ws/src/samuchair' with build type 'ament_python'
[1.683s] Level 1:colcon.colcon_core.shell:create_environment_hook('samuchair', 'ament_prefix_path')
[1.704s] INFO:colcon.colcon_core.plugin_system:Skipping extension 'colcon_core.shell.bat': Not used on non-Windows systems
[1.704s] INFO:colcon.colcon_core.shell:Creating environment hook '/home/labserver/ros2_ws/install/samuchair/share/samuchair/hook/ament_prefix_path.ps1'
[1.705s] INFO:colcon.colcon_core.shell:Creating environment descriptor '/home/labserver/ros2_ws/install/samuchair/share/samuchair/hook/ament_prefix_path.dsv'
[1.706s] INFO:colcon.colcon_core.shell:Creating environment hook '/home/labserver/ros2_ws/install/samuchair/share/samuchair/hook/ament_prefix_path.sh'
[1.728s] INFO:colcon.colcon_core.shell:Skip shell extension 'powershell' for command environment: Not usable outside of PowerShell
[1.729s] DEBUG:colcon.colcon_core.shell:Skip shell extension 'dsv' for command environment
[1.812s] INFO:colcon.colcon_ros.task.catkin.build:Building ROS package in '/home/labserver/ros2_ws/src/samuchair_interfaces' with build type 'catkin'
[1.812s] INFO:colcon.colcon_cmake.task.cmake.build:Building CMake package in '/home/labserver/ros2_ws/src/samuchair_interfaces'
[1.843s] INFO:colcon.colcon_core.shell:Skip shell extension 'powershell' for command environment: Not usable outside of PowerShell
[1.844s] DEBUG:colcon.colcon_core.shell:Skip shell extension 'dsv' for command environment
[2.243s] INFO:colcon.colcon_core.task.python.build:Building Python package in '/home/labserver/ros2_ws/src/samuchair'
[2.261s] INFO:colcon.colcon_core.shell:Skip shell extension 'powershell' for command environment: Not usable outside of PowerShell
[2.262s] DEBUG:colcon.colcon_core.shell:Skip shell extension 'dsv' for command environment
[2.350s] DEBUG:colcon.colcon_core.event_handler.log_command:Invoking command in '/home/labserver/ros2_ws/build/samuchair_interfaces': /usr/bin/cmake --build /home/labserver/ros2_ws/build/samuchair_interfaces -- -j2 -l2
[4.352s] DEBUG:colcon.colcon_core.event_handler.log_command:Invoked command in '/home/labserver/ros2_ws/build/samuchair_interfaces' returned '0': /usr/bin/cmake --build /home/labserver/ros2_ws/build/samuchair_interfaces -- -j2 -l2
[4.512s] DEBUG:colcon.colcon_core.event_handler.log_command:Invoking command in '/home/labserver/ros2_ws/src/samuchair': PYTHONPATH=/home/labserver/ros2_ws/build/samuchair/prefix_override:/home/labserver/ros2_ws/install/samuchair/lib/python3.10/site-packages:${PYTHONPATH} /usr/bin/python3 setup.py egg_info --egg-base ../../build/samuchair build --build-base /home/labserver/ros2_ws/build/samuchair/build install --record /home/labserver/ros2_ws/build/samuchair/install.log --single-version-externally-managed
[4.900s] DEBUG:colcon.colcon_core.event_handler.log_command:Invoking command in '/home/labserver/ros2_ws/build/samuchair_interfaces': /usr/bin/cmake --install /home/labserver/ros2_ws/build/samuchair_interfaces
[5.115s] DEBUG:colcon.colcon_core.event_handler.log_command:Invoked command in '/home/labserver/ros2_ws/build/samuchair_interfaces' returned '0': /usr/bin/cmake --install /home/labserver/ros2_ws/build/samuchair_interfaces
[5.392s] Level 1:colcon.colcon_core.shell:create_environment_hook('samuchair_interfaces', 'ros_package_path')
[5.455s] INFO:colcon.colcon_core.shell:Creating environment hook '/home/labserver/ros2_ws/install/samuchair_interfaces/share/samuchair_interfaces/hook/ros_package_path.ps1'
[5.458s] INFO:colcon.colcon_core.shell:Creating environment descriptor '/home/labserver/ros2_ws/install/samuchair_interfaces/share/samuchair_interfaces/hook/ros_package_path.dsv'
[5.459s] INFO:colcon.colcon_core.shell:Creating environment hook '/home/labserver/ros2_ws/install/samuchair_interfaces/share/samuchair_interfaces/hook/ros_package_path.sh'
[5.462s] Level 1:colcon.colcon_ros.task.catkin:checking '/home/labserver/ros2_ws/install/samuchair_interfaces/local/lib/python3.10/dist-packages'
[5.463s] Level 1:colcon.colcon_core.shell:create_environment_hook('samuchair_interfaces', 'catkin_pythonpath')
[5.502s] INFO:colcon.colcon_core.shell:Creating environment hook '/home/labserver/ros2_ws/install/samuchair_interfaces/share/samuchair_interfaces/hook/catkin_pythonpath.ps1'
[5.504s] INFO:colcon.colcon_core.shell:Creating environment descriptor '/home/labserver/ros2_ws/install/samuchair_interfaces/share/samuchair_interfaces/hook/catkin_pythonpath.dsv'
[5.508s] INFO:colcon.colcon_core.shell:Creating environment hook '/home/labserver/ros2_ws/install/samuchair_interfaces/share/samuchair_interfaces/hook/catkin_pythonpath.sh'
[5.509s] Level 1:colcon.colcon_core.shell:create_environment_hook('samuchair_interfaces', 'pkg_config_path')
[5.574s] INFO:colcon.colcon_core.shell:Creating environment hook '/home/labserver/ros2_ws/install/samuchair_interfaces/share/samuchair_interfaces/hook/pkg_config_path.ps1'
[5.580s] INFO:colcon.colcon_core.shell:Creating environment descriptor '/home/labserver/ros2_ws/install/samuchair_interfaces/share/samuchair_interfaces/hook/pkg_config_path.dsv'
[5.581s] INFO:colcon.colcon_core.shell:Creating environment hook '/home/labserver/ros2_ws/install/samuchair_interfaces/share/samuchair_interfaces/hook/pkg_config_path.sh'
[5.588s] Level 1:colcon.colcon_core.shell:create_environment_hook('samuchair_interfaces', 'pkg_config_path_multiarch')
[5.654s] INFO:colcon.colcon_core.shell:Creating environment hook '/home/labserver/ros2_ws/install/samuchair_interfaces/share/samuchair_interfaces/hook/pkg_config_path_multiarch.ps1'
[5.658s] INFO:colcon.colcon_core.shell:Creating environment descriptor '/home/labserver/ros2_ws/install/samuchair_interfaces/share/samuchair_interfaces/hook/pkg_config_path_multiarch.dsv'
[5.658s] INFO:colcon.colcon_core.shell:Creating environment hook '/home/labserver/ros2_ws/install/samuchair_interfaces/share/samuchair_interfaces/hook/pkg_config_path_multiarch.sh'
[5.730s] Level 1:colcon.colcon_core.environment:create_environment_scripts_only(samuchair_interfaces)
[5.801s] Level 1:colcon.colcon_core.environment:checking '/home/labserver/ros2_ws/install/samuchair_interfaces' for CMake module files
[5.804s] Level 1:colcon.colcon_core.environment:checking '/home/labserver/ros2_ws/install/samuchair_interfaces' for CMake config files
[5.807s] Level 1:colcon.colcon_core.shell:create_environment_hook('samuchair_interfaces', 'cmake_prefix_path')
[5.881s] INFO:colcon.colcon_core.shell:Creating environment hook '/home/labserver/ros2_ws/install/samuchair_interfaces/share/samuchair_interfaces/hook/cmake_prefix_path.ps1'
[5.885s] INFO:colcon.colcon_core.shell:Creating environment descriptor '/home/labserver/ros2_ws/install/samuchair_interfaces/share/samuchair_interfaces/hook/cmake_prefix_path.dsv'
[5.889s] INFO:colcon.colcon_core.shell:Creating environment hook '/home/labserver/ros2_ws/install/samuchair_interfaces/share/samuchair_interfaces/hook/cmake_prefix_path.sh'
[5.891s] Level 1:colcon.colcon_core.environment:checking '/home/labserver/ros2_ws/install/samuchair_interfaces/lib'
[5.891s] Level 1:colcon.colcon_core.shell:create_environment_hook('samuchair_interfaces', 'ld_library_path_lib')
[5.929s] INFO:colcon.colcon_core.shell:Creating environment hook '/home/labserver/ros2_ws/install/samuchair_interfaces/share/samuchair_interfaces/hook/ld_library_path_lib.ps1'
[5.933s] INFO:colcon.colcon_core.shell:Creating environment descriptor '/home/labserver/ros2_ws/install/samuchair_interfaces/share/samuchair_interfaces/hook/ld_library_path_lib.dsv'
[5.933s] INFO:colcon.colcon_core.shell:Creating environment hook '/home/labserver/ros2_ws/install/samuchair_interfaces/share/samuchair_interfaces/hook/ld_library_path_lib.sh'
[5.934s] Level 1:colcon.colcon_core.environment:checking '/home/labserver/ros2_ws/install/samuchair_interfaces/bin'
[5.935s] Level 1:colcon.colcon_core.environment:checking '/home/labserver/ros2_ws/install/samuchair_interfaces/lib/pkgconfig/samuchair_interfaces.pc'
[5.935s] Level 1:colcon.colcon_core.environment:checking '/home/labserver/ros2_ws/install/samuchair_interfaces/lib/python3.10/site-packages'
[5.935s] Level 1:colcon.colcon_core.environment:checking '/home/labserver/ros2_ws/install/samuchair_interfaces/bin'
[5.957s] INFO:colcon.colcon_core.shell:Creating package script '/home/labserver/ros2_ws/install/samuchair_interfaces/share/samuchair_interfaces/package.ps1'
[5.958s] INFO:colcon.colcon_core.shell:Creating package descriptor '/home/labserver/ros2_ws/install/samuchair_interfaces/share/samuchair_interfaces/package.dsv'
[5.959s] INFO:colcon.colcon_core.shell:Creating package script '/home/labserver/ros2_ws/install/samuchair_interfaces/share/samuchair_interfaces/package.sh'
[5.961s] INFO:colcon.colcon_core.shell:Creating package script '/home/labserver/ros2_ws/install/samuchair_interfaces/share/samuchair_interfaces/package.bash'
[5.961s] INFO:colcon.colcon_core.shell:Creating package script '/home/labserver/ros2_ws/install/samuchair_interfaces/share/samuchair_interfaces/package.zsh'
[5.963s] Level 1:colcon.colcon_core.environment:create_file_with_runtime_dependencies(/home/labserver/ros2_ws/install/samuchair_interfaces/share/colcon-core/packages/samuchair_interfaces)
[5.969s] DEBUG:colcon.colcon_core.event_handler.log_command:Invoked command in '/home/labserver/ros2_ws/src/samuchair' returned '0': PYTHONPATH=/home/labserver/ros2_ws/build/samuchair/prefix_override:/home/labserver/ros2_ws/install/samuchair/lib/python3.10/site-packages:${PYTHONPATH} /usr/bin/python3 setup.py egg_info --egg-base ../../build/samuchair build --build-base /home/labserver/ros2_ws/build/samuchair/build install --record /home/labserver/ros2_ws/build/samuchair/install.log --single-version-externally-managed
[5.990s] Level 1:colcon.colcon_core.environment:checking '/home/labserver/ros2_ws/install/samuchair' for CMake module files
[5.991s] Level 1:colcon.colcon_core.environment:checking '/home/labserver/ros2_ws/install/samuchair' for CMake config files
[5.992s] Level 1:colcon.colcon_core.environment:checking '/home/labserver/ros2_ws/install/samuchair/lib'
[5.993s] Level 1:colcon.colcon_core.environment:checking '/home/labserver/ros2_ws/install/samuchair/bin'
[5.993s] Level 1:colcon.colcon_core.environment:checking '/home/labserver/ros2_ws/install/samuchair/lib/pkgconfig/samuchair.pc'
[5.993s] Level 1:colcon.colcon_core.environment:checking '/home/labserver/ros2_ws/install/samuchair/lib/python3.10/site-packages'
[5.993s] Level 1:colcon.colcon_core.shell:create_environment_hook('samuchair', 'pythonpath')
[6.012s] INFO:colcon.colcon_core.shell:Creating environment hook '/home/labserver/ros2_ws/install/samuchair/share/samuchair/hook/pythonpath.ps1'
[6.013s] INFO:colcon.colcon_core.shell:Creating environment descriptor '/home/labserver/ros2_ws/install/samuchair/share/samuchair/hook/pythonpath.dsv'
[6.014s] INFO:colcon.colcon_core.shell:Creating environment hook '/home/labserver/ros2_ws/install/samuchair/share/samuchair/hook/pythonpath.sh'
[6.015s] Level 1:colcon.colcon_core.environment:checking '/home/labserver/ros2_ws/install/samuchair/bin'
[6.015s] Level 1:colcon.colcon_core.environment:create_environment_scripts_only(samuchair)
[6.035s] INFO:colcon.colcon_core.shell:Creating package script '/home/labserver/ros2_ws/install/samuchair/share/samuchair/package.ps1'
[6.036s] INFO:colcon.colcon_core.shell:Creating package descriptor '/home/labserver/ros2_ws/install/samuchair/share/samuchair/package.dsv'
[6.038s] INFO:colcon.colcon_core.shell:Creating package script '/home/labserver/ros2_ws/install/samuchair/share/samuchair/package.sh'
[6.039s] INFO:colcon.colcon_core.shell:Creating package script '/home/labserver/ros2_ws/install/samuchair/share/samuchair/package.bash'
[6.040s] INFO:colcon.colcon_core.shell:Creating package script '/home/labserver/ros2_ws/install/samuchair/share/samuchair/package.zsh'
[6.041s] Level 1:colcon.colcon_core.environment:create_file_with_runtime_dependencies(/home/labserver/ros2_ws/install/samuchair/share/colcon-core/packages/samuchair)
[6.042s] DEBUG:colcon.colcon_parallel_executor.executor.parallel:closing loop
[6.043s] DEBUG:colcon.colcon_parallel_executor.executor.parallel:loop closed
[6.043s] DEBUG:colcon.colcon_parallel_executor.executor.parallel:run_until_complete finished with '0'
[6.043s] DEBUG:colcon.colcon_core.event_reactor:joining thread
[6.084s] INFO:colcon.colcon_core.plugin_system:Skipping extension 'colcon_notification.desktop_notification.terminal_notifier': Not used on non-Darwin systems
[6.084s] INFO:colcon.colcon_core.plugin_system:Skipping extension 'colcon_notification.desktop_notification.win32': Not used on non-Windows systems
[6.084s] INFO:colcon.colcon_notification.desktop_notification:Sending desktop notification using 'notify2'
[6.114s] DEBUG:colcon.colcon_core.event_reactor:joined thread
[6.180s] INFO:colcon.colcon_core.shell:Creating prefix script '/home/labserver/ros2_ws/install/local_setup.ps1'
[6.184s] INFO:colcon.colcon_core.shell:Creating prefix util module '/home/labserver/ros2_ws/install/_local_setup_util_ps1.py'
[6.186s] INFO:colcon.colcon_core.shell:Creating prefix chain script '/home/labserver/ros2_ws/install/setup.ps1'
[6.215s] INFO:colcon.colcon_core.shell:Creating prefix script '/home/labserver/ros2_ws/install/local_setup.sh'
[6.216s] INFO:colcon.colcon_core.shell:Creating prefix util module '/home/labserver/ros2_ws/install/_local_setup_util_sh.py'
[6.217s] INFO:colcon.colcon_core.shell:Creating prefix chain script '/home/labserver/ros2_ws/install/setup.sh'
[6.245s] INFO:colcon.colcon_core.shell:Creating prefix script '/home/labserver/ros2_ws/install/local_setup.bash'
[6.246s] INFO:colcon.colcon_core.shell:Creating prefix chain script '/home/labserver/ros2_ws/install/setup.bash'
[6.276s] INFO:colcon.colcon_core.shell:Creating prefix script '/home/labserver/ros2_ws/install/local_setup.zsh'
[6.277s] INFO:colcon.colcon_core.shell:Creating prefix chain script '/home/labserver/ros2_ws/install/setup.zsh'
