[3.133s] Invoking command in '/home/labserver/ros2_ws/src/samuchair': PYTHONPATH=/home/labserver/ros2_ws/build/samuchair/prefix_override:/home/labserver/ros2_ws/install/samuchair/lib/python3.10/site-packages:${PYTHONPATH} /usr/bin/python3 setup.py egg_info --egg-base ../../build/samuchair build --build-base /home/labserver/ros2_ws/build/samuchair/build install --record /home/labserver/ros2_ws/build/samuchair/install.log --single-version-externally-managed
[3.683s] running egg_info
[3.732s] writing ../../build/samuchair/samuchair.egg-info/PKG-INFO
[3.738s] writing dependency_links to ../../build/samuchair/samuchair.egg-info/dependency_links.txt
[3.738s] writing entry points to ../../build/samuchair/samuchair.egg-info/entry_points.txt
[3.738s] writing requirements to ../../build/samuchair/samuchair.egg-info/requires.txt
[3.740s] writing top-level names to ../../build/samuchair/samuchair.egg-info/top_level.txt
[4.194s] reading manifest file '../../build/samuchair/samuchair.egg-info/SOURCES.txt'
[4.196s] writing manifest file '../../build/samuchair/samuchair.egg-info/SOURCES.txt'
[4.217s] running build
[4.218s] running build_py
[4.223s] copying samuchair/arduinoNode.py -> /home/labserver/ros2_ws/build/samuchair/build/lib/samuchair
[4.224s] copying samuchair/webcamNode.py -> /home/labserver/ros2_ws/build/samuchair/build/lib/samuchair
[4.224s] copying samuchair/secondarytaskNode.py -> /home/labserver/ros2_ws/build/samuchair/build/lib/samuchair
[4.224s] copying samuchair/ComJoystickManual.py -> /home/labserver/ros2_ws/build/samuchair/build/lib/samuchair
[4.224s] copying samuchair/Webcam.py -> /home/labserver/ros2_ws/build/samuchair/build/lib/samuchair
[4.224s] copying samuchair/esp32Node.py -> /home/labserver/ros2_ws/build/samuchair/build/lib/samuchair
[4.224s] copying samuchair/esp32Node_old.py -> /home/labserver/ros2_ws/build/samuchair/build/lib/samuchair
[4.224s] /home/labserver/.local/lib/python3.10/site-packages/setuptools/_distutils/cmd.py:66: SetuptoolsDeprecationWarning: setup.py install is deprecated.
[4.224s] !!
[4.224s] 
[4.224s]         ********************************************************************************
[4.224s]         Please avoid running ``setup.py`` directly.
[4.224s]         Instead, use pypa/build, pypa/installer or other
[4.224s]         standards-based tools.
[4.229s] 
[4.229s]         See https://blog.ganssle.io/articles/2021/10/setup-py-deprecated.html for details.
[4.238s]         ********************************************************************************
[4.239s] 
[4.239s] !!
[4.239s]   self.initialize_options()
[4.239s] copying samuchair/testArduinoNode.py -> /home/labserver/ros2_ws/build/samuchair/build/lib/samuchair
[4.244s] copying samuchair/__init__.py -> /home/labserver/ros2_ws/build/samuchair/build/lib/samuchair
[4.244s] copying samuchair/SecondaryTask.py -> /home/labserver/ros2_ws/build/samuchair/build/lib/samuchair
[4.244s] copying samuchair/ComESP32.py -> /home/labserver/ros2_ws/build/samuchair/build/lib/samuchair
[4.244s] running install
[4.244s] running install_lib
[4.279s] copying /home/labserver/ros2_ws/build/samuchair/build/lib/samuchair/Webcam.py -> /home/labserver/ros2_ws/install/samuchair/lib/python3.10/site-packages/samuchair
[4.283s] byte-compiling /home/labserver/ros2_ws/install/samuchair/lib/python3.10/site-packages/samuchair/Webcam.py to Webcam.cpython-310.pyc
[4.295s] running install_data
[4.342s] copying launch/samuchair.launch.py -> /home/labserver/ros2_ws/install/samuchair/share/samuchair/launch
[4.343s] copying resource/samuchair -> /home/labserver/ros2_ws/install/samuchair/share/ament_index/resource_index/packages
[4.343s] copying package.xml -> /home/labserver/ros2_ws/install/samuchair/share/samuchair
[4.343s] running install_egg_info
[4.435s] removing '/home/labserver/ros2_ws/install/samuchair/lib/python3.10/site-packages/samuchair-0.0.0-py3.10.egg-info' (and everything under it)
[4.438s] Copying ../../build/samuchair/samuchair.egg-info to /home/labserver/ros2_ws/install/samuchair/lib/python3.10/site-packages/samuchair-0.0.0-py3.10.egg-info
[4.443s] running install_scripts
[4.634s] Installing arduinoNode script to /home/labserver/ros2_ws/install/samuchair/lib/samuchair
[4.635s] Installing esp32Node script to /home/labserver/ros2_ws/install/samuchair/lib/samuchair
[4.639s] Installing secondarytaskNode script to /home/labserver/ros2_ws/install/samuchair/lib/samuchair
[4.639s] Installing testArduinoNode script to /home/labserver/ros2_ws/install/samuchair/lib/samuchair
[4.640s] Installing webcamNode script to /home/labserver/ros2_ws/install/samuchair/lib/samuchair
[4.643s] writing list of installed files to '/home/labserver/ros2_ws/build/samuchair/install.log'
[4.717s] Invoked command in '/home/labserver/ros2_ws/src/samuchair' returned '0': PYTHONPATH=/home/labserver/ros2_ws/build/samuchair/prefix_override:/home/labserver/ros2_ws/install/samuchair/lib/python3.10/site-packages:${PYTHONPATH} /usr/bin/python3 setup.py egg_info --egg-base ../../build/samuchair build --build-base /home/labserver/ros2_ws/build/samuchair/build install --record /home/labserver/ros2_ws/build/samuchair/install.log --single-version-externally-managed
