[2.227s] Invoking command in '/home/labserver/ros2_ws/src/samuchair': PYTHONPATH=/home/labserver/ros2_ws/build/samuchair/prefix_override:/home/labserver/ros2_ws/install/samuchair/lib/python3.10/site-packages:${PYTHONPATH} /usr/bin/python3 setup.py egg_info --egg-base ../../build/samuchair build --build-base /home/labserver/ros2_ws/build/samuchair/build install --record /home/labserver/ros2_ws/build/samuchair/install.log --single-version-externally-managed
[2.754s] running egg_info
[2.789s] writing ../../build/samuchair/samuchair.egg-info/PKG-INFO
[2.789s] writing dependency_links to ../../build/samuchair/samuchair.egg-info/dependency_links.txt
[2.793s] writing entry points to ../../build/samuchair/samuchair.egg-info/entry_points.txt
[2.794s] writing requirements to ../../build/samuchair/samuchair.egg-info/requires.txt
[2.794s] writing top-level names to ../../build/samuchair/samuchair.egg-info/top_level.txt
[3.078s] reading manifest file '../../build/samuchair/samuchair.egg-info/SOURCES.txt'
[3.080s] writing manifest file '../../build/samuchair/samuchair.egg-info/SOURCES.txt'
[3.083s] running build
[3.083s] running build_py
[3.083s] copying samuchair/arduinoNode.py -> /home/labserver/ros2_ws/build/samuchair/build/lib/samuchair
[3.085s] copying samuchair/webcamNode.py -> /home/labserver/ros2_ws/build/samuchair/build/lib/samuchair
[3.087s] copying samuchair/secondarytaskNode.py -> /home/labserver/ros2_ws/build/samuchair/build/lib/samuchair
[3.088s] copying samuchair/ComJoystickManual.py -> /home/labserver/ros2_ws/build/samuchair/build/lib/samuchair
[3.088s] copying samuchair/Webcam.py -> /home/labserver/ros2_ws/build/samuchair/build/lib/samuchair
[3.089s] copying samuchair/esp32Node.py -> /home/labserver/ros2_ws/build/samuchair/build/lib/samuchair
[3.091s] copying samuchair/esp32Node_old.py -> /home/labserver/ros2_ws/build/samuchair/build/lib/samuchair
[3.094s] copying samuchair/testArduinoNode.py -> /home/labserver/ros2_ws/build/samuchair/build/lib/samuchair
[3.096s] copying samuchair/__init__.py -> /home/labserver/ros2_ws/build/samuchair/build/lib/samuchair
[3.098s] copying samuchair/SecondaryTask.py -> /home/labserver/ros2_ws/build/samuchair/build/lib/samuchair
[3.099s] copying samuchair/ComESP32.py -> /home/labserver/ros2_ws/build/samuchair/build/lib/samuchair
[3.099s] running install
[3.100s] /home/labserver/.local/lib/python3.10/site-packages/setuptools/_distutils/cmd.py:66: SetuptoolsDeprecationWarning: setup.py install is deprecated.
[3.100s] !!
[3.100s] 
[3.100s]         ********************************************************************************
[3.100s]         Please avoid running ``setup.py`` directly.
[3.101s]         Instead, use pypa/build, pypa/installer or other
[3.101s]         standards-based tools.
[3.101s] 
[3.104s]         See https://blog.ganssle.io/articles/2021/10/setup-py-deprecated.html for details.
[3.104s]         ********************************************************************************
[3.104s] 
[3.106s] !!
[3.106s]   self.initialize_options()
[3.119s] running install_lib
[3.168s] copying /home/labserver/ros2_ws/build/samuchair/build/lib/samuchair/arduinoNode.py -> /home/labserver/ros2_ws/install/samuchair/lib/python3.10/site-packages/samuchair
[3.168s] byte-compiling /home/labserver/ros2_ws/install/samuchair/lib/python3.10/site-packages/samuchair/arduinoNode.py to arduinoNode.cpython-310.pyc
[3.172s] running install_data
[3.212s] copying resource/samuchair -> /home/labserver/ros2_ws/install/samuchair/share/ament_index/resource_index/packages
[3.212s] copying package.xml -> /home/labserver/ros2_ws/install/samuchair/share/samuchair
[3.212s] running install_egg_info
[3.264s] removing '/home/labserver/ros2_ws/install/samuchair/lib/python3.10/site-packages/samuchair-0.0.0-py3.10.egg-info' (and everything under it)
[3.264s] Copying ../../build/samuchair/samuchair.egg-info to /home/labserver/ros2_ws/install/samuchair/lib/python3.10/site-packages/samuchair-0.0.0-py3.10.egg-info
[3.264s] running install_scripts
[3.482s] Installing arduinoNode script to /home/labserver/ros2_ws/install/samuchair/lib/samuchair
[3.482s] Installing esp32Node script to /home/labserver/ros2_ws/install/samuchair/lib/samuchair
[3.482s] Installing secondarytaskNode script to /home/labserver/ros2_ws/install/samuchair/lib/samuchair
[3.482s] Installing testArduinoNode script to /home/labserver/ros2_ws/install/samuchair/lib/samuchair
[3.482s] Installing webcamNode script to /home/labserver/ros2_ws/install/samuchair/lib/samuchair
[3.482s] writing list of installed files to '/home/labserver/ros2_ws/build/samuchair/install.log'
[3.676s] Invoked command in '/home/labserver/ros2_ws/src/samuchair' returned '0': PYTHONPATH=/home/labserver/ros2_ws/build/samuchair/prefix_override:/home/labserver/ros2_ws/install/samuchair/lib/python3.10/site-packages:${PYTHONPATH} /usr/bin/python3 setup.py egg_info --egg-base ../../build/samuchair build --build-base /home/labserver/ros2_ws/build/samuchair/build install --record /home/labserver/ros2_ws/build/samuchair/install.log --single-version-externally-managed
