[2.169s] Invoking command in '/home/labserver/ros2_ws/src/prueba': PYTHONPATH=/home/labserver/ros2_ws/build/prueba/prefix_override:/home/labserver/ros2_ws/install/prueba/lib/python3.10/site-packages:${PYTHONPATH} /usr/bin/python3 setup.py egg_info --egg-base ../../build/prueba build --build-base /home/labserver/ros2_ws/build/prueba/build install --record /home/labserver/ros2_ws/build/prueba/install.log --single-version-externally-managed
[2.481s] running egg_info
[2.502s] writing ../../build/prueba/prueba.egg-info/PKG-INFO
[2.502s] writing dependency_links to ../../build/prueba/prueba.egg-info/dependency_links.txt
[2.502s] writing entry points to ../../build/prueba/prueba.egg-info/entry_points.txt
[2.505s] writing requirements to ../../build/prueba/prueba.egg-info/requires.txt
[2.505s] writing top-level names to ../../build/prueba/prueba.egg-info/top_level.txt
[2.671s] reading manifest file '../../build/prueba/prueba.egg-info/SOURCES.txt'
[2.672s] writing manifest file '../../build/prueba/prueba.egg-info/SOURCES.txt'
[2.673s] running build
[2.673s] running build_py
[2.674s] copying prueba/prueba.py -> /home/labserver/ros2_ws/build/prueba/build/lib/prueba
[2.674s] copying prueba/listener.py -> /home/labserver/ros2_ws/build/prueba/build/lib/prueba
[2.674s] copying prueba/__init__.py -> /home/labserver/ros2_ws/build/prueba/build/lib/prueba
[2.675s] running install
[2.676s] /home/labserver/.local/lib/python3.10/site-packages/setuptools/_distutils/cmd.py:66: SetuptoolsDeprecationWarning: setup.py install is deprecated.
[2.676s] !!
[2.676s] 
[2.676s]         ********************************************************************************
[2.676s]         Please avoid running ``setup.py`` directly.
[2.676s]         Instead, use pypa/build, pypa/installer or other
[2.676s]         standards-based tools.
[2.676s] 
[2.676s]         See https://blog.ganssle.io/articles/2021/10/setup-py-deprecated.html for details.
[2.676s]         ********************************************************************************
[2.676s] 
[2.676s] !!
[2.676s]   self.initialize_options()
[2.681s] running install_lib
[2.701s] running install_data
[2.725s] copying resource/prueba -> /home/labserver/ros2_ws/install/prueba/share/ament_index/resource_index/packages
[2.727s] copying package.xml -> /home/labserver/ros2_ws/install/prueba/share/prueba
[2.727s] running install_egg_info
[2.753s] removing '/home/labserver/ros2_ws/install/prueba/lib/python3.10/site-packages/prueba-0.0.0-py3.10.egg-info' (and everything under it)
[2.760s] Copying ../../build/prueba/prueba.egg-info to /home/labserver/ros2_ws/install/prueba/lib/python3.10/site-packages/prueba-0.0.0-py3.10.egg-info
[2.761s] running install_scripts
[2.837s] Installing listener script to /home/labserver/ros2_ws/install/prueba/lib/prueba
[2.839s] Installing talker script to /home/labserver/ros2_ws/install/prueba/lib/prueba
[2.839s] writing list of installed files to '/home/labserver/ros2_ws/build/prueba/install.log'
[2.945s] Invoked command in '/home/labserver/ros2_ws/src/prueba' returned '0': PYTHONPATH=/home/labserver/ros2_ws/build/prueba/prefix_override:/home/labserver/ros2_ws/install/prueba/lib/python3.10/site-packages:${PYTHONPATH} /usr/bin/python3 setup.py egg_info --egg-base ../../build/prueba build --build-base /home/labserver/ros2_ws/build/prueba/build install --record /home/labserver/ros2_ws/build/prueba/install.log --single-version-externally-managed
