[2.865s] Invoking command in '/home/labserver/ros2_ws/src/samuchair': PYTHONPATH=/home/labserver/ros2_ws/build/samuchair/prefix_override:/home/labserver/ros2_ws/install/samuchair/lib/python3.10/site-packages:${PYTHONPATH} /usr/bin/python3 setup.py egg_info --egg-base ../../build/samuchair build --build-base /home/labserver/ros2_ws/build/samuchair/build install --record /home/labserver/ros2_ws/build/samuchair/install.log --single-version-externally-managed
[3.396s] running egg_info
[3.448s] writing ../../build/samuchair/samuchair.egg-info/PKG-INFO
[3.454s] writing dependency_links to ../../build/samuchair/samuchair.egg-info/dependency_links.txt
[3.454s] writing entry points to ../../build/samuchair/samuchair.egg-info/entry_points.txt
[3.458s] writing requirements to ../../build/samuchair/samuchair.egg-info/requires.txt
[3.460s] writing top-level names to ../../build/samuchair/samuchair.egg-info/top_level.txt
[3.962s] reading manifest file '../../build/samuchair/samuchair.egg-info/SOURCES.txt'
[3.962s] writing manifest file '../../build/samuchair/samuchair.egg-info/SOURCES.txt'
[3.972s] running build
[3.972s] running build_py
[3.972s] copying samuchair/arduinoNode.py -> /home/labserver/ros2_ws/build/samuchair/build/lib/samuchair
[3.972s] copying samuchair/webcamNode.py -> /home/labserver/ros2_ws/build/samuchair/build/lib/samuchair
[3.973s] copying samuchair/secondarytaskNode.py -> /home/labserver/ros2_ws/build/samuchair/build/lib/samuchair
[3.973s] copying samuchair/ComJoystickManual.py -> /home/labserver/ros2_ws/build/samuchair/build/lib/samuchair
[3.973s] copying samuchair/Webcam.py -> /home/labserver/ros2_ws/build/samuchair/build/lib/samuchair
[3.973s] copying samuchair/esp32Node.py -> /home/labserver/ros2_ws/build/samuchair/build/lib/samuchair
[3.973s] copying samuchair/esp32Node_old.py -> /home/labserver/ros2_ws/build/samuchair/build/lib/samuchair
[3.973s] copying samuchair/testArduinoNode.py -> /home/labserver/ros2_ws/build/samuchair/build/lib/samuchair
[3.977s] /home/labserver/.local/lib/python3.10/site-packages/setuptools/_distutils/cmd.py:66: SetuptoolsDeprecationWarning: setup.py install is deprecated.
[3.977s] !!
[3.978s] 
[3.978s]         ********************************************************************************
[3.978s]         Please avoid running ``setup.py`` directly.
[3.978s]         Instead, use pypa/build, pypa/installer or other
[3.978s]         standards-based tools.
[3.978s] 
[3.978s]         See https://blog.ganssle.io/articles/2021/10/setup-py-deprecated.html for details.
[3.978s]         ********************************************************************************
[3.978s] 
[3.978s] !!
[3.978s]   self.initialize_options()
[3.978s] copying samuchair/__init__.py -> /home/labserver/ros2_ws/build/samuchair/build/lib/samuchair
[3.978s] copying samuchair/SecondaryTask.py -> /home/labserver/ros2_ws/build/samuchair/build/lib/samuchair
[3.979s] copying samuchair/ComESP32.py -> /home/labserver/ros2_ws/build/samuchair/build/lib/samuchair
[3.979s] running install
[3.991s] running install_lib
[4.031s] copying /home/labserver/ros2_ws/build/samuchair/build/lib/samuchair/webcamNode.py -> /home/labserver/ros2_ws/install/samuchair/lib/python3.10/site-packages/samuchair
[4.032s] byte-compiling /home/labserver/ros2_ws/install/samuchair/lib/python3.10/site-packages/samuchair/webcamNode.py to webcamNode.cpython-310.pyc
[4.037s] running install_data
[4.072s] copying launch/samuchair.launch.py -> /home/labserver/ros2_ws/install/samuchair/share/samuchair/launch
[4.082s] copying resource/samuchair -> /home/labserver/ros2_ws/install/samuchair/share/ament_index/resource_index/packages
[4.082s] copying package.xml -> /home/labserver/ros2_ws/install/samuchair/share/samuchair
[4.082s] running install_egg_info
[4.143s] removing '/home/labserver/ros2_ws/install/samuchair/lib/python3.10/site-packages/samuchair-0.0.0-py3.10.egg-info' (and everything under it)
[4.153s] Copying ../../build/samuchair/samuchair.egg-info to /home/labserver/ros2_ws/install/samuchair/lib/python3.10/site-packages/samuchair-0.0.0-py3.10.egg-info
[4.153s] running install_scripts
[4.239s] Installing arduinoNode script to /home/labserver/ros2_ws/install/samuchair/lib/samuchair
[4.239s] Installing esp32Node script to /home/labserver/ros2_ws/install/samuchair/lib/samuchair
[4.241s] Installing secondarytaskNode script to /home/labserver/ros2_ws/install/samuchair/lib/samuchair
[4.242s] Installing testArduinoNode script to /home/labserver/ros2_ws/install/samuchair/lib/samuchair
[4.243s] Installing webcamNode script to /home/labserver/ros2_ws/install/samuchair/lib/samuchair
[4.244s] writing list of installed files to '/home/labserver/ros2_ws/build/samuchair/install.log'
[4.312s] Invoked command in '/home/labserver/ros2_ws/src/samuchair' returned '0': PYTHONPATH=/home/labserver/ros2_ws/build/samuchair/prefix_override:/home/labserver/ros2_ws/install/samuchair/lib/python3.10/site-packages:${PYTHONPATH} /usr/bin/python3 setup.py egg_info --egg-base ../../build/samuchair build --build-base /home/labserver/ros2_ws/build/samuchair/build install --record /home/labserver/ros2_ws/build/samuchair/install.log --single-version-externally-managed
