[2.585s] Invoking command in '/home/labserver/ros2_ws/src/samuchair': PYTHONPATH=/home/labserver/ros2_ws/build/samuchair/prefix_override:/home/labserver/ros2_ws/install/samuchair/lib/python3.10/site-packages:${PYTHONPATH} /usr/bin/python3 setup.py egg_info --egg-base ../../build/samuchair build --build-base /home/labserver/ros2_ws/build/samuchair/build install --record /home/labserver/ros2_ws/build/samuchair/install.log --single-version-externally-managed
[3.163s] running egg_info
[3.196s] writing ../../build/samuchair/samuchair.egg-info/PKG-INFO
[3.200s] writing dependency_links to ../../build/samuchair/samuchair.egg-info/dependency_links.txt
[3.204s] writing entry points to ../../build/samuchair/samuchair.egg-info/entry_points.txt
[3.210s] writing requirements to ../../build/samuchair/samuchair.egg-info/requires.txt
[3.210s] writing top-level names to ../../build/samuchair/samuchair.egg-info/top_level.txt
[3.532s] reading manifest file '../../build/samuchair/samuchair.egg-info/SOURCES.txt'
[3.532s] writing manifest file '../../build/samuchair/samuchair.egg-info/SOURCES.txt'
[3.532s] running build
[3.532s] running build_py
[3.532s] copying samuchair/arduinoNode.py -> /home/labserver/ros2_ws/build/samuchair/build/lib/samuchair
[3.532s] /home/labserver/.local/lib/python3.10/site-packages/setuptools/_distutils/cmd.py:66: SetuptoolsDeprecationWarning: setup.py install is deprecated.
[3.532s] !!
[3.532s] 
[3.533s]         ********************************************************************************
[3.533s]         Please avoid running ``setup.py`` directly.
[3.533s]         Instead, use pypa/build, pypa/installer or other
[3.533s]         standards-based tools.
[3.533s] 
[3.533s]         See https://blog.ganssle.io/articles/2021/10/setup-py-deprecated.html for details.
[3.533s]         ********************************************************************************
[3.533s] 
[3.533s] !!
[3.533s]   self.initialize_options()
[3.533s] copying samuchair/movilNode.py -> /home/labserver/ros2_ws/build/samuchair/build/lib/samuchair
[3.533s] copying samuchair/webcamNode.py -> /home/labserver/ros2_ws/build/samuchair/build/lib/samuchair
[3.533s] copying samuchair/secondarytaskNode.py -> /home/labserver/ros2_ws/build/samuchair/build/lib/samuchair
[3.533s] copying samuchair/ComJoystickManual.py -> /home/labserver/ros2_ws/build/samuchair/build/lib/samuchair
[3.533s] copying samuchair/Webcam.py -> /home/labserver/ros2_ws/build/samuchair/build/lib/samuchair
[3.533s] copying samuchair/esp32Node.py -> /home/labserver/ros2_ws/build/samuchair/build/lib/samuchair
[3.533s] copying samuchair/esp32Node_old.py -> /home/labserver/ros2_ws/build/samuchair/build/lib/samuchair
[3.537s] copying samuchair/testArduinoNode.py -> /home/labserver/ros2_ws/build/samuchair/build/lib/samuchair
[3.537s] copying samuchair/__init__.py -> /home/labserver/ros2_ws/build/samuchair/build/lib/samuchair
[3.537s] copying samuchair/SecondaryTask.py -> /home/labserver/ros2_ws/build/samuchair/build/lib/samuchair
[3.537s] copying samuchair/ComESP32.py -> /home/labserver/ros2_ws/build/samuchair/build/lib/samuchair
[3.537s] running install
[3.539s] running install_lib
[3.564s] running install_data
[3.587s] copying launch/record_samuchair.launch.py -> /home/labserver/ros2_ws/install/samuchair/share/samuchair/launch
[3.595s] copying launch/samuchair.launch.py -> /home/labserver/ros2_ws/install/samuchair/share/samuchair/launch
[3.598s] copying resource/samuchair -> /home/labserver/ros2_ws/install/samuchair/share/ament_index/resource_index/packages
[3.600s] copying package.xml -> /home/labserver/ros2_ws/install/samuchair/share/samuchair
[3.600s] running install_egg_info
[3.629s] removing '/home/labserver/ros2_ws/install/samuchair/lib/python3.10/site-packages/samuchair-0.0.0-py3.10.egg-info' (and everything under it)
[3.636s] Copying ../../build/samuchair/samuchair.egg-info to /home/labserver/ros2_ws/install/samuchair/lib/python3.10/site-packages/samuchair-0.0.0-py3.10.egg-info
[3.638s] running install_scripts
[3.771s] Installing arduinoNode script to /home/labserver/ros2_ws/install/samuchair/lib/samuchair
[3.771s] Installing esp32Node script to /home/labserver/ros2_ws/install/samuchair/lib/samuchair
[3.772s] Installing movilNode script to /home/labserver/ros2_ws/install/samuchair/lib/samuchair
[3.809s] Installing secondarytaskNode script to /home/labserver/ros2_ws/install/samuchair/lib/samuchair
[3.810s] Installing testArduinoNode script to /home/labserver/ros2_ws/install/samuchair/lib/samuchair
[3.810s] Installing webcamNode script to /home/labserver/ros2_ws/install/samuchair/lib/samuchair
[3.810s] writing list of installed files to '/home/labserver/ros2_ws/build/samuchair/install.log'
[3.974s] Invoked command in '/home/labserver/ros2_ws/src/samuchair' returned '0': PYTHONPATH=/home/labserver/ros2_ws/build/samuchair/prefix_override:/home/labserver/ros2_ws/install/samuchair/lib/python3.10/site-packages:${PYTHONPATH} /usr/bin/python3 setup.py egg_info --egg-base ../../build/samuchair build --build-base /home/labserver/ros2_ws/build/samuchair/build install --record /home/labserver/ros2_ws/build/samuchair/install.log --single-version-externally-managed
