[2.641s] Invoking command in '/home/labserver/ros2_ws/src/samuchair': PYTHONPATH=/home/labserver/ros2_ws/build/samuchair/prefix_override:/home/labserver/ros2_ws/install/samuchair/lib/python3.10/site-packages:${PYTHONPATH} /usr/bin/python3 setup.py egg_info --egg-base ../../build/samuchair build --build-base /home/labserver/ros2_ws/build/samuchair/build install --record /home/labserver/ros2_ws/build/samuchair/install.log --single-version-externally-managed
[3.072s] running egg_info
[3.111s] writing ../../build/samuchair/samuchair.egg-info/PKG-INFO
[3.115s] writing dependency_links to ../../build/samuchair/samuchair.egg-info/dependency_links.txt
[3.117s] writing entry points to ../../build/samuchair/samuchair.egg-info/entry_points.txt
[3.118s] writing requirements to ../../build/samuchair/samuchair.egg-info/requires.txt
[3.120s] writing top-level names to ../../build/samuchair/samuchair.egg-info/top_level.txt
[3.379s] reading manifest file '../../build/samuchair/samuchair.egg-info/SOURCES.txt'
[3.388s] writing manifest file '../../build/samuchair/samuchair.egg-info/SOURCES.txt'
[3.389s] running build
[3.389s] running build_py
[3.391s] copying samuchair/arduinoNode.py -> /home/labserver/ros2_ws/build/samuchair/build/lib/samuchair
[3.391s] copying samuchair/joystickBluetoothNode.py -> /home/labserver/ros2_ws/build/samuchair/build/lib/samuchair
[3.392s] copying samuchair/movilNode.py -> /home/labserver/ros2_ws/build/samuchair/build/lib/samuchair
[3.394s] copying samuchair/webcamNode.py -> /home/labserver/ros2_ws/build/samuchair/build/lib/samuchair
[3.397s] copying samuchair/tactilesNode.py -> /home/labserver/ros2_ws/build/samuchair/build/lib/samuchair
[3.398s] copying samuchair/secondarytaskNode.py -> /home/labserver/ros2_ws/build/samuchair/build/lib/samuchair
[3.399s] copying samuchair/ComJoystickManual.py -> /home/labserver/ros2_ws/build/samuchair/build/lib/samuchair
[3.400s] copying samuchair/Webcam.py -> /home/labserver/ros2_ws/build/samuchair/build/lib/samuchair
[3.404s] copying samuchair/esp32Node.py -> /home/labserver/ros2_ws/build/samuchair/build/lib/samuchair
[3.404s] copying samuchair/jBNode.py -> /home/labserver/ros2_ws/build/samuchair/build/lib/samuchair
[3.404s] copying samuchair/esp32Node_old.py -> /home/labserver/ros2_ws/build/samuchair/build/lib/samuchair
[3.404s] copying samuchair/main.py -> /home/labserver/ros2_ws/build/samuchair/build/lib/samuchair
[3.404s] copying samuchair/testArduinoNode.py -> /home/labserver/ros2_ws/build/samuchair/build/lib/samuchair
[3.407s] copying samuchair/__init__.py -> /home/labserver/ros2_ws/build/samuchair/build/lib/samuchair
[3.407s] copying samuchair/SecondaryTask.py -> /home/labserver/ros2_ws/build/samuchair/build/lib/samuchair
[3.407s] copying samuchair/ComESP32.py -> /home/labserver/ros2_ws/build/samuchair/build/lib/samuchair
[3.408s] copying samuchair/mapJoyFingerChair.py -> /home/labserver/ros2_ws/build/samuchair/build/lib/samuchair
[3.410s] running install
[3.416s] /home/labserver/.local/lib/python3.10/site-packages/setuptools/_distutils/cmd.py:66: SetuptoolsDeprecationWarning: setup.py install is deprecated.
[3.417s] !!
[3.417s] 
[3.417s]         ********************************************************************************
[3.417s]         Please avoid running ``setup.py`` directly.
[3.417s]         Instead, use pypa/build, pypa/installer or other
[3.417s]         standards-based tools.
[3.417s] 
[3.417s]         See https://blog.ganssle.io/articles/2021/10/setup-py-deprecated.html for details.
[3.417s]         ********************************************************************************
[3.417s] 
[3.417s] !!
[3.417s]   self.initialize_options()
[3.436s] running install_lib
[3.493s] copying /home/labserver/ros2_ws/build/samuchair/build/lib/samuchair/Webcam.py -> /home/labserver/ros2_ws/install/samuchair/lib/python3.10/site-packages/samuchair
[3.497s] byte-compiling /home/labserver/ros2_ws/install/samuchair/lib/python3.10/site-packages/samuchair/Webcam.py to Webcam.cpython-310.pyc
[3.504s] running install_data
[3.564s] copying launch/record_samuchair.launch.py -> /home/labserver/ros2_ws/install/samuchair/share/samuchair/launch
[3.564s] copying launch/samuchair.launch.py -> /home/labserver/ros2_ws/install/samuchair/share/samuchair/launch
[3.564s] copying resource/samuchair -> /home/labserver/ros2_ws/install/samuchair/share/ament_index/resource_index/packages
[3.564s] copying package.xml -> /home/labserver/ros2_ws/install/samuchair/share/samuchair
[3.564s] running install_egg_info
[3.601s] removing '/home/labserver/ros2_ws/install/samuchair/lib/python3.10/site-packages/samuchair-0.0.0-py3.10.egg-info' (and everything under it)
[3.602s] Copying ../../build/samuchair/samuchair.egg-info to /home/labserver/ros2_ws/install/samuchair/lib/python3.10/site-packages/samuchair-0.0.0-py3.10.egg-info
[3.611s] running install_scripts
[3.772s] Installing arduinoNode script to /home/labserver/ros2_ws/install/samuchair/lib/samuchair
[3.772s] Installing esp32Node script to /home/labserver/ros2_ws/install/samuchair/lib/samuchair
[3.773s] Installing jBNode script to /home/labserver/ros2_ws/install/samuchair/lib/samuchair
[3.775s] Installing movilNode script to /home/labserver/ros2_ws/install/samuchair/lib/samuchair
[3.777s] Installing secondarytaskNode script to /home/labserver/ros2_ws/install/samuchair/lib/samuchair
[3.781s] Installing tactilesNode script to /home/labserver/ros2_ws/install/samuchair/lib/samuchair
[3.782s] Installing testArduinoNode script to /home/labserver/ros2_ws/install/samuchair/lib/samuchair
[3.785s] Installing webcamNode script to /home/labserver/ros2_ws/install/samuchair/lib/samuchair
[3.785s] writing list of installed files to '/home/labserver/ros2_ws/build/samuchair/install.log'
[4.021s] Invoked command in '/home/labserver/ros2_ws/src/samuchair' returned '0': PYTHONPATH=/home/labserver/ros2_ws/build/samuchair/prefix_override:/home/labserver/ros2_ws/install/samuchair/lib/python3.10/site-packages:${PYTHONPATH} /usr/bin/python3 setup.py egg_info --egg-base ../../build/samuchair build --build-base /home/labserver/ros2_ws/build/samuchair/build install --record /home/labserver/ros2_ws/build/samuchair/install.log --single-version-externally-managed
