[1.165s] DEBUG:colcon:Command line arguments: ['/usr/bin/colcon', 'build']
[1.166s] DEBUG:colcon:Parsed command line arguments: Namespace(log_base=None, log_level=None, verb_name='build', build_base='build', install_base='install', merge_install=False, symlink_install=False, test_result_base=None, continue_on_error=False, executor='parallel', parallel_workers=2, event_handlers=None, ignore_user_meta=False, metas=['./colcon.meta'], base_paths=['.'], packages_ignore=None, packages_ignore_regex=None, paths=None, packages_up_to=None, packages_up_to_regex=None, packages_above=None, packages_above_and_dependencies=None, packages_above_depth=None, packages_select_by_dep=None, packages_skip_by_dep=None, packages_skip_up_to=None, packages_select_build_failed=False, packages_skip_build_finished=False, packages_select_test_failures=False, packages_skip_test_passed=False, packages_select=None, packages_skip=None, packages_select_regex=None, packages_skip_regex=None, packages_start=None, packages_end=None, allow_overriding=[], cmake_args=None, cmake_target=None, cmake_target_skip_unavailable=False, cmake_clean_cache=False, cmake_clean_first=False, cmake_force_configure=False, ament_cmake_args=None, catkin_cmake_args=None, catkin_skip_building_tests=False, verb_parser=<colcon_defaults.argument_parser.defaults.DefaultArgumentsDecorator object at 0x7983b2f79a20>, verb_extension=<colcon_core.verb.build.BuildVerb object at 0x7983b3242500>, main=<bound method BuildVerb.main of <colcon_core.verb.build.BuildVerb object at 0x7983b3242500>>)
[1.229s] Level 1:colcon.colcon_core.package_discovery:discover_packages(colcon_meta) check parameters
[1.229s] Level 1:colcon.colcon_core.package_discovery:discover_packages(recursive) check parameters
[1.229s] Level 1:colcon.colcon_core.package_discovery:discover_packages(ignore) check parameters
[1.229s] Level 1:colcon.colcon_core.package_discovery:discover_packages(path) check parameters
[1.229s] Level 1:colcon.colcon_core.package_discovery:discover_packages(colcon_meta) discover
[1.229s] Level 1:colcon.colcon_core.package_discovery:discover_packages(recursive) discover
[1.229s] INFO:colcon.colcon_core.package_discovery:Crawling recursively for packages in '/home/labserver/ros2_ws'
[1.229s] Level 1:colcon.colcon_core.package_identification:_identify(.) by extensions ['ignore', 'ignore_ament_install']
[1.229s] Level 1:colcon.colcon_core.package_identification:_identify(.) by extension 'ignore'
[1.230s] Level 1:colcon.colcon_core.package_identification:_identify(.) by extension 'ignore_ament_install'
[1.230s] Level 1:colcon.colcon_core.package_identification:_identify(.) by extensions ['colcon_pkg']
[1.230s] Level 1:colcon.colcon_core.package_identification:_identify(.) by extension 'colcon_pkg'
[1.230s] Level 1:colcon.colcon_core.package_identification:_identify(.) by extensions ['colcon_meta']
[1.230s] Level 1:colcon.colcon_core.package_identification:_identify(.) by extension 'colcon_meta'
[1.230s] Level 1:colcon.colcon_core.package_identification:_identify(.) by extensions ['ros']
[1.230s] Level 1:colcon.colcon_core.package_identification:_identify(.) by extension 'ros'
[1.245s] Level 1:colcon.colcon_core.package_identification:_identify(.) by extensions ['cmake', 'python']
[1.245s] Level 1:colcon.colcon_core.package_identification:_identify(.) by extension 'cmake'
[1.245s] Level 1:colcon.colcon_core.package_identification:_identify(.) by extension 'python'
[1.245s] Level 1:colcon.colcon_core.package_identification:_identify(.) by extensions ['python_setup_py']
[1.245s] Level 1:colcon.colcon_core.package_identification:_identify(.) by extension 'python_setup_py'
[1.246s] Level 1:colcon.colcon_core.package_identification:_identify(build) by extensions ['ignore', 'ignore_ament_install']
[1.246s] Level 1:colcon.colcon_core.package_identification:_identify(build) by extension 'ignore'
[1.246s] Level 1:colcon.colcon_core.package_identification:_identify(build) ignored
[1.246s] Level 1:colcon.colcon_core.package_identification:_identify(fotos) by extensions ['ignore', 'ignore_ament_install']
[1.246s] Level 1:colcon.colcon_core.package_identification:_identify(fotos) by extension 'ignore'
[1.246s] Level 1:colcon.colcon_core.package_identification:_identify(fotos) by extension 'ignore_ament_install'
[1.246s] Level 1:colcon.colcon_core.package_identification:_identify(fotos) by extensions ['colcon_pkg']
[1.246s] Level 1:colcon.colcon_core.package_identification:_identify(fotos) by extension 'colcon_pkg'
[1.246s] Level 1:colcon.colcon_core.package_identification:_identify(fotos) by extensions ['colcon_meta']
[1.246s] Level 1:colcon.colcon_core.package_identification:_identify(fotos) by extension 'colcon_meta'
[1.247s] Level 1:colcon.colcon_core.package_identification:_identify(fotos) by extensions ['ros']
[1.247s] Level 1:colcon.colcon_core.package_identification:_identify(fotos) by extension 'ros'
[1.247s] Level 1:colcon.colcon_core.package_identification:_identify(fotos) by extensions ['cmake', 'python']
[1.247s] Level 1:colcon.colcon_core.package_identification:_identify(fotos) by extension 'cmake'
[1.247s] Level 1:colcon.colcon_core.package_identification:_identify(fotos) by extension 'python'
[1.247s] Level 1:colcon.colcon_core.package_identification:_identify(fotos) by extensions ['python_setup_py']
[1.247s] Level 1:colcon.colcon_core.package_identification:_identify(fotos) by extension 'python_setup_py'
[1.247s] Level 1:colcon.colcon_core.package_identification:_identify(install) by extensions ['ignore', 'ignore_ament_install']
[1.247s] Level 1:colcon.colcon_core.package_identification:_identify(install) by extension 'ignore'
[1.247s] Level 1:colcon.colcon_core.package_identification:_identify(install) ignored
[1.247s] Level 1:colcon.colcon_core.package_identification:_identify(log) by extensions ['ignore', 'ignore_ament_install']
[1.247s] Level 1:colcon.colcon_core.package_identification:_identify(log) by extension 'ignore'
[1.248s] Level 1:colcon.colcon_core.package_identification:_identify(log) ignored
[1.248s] Level 1:colcon.colcon_core.package_identification:_identify(rosbag2_2025_10_22-13_13_59) by extensions ['ignore', 'ignore_ament_install']
[1.248s] Level 1:colcon.colcon_core.package_identification:_identify(rosbag2_2025_10_22-13_13_59) by extension 'ignore'
[1.248s] Level 1:colcon.colcon_core.package_identification:_identify(rosbag2_2025_10_22-13_13_59) by extension 'ignore_ament_install'
[1.248s] Level 1:colcon.colcon_core.package_identification:_identify(rosbag2_2025_10_22-13_13_59) by extensions ['colcon_pkg']
[1.248s] Level 1:colcon.colcon_core.package_identification:_identify(rosbag2_2025_10_22-13_13_59) by extension 'colcon_pkg'
[1.248s] Level 1:colcon.colcon_core.package_identification:_identify(rosbag2_2025_10_22-13_13_59) by extensions ['colcon_meta']
[1.248s] Level 1:colcon.colcon_core.package_identification:_identify(rosbag2_2025_10_22-13_13_59) by extension 'colcon_meta'
[1.248s] Level 1:colcon.colcon_core.package_identification:_identify(rosbag2_2025_10_22-13_13_59) by extensions ['ros']
[1.248s] Level 1:colcon.colcon_core.package_identification:_identify(rosbag2_2025_10_22-13_13_59) by extension 'ros'
[1.248s] Level 1:colcon.colcon_core.package_identification:_identify(rosbag2_2025_10_22-13_13_59) by extensions ['cmake', 'python']
[1.248s] Level 1:colcon.colcon_core.package_identification:_identify(rosbag2_2025_10_22-13_13_59) by extension 'cmake'
[1.248s] Level 1:colcon.colcon_core.package_identification:_identify(rosbag2_2025_10_22-13_13_59) by extension 'python'
[1.248s] Level 1:colcon.colcon_core.package_identification:_identify(rosbag2_2025_10_22-13_13_59) by extensions ['python_setup_py']
[1.248s] Level 1:colcon.colcon_core.package_identification:_identify(rosbag2_2025_10_22-13_13_59) by extension 'python_setup_py'
[1.249s] Level 1:colcon.colcon_core.package_identification:_identify(rosbag2_2025_10_22-13_13_59/rosbag2_2025_10_22-13_13_59_0_csv) by extensions ['ignore', 'ignore_ament_install']
[1.249s] Level 1:colcon.colcon_core.package_identification:_identify(rosbag2_2025_10_22-13_13_59/rosbag2_2025_10_22-13_13_59_0_csv) by extension 'ignore'
[1.249s] Level 1:colcon.colcon_core.package_identification:_identify(rosbag2_2025_10_22-13_13_59/rosbag2_2025_10_22-13_13_59_0_csv) by extension 'ignore_ament_install'
[1.249s] Level 1:colcon.colcon_core.package_identification:_identify(rosbag2_2025_10_22-13_13_59/rosbag2_2025_10_22-13_13_59_0_csv) by extensions ['colcon_pkg']
[1.249s] Level 1:colcon.colcon_core.package_identification:_identify(rosbag2_2025_10_22-13_13_59/rosbag2_2025_10_22-13_13_59_0_csv) by extension 'colcon_pkg'
[1.249s] Level 1:colcon.colcon_core.package_identification:_identify(rosbag2_2025_10_22-13_13_59/rosbag2_2025_10_22-13_13_59_0_csv) by extensions ['colcon_meta']
[1.249s] Level 1:colcon.colcon_core.package_identification:_identify(rosbag2_2025_10_22-13_13_59/rosbag2_2025_10_22-13_13_59_0_csv) by extension 'colcon_meta'
[1.249s] Level 1:colcon.colcon_core.package_identification:_identify(rosbag2_2025_10_22-13_13_59/rosbag2_2025_10_22-13_13_59_0_csv) by extensions ['ros']
[1.249s] Level 1:colcon.colcon_core.package_identification:_identify(rosbag2_2025_10_22-13_13_59/rosbag2_2025_10_22-13_13_59_0_csv) by extension 'ros'
[1.249s] Level 1:colcon.colcon_core.package_identification:_identify(rosbag2_2025_10_22-13_13_59/rosbag2_2025_10_22-13_13_59_0_csv) by extensions ['cmake', 'python']
[1.249s] Level 1:colcon.colcon_core.package_identification:_identify(rosbag2_2025_10_22-13_13_59/rosbag2_2025_10_22-13_13_59_0_csv) by extension 'cmake'
[1.249s] Level 1:colcon.colcon_core.package_identification:_identify(rosbag2_2025_10_22-13_13_59/rosbag2_2025_10_22-13_13_59_0_csv) by extension 'python'
[1.249s] Level 1:colcon.colcon_core.package_identification:_identify(rosbag2_2025_10_22-13_13_59/rosbag2_2025_10_22-13_13_59_0_csv) by extensions ['python_setup_py']
[1.249s] Level 1:colcon.colcon_core.package_identification:_identify(rosbag2_2025_10_22-13_13_59/rosbag2_2025_10_22-13_13_59_0_csv) by extension 'python_setup_py'
[1.250s] Level 1:colcon.colcon_core.package_identification:_identify(samuchair_bag) by extensions ['ignore', 'ignore_ament_install']
[1.250s] Level 1:colcon.colcon_core.package_identification:_identify(samuchair_bag) by extension 'ignore'
[1.250s] Level 1:colcon.colcon_core.package_identification:_identify(samuchair_bag) by extension 'ignore_ament_install'
[1.250s] Level 1:colcon.colcon_core.package_identification:_identify(samuchair_bag) by extensions ['colcon_pkg']
[1.250s] Level 1:colcon.colcon_core.package_identification:_identify(samuchair_bag) by extension 'colcon_pkg'
[1.250s] Level 1:colcon.colcon_core.package_identification:_identify(samuchair_bag) by extensions ['colcon_meta']
[1.250s] Level 1:colcon.colcon_core.package_identification:_identify(samuchair_bag) by extension 'colcon_meta'
[1.250s] Level 1:colcon.colcon_core.package_identification:_identify(samuchair_bag) by extensions ['ros']
[1.250s] Level 1:colcon.colcon_core.package_identification:_identify(samuchair_bag) by extension 'ros'
[1.250s] Level 1:colcon.colcon_core.package_identification:_identify(samuchair_bag) by extensions ['cmake', 'python']
[1.250s] Level 1:colcon.colcon_core.package_identification:_identify(samuchair_bag) by extension 'cmake'
[1.250s] Level 1:colcon.colcon_core.package_identification:_identify(samuchair_bag) by extension 'python'
[1.250s] Level 1:colcon.colcon_core.package_identification:_identify(samuchair_bag) by extensions ['python_setup_py']
[1.250s] Level 1:colcon.colcon_core.package_identification:_identify(samuchair_bag) by extension 'python_setup_py'
[1.251s] Level 1:colcon.colcon_core.package_identification:_identify(samuchair_bag/20251022_110032) by extensions ['ignore', 'ignore_ament_install']
[1.251s] Level 1:colcon.colcon_core.package_identification:_identify(samuchair_bag/20251022_110032) by extension 'ignore'
[1.251s] Level 1:colcon.colcon_core.package_identification:_identify(samuchair_bag/20251022_110032) by extension 'ignore_ament_install'
[1.251s] Level 1:colcon.colcon_core.package_identification:_identify(samuchair_bag/20251022_110032) by extensions ['colcon_pkg']
[1.251s] Level 1:colcon.colcon_core.package_identification:_identify(samuchair_bag/20251022_110032) by extension 'colcon_pkg'
[1.251s] Level 1:colcon.colcon_core.package_identification:_identify(samuchair_bag/20251022_110032) by extensions ['colcon_meta']
[1.251s] Level 1:colcon.colcon_core.package_identification:_identify(samuchair_bag/20251022_110032) by extension 'colcon_meta'
[1.251s] Level 1:colcon.colcon_core.package_identification:_identify(samuchair_bag/20251022_110032) by extensions ['ros']
[1.251s] Level 1:colcon.colcon_core.package_identification:_identify(samuchair_bag/20251022_110032) by extension 'ros'
[1.251s] Level 1:colcon.colcon_core.package_identification:_identify(samuchair_bag/20251022_110032) by extensions ['cmake', 'python']
[1.251s] Level 1:colcon.colcon_core.package_identification:_identify(samuchair_bag/20251022_110032) by extension 'cmake'
[1.251s] Level 1:colcon.colcon_core.package_identification:_identify(samuchair_bag/20251022_110032) by extension 'python'
[1.251s] Level 1:colcon.colcon_core.package_identification:_identify(samuchair_bag/20251022_110032) by extensions ['python_setup_py']
[1.251s] Level 1:colcon.colcon_core.package_identification:_identify(samuchair_bag/20251022_110032) by extension 'python_setup_py'
[1.251s] Level 1:colcon.colcon_core.package_identification:_identify(samuchair_bag/20251022_110032/20251022_110032_0_csv) by extensions ['ignore', 'ignore_ament_install']
[1.252s] Level 1:colcon.colcon_core.package_identification:_identify(samuchair_bag/20251022_110032/20251022_110032_0_csv) by extension 'ignore'
[1.252s] Level 1:colcon.colcon_core.package_identification:_identify(samuchair_bag/20251022_110032/20251022_110032_0_csv) by extension 'ignore_ament_install'
[1.252s] Level 1:colcon.colcon_core.package_identification:_identify(samuchair_bag/20251022_110032/20251022_110032_0_csv) by extensions ['colcon_pkg']
[1.252s] Level 1:colcon.colcon_core.package_identification:_identify(samuchair_bag/20251022_110032/20251022_110032_0_csv) by extension 'colcon_pkg'
[1.252s] Level 1:colcon.colcon_core.package_identification:_identify(samuchair_bag/20251022_110032/20251022_110032_0_csv) by extensions ['colcon_meta']
[1.252s] Level 1:colcon.colcon_core.package_identification:_identify(samuchair_bag/20251022_110032/20251022_110032_0_csv) by extension 'colcon_meta'
[1.252s] Level 1:colcon.colcon_core.package_identification:_identify(samuchair_bag/20251022_110032/20251022_110032_0_csv) by extensions ['ros']
[1.252s] Level 1:colcon.colcon_core.package_identification:_identify(samuchair_bag/20251022_110032/20251022_110032_0_csv) by extension 'ros'
[1.252s] Level 1:colcon.colcon_core.package_identification:_identify(samuchair_bag/20251022_110032/20251022_110032_0_csv) by extensions ['cmake', 'python']
[1.252s] Level 1:colcon.colcon_core.package_identification:_identify(samuchair_bag/20251022_110032/20251022_110032_0_csv) by extension 'cmake'
[1.252s] Level 1:colcon.colcon_core.package_identification:_identify(samuchair_bag/20251022_110032/20251022_110032_0_csv) by extension 'python'
[1.252s] Level 1:colcon.colcon_core.package_identification:_identify(samuchair_bag/20251022_110032/20251022_110032_0_csv) by extensions ['python_setup_py']
[1.252s] Level 1:colcon.colcon_core.package_identification:_identify(samuchair_bag/20251022_110032/20251022_110032_0_csv) by extension 'python_setup_py'
[1.253s] Level 1:colcon.colcon_core.package_identification:_identify(samuchair_bag/20251022_110540) by extensions ['ignore', 'ignore_ament_install']
[1.253s] Level 1:colcon.colcon_core.package_identification:_identify(samuchair_bag/20251022_110540) by extension 'ignore'
[1.253s] Level 1:colcon.colcon_core.package_identification:_identify(samuchair_bag/20251022_110540) by extension 'ignore_ament_install'
[1.253s] Level 1:colcon.colcon_core.package_identification:_identify(samuchair_bag/20251022_110540) by extensions ['colcon_pkg']
[1.253s] Level 1:colcon.colcon_core.package_identification:_identify(samuchair_bag/20251022_110540) by extension 'colcon_pkg'
[1.253s] Level 1:colcon.colcon_core.package_identification:_identify(samuchair_bag/20251022_110540) by extensions ['colcon_meta']
[1.253s] Level 1:colcon.colcon_core.package_identification:_identify(samuchair_bag/20251022_110540) by extension 'colcon_meta'
[1.253s] Level 1:colcon.colcon_core.package_identification:_identify(samuchair_bag/20251022_110540) by extensions ['ros']
[1.253s] Level 1:colcon.colcon_core.package_identification:_identify(samuchair_bag/20251022_110540) by extension 'ros'
[1.253s] Level 1:colcon.colcon_core.package_identification:_identify(samuchair_bag/20251022_110540) by extensions ['cmake', 'python']
[1.253s] Level 1:colcon.colcon_core.package_identification:_identify(samuchair_bag/20251022_110540) by extension 'cmake'
[1.253s] Level 1:colcon.colcon_core.package_identification:_identify(samuchair_bag/20251022_110540) by extension 'python'
[1.253s] Level 1:colcon.colcon_core.package_identification:_identify(samuchair_bag/20251022_110540) by extensions ['python_setup_py']
[1.253s] Level 1:colcon.colcon_core.package_identification:_identify(samuchair_bag/20251022_110540) by extension 'python_setup_py'
[1.253s] Level 1:colcon.colcon_core.package_identification:_identify(samuchair_bag/20251022_110540/20251022_110540_0_csv) by extensions ['ignore', 'ignore_ament_install']
[1.253s] Level 1:colcon.colcon_core.package_identification:_identify(samuchair_bag/20251022_110540/20251022_110540_0_csv) by extension 'ignore'
[1.254s] Level 1:colcon.colcon_core.package_identification:_identify(samuchair_bag/20251022_110540/20251022_110540_0_csv) by extension 'ignore_ament_install'
[1.254s] Level 1:colcon.colcon_core.package_identification:_identify(samuchair_bag/20251022_110540/20251022_110540_0_csv) by extensions ['colcon_pkg']
[1.254s] Level 1:colcon.colcon_core.package_identification:_identify(samuchair_bag/20251022_110540/20251022_110540_0_csv) by extension 'colcon_pkg'
[1.254s] Level 1:colcon.colcon_core.package_identification:_identify(samuchair_bag/20251022_110540/20251022_110540_0_csv) by extensions ['colcon_meta']
[1.254s] Level 1:colcon.colcon_core.package_identification:_identify(samuchair_bag/20251022_110540/20251022_110540_0_csv) by extension 'colcon_meta'
[1.254s] Level 1:colcon.colcon_core.package_identification:_identify(samuchair_bag/20251022_110540/20251022_110540_0_csv) by extensions ['ros']
[1.254s] Level 1:colcon.colcon_core.package_identification:_identify(samuchair_bag/20251022_110540/20251022_110540_0_csv) by extension 'ros'
[1.254s] Level 1:colcon.colcon_core.package_identification:_identify(samuchair_bag/20251022_110540/20251022_110540_0_csv) by extensions ['cmake', 'python']
[1.254s] Level 1:colcon.colcon_core.package_identification:_identify(samuchair_bag/20251022_110540/20251022_110540_0_csv) by extension 'cmake'
[1.254s] Level 1:colcon.colcon_core.package_identification:_identify(samuchair_bag/20251022_110540/20251022_110540_0_csv) by extension 'python'
[1.254s] Level 1:colcon.colcon_core.package_identification:_identify(samuchair_bag/20251022_110540/20251022_110540_0_csv) by extensions ['python_setup_py']
[1.254s] Level 1:colcon.colcon_core.package_identification:_identify(samuchair_bag/20251022_110540/20251022_110540_0_csv) by extension 'python_setup_py'
[1.254s] Level 1:colcon.colcon_core.package_identification:_identify(samuchair_bag/20251022_131114) by extensions ['ignore', 'ignore_ament_install']
[1.254s] Level 1:colcon.colcon_core.package_identification:_identify(samuchair_bag/20251022_131114) by extension 'ignore'
[1.254s] Level 1:colcon.colcon_core.package_identification:_identify(samuchair_bag/20251022_131114) by extension 'ignore_ament_install'
[1.254s] Level 1:colcon.colcon_core.package_identification:_identify(samuchair_bag/20251022_131114) by extensions ['colcon_pkg']
[1.255s] Level 1:colcon.colcon_core.package_identification:_identify(samuchair_bag/20251022_131114) by extension 'colcon_pkg'
[1.255s] Level 1:colcon.colcon_core.package_identification:_identify(samuchair_bag/20251022_131114) by extensions ['colcon_meta']
[1.255s] Level 1:colcon.colcon_core.package_identification:_identify(samuchair_bag/20251022_131114) by extension 'colcon_meta'
[1.255s] Level 1:colcon.colcon_core.package_identification:_identify(samuchair_bag/20251022_131114) by extensions ['ros']
[1.255s] Level 1:colcon.colcon_core.package_identification:_identify(samuchair_bag/20251022_131114) by extension 'ros'
[1.255s] Level 1:colcon.colcon_core.package_identification:_identify(samuchair_bag/20251022_131114) by extensions ['cmake', 'python']
[1.255s] Level 1:colcon.colcon_core.package_identification:_identify(samuchair_bag/20251022_131114) by extension 'cmake'
[1.255s] Level 1:colcon.colcon_core.package_identification:_identify(samuchair_bag/20251022_131114) by extension 'python'
[1.255s] Level 1:colcon.colcon_core.package_identification:_identify(samuchair_bag/20251022_131114) by extensions ['python_setup_py']
[1.255s] Level 1:colcon.colcon_core.package_identification:_identify(samuchair_bag/20251022_131114) by extension 'python_setup_py'
[1.255s] Level 1:colcon.colcon_core.package_identification:_identify(samuchair_bag/20251022_131114/20251022_131114_0_csv) by extensions ['ignore', 'ignore_ament_install']
[1.255s] Level 1:colcon.colcon_core.package_identification:_identify(samuchair_bag/20251022_131114/20251022_131114_0_csv) by extension 'ignore'
[1.255s] Level 1:colcon.colcon_core.package_identification:_identify(samuchair_bag/20251022_131114/20251022_131114_0_csv) by extension 'ignore_ament_install'
[1.255s] Level 1:colcon.colcon_core.package_identification:_identify(samuchair_bag/20251022_131114/20251022_131114_0_csv) by extensions ['colcon_pkg']
[1.255s] Level 1:colcon.colcon_core.package_identification:_identify(samuchair_bag/20251022_131114/20251022_131114_0_csv) by extension 'colcon_pkg'
[1.255s] Level 1:colcon.colcon_core.package_identification:_identify(samuchair_bag/20251022_131114/20251022_131114_0_csv) by extensions ['colcon_meta']
[1.255s] Level 1:colcon.colcon_core.package_identification:_identify(samuchair_bag/20251022_131114/20251022_131114_0_csv) by extension 'colcon_meta'
[1.255s] Level 1:colcon.colcon_core.package_identification:_identify(samuchair_bag/20251022_131114/20251022_131114_0_csv) by extensions ['ros']
[1.255s] Level 1:colcon.colcon_core.package_identification:_identify(samuchair_bag/20251022_131114/20251022_131114_0_csv) by extension 'ros'
[1.255s] Level 1:colcon.colcon_core.package_identification:_identify(samuchair_bag/20251022_131114/20251022_131114_0_csv) by extensions ['cmake', 'python']
[1.255s] Level 1:colcon.colcon_core.package_identification:_identify(samuchair_bag/20251022_131114/20251022_131114_0_csv) by extension 'cmake'
[1.255s] Level 1:colcon.colcon_core.package_identification:_identify(samuchair_bag/20251022_131114/20251022_131114_0_csv) by extension 'python'
[1.255s] Level 1:colcon.colcon_core.package_identification:_identify(samuchair_bag/20251022_131114/20251022_131114_0_csv) by extensions ['python_setup_py']
[1.255s] Level 1:colcon.colcon_core.package_identification:_identify(samuchair_bag/20251022_131114/20251022_131114_0_csv) by extension 'python_setup_py'
[1.256s] Level 1:colcon.colcon_core.package_identification:_identify(samuchair_bag/20251027_194254) by extensions ['ignore', 'ignore_ament_install']
[1.256s] Level 1:colcon.colcon_core.package_identification:_identify(samuchair_bag/20251027_194254) by extension 'ignore'
[1.256s] Level 1:colcon.colcon_core.package_identification:_identify(samuchair_bag/20251027_194254) by extension 'ignore_ament_install'
[1.256s] Level 1:colcon.colcon_core.package_identification:_identify(samuchair_bag/20251027_194254) by extensions ['colcon_pkg']
[1.256s] Level 1:colcon.colcon_core.package_identification:_identify(samuchair_bag/20251027_194254) by extension 'colcon_pkg'
[1.256s] Level 1:colcon.colcon_core.package_identification:_identify(samuchair_bag/20251027_194254) by extensions ['colcon_meta']
[1.256s] Level 1:colcon.colcon_core.package_identification:_identify(samuchair_bag/20251027_194254) by extension 'colcon_meta'
[1.256s] Level 1:colcon.colcon_core.package_identification:_identify(samuchair_bag/20251027_194254) by extensions ['ros']
[1.256s] Level 1:colcon.colcon_core.package_identification:_identify(samuchair_bag/20251027_194254) by extension 'ros'
[1.256s] Level 1:colcon.colcon_core.package_identification:_identify(samuchair_bag/20251027_194254) by extensions ['cmake', 'python']
[1.256s] Level 1:colcon.colcon_core.package_identification:_identify(samuchair_bag/20251027_194254) by extension 'cmake'
[1.256s] Level 1:colcon.colcon_core.package_identification:_identify(samuchair_bag/20251027_194254) by extension 'python'
[1.256s] Level 1:colcon.colcon_core.package_identification:_identify(samuchair_bag/20251027_194254) by extensions ['python_setup_py']
[1.256s] Level 1:colcon.colcon_core.package_identification:_identify(samuchair_bag/20251027_194254) by extension 'python_setup_py'
[1.256s] Level 1:colcon.colcon_core.package_identification:_identify(samuchair_bag/20251118_231306) by extensions ['ignore', 'ignore_ament_install']
[1.256s] Level 1:colcon.colcon_core.package_identification:_identify(samuchair_bag/20251118_231306) by extension 'ignore'
[1.256s] Level 1:colcon.colcon_core.package_identification:_identify(samuchair_bag/20251118_231306) by extension 'ignore_ament_install'
[1.256s] Level 1:colcon.colcon_core.package_identification:_identify(samuchair_bag/20251118_231306) by extensions ['colcon_pkg']
[1.256s] Level 1:colcon.colcon_core.package_identification:_identify(samuchair_bag/20251118_231306) by extension 'colcon_pkg'
[1.256s] Level 1:colcon.colcon_core.package_identification:_identify(samuchair_bag/20251118_231306) by extensions ['colcon_meta']
[1.256s] Level 1:colcon.colcon_core.package_identification:_identify(samuchair_bag/20251118_231306) by extension 'colcon_meta'
[1.256s] Level 1:colcon.colcon_core.package_identification:_identify(samuchair_bag/20251118_231306) by extensions ['ros']
[1.256s] Level 1:colcon.colcon_core.package_identification:_identify(samuchair_bag/20251118_231306) by extension 'ros'
[1.256s] Level 1:colcon.colcon_core.package_identification:_identify(samuchair_bag/20251118_231306) by extensions ['cmake', 'python']
[1.257s] Level 1:colcon.colcon_core.package_identification:_identify(samuchair_bag/20251118_231306) by extension 'cmake'
[1.257s] Level 1:colcon.colcon_core.package_identification:_identify(samuchair_bag/20251118_231306) by extension 'python'
[1.257s] Level 1:colcon.colcon_core.package_identification:_identify(samuchair_bag/20251118_231306) by extensions ['python_setup_py']
[1.257s] Level 1:colcon.colcon_core.package_identification:_identify(samuchair_bag/20251118_231306) by extension 'python_setup_py'
[1.257s] Level 1:colcon.colcon_core.package_identification:_identify(src) by extensions ['ignore', 'ignore_ament_install']
[1.257s] Level 1:colcon.colcon_core.package_identification:_identify(src) by extension 'ignore'
[1.257s] Level 1:colcon.colcon_core.package_identification:_identify(src) by extension 'ignore_ament_install'
[1.257s] Level 1:colcon.colcon_core.package_identification:_identify(src) by extensions ['colcon_pkg']
[1.257s] Level 1:colcon.colcon_core.package_identification:_identify(src) by extension 'colcon_pkg'
[1.257s] Level 1:colcon.colcon_core.package_identification:_identify(src) by extensions ['colcon_meta']
[1.257s] Level 1:colcon.colcon_core.package_identification:_identify(src) by extension 'colcon_meta'
[1.257s] Level 1:colcon.colcon_core.package_identification:_identify(src) by extensions ['ros']
[1.257s] Level 1:colcon.colcon_core.package_identification:_identify(src) by extension 'ros'
[1.257s] Level 1:colcon.colcon_core.package_identification:_identify(src) by extensions ['cmake', 'python']
[1.257s] Level 1:colcon.colcon_core.package_identification:_identify(src) by extension 'cmake'
[1.257s] Level 1:colcon.colcon_core.package_identification:_identify(src) by extension 'python'
[1.257s] Level 1:colcon.colcon_core.package_identification:_identify(src) by extensions ['python_setup_py']
[1.257s] Level 1:colcon.colcon_core.package_identification:_identify(src) by extension 'python_setup_py'
[1.257s] Level 1:colcon.colcon_core.package_identification:_identify(src/build) by extensions ['ignore', 'ignore_ament_install']
[1.257s] Level 1:colcon.colcon_core.package_identification:_identify(src/build) by extension 'ignore'
[1.257s] Level 1:colcon.colcon_core.package_identification:_identify(src/build) ignored
[1.258s] Level 1:colcon.colcon_core.package_identification:_identify(src/install) by extensions ['ignore', 'ignore_ament_install']
[1.258s] Level 1:colcon.colcon_core.package_identification:_identify(src/install) by extension 'ignore'
[1.258s] Level 1:colcon.colcon_core.package_identification:_identify(src/install) ignored
[1.258s] Level 1:colcon.colcon_core.package_identification:_identify(src/log) by extensions ['ignore', 'ignore_ament_install']
[1.258s] Level 1:colcon.colcon_core.package_identification:_identify(src/log) by extension 'ignore'
[1.258s] Level 1:colcon.colcon_core.package_identification:_identify(src/log) ignored
[1.258s] Level 1:colcon.colcon_core.package_identification:_identify(src/samuchair) by extensions ['ignore', 'ignore_ament_install']
[1.258s] Level 1:colcon.colcon_core.package_identification:_identify(src/samuchair) by extension 'ignore'
[1.258s] Level 1:colcon.colcon_core.package_identification:_identify(src/samuchair) by extension 'ignore_ament_install'
[1.258s] Level 1:colcon.colcon_core.package_identification:_identify(src/samuchair) by extensions ['colcon_pkg']
[1.259s] Level 1:colcon.colcon_core.package_identification:_identify(src/samuchair) by extension 'colcon_pkg'
[1.259s] Level 1:colcon.colcon_core.package_identification:_identify(src/samuchair) by extensions ['colcon_meta']
[1.259s] Level 1:colcon.colcon_core.package_identification:_identify(src/samuchair) by extension 'colcon_meta'
[1.259s] Level 1:colcon.colcon_core.package_identification:_identify(src/samuchair) by extensions ['ros']
[1.259s] Level 1:colcon.colcon_core.package_identification:_identify(src/samuchair) by extension 'ros'
[1.261s] DEBUG:colcon.colcon_core.package_identification:Package 'src/samuchair' with type 'ros.ament_python' and name 'samuchair'
[1.261s] Level 1:colcon.colcon_core.package_identification:_identify(src/samuchair_interfaces) by extensions ['ignore', 'ignore_ament_install']
[1.262s] Level 1:colcon.colcon_core.package_identification:_identify(src/samuchair_interfaces) by extension 'ignore'
[1.262s] Level 1:colcon.colcon_core.package_identification:_identify(src/samuchair_interfaces) by extension 'ignore_ament_install'
[1.262s] Level 1:colcon.colcon_core.package_identification:_identify(src/samuchair_interfaces) by extensions ['colcon_pkg']
[1.262s] Level 1:colcon.colcon_core.package_identification:_identify(src/samuchair_interfaces) by extension 'colcon_pkg'
[1.262s] Level 1:colcon.colcon_core.package_identification:_identify(src/samuchair_interfaces) by extensions ['colcon_meta']
[1.262s] Level 1:colcon.colcon_core.package_identification:_identify(src/samuchair_interfaces) by extension 'colcon_meta'
[1.262s] Level 1:colcon.colcon_core.package_identification:_identify(src/samuchair_interfaces) by extensions ['ros']
[1.262s] Level 1:colcon.colcon_core.package_identification:_identify(src/samuchair_interfaces) by extension 'ros'
[1.263s] DEBUG:colcon.colcon_core.package_identification:Package 'src/samuchair_interfaces' with type 'ros.catkin' and name 'samuchair_interfaces'
[1.263s] Level 1:colcon.colcon_core.package_discovery:discover_packages(recursive) using defaults
[1.263s] Level 1:colcon.colcon_core.package_discovery:discover_packages(ignore) discover
[1.263s] Level 1:colcon.colcon_core.package_discovery:discover_packages(ignore) using defaults
[1.263s] Level 1:colcon.colcon_core.package_discovery:discover_packages(path) discover
[1.263s] Level 1:colcon.colcon_core.package_discovery:discover_packages(path) using defaults
[1.371s] Level 1:colcon.colcon_core.package_discovery:discover_packages(prefix_path) check parameters
[1.371s] Level 1:colcon.colcon_core.package_discovery:discover_packages(prefix_path) discover
[1.389s] WARNING:colcon.colcon_ros.prefix_path.ament:The path '/home/labserver/ros2_ws/install/prueba' in the environment variable AMENT_PREFIX_PATH doesn't exist
[1.390s] WARNING:colcon.colcon_ros.prefix_path.ament:The path '/home/labserver/ros2_ws/install/my_robot_controller' in the environment variable AMENT_PREFIX_PATH doesn't exist
[1.411s] DEBUG:colcon.colcon_installed_package_information.package_discovery:Found 2 installed packages in /home/labserver/ros2_ws/install
[1.432s] DEBUG:colcon.colcon_installed_package_information.package_discovery:Found 1 installed packages in /home/labserver/ros2_ws/src/install
[1.452s] DEBUG:colcon.colcon_installed_package_information.package_discovery:Found 270 installed packages in /opt/ros/humble
[1.454s] Level 1:colcon.colcon_core.package_discovery:discover_packages(prefix_path) using defaults
[1.556s] Level 5:colcon.colcon_core.verb:set package 'samuchair' build argument 'cmake_args' from command line to 'None'
[1.556s] Level 5:colcon.colcon_core.verb:set package 'samuchair' build argument 'cmake_target' from command line to 'None'
[1.556s] Level 5:colcon.colcon_core.verb:set package 'samuchair' build argument 'cmake_target_skip_unavailable' from command line to 'False'
[1.556s] Level 5:colcon.colcon_core.verb:set package 'samuchair' build argument 'cmake_clean_cache' from command line to 'False'
[1.556s] Level 5:colcon.colcon_core.verb:set package 'samuchair' build argument 'cmake_clean_first' from command line to 'False'
[1.556s] Level 5:colcon.colcon_core.verb:set package 'samuchair' build argument 'cmake_force_configure' from command line to 'False'
[1.556s] Level 5:colcon.colcon_core.verb:set package 'samuchair' build argument 'ament_cmake_args' from command line to 'None'
[1.556s] Level 5:colcon.colcon_core.verb:set package 'samuchair' build argument 'catkin_cmake_args' from command line to 'None'
[1.556s] Level 5:colcon.colcon_core.verb:set package 'samuchair' build argument 'catkin_skip_building_tests' from command line to 'False'
[1.556s] DEBUG:colcon.colcon_core.verb:Building package 'samuchair' with the following arguments: {'ament_cmake_args': None, 'build_base': '/home/labserver/ros2_ws/build/samuchair', 'catkin_cmake_args': None, 'catkin_skip_building_tests': False, 'cmake_args': None, 'cmake_clean_cache': False, 'cmake_clean_first': False, 'cmake_force_configure': False, 'cmake_target': None, 'cmake_target_skip_unavailable': False, 'install_base': '/home/labserver/ros2_ws/install/samuchair', 'merge_install': False, 'path': '/home/labserver/ros2_ws/src/samuchair', 'symlink_install': False, 'test_result_base': None}
[1.574s] Level 5:colcon.colcon_core.verb:set package 'samuchair_interfaces' build argument 'cmake_args' from command line to 'None'
[1.575s] Level 5:colcon.colcon_core.verb:set package 'samuchair_interfaces' build argument 'cmake_target' from command line to 'None'
[1.575s] Level 5:colcon.colcon_core.verb:set package 'samuchair_interfaces' build argument 'cmake_target_skip_unavailable' from command line to 'False'
[1.575s] Level 5:colcon.colcon_core.verb:set package 'samuchair_interfaces' build argument 'cmake_clean_cache' from command line to 'False'
[1.575s] Level 5:colcon.colcon_core.verb:set package 'samuchair_interfaces' build argument 'cmake_clean_first' from command line to 'False'
[1.575s] Level 5:colcon.colcon_core.verb:set package 'samuchair_interfaces' build argument 'cmake_force_configure' from command line to 'False'
[1.575s] Level 5:colcon.colcon_core.verb:set package 'samuchair_interfaces' build argument 'ament_cmake_args' from command line to 'None'
[1.575s] Level 5:colcon.colcon_core.verb:set package 'samuchair_interfaces' build argument 'catkin_cmake_args' from command line to 'None'
[1.575s] Level 5:colcon.colcon_core.verb:set package 'samuchair_interfaces' build argument 'catkin_skip_building_tests' from command line to 'False'
[1.575s] DEBUG:colcon.colcon_core.verb:Building package 'samuchair_interfaces' with the following arguments: {'ament_cmake_args': None, 'build_base': '/home/labserver/ros2_ws/build/samuchair_interfaces', 'catkin_cmake_args': None, 'catkin_skip_building_tests': False, 'cmake_args': None, 'cmake_clean_cache': False, 'cmake_clean_first': False, 'cmake_force_configure': False, 'cmake_target': None, 'cmake_target_skip_unavailable': False, 'install_base': '/home/labserver/ros2_ws/install/samuchair_interfaces', 'merge_install': False, 'path': '/home/labserver/ros2_ws/src/samuchair_interfaces', 'symlink_install': False, 'test_result_base': None}
[1.593s] INFO:colcon.colcon_core.executor:Executing jobs using 'parallel' executor
[1.611s] DEBUG:colcon.colcon_parallel_executor.executor.parallel:run_until_complete
[1.612s] INFO:colcon.colcon_ros.task.ament_python.build:Building ROS package in '/home/labserver/ros2_ws/src/samuchair' with build type 'ament_python'
[1.612s] Level 1:colcon.colcon_core.shell:create_environment_hook('samuchair', 'ament_prefix_path')
[1.636s] INFO:colcon.colcon_core.plugin_system:Skipping extension 'colcon_core.shell.bat': Not used on non-Windows systems
[1.637s] INFO:colcon.colcon_core.shell:Creating environment hook '/home/labserver/ros2_ws/install/samuchair/share/samuchair/hook/ament_prefix_path.ps1'
[1.638s] INFO:colcon.colcon_core.shell:Creating environment descriptor '/home/labserver/ros2_ws/install/samuchair/share/samuchair/hook/ament_prefix_path.dsv'
[1.639s] INFO:colcon.colcon_core.shell:Creating environment hook '/home/labserver/ros2_ws/install/samuchair/share/samuchair/hook/ament_prefix_path.sh'
[1.659s] INFO:colcon.colcon_core.shell:Skip shell extension 'powershell' for command environment: Not usable outside of PowerShell
[1.659s] DEBUG:colcon.colcon_core.shell:Skip shell extension 'dsv' for command environment
[1.733s] INFO:colcon.colcon_ros.task.catkin.build:Building ROS package in '/home/labserver/ros2_ws/src/samuchair_interfaces' with build type 'catkin'
[1.734s] INFO:colcon.colcon_cmake.task.cmake.build:Building CMake package in '/home/labserver/ros2_ws/src/samuchair_interfaces'
[1.760s] INFO:colcon.colcon_core.shell:Skip shell extension 'powershell' for command environment: Not usable outside of PowerShell
[1.761s] DEBUG:colcon.colcon_core.shell:Skip shell extension 'dsv' for command environment
[2.190s] INFO:colcon.colcon_core.task.python.build:Building Python package in '/home/labserver/ros2_ws/src/samuchair'
[2.208s] INFO:colcon.colcon_core.shell:Skip shell extension 'powershell' for command environment: Not usable outside of PowerShell
[2.208s] DEBUG:colcon.colcon_core.shell:Skip shell extension 'dsv' for command environment
[2.296s] DEBUG:colcon.colcon_core.event_handler.log_command:Invoking command in '/home/labserver/ros2_ws/build/samuchair_interfaces': /usr/bin/cmake /home/labserver/ros2_ws/src/samuchair_interfaces -DCATKIN_INSTALL_INTO_PREFIX_ROOT=0 -DCMAKE_INSTALL_PREFIX=/home/labserver/ros2_ws/install/samuchair_interfaces
[3.318s] DEBUG:colcon.colcon_core.event_handler.log_command:Invoking command in '/home/labserver/ros2_ws/src/samuchair': PYTHONPATH=/home/labserver/ros2_ws/build/samuchair/prefix_override:/home/labserver/ros2_ws/install/samuchair/lib/python3.10/site-packages:${PYTHONPATH} /usr/bin/python3 setup.py egg_info --egg-base ../../build/samuchair build --build-base /home/labserver/ros2_ws/build/samuchair/build install --record /home/labserver/ros2_ws/build/samuchair/install.log --single-version-externally-managed
[3.805s] DEBUG:colcon.colcon_core.event_handler.log_command:Invoked command in '/home/labserver/ros2_ws/build/samuchair_interfaces' returned '0': /usr/bin/cmake /home/labserver/ros2_ws/src/samuchair_interfaces -DCATKIN_INSTALL_INTO_PREFIX_ROOT=0 -DCMAKE_INSTALL_PREFIX=/home/labserver/ros2_ws/install/samuchair_interfaces
[3.806s] DEBUG:colcon.colcon_core.event_handler.log_command:Invoking command in '/home/labserver/ros2_ws/build/samuchair_interfaces': /usr/bin/cmake --build /home/labserver/ros2_ws/build/samuchair_interfaces -- -j2 -l2
[4.479s] DEBUG:colcon.colcon_core.event_handler.log_command:Invoked command in '/home/labserver/ros2_ws/src/samuchair' returned '0': PYTHONPATH=/home/labserver/ros2_ws/build/samuchair/prefix_override:/home/labserver/ros2_ws/install/samuchair/lib/python3.10/site-packages:${PYTHONPATH} /usr/bin/python3 setup.py egg_info --egg-base ../../build/samuchair build --build-base /home/labserver/ros2_ws/build/samuchair/build install --record /home/labserver/ros2_ws/build/samuchair/install.log --single-version-externally-managed
[4.544s] Level 1:colcon.colcon_core.environment:checking '/home/labserver/ros2_ws/install/samuchair' for CMake module files
[4.545s] Level 1:colcon.colcon_core.environment:checking '/home/labserver/ros2_ws/install/samuchair' for CMake config files
[4.548s] Level 1:colcon.colcon_core.environment:checking '/home/labserver/ros2_ws/install/samuchair/lib'
[4.548s] Level 1:colcon.colcon_core.environment:checking '/home/labserver/ros2_ws/install/samuchair/bin'
[4.548s] Level 1:colcon.colcon_core.environment:checking '/home/labserver/ros2_ws/install/samuchair/lib/pkgconfig/samuchair.pc'
[4.548s] Level 1:colcon.colcon_core.environment:checking '/home/labserver/ros2_ws/install/samuchair/lib/python3.10/site-packages'
[4.548s] Level 1:colcon.colcon_core.shell:create_environment_hook('samuchair', 'pythonpath')
[4.577s] INFO:colcon.colcon_core.shell:Creating environment hook '/home/labserver/ros2_ws/install/samuchair/share/samuchair/hook/pythonpath.ps1'
[4.578s] INFO:colcon.colcon_core.shell:Creating environment descriptor '/home/labserver/ros2_ws/install/samuchair/share/samuchair/hook/pythonpath.dsv'
[4.579s] INFO:colcon.colcon_core.shell:Creating environment hook '/home/labserver/ros2_ws/install/samuchair/share/samuchair/hook/pythonpath.sh'
[4.581s] Level 1:colcon.colcon_core.environment:checking '/home/labserver/ros2_ws/install/samuchair/bin'
[4.581s] Level 1:colcon.colcon_core.environment:create_environment_scripts_only(samuchair)
[4.609s] INFO:colcon.colcon_core.shell:Creating package script '/home/labserver/ros2_ws/install/samuchair/share/samuchair/package.ps1'
[4.611s] INFO:colcon.colcon_core.shell:Creating package descriptor '/home/labserver/ros2_ws/install/samuchair/share/samuchair/package.dsv'
[4.613s] INFO:colcon.colcon_core.shell:Creating package script '/home/labserver/ros2_ws/install/samuchair/share/samuchair/package.sh'
[4.615s] INFO:colcon.colcon_core.shell:Creating package script '/home/labserver/ros2_ws/install/samuchair/share/samuchair/package.bash'
[4.617s] INFO:colcon.colcon_core.shell:Creating package script '/home/labserver/ros2_ws/install/samuchair/share/samuchair/package.zsh'
[4.618s] Level 1:colcon.colcon_core.environment:create_file_with_runtime_dependencies(/home/labserver/ros2_ws/install/samuchair/share/colcon-core/packages/samuchair)
[16.049s] DEBUG:colcon.colcon_core.event_handler.log_command:Invoked command in '/home/labserver/ros2_ws/build/samuchair_interfaces' returned '0': /usr/bin/cmake --build /home/labserver/ros2_ws/build/samuchair_interfaces -- -j2 -l2
[16.464s] DEBUG:colcon.colcon_core.event_handler.log_command:Invoking command in '/home/labserver/ros2_ws/build/samuchair_interfaces': /usr/bin/cmake --install /home/labserver/ros2_ws/build/samuchair_interfaces
[16.692s] DEBUG:colcon.colcon_core.event_handler.log_command:Invoked command in '/home/labserver/ros2_ws/build/samuchair_interfaces' returned '0': /usr/bin/cmake --install /home/labserver/ros2_ws/build/samuchair_interfaces
[17.025s] Level 1:colcon.colcon_core.shell:create_environment_hook('samuchair_interfaces', 'ros_package_path')
[17.091s] INFO:colcon.colcon_core.shell:Creating environment hook '/home/labserver/ros2_ws/install/samuchair_interfaces/share/samuchair_interfaces/hook/ros_package_path.ps1'
[17.094s] INFO:colcon.colcon_core.shell:Creating environment descriptor '/home/labserver/ros2_ws/install/samuchair_interfaces/share/samuchair_interfaces/hook/ros_package_path.dsv'
[17.096s] INFO:colcon.colcon_core.shell:Creating environment hook '/home/labserver/ros2_ws/install/samuchair_interfaces/share/samuchair_interfaces/hook/ros_package_path.sh'
[17.097s] Level 1:colcon.colcon_ros.task.catkin:checking '/home/labserver/ros2_ws/install/samuchair_interfaces/local/lib/python3.10/dist-packages'
[17.098s] Level 1:colcon.colcon_core.shell:create_environment_hook('samuchair_interfaces', 'catkin_pythonpath')
[17.149s] INFO:colcon.colcon_core.shell:Creating environment hook '/home/labserver/ros2_ws/install/samuchair_interfaces/share/samuchair_interfaces/hook/catkin_pythonpath.ps1'
[17.150s] INFO:colcon.colcon_core.shell:Creating environment descriptor '/home/labserver/ros2_ws/install/samuchair_interfaces/share/samuchair_interfaces/hook/catkin_pythonpath.dsv'
[17.151s] INFO:colcon.colcon_core.shell:Creating environment hook '/home/labserver/ros2_ws/install/samuchair_interfaces/share/samuchair_interfaces/hook/catkin_pythonpath.sh'
[17.151s] Level 1:colcon.colcon_core.shell:create_environment_hook('samuchair_interfaces', 'pkg_config_path')
[17.196s] INFO:colcon.colcon_core.shell:Creating environment hook '/home/labserver/ros2_ws/install/samuchair_interfaces/share/samuchair_interfaces/hook/pkg_config_path.ps1'
[17.197s] INFO:colcon.colcon_core.shell:Creating environment descriptor '/home/labserver/ros2_ws/install/samuchair_interfaces/share/samuchair_interfaces/hook/pkg_config_path.dsv'
[17.198s] INFO:colcon.colcon_core.shell:Creating environment hook '/home/labserver/ros2_ws/install/samuchair_interfaces/share/samuchair_interfaces/hook/pkg_config_path.sh'
[17.200s] Level 1:colcon.colcon_core.shell:create_environment_hook('samuchair_interfaces', 'pkg_config_path_multiarch')
[17.236s] INFO:colcon.colcon_core.shell:Creating environment hook '/home/labserver/ros2_ws/install/samuchair_interfaces/share/samuchair_interfaces/hook/pkg_config_path_multiarch.ps1'
[17.237s] INFO:colcon.colcon_core.shell:Creating environment descriptor '/home/labserver/ros2_ws/install/samuchair_interfaces/share/samuchair_interfaces/hook/pkg_config_path_multiarch.dsv'
[17.238s] INFO:colcon.colcon_core.shell:Creating environment hook '/home/labserver/ros2_ws/install/samuchair_interfaces/share/samuchair_interfaces/hook/pkg_config_path_multiarch.sh'
[17.270s] Level 1:colcon.colcon_core.environment:create_environment_scripts_only(samuchair_interfaces)
[17.302s] Level 1:colcon.colcon_core.environment:checking '/home/labserver/ros2_ws/install/samuchair_interfaces' for CMake module files
[17.303s] Level 1:colcon.colcon_core.environment:checking '/home/labserver/ros2_ws/install/samuchair_interfaces' for CMake config files
[17.304s] Level 1:colcon.colcon_core.shell:create_environment_hook('samuchair_interfaces', 'cmake_prefix_path')
[17.352s] INFO:colcon.colcon_core.shell:Creating environment hook '/home/labserver/ros2_ws/install/samuchair_interfaces/share/samuchair_interfaces/hook/cmake_prefix_path.ps1'
[17.353s] INFO:colcon.colcon_core.shell:Creating environment descriptor '/home/labserver/ros2_ws/install/samuchair_interfaces/share/samuchair_interfaces/hook/cmake_prefix_path.dsv'
[17.354s] INFO:colcon.colcon_core.shell:Creating environment hook '/home/labserver/ros2_ws/install/samuchair_interfaces/share/samuchair_interfaces/hook/cmake_prefix_path.sh'
[17.356s] Level 1:colcon.colcon_core.environment:checking '/home/labserver/ros2_ws/install/samuchair_interfaces/lib'
[17.356s] Level 1:colcon.colcon_core.shell:create_environment_hook('samuchair_interfaces', 'ld_library_path_lib')
[17.386s] INFO:colcon.colcon_core.shell:Creating environment hook '/home/labserver/ros2_ws/install/samuchair_interfaces/share/samuchair_interfaces/hook/ld_library_path_lib.ps1'
[17.387s] INFO:colcon.colcon_core.shell:Creating environment descriptor '/home/labserver/ros2_ws/install/samuchair_interfaces/share/samuchair_interfaces/hook/ld_library_path_lib.dsv'
[17.388s] INFO:colcon.colcon_core.shell:Creating environment hook '/home/labserver/ros2_ws/install/samuchair_interfaces/share/samuchair_interfaces/hook/ld_library_path_lib.sh'
[17.388s] Level 1:colcon.colcon_core.environment:checking '/home/labserver/ros2_ws/install/samuchair_interfaces/bin'
[17.389s] Level 1:colcon.colcon_core.environment:checking '/home/labserver/ros2_ws/install/samuchair_interfaces/lib/pkgconfig/samuchair_interfaces.pc'
[17.389s] Level 1:colcon.colcon_core.environment:checking '/home/labserver/ros2_ws/install/samuchair_interfaces/lib/python3.10/site-packages'
[17.390s] Level 1:colcon.colcon_core.environment:checking '/home/labserver/ros2_ws/install/samuchair_interfaces/bin'
[17.419s] INFO:colcon.colcon_core.shell:Creating package script '/home/labserver/ros2_ws/install/samuchair_interfaces/share/samuchair_interfaces/package.ps1'
[17.421s] INFO:colcon.colcon_core.shell:Creating package descriptor '/home/labserver/ros2_ws/install/samuchair_interfaces/share/samuchair_interfaces/package.dsv'
[17.424s] INFO:colcon.colcon_core.shell:Creating package script '/home/labserver/ros2_ws/install/samuchair_interfaces/share/samuchair_interfaces/package.sh'
[17.425s] INFO:colcon.colcon_core.shell:Creating package script '/home/labserver/ros2_ws/install/samuchair_interfaces/share/samuchair_interfaces/package.bash'
[17.427s] INFO:colcon.colcon_core.shell:Creating package script '/home/labserver/ros2_ws/install/samuchair_interfaces/share/samuchair_interfaces/package.zsh'
[17.428s] Level 1:colcon.colcon_core.environment:create_file_with_runtime_dependencies(/home/labserver/ros2_ws/install/samuchair_interfaces/share/colcon-core/packages/samuchair_interfaces)
[17.431s] DEBUG:colcon.colcon_parallel_executor.executor.parallel:closing loop
[17.431s] DEBUG:colcon.colcon_parallel_executor.executor.parallel:loop closed
[17.431s] DEBUG:colcon.colcon_parallel_executor.executor.parallel:run_until_complete finished with '0'
[17.432s] DEBUG:colcon.colcon_core.event_reactor:joining thread
[17.476s] INFO:colcon.colcon_core.plugin_system:Skipping extension 'colcon_notification.desktop_notification.terminal_notifier': Not used on non-Darwin systems
[17.476s] INFO:colcon.colcon_core.plugin_system:Skipping extension 'colcon_notification.desktop_notification.win32': Not used on non-Windows systems
[17.476s] INFO:colcon.colcon_notification.desktop_notification:Sending desktop notification using 'notify2'
[17.512s] DEBUG:colcon.colcon_core.event_reactor:joined thread
[17.543s] INFO:colcon.colcon_core.shell:Creating prefix script '/home/labserver/ros2_ws/install/local_setup.ps1'
[17.548s] INFO:colcon.colcon_core.shell:Creating prefix util module '/home/labserver/ros2_ws/install/_local_setup_util_ps1.py'
[17.551s] INFO:colcon.colcon_core.shell:Creating prefix chain script '/home/labserver/ros2_ws/install/setup.ps1'
[17.593s] INFO:colcon.colcon_core.shell:Creating prefix script '/home/labserver/ros2_ws/install/local_setup.sh'
[17.595s] INFO:colcon.colcon_core.shell:Creating prefix util module '/home/labserver/ros2_ws/install/_local_setup_util_sh.py'
[17.598s] INFO:colcon.colcon_core.shell:Creating prefix chain script '/home/labserver/ros2_ws/install/setup.sh'
[17.640s] INFO:colcon.colcon_core.shell:Creating prefix script '/home/labserver/ros2_ws/install/local_setup.bash'
[17.641s] INFO:colcon.colcon_core.shell:Creating prefix chain script '/home/labserver/ros2_ws/install/setup.bash'
[17.672s] INFO:colcon.colcon_core.shell:Creating prefix script '/home/labserver/ros2_ws/install/local_setup.zsh'
[17.674s] INFO:colcon.colcon_core.shell:Creating prefix chain script '/home/labserver/ros2_ws/install/setup.zsh'
