[1.565s] Invoking command in '/home/labserver/ros2_ws/src/samuchair': PYTHONPATH=/home/labserver/ros2_ws/build/samuchair/prefix_override:/home/labserver/ros2_ws/install/samuchair/lib/python3.10/site-packages:${PYTHONPATH} /usr/bin/python3 setup.py egg_info --egg-base ../../build/samuchair build --build-base /home/labserver/ros2_ws/build/samuchair/build install --record /home/labserver/ros2_ws/build/samuchair/install.log --single-version-externally-managed
[1.844s] running egg_info
[1.864s] writing ../../build/samuchair/samuchair.egg-info/PKG-INFO
[1.865s] writing dependency_links to ../../build/samuchair/samuchair.egg-info/dependency_links.txt
[1.866s] writing entry points to ../../build/samuchair/samuchair.egg-info/entry_points.txt
[1.866s] writing requirements to ../../build/samuchair/samuchair.egg-info/requires.txt
[1.867s] writing top-level names to ../../build/samuchair/samuchair.egg-info/top_level.txt
[2.044s] reading manifest file '../../build/samuchair/samuchair.egg-info/SOURCES.txt'
[2.045s] writing manifest file '../../build/samuchair/samuchair.egg-info/SOURCES.txt'
[2.045s] running build
[2.045s] running build_py
[2.046s] copying samuchair/webcamNode.py -> /home/labserver/ros2_ws/build/samuchair/build/lib/samuchair
[2.046s] copying samuchair/secondarytaskNode.py -> /home/labserver/ros2_ws/build/samuchair/build/lib/samuchair
[2.047s] copying samuchair/Webcam.py -> /home/labserver/ros2_ws/build/samuchair/build/lib/samuchair
[2.047s] copying samuchair/esp32Node.py -> /home/labserver/ros2_ws/build/samuchair/build/lib/samuchair
[2.047s] copying samuchair/esp32Node_old.py -> /home/labserver/ros2_ws/build/samuchair/build/lib/samuchair
[2.048s] copying samuchair/__init__.py -> /home/labserver/ros2_ws/build/samuchair/build/lib/samuchair
[2.048s] copying samuchair/SecondaryTask.py -> /home/labserver/ros2_ws/build/samuchair/build/lib/samuchair
[2.048s] copying samuchair/ComESP32.py -> /home/labserver/ros2_ws/build/samuchair/build/lib/samuchair
[2.049s] running install
[2.049s] /home/labserver/.local/lib/python3.10/site-packages/setuptools/_distutils/cmd.py:66: SetuptoolsDeprecationWarning: setup.py install is deprecated.
[2.049s] !!
[2.049s] 
[2.049s]         ********************************************************************************
[2.049s]         Please avoid running ``setup.py`` directly.
[2.050s]         Instead, use pypa/build, pypa/installer or other
[2.050s]         standards-based tools.
[2.050s] 
[2.050s]         See https://blog.ganssle.io/articles/2021/10/setup-py-deprecated.html for details.
[2.050s]         ********************************************************************************
[2.050s] 
[2.050s] !!
[2.050s]   self.initialize_options()
[2.057s] running install_lib
[2.074s] copying /home/labserver/ros2_ws/build/samuchair/build/lib/samuchair/secondarytaskNode.py -> /home/labserver/ros2_ws/install/samuchair/lib/python3.10/site-packages/samuchair
[2.075s] byte-compiling /home/labserver/ros2_ws/install/samuchair/lib/python3.10/site-packages/samuchair/secondarytaskNode.py to secondarytaskNode.cpython-310.pyc
[2.077s] running install_data
[2.096s] copying resource/samuchair -> /home/labserver/ros2_ws/install/samuchair/share/ament_index/resource_index/packages
[2.096s] copying package.xml -> /home/labserver/ros2_ws/install/samuchair/share/samuchair
[2.096s] running install_egg_info
[2.116s] removing '/home/labserver/ros2_ws/install/samuchair/lib/python3.10/site-packages/samuchair-0.0.0-py3.10.egg-info' (and everything under it)
[2.117s] Copying ../../build/samuchair/samuchair.egg-info to /home/labserver/ros2_ws/install/samuchair/lib/python3.10/site-packages/samuchair-0.0.0-py3.10.egg-info
[2.118s] running install_scripts
[2.185s] Installing esp32Node script to /home/labserver/ros2_ws/install/samuchair/lib/samuchair
[2.185s] Installing secondarytaskNode script to /home/labserver/ros2_ws/install/samuchair/lib/samuchair
[2.186s] Installing webcamNode script to /home/labserver/ros2_ws/install/samuchair/lib/samuchair
[2.187s] writing list of installed files to '/home/labserver/ros2_ws/build/samuchair/install.log'
[2.235s] Invoked command in '/home/labserver/ros2_ws/src/samuchair' returned '0': PYTHONPATH=/home/labserver/ros2_ws/build/samuchair/prefix_override:/home/labserver/ros2_ws/install/samuchair/lib/python3.10/site-packages:${PYTHONPATH} /usr/bin/python3 setup.py egg_info --egg-base ../../build/samuchair build --build-base /home/labserver/ros2_ws/build/samuchair/build install --record /home/labserver/ros2_ws/build/samuchair/install.log --single-version-externally-managed
