[1.080s] Invoking command in '/home/labserver/ros2_ws/src/my_robot_controller': PYTHONPATH=/home/labserver/ros2_ws/src/build/my_robot_controller/prefix_override:/home/labserver/ros2_ws/src/install/my_robot_controller/lib/python3.10/site-packages:${PYTHONPATH} /usr/bin/python3 setup.py egg_info --egg-base ../build/my_robot_controller build --build-base /home/labserver/ros2_ws/src/build/my_robot_controller/build install --record /home/labserver/ros2_ws/src/build/my_robot_controller/install.log --single-version-externally-managed
[1.436s] running egg_info
[1.438s] creating ../build/my_robot_controller/my_robot_controller.egg-info
[1.438s] writing ../build/my_robot_controller/my_robot_controller.egg-info/PKG-INFO
[1.439s] writing dependency_links to ../build/my_robot_controller/my_robot_controller.egg-info/dependency_links.txt
[1.439s] writing entry points to ../build/my_robot_controller/my_robot_controller.egg-info/entry_points.txt
[1.439s] writing requirements to ../build/my_robot_controller/my_robot_controller.egg-info/requires.txt
[1.439s] writing top-level names to ../build/my_robot_controller/my_robot_controller.egg-info/top_level.txt
[1.439s] writing manifest file '../build/my_robot_controller/my_robot_controller.egg-info/SOURCES.txt'
[1.442s] reading manifest file '../build/my_robot_controller/my_robot_controller.egg-info/SOURCES.txt'
[1.443s] writing manifest file '../build/my_robot_controller/my_robot_controller.egg-info/SOURCES.txt'
[1.444s] running build
[1.444s] running build_py
[1.444s] creating /home/labserver/ros2_ws/src/build/my_robot_controller/build
[1.444s] creating /home/labserver/ros2_ws/src/build/my_robot_controller/build/lib
[1.445s] creating /home/labserver/ros2_ws/src/build/my_robot_controller/build/lib/my_robot_controller
[1.447s] copying my_robot_controller/my_first_node.py -> /home/labserver/ros2_ws/src/build/my_robot_controller/build/lib/my_robot_controller
[1.448s] copying my_robot_controller/__init__.py -> /home/labserver/ros2_ws/src/build/my_robot_controller/build/lib/my_robot_controller
[1.448s] running install
[1.450s] running install_lib
[1.450s] creating /home/labserver/ros2_ws/src/install/my_robot_controller/lib/python3.10/site-packages/my_robot_controller
[1.450s] copying /home/labserver/ros2_ws/src/build/my_robot_controller/build/lib/my_robot_controller/my_first_node.py -> /home/labserver/ros2_ws/src/install/my_robot_controller/lib/python3.10/site-packages/my_robot_controller
[1.450s] copying /home/labserver/ros2_ws/src/build/my_robot_controller/build/lib/my_robot_controller/__init__.py -> /home/labserver/ros2_ws/src/install/my_robot_controller/lib/python3.10/site-packages/my_robot_controller
[1.450s] byte-compiling /home/labserver/ros2_ws/src/install/my_robot_controller/lib/python3.10/site-packages/my_robot_controller/my_first_node.py to my_first_node.cpython-310.pyc
[1.451s] byte-compiling /home/labserver/ros2_ws/src/install/my_robot_controller/lib/python3.10/site-packages/my_robot_controller/__init__.py to __init__.cpython-310.pyc
[1.451s] running install_data
[1.452s] creating /home/labserver/ros2_ws/src/install/my_robot_controller/share/ament_index
[1.452s] creating /home/labserver/ros2_ws/src/install/my_robot_controller/share/ament_index/resource_index
[1.452s] creating /home/labserver/ros2_ws/src/install/my_robot_controller/share/ament_index/resource_index/packages
[1.452s] copying resource/my_robot_controller -> /home/labserver/ros2_ws/src/install/my_robot_controller/share/ament_index/resource_index/packages
[1.453s] copying package.xml -> /home/labserver/ros2_ws/src/install/my_robot_controller/share/my_robot_controller
[1.453s] running install_egg_info
[1.455s] Copying ../build/my_robot_controller/my_robot_controller.egg-info to /home/labserver/ros2_ws/src/install/my_robot_controller/lib/python3.10/site-packages/my_robot_controller-0.0.0-py3.10.egg-info
[1.457s] running install_scripts
[1.482s] Installing test_node script to /home/labserver/ros2_ws/src/install/my_robot_controller/lib/my_robot_controller
[1.482s] writing list of installed files to '/home/labserver/ros2_ws/src/build/my_robot_controller/install.log'
[1.527s] Invoked command in '/home/labserver/ros2_ws/src/my_robot_controller' returned '0': PYTHONPATH=/home/labserver/ros2_ws/src/build/my_robot_controller/prefix_override:/home/labserver/ros2_ws/src/install/my_robot_controller/lib/python3.10/site-packages:${PYTHONPATH} /usr/bin/python3 setup.py egg_info --egg-base ../build/my_robot_controller build --build-base /home/labserver/ros2_ws/src/build/my_robot_controller/build install --record /home/labserver/ros2_ws/src/build/my_robot_controller/install.log --single-version-externally-managed
