[2.205s] Invoking command in '/home/labserver/ros2_ws/src/samuchair': PYTHONPATH=/home/labserver/ros2_ws/build/samuchair/prefix_override:/home/labserver/ros2_ws/install/samuchair/lib/python3.10/site-packages:${PYTHONPATH} /usr/bin/python3 setup.py egg_info --egg-base ../../build/samuchair build --build-base /home/labserver/ros2_ws/build/samuchair/build install --record /home/labserver/ros2_ws/build/samuchair/install.log --single-version-externally-managed
[2.775s] running egg_info
[2.820s] writing ../../build/samuchair/samuchair.egg-info/PKG-INFO
[2.820s] writing dependency_links to ../../build/samuchair/samuchair.egg-info/dependency_links.txt
[2.820s] writing entry points to ../../build/samuchair/samuchair.egg-info/entry_points.txt
[2.821s] writing requirements to ../../build/samuchair/samuchair.egg-info/requires.txt
[2.827s] writing top-level names to ../../build/samuchair/samuchair.egg-info/top_level.txt
[3.187s] reading manifest file '../../build/samuchair/samuchair.egg-info/SOURCES.txt'
[3.189s] writing manifest file '../../build/samuchair/samuchair.egg-info/SOURCES.txt'
[3.191s] running build
[3.192s] running build_py
[3.192s] copying samuchair/arduinoNode.py -> /home/labserver/ros2_ws/build/samuchair/build/lib/samuchair
[3.194s] copying samuchair/webcamNode.py -> /home/labserver/ros2_ws/build/samuchair/build/lib/samuchair
[3.195s] copying samuchair/secondarytaskNode.py -> /home/labserver/ros2_ws/build/samuchair/build/lib/samuchair
[3.196s] copying samuchair/ComJoystickManual.py -> /home/labserver/ros2_ws/build/samuchair/build/lib/samuchair
[3.198s] copying samuchair/Webcam.py -> /home/labserver/ros2_ws/build/samuchair/build/lib/samuchair
[3.200s] copying samuchair/esp32Node.py -> /home/labserver/ros2_ws/build/samuchair/build/lib/samuchair
[3.202s] copying samuchair/esp32Node_old.py -> /home/labserver/ros2_ws/build/samuchair/build/lib/samuchair
[3.208s] copying samuchair/testArduinoNode.py -> /home/labserver/ros2_ws/build/samuchair/build/lib/samuchair
[3.208s] copying samuchair/__init__.py -> /home/labserver/ros2_ws/build/samuchair/build/lib/samuchair
[3.208s] copying samuchair/SecondaryTask.py -> /home/labserver/ros2_ws/build/samuchair/build/lib/samuchair
[3.208s] copying samuchair/ComESP32.py -> /home/labserver/ros2_ws/build/samuchair/build/lib/samuchair
[3.211s] running install
[3.214s] /home/labserver/.local/lib/python3.10/site-packages/setuptools/_distutils/cmd.py:66: SetuptoolsDeprecationWarning: setup.py install is deprecated.
[3.218s] !!
[3.218s] 
[3.218s]         ********************************************************************************
[3.218s]         Please avoid running ``setup.py`` directly.
[3.218s]         Instead, use pypa/build, pypa/installer or other
[3.218s]         standards-based tools.
[3.218s] 
[3.218s]         See https://blog.ganssle.io/articles/2021/10/setup-py-deprecated.html for details.
[3.219s]         ********************************************************************************
[3.219s] 
[3.219s] !!
[3.219s]   self.initialize_options()
[3.238s] running install_lib
[3.271s] copying /home/labserver/ros2_ws/build/samuchair/build/lib/samuchair/secondarytaskNode.py -> /home/labserver/ros2_ws/install/samuchair/lib/python3.10/site-packages/samuchair
[3.274s] byte-compiling /home/labserver/ros2_ws/install/samuchair/lib/python3.10/site-packages/samuchair/secondarytaskNode.py to secondarytaskNode.cpython-310.pyc
[3.277s] running install_data
[3.312s] copying launch/samuchair.launch.py -> /home/labserver/ros2_ws/install/samuchair/share/samuchair/launch
[3.316s] copying resource/samuchair -> /home/labserver/ros2_ws/install/samuchair/share/ament_index/resource_index/packages
[3.316s] copying package.xml -> /home/labserver/ros2_ws/install/samuchair/share/samuchair
[3.318s] running install_egg_info
[3.348s] removing '/home/labserver/ros2_ws/install/samuchair/lib/python3.10/site-packages/samuchair-0.0.0-py3.10.egg-info' (and everything under it)
[3.349s] Copying ../../build/samuchair/samuchair.egg-info to /home/labserver/ros2_ws/install/samuchair/lib/python3.10/site-packages/samuchair-0.0.0-py3.10.egg-info
[3.357s] running install_scripts
[3.477s] Installing arduinoNode script to /home/labserver/ros2_ws/install/samuchair/lib/samuchair
[3.481s] Installing esp32Node script to /home/labserver/ros2_ws/install/samuchair/lib/samuchair
[3.486s] Installing secondarytaskNode script to /home/labserver/ros2_ws/install/samuchair/lib/samuchair
[3.489s] Installing testArduinoNode script to /home/labserver/ros2_ws/install/samuchair/lib/samuchair
[3.490s] Installing webcamNode script to /home/labserver/ros2_ws/install/samuchair/lib/samuchair
[3.493s] writing list of installed files to '/home/labserver/ros2_ws/build/samuchair/install.log'
[3.633s] Invoked command in '/home/labserver/ros2_ws/src/samuchair' returned '0': PYTHONPATH=/home/labserver/ros2_ws/build/samuchair/prefix_override:/home/labserver/ros2_ws/install/samuchair/lib/python3.10/site-packages:${PYTHONPATH} /usr/bin/python3 setup.py egg_info --egg-base ../../build/samuchair build --build-base /home/labserver/ros2_ws/build/samuchair/build install --record /home/labserver/ros2_ws/build/samuchair/install.log --single-version-externally-managed
