[4.021s] Invoking command in '/home/labserver/ros2_ws/src/prueba': PYTHONPATH=/home/labserver/ros2_ws/build/prueba/prefix_override:/home/labserver/ros2_ws/install/prueba/lib/python3.10/site-packages:${PYTHONPATH} /usr/bin/python3 setup.py egg_info --egg-base ../../build/prueba build --build-base /home/labserver/ros2_ws/build/prueba/build install --record /home/labserver/ros2_ws/build/prueba/install.log --single-version-externally-managed
[4.661s] running egg_info
[4.712s] writing ../../build/prueba/prueba.egg-info/PKG-INFO
[4.715s] writing dependency_links to ../../build/prueba/prueba.egg-info/dependency_links.txt
[4.717s] writing entry points to ../../build/prueba/prueba.egg-info/entry_points.txt
[4.719s] writing requirements to ../../build/prueba/prueba.egg-info/requires.txt
[4.721s] writing top-level names to ../../build/prueba/prueba.egg-info/top_level.txt
[4.818s] reading manifest file '../../build/prueba/prueba.egg-info/SOURCES.txt'
[4.823s] writing manifest file '../../build/prueba/prueba.egg-info/SOURCES.txt'
[4.824s] running build
[4.825s] running build_py
[4.826s] copying prueba/__init__.py -> /home/labserver/ros2_ws/build/prueba/build/lib/prueba
[4.829s] running install
[4.830s] /home/labserver/.local/lib/python3.10/site-packages/setuptools/_distutils/cmd.py:66: SetuptoolsDeprecationWarning: setup.py install is deprecated.
[4.830s] !!
[4.831s] 
[4.831s]         ********************************************************************************
[4.831s]         Please avoid running ``setup.py`` directly.
[4.831s]         Instead, use pypa/build, pypa/installer or other
[4.831s]         standards-based tools.
[4.831s] 
[4.831s]         See https://blog.ganssle.io/articles/2021/10/setup-py-deprecated.html for details.
[4.831s]         ********************************************************************************
[4.831s] 
[4.832s] !!
[4.832s]   self.initialize_options()
[4.844s] running install_lib
[4.884s] copying /home/labserver/ros2_ws/build/prueba/build/lib/prueba/__init__.py -> /home/labserver/ros2_ws/install/prueba/lib/python3.10/site-packages/prueba
[4.888s] byte-compiling /home/labserver/ros2_ws/install/prueba/lib/python3.10/site-packages/prueba/__init__.py to __init__.cpython-310.pyc
[4.895s] running install_data
[4.929s] copying resource/prueba -> /home/labserver/ros2_ws/install/prueba/share/ament_index/resource_index/packages
[4.931s] copying package.xml -> /home/labserver/ros2_ws/install/prueba/share/prueba
[4.933s] running install_egg_info
[4.987s] removing '/home/labserver/ros2_ws/install/prueba/lib/python3.10/site-packages/prueba-0.0.0-py3.10.egg-info' (and everything under it)
[4.989s] Copying ../../build/prueba/prueba.egg-info to /home/labserver/ros2_ws/install/prueba/lib/python3.10/site-packages/prueba-0.0.0-py3.10.egg-info
[4.999s] running install_scripts
[5.405s] Installing talker script to /home/labserver/ros2_ws/install/prueba/lib/prueba
[5.415s] writing list of installed files to '/home/labserver/ros2_ws/build/prueba/install.log'
[5.722s] Invoked command in '/home/labserver/ros2_ws/src/prueba' returned '0': PYTHONPATH=/home/labserver/ros2_ws/build/prueba/prefix_override:/home/labserver/ros2_ws/install/prueba/lib/python3.10/site-packages:${PYTHONPATH} /usr/bin/python3 setup.py egg_info --egg-base ../../build/prueba build --build-base /home/labserver/ros2_ws/build/prueba/build install --record /home/labserver/ros2_ws/build/prueba/install.log --single-version-externally-managed
