[2.183s] Invoking command in '/home/labserver/ros2_ws/src/samuchair': PYTHONPATH=/home/labserver/ros2_ws/build/samuchair/prefix_override:/home/labserver/ros2_ws/install/samuchair/lib/python3.10/site-packages:${PYTHONPATH} /usr/bin/python3 setup.py egg_info --egg-base ../../build/samuchair build --build-base /home/labserver/ros2_ws/build/samuchair/build install --record /home/labserver/ros2_ws/build/samuchair/install.log --single-version-externally-managed
[2.696s] running egg_info
[2.738s] writing ../../build/samuchair/samuchair.egg-info/PKG-INFO
[2.738s] writing dependency_links to ../../build/samuchair/samuchair.egg-info/dependency_links.txt
[2.738s] writing entry points to ../../build/samuchair/samuchair.egg-info/entry_points.txt
[2.738s] writing requirements to ../../build/samuchair/samuchair.egg-info/requires.txt
[2.741s] writing top-level names to ../../build/samuchair/samuchair.egg-info/top_level.txt
[3.055s] reading manifest file '../../build/samuchair/samuchair.egg-info/SOURCES.txt'
[3.055s] writing manifest file '../../build/samuchair/samuchair.egg-info/SOURCES.txt'
[3.055s] running build
[3.055s] running build_py
[3.055s] copying samuchair/arduinoNode.py -> /home/labserver/ros2_ws/build/samuchair/build/lib/samuchair
[3.055s] copying samuchair/webcamNode.py -> /home/labserver/ros2_ws/build/samuchair/build/lib/samuchair
[3.055s] copying samuchair/secondarytaskNode.py -> /home/labserver/ros2_ws/build/samuchair/build/lib/samuchair
[3.055s] copying samuchair/ComJoystickManual.py -> /home/labserver/ros2_ws/build/samuchair/build/lib/samuchair
[3.056s] copying samuchair/Webcam.py -> /home/labserver/ros2_ws/build/samuchair/build/lib/samuchair
[3.056s] copying samuchair/esp32Node.py -> /home/labserver/ros2_ws/build/samuchair/build/lib/samuchair
[3.060s] copying samuchair/esp32Node_old.py -> /home/labserver/ros2_ws/build/samuchair/build/lib/samuchair
[3.060s] copying samuchair/testArduinoNode.py -> /home/labserver/ros2_ws/build/samuchair/build/lib/samuchair
[3.060s] copying samuchair/__init__.py -> /home/labserver/ros2_ws/build/samuchair/build/lib/samuchair
[3.060s] copying samuchair/SecondaryTask.py -> /home/labserver/ros2_ws/build/samuchair/build/lib/samuchair
[3.060s] copying samuchair/ComESP32.py -> /home/labserver/ros2_ws/build/samuchair/build/lib/samuchair
[3.061s] running install
[3.062s] /home/labserver/.local/lib/python3.10/site-packages/setuptools/_distutils/cmd.py:66: SetuptoolsDeprecationWarning: setup.py install is deprecated.
[3.062s] !!
[3.062s] 
[3.062s]         ********************************************************************************
[3.062s]         Please avoid running ``setup.py`` directly.
[3.062s]         Instead, use pypa/build, pypa/installer or other
[3.062s]         standards-based tools.
[3.062s] 
[3.062s]         See https://blog.ganssle.io/articles/2021/10/setup-py-deprecated.html for details.
[3.062s]         ********************************************************************************
[3.063s] 
[3.063s] !!
[3.063s]   self.initialize_options()
[3.075s] running install_lib
[3.118s] copying /home/labserver/ros2_ws/build/samuchair/build/lib/samuchair/testArduinoNode.py -> /home/labserver/ros2_ws/install/samuchair/lib/python3.10/site-packages/samuchair
[3.118s] byte-compiling /home/labserver/ros2_ws/install/samuchair/lib/python3.10/site-packages/samuchair/testArduinoNode.py to testArduinoNode.cpython-310.pyc
[3.119s] running install_data
[3.152s] copying resource/samuchair -> /home/labserver/ros2_ws/install/samuchair/share/ament_index/resource_index/packages
[3.161s] copying package.xml -> /home/labserver/ros2_ws/install/samuchair/share/samuchair
[3.161s] running install_egg_info
[3.206s] removing '/home/labserver/ros2_ws/install/samuchair/lib/python3.10/site-packages/samuchair-0.0.0-py3.10.egg-info' (and everything under it)
[3.206s] Copying ../../build/samuchair/samuchair.egg-info to /home/labserver/ros2_ws/install/samuchair/lib/python3.10/site-packages/samuchair-0.0.0-py3.10.egg-info
[3.212s] running install_scripts
[3.304s] Installing arduinoNode script to /home/labserver/ros2_ws/install/samuchair/lib/samuchair
[3.304s] Installing esp32Node script to /home/labserver/ros2_ws/install/samuchair/lib/samuchair
[3.304s] Installing secondarytaskNode script to /home/labserver/ros2_ws/install/samuchair/lib/samuchair
[3.304s] Installing webcamNode script to /home/labserver/ros2_ws/install/samuchair/lib/samuchair
[3.304s] writing list of installed files to '/home/labserver/ros2_ws/build/samuchair/install.log'
[3.451s] Invoked command in '/home/labserver/ros2_ws/src/samuchair' returned '0': PYTHONPATH=/home/labserver/ros2_ws/build/samuchair/prefix_override:/home/labserver/ros2_ws/install/samuchair/lib/python3.10/site-packages:${PYTHONPATH} /usr/bin/python3 setup.py egg_info --egg-base ../../build/samuchair build --build-base /home/labserver/ros2_ws/build/samuchair/build install --record /home/labserver/ros2_ws/build/samuchair/install.log --single-version-externally-managed
