[1.896s] Invoking command in '/home/labserver/ros2_ws/src/prueba': PYTHONPATH=/home/labserver/ros2_ws/build/prueba/prefix_override:/home/labserver/ros2_ws/install/prueba/lib/python3.10/site-packages:${PYTHONPATH} /usr/bin/python3 setup.py egg_info --egg-base ../../build/prueba build --build-base /home/labserver/ros2_ws/build/prueba/build install --record /home/labserver/ros2_ws/build/prueba/install.log --single-version-externally-managed
[2.269s] running egg_info
[2.291s] writing ../../build/prueba/prueba.egg-info/PKG-INFO
[2.293s] writing dependency_links to ../../build/prueba/prueba.egg-info/dependency_links.txt
[2.293s] writing entry points to ../../build/prueba/prueba.egg-info/entry_points.txt
[2.295s] writing requirements to ../../build/prueba/prueba.egg-info/requires.txt
[2.296s] writing top-level names to ../../build/prueba/prueba.egg-info/top_level.txt
[2.531s] reading manifest file '../../build/prueba/prueba.egg-info/SOURCES.txt'
[2.534s] writing manifest file '../../build/prueba/prueba.egg-info/SOURCES.txt'
[2.534s] running build
[2.534s] running build_py
[2.534s] copying prueba/prueba.py -> /home/labserver/ros2_ws/build/prueba/build/lib/prueba
[2.535s] copying prueba/listener.py -> /home/labserver/ros2_ws/build/prueba/build/lib/prueba
[2.539s] copying prueba/__init__.py -> /home/labserver/ros2_ws/build/prueba/build/lib/prueba
[2.539s] running install
[2.541s] /home/labserver/.local/lib/python3.10/site-packages/setuptools/_distutils/cmd.py:66: SetuptoolsDeprecationWarning: setup.py install is deprecated.
[2.541s] !!
[2.542s] 
[2.542s]         ********************************************************************************
[2.542s]         Please avoid running ``setup.py`` directly.
[2.542s]         Instead, use pypa/build, pypa/installer or other
[2.542s]         standards-based tools.
[2.542s] 
[2.543s]         See https://blog.ganssle.io/articles/2021/10/setup-py-deprecated.html for details.
[2.543s]         ********************************************************************************
[2.543s] 
[2.543s] !!
[2.543s]   self.initialize_options()
[2.552s] running install_lib
[2.584s] running install_data
[2.618s] copying resource/prueba -> /home/labserver/ros2_ws/install/prueba/share/ament_index/resource_index/packages
[2.619s] copying package.xml -> /home/labserver/ros2_ws/install/prueba/share/prueba
[2.619s] running install_egg_info
[2.647s] removing '/home/labserver/ros2_ws/install/prueba/lib/python3.10/site-packages/prueba-0.0.0-py3.10.egg-info' (and everything under it)
[2.653s] Copying ../../build/prueba/prueba.egg-info to /home/labserver/ros2_ws/install/prueba/lib/python3.10/site-packages/prueba-0.0.0-py3.10.egg-info
[2.654s] running install_scripts
[2.711s] Installing listener script to /home/labserver/ros2_ws/install/prueba/lib/prueba
[2.714s] Installing talker script to /home/labserver/ros2_ws/install/prueba/lib/prueba
[2.720s] writing list of installed files to '/home/labserver/ros2_ws/build/prueba/install.log'
[2.821s] Invoked command in '/home/labserver/ros2_ws/src/prueba' returned '0': PYTHONPATH=/home/labserver/ros2_ws/build/prueba/prefix_override:/home/labserver/ros2_ws/install/prueba/lib/python3.10/site-packages:${PYTHONPATH} /usr/bin/python3 setup.py egg_info --egg-base ../../build/prueba build --build-base /home/labserver/ros2_ws/build/prueba/build install --record /home/labserver/ros2_ws/build/prueba/install.log --single-version-externally-managed
