[2.211s] Invoking command in '/home/labserver/ros2_ws/src/prueba': PYTHONPATH=/home/labserver/ros2_ws/build/prueba/prefix_override:/home/labserver/ros2_ws/install/prueba/lib/python3.10/site-packages:${PYTHONPATH} /usr/bin/python3 setup.py egg_info --egg-base ../../build/prueba build --build-base /home/labserver/ros2_ws/build/prueba/build install --record /home/labserver/ros2_ws/build/prueba/install.log --single-version-externally-managed
[2.580s] running egg_info
[2.601s] writing ../../build/prueba/prueba.egg-info/PKG-INFO
[2.603s] writing dependency_links to ../../build/prueba/prueba.egg-info/dependency_links.txt
[2.604s] writing entry points to ../../build/prueba/prueba.egg-info/entry_points.txt
[2.605s] writing requirements to ../../build/prueba/prueba.egg-info/requires.txt
[2.606s] writing top-level names to ../../build/prueba/prueba.egg-info/top_level.txt
[2.819s] reading manifest file '../../build/prueba/prueba.egg-info/SOURCES.txt'
[2.823s] writing manifest file '../../build/prueba/prueba.egg-info/SOURCES.txt'
[2.825s] running build
[2.825s] running build_py
[2.825s] copying prueba/prueba.py -> /home/labserver/ros2_ws/build/prueba/build/lib/prueba
[2.826s] copying prueba/listener.py -> /home/labserver/ros2_ws/build/prueba/build/lib/prueba
[2.829s] copying prueba/__init__.py -> /home/labserver/ros2_ws/build/prueba/build/lib/prueba
[2.831s] running install
[2.834s] /home/labserver/.local/lib/python3.10/site-packages/setuptools/_distutils/cmd.py:66: SetuptoolsDeprecationWarning: setup.py install is deprecated.
[2.835s] !!
[2.835s] 
[2.835s]         ********************************************************************************
[2.835s]         Please avoid running ``setup.py`` directly.
[2.835s]         Instead, use pypa/build, pypa/installer or other
[2.835s]         standards-based tools.
[2.835s] 
[2.835s]         See https://blog.ganssle.io/articles/2021/10/setup-py-deprecated.html for details.
[2.835s]         ********************************************************************************
[2.835s] 
[2.835s] !!
[2.835s]   self.initialize_options()
[2.841s] running install_lib
[2.863s] running install_data
[2.882s] copying resource/prueba -> /home/labserver/ros2_ws/install/prueba/share/ament_index/resource_index/packages
[2.883s] copying package.xml -> /home/labserver/ros2_ws/install/prueba/share/prueba
[2.884s] running install_egg_info
[2.908s] removing '/home/labserver/ros2_ws/install/prueba/lib/python3.10/site-packages/prueba-0.0.0-py3.10.egg-info' (and everything under it)
[2.915s] Copying ../../build/prueba/prueba.egg-info to /home/labserver/ros2_ws/install/prueba/lib/python3.10/site-packages/prueba-0.0.0-py3.10.egg-info
[2.915s] running install_scripts
[3.029s] Installing listener script to /home/labserver/ros2_ws/install/prueba/lib/prueba
[3.032s] Installing talker script to /home/labserver/ros2_ws/install/prueba/lib/prueba
[3.034s] writing list of installed files to '/home/labserver/ros2_ws/build/prueba/install.log'
[3.168s] Invoked command in '/home/labserver/ros2_ws/src/prueba' returned '0': PYTHONPATH=/home/labserver/ros2_ws/build/prueba/prefix_override:/home/labserver/ros2_ws/install/prueba/lib/python3.10/site-packages:${PYTHONPATH} /usr/bin/python3 setup.py egg_info --egg-base ../../build/prueba build --build-base /home/labserver/ros2_ws/build/prueba/build install --record /home/labserver/ros2_ws/build/prueba/install.log --single-version-externally-managed
