[3.625s] Invoking command in '/home/labserver/ros2_ws/src/samuchair': PYTHONPATH=/home/labserver/ros2_ws/build/samuchair/prefix_override:/home/labserver/ros2_ws/install/samuchair/lib/python3.10/site-packages:${PYTHONPATH} /usr/bin/python3 setup.py egg_info --egg-base ../../build/samuchair build --build-base /home/labserver/ros2_ws/build/samuchair/build install --record /home/labserver/ros2_ws/build/samuchair/install.log --single-version-externally-managed
[12.349s] running egg_info
[12.387s] writing ../../build/samuchair/samuchair.egg-info/PKG-INFO
[12.392s] writing dependency_links to ../../build/samuchair/samuchair.egg-info/dependency_links.txt
[12.398s] writing entry points to ../../build/samuchair/samuchair.egg-info/entry_points.txt
[12.399s] writing requirements to ../../build/samuchair/samuchair.egg-info/requires.txt
[12.401s] writing top-level names to ../../build/samuchair/samuchair.egg-info/top_level.txt
[12.770s] reading manifest file '../../build/samuchair/samuchair.egg-info/SOURCES.txt'
[12.771s] writing manifest file '../../build/samuchair/samuchair.egg-info/SOURCES.txt'
[12.772s] running build
[12.772s] running build_py
[12.773s] copying samuchair/arduinoNode.py -> /home/labserver/ros2_ws/build/samuchair/build/lib/samuchair
[12.774s] copying samuchair/webcamNode.py -> /home/labserver/ros2_ws/build/samuchair/build/lib/samuchair
[12.774s] copying samuchair/secondarytaskNode.py -> /home/labserver/ros2_ws/build/samuchair/build/lib/samuchair
[12.775s] copying samuchair/ComJoystickManual.py -> /home/labserver/ros2_ws/build/samuchair/build/lib/samuchair
[12.776s] copying samuchair/Webcam.py -> /home/labserver/ros2_ws/build/samuchair/build/lib/samuchair
[12.776s] copying samuchair/esp32Node.py -> /home/labserver/ros2_ws/build/samuchair/build/lib/samuchair
[12.777s] copying samuchair/esp32Node_old.py -> /home/labserver/ros2_ws/build/samuchair/build/lib/samuchair
[12.778s] copying samuchair/testArduinoNode.py -> /home/labserver/ros2_ws/build/samuchair/build/lib/samuchair
[12.778s] copying samuchair/__init__.py -> /home/labserver/ros2_ws/build/samuchair/build/lib/samuchair
[12.778s] copying samuchair/SecondaryTask.py -> /home/labserver/ros2_ws/build/samuchair/build/lib/samuchair
[12.780s] copying samuchair/ComESP32.py -> /home/labserver/ros2_ws/build/samuchair/build/lib/samuchair
[12.780s] running install
[12.781s] /home/labserver/.local/lib/python3.10/site-packages/setuptools/_distutils/cmd.py:66: SetuptoolsDeprecationWarning: setup.py install is deprecated.
[12.781s] !!
[12.781s] 
[12.781s]         ********************************************************************************
[12.781s]         Please avoid running ``setup.py`` directly.
[12.783s]         Instead, use pypa/build, pypa/installer or other
[12.783s]         standards-based tools.
[12.783s] 
[12.783s]         See https://blog.ganssle.io/articles/2021/10/setup-py-deprecated.html for details.
[12.784s]         ********************************************************************************
[12.784s] 
[12.784s] !!
[12.784s]   self.initialize_options()
[12.788s] running install_lib
[12.807s] running install_data
[12.827s] copying launch/samuchair.launch.py -> /home/labserver/ros2_ws/install/samuchair/share/samuchair/launch
[12.828s] copying resource/samuchair -> /home/labserver/ros2_ws/install/samuchair/share/ament_index/resource_index/packages
[12.829s] copying package.xml -> /home/labserver/ros2_ws/install/samuchair/share/samuchair
[12.829s] running install_egg_info
[12.851s] removing '/home/labserver/ros2_ws/install/samuchair/lib/python3.10/site-packages/samuchair-0.0.0-py3.10.egg-info' (and everything under it)
[12.851s] Copying ../../build/samuchair/samuchair.egg-info to /home/labserver/ros2_ws/install/samuchair/lib/python3.10/site-packages/samuchair-0.0.0-py3.10.egg-info
[12.853s] running install_scripts
[12.954s] Installing arduinoNode script to /home/labserver/ros2_ws/install/samuchair/lib/samuchair
[12.955s] Installing esp32Node script to /home/labserver/ros2_ws/install/samuchair/lib/samuchair
[12.956s] Installing secondarytaskNode script to /home/labserver/ros2_ws/install/samuchair/lib/samuchair
[12.959s] Installing testArduinoNode script to /home/labserver/ros2_ws/install/samuchair/lib/samuchair
[12.960s] Installing webcamNode script to /home/labserver/ros2_ws/install/samuchair/lib/samuchair
[12.963s] writing list of installed files to '/home/labserver/ros2_ws/build/samuchair/install.log'
[13.048s] Invoked command in '/home/labserver/ros2_ws/src/samuchair' returned '0': PYTHONPATH=/home/labserver/ros2_ws/build/samuchair/prefix_override:/home/labserver/ros2_ws/install/samuchair/lib/python3.10/site-packages:${PYTHONPATH} /usr/bin/python3 setup.py egg_info --egg-base ../../build/samuchair build --build-base /home/labserver/ros2_ws/build/samuchair/build install --record /home/labserver/ros2_ws/build/samuchair/install.log --single-version-externally-managed
