[3.433s] Invoking command in '/home/labserver/ros2_ws/src/samuchair': PYTHONPATH=/home/labserver/ros2_ws/build/samuchair/prefix_override:/home/labserver/ros2_ws/install/samuchair/lib/python3.10/site-packages:${PYTHONPATH} /usr/bin/python3 setup.py egg_info --egg-base ../../build/samuchair build --build-base /home/labserver/ros2_ws/build/samuchair/build install --record /home/labserver/ros2_ws/build/samuchair/install.log --single-version-externally-managed
[4.225s] running egg_info
[4.263s] writing ../../build/samuchair/samuchair.egg-info/PKG-INFO
[4.265s] writing dependency_links to ../../build/samuchair/samuchair.egg-info/dependency_links.txt
[4.266s] writing entry points to ../../build/samuchair/samuchair.egg-info/entry_points.txt
[4.267s] writing requirements to ../../build/samuchair/samuchair.egg-info/requires.txt
[4.268s] writing top-level names to ../../build/samuchair/samuchair.egg-info/top_level.txt
[4.805s] reading manifest file '../../build/samuchair/samuchair.egg-info/SOURCES.txt'
[4.809s] writing manifest file '../../build/samuchair/samuchair.egg-info/SOURCES.txt'
[4.809s] running build
[4.810s] running build_py
[4.811s] copying samuchair/esp32Node.py -> /home/labserver/ros2_ws/build/samuchair/build/lib/samuchair
[4.811s] copying samuchair/esp32Node_old.py -> /home/labserver/ros2_ws/build/samuchair/build/lib/samuchair
[4.813s] copying samuchair/__init__.py -> /home/labserver/ros2_ws/build/samuchair/build/lib/samuchair
[4.813s] copying samuchair/ComESP32.py -> /home/labserver/ros2_ws/build/samuchair/build/lib/samuchair
[4.814s] running install
[4.815s] /home/labserver/.local/lib/python3.10/site-packages/setuptools/_distutils/cmd.py:66: SetuptoolsDeprecationWarning: setup.py install is deprecated.
[4.815s] !!
[4.815s] 
[4.816s]         ********************************************************************************
[4.816s]         Please avoid running ``setup.py`` directly.
[4.816s]         Instead, use pypa/build, pypa/installer or other
[4.816s]         standards-based tools.
[4.817s] 
[4.817s]         See https://blog.ganssle.io/articles/2021/10/setup-py-deprecated.html for details.
[4.817s]         ********************************************************************************
[4.817s] 
[4.817s] !!
[4.817s]   self.initialize_options()
[4.830s] running install_lib
[4.875s] copying /home/labserver/ros2_ws/build/samuchair/build/lib/samuchair/esp32Node.py -> /home/labserver/ros2_ws/install/samuchair/lib/python3.10/site-packages/samuchair
[4.875s] byte-compiling /home/labserver/ros2_ws/install/samuchair/lib/python3.10/site-packages/samuchair/esp32Node.py to esp32Node.cpython-310.pyc
[4.877s] running install_data
[4.923s] copying resource/samuchair -> /home/labserver/ros2_ws/install/samuchair/share/ament_index/resource_index/packages
[4.924s] copying package.xml -> /home/labserver/ros2_ws/install/samuchair/share/samuchair
[4.924s] running install_egg_info
[4.972s] removing '/home/labserver/ros2_ws/install/samuchair/lib/python3.10/site-packages/samuchair-0.0.0-py3.10.egg-info' (and everything under it)
[4.973s] Copying ../../build/samuchair/samuchair.egg-info to /home/labserver/ros2_ws/install/samuchair/lib/python3.10/site-packages/samuchair-0.0.0-py3.10.egg-info
[4.975s] running install_scripts
[5.111s] Installing esp32Node script to /home/labserver/ros2_ws/install/samuchair/lib/samuchair
[5.112s] writing list of installed files to '/home/labserver/ros2_ws/build/samuchair/install.log'
[5.194s] Invoked command in '/home/labserver/ros2_ws/src/samuchair' returned '0': PYTHONPATH=/home/labserver/ros2_ws/build/samuchair/prefix_override:/home/labserver/ros2_ws/install/samuchair/lib/python3.10/site-packages:${PYTHONPATH} /usr/bin/python3 setup.py egg_info --egg-base ../../build/samuchair build --build-base /home/labserver/ros2_ws/build/samuchair/build install --record /home/labserver/ros2_ws/build/samuchair/install.log --single-version-externally-managed
