[2.891s] Invoking command in '/home/labserver/ros2_ws/src/samuchair': PYTHONPATH=/home/labserver/ros2_ws/build/samuchair/prefix_override:/home/labserver/ros2_ws/install/samuchair/lib/python3.10/site-packages:${PYTHONPATH} /usr/bin/python3 setup.py egg_info --egg-base ../../build/samuchair build --build-base /home/labserver/ros2_ws/build/samuchair/build install --record /home/labserver/ros2_ws/build/samuchair/install.log --single-version-externally-managed
[3.525s] running egg_info
[3.582s] writing ../../build/samuchair/samuchair.egg-info/PKG-INFO
[3.587s] writing dependency_links to ../../build/samuchair/samuchair.egg-info/dependency_links.txt
[3.588s] writing entry points to ../../build/samuchair/samuchair.egg-info/entry_points.txt
[3.588s] writing requirements to ../../build/samuchair/samuchair.egg-info/requires.txt
[3.588s] writing top-level names to ../../build/samuchair/samuchair.egg-info/top_level.txt
[4.101s] reading manifest file '../../build/samuchair/samuchair.egg-info/SOURCES.txt'
[4.101s] writing manifest file '../../build/samuchair/samuchair.egg-info/SOURCES.txt'
[4.110s] running build
[4.111s] running build_py
[4.111s] copying samuchair/arduinoNode.py -> /home/labserver/ros2_ws/build/samuchair/build/lib/samuchair
[4.111s] copying samuchair/webcamNode.py -> /home/labserver/ros2_ws/build/samuchair/build/lib/samuchair
[4.111s] copying samuchair/secondarytaskNode.py -> /home/labserver/ros2_ws/build/samuchair/build/lib/samuchair
[4.111s] copying samuchair/ComJoystickManual.py -> /home/labserver/ros2_ws/build/samuchair/build/lib/samuchair
[4.111s] copying samuchair/Webcam.py -> /home/labserver/ros2_ws/build/samuchair/build/lib/samuchair
[4.111s] copying samuchair/esp32Node.py -> /home/labserver/ros2_ws/build/samuchair/build/lib/samuchair
[4.111s] copying samuchair/esp32Node_old.py -> /home/labserver/ros2_ws/build/samuchair/build/lib/samuchair
[4.111s] copying samuchair/testArduinoNode.py -> /home/labserver/ros2_ws/build/samuchair/build/lib/samuchair
[4.111s] copying samuchair/__init__.py -> /home/labserver/ros2_ws/build/samuchair/build/lib/samuchair
[4.111s] copying samuchair/SecondaryTask.py -> /home/labserver/ros2_ws/build/samuchair/build/lib/samuchair
[4.111s] copying samuchair/ComESP32.py -> /home/labserver/ros2_ws/build/samuchair/build/lib/samuchair
[4.111s] /home/labserver/.local/lib/python3.10/site-packages/setuptools/_distutils/cmd.py:66: SetuptoolsDeprecationWarning: setup.py install is deprecated.
[4.111s] !!
[4.111s] 
[4.114s]         ********************************************************************************
[4.114s]         Please avoid running ``setup.py`` directly.
[4.114s]         Instead, use pypa/build, pypa/installer or other
[4.114s]         standards-based tools.
[4.114s] 
[4.114s] running install
[4.114s]         See https://blog.ganssle.io/articles/2021/10/setup-py-deprecated.html for details.
[4.114s]         ********************************************************************************
[4.114s] 
[4.114s] !!
[4.114s]   self.initialize_options()
[4.127s] running install_lib
[4.153s] copying /home/labserver/ros2_ws/build/samuchair/build/lib/samuchair/arduinoNode.py -> /home/labserver/ros2_ws/install/samuchair/lib/python3.10/site-packages/samuchair
[4.154s] byte-compiling /home/labserver/ros2_ws/install/samuchair/lib/python3.10/site-packages/samuchair/arduinoNode.py to arduinoNode.cpython-310.pyc
[4.157s] running install_data
[4.202s] copying resource/samuchair -> /home/labserver/ros2_ws/install/samuchair/share/ament_index/resource_index/packages
[4.206s] copying package.xml -> /home/labserver/ros2_ws/install/samuchair/share/samuchair
[4.206s] running install_egg_info
[4.244s] removing '/home/labserver/ros2_ws/install/samuchair/lib/python3.10/site-packages/samuchair-0.0.0-py3.10.egg-info' (and everything under it)
[4.248s] Copying ../../build/samuchair/samuchair.egg-info to /home/labserver/ros2_ws/install/samuchair/lib/python3.10/site-packages/samuchair-0.0.0-py3.10.egg-info
[4.253s] running install_scripts
[4.377s] Installing arduinoNode script to /home/labserver/ros2_ws/install/samuchair/lib/samuchair
[4.377s] Installing esp32Node script to /home/labserver/ros2_ws/install/samuchair/lib/samuchair
[4.383s] Installing secondarytaskNode script to /home/labserver/ros2_ws/install/samuchair/lib/samuchair
[4.383s] Installing testArduinoNode script to /home/labserver/ros2_ws/install/samuchair/lib/samuchair
[4.383s] Installing webcamNode script to /home/labserver/ros2_ws/install/samuchair/lib/samuchair
[4.385s] writing list of installed files to '/home/labserver/ros2_ws/build/samuchair/install.log'
[4.466s] Invoked command in '/home/labserver/ros2_ws/src/samuchair' returned '0': PYTHONPATH=/home/labserver/ros2_ws/build/samuchair/prefix_override:/home/labserver/ros2_ws/install/samuchair/lib/python3.10/site-packages:${PYTHONPATH} /usr/bin/python3 setup.py egg_info --egg-base ../../build/samuchair build --build-base /home/labserver/ros2_ws/build/samuchair/build install --record /home/labserver/ros2_ws/build/samuchair/install.log --single-version-externally-managed
