[1.705s] Invoking command in '/home/labserver/ros2_ws/src/samuchair': PYTHONPATH=/home/labserver/ros2_ws/build/samuchair/prefix_override:/home/labserver/ros2_ws/install/samuchair/lib/python3.10/site-packages:${PYTHONPATH} /usr/bin/python3 setup.py egg_info --egg-base ../../build/samuchair build --build-base /home/labserver/ros2_ws/build/samuchair/build install --record /home/labserver/ros2_ws/build/samuchair/install.log --single-version-externally-managed
[1.976s] running egg_info
[2.004s] writing ../../build/samuchair/samuchair.egg-info/PKG-INFO
[2.007s] writing dependency_links to ../../build/samuchair/samuchair.egg-info/dependency_links.txt
[2.007s] writing entry points to ../../build/samuchair/samuchair.egg-info/entry_points.txt
[2.007s] writing requirements to ../../build/samuchair/samuchair.egg-info/requires.txt
[2.008s] writing top-level names to ../../build/samuchair/samuchair.egg-info/top_level.txt
[2.350s] reading manifest file '../../build/samuchair/samuchair.egg-info/SOURCES.txt'
[2.361s] writing manifest file '../../build/samuchair/samuchair.egg-info/SOURCES.txt'
[2.361s] running build
[2.361s] running build_py
[2.361s] copying samuchair/arduinoNode.py -> /home/labserver/ros2_ws/build/samuchair/build/lib/samuchair
[2.367s] copying samuchair/joystickBluetoothNode.py -> /home/labserver/ros2_ws/build/samuchair/build/lib/samuchair
[2.369s] copying samuchair/movilNode.py -> /home/labserver/ros2_ws/build/samuchair/build/lib/samuchair
[2.382s] copying samuchair/webcamNode.py -> /home/labserver/ros2_ws/build/samuchair/build/lib/samuchair
[2.382s] copying samuchair/tactilesNode.py -> /home/labserver/ros2_ws/build/samuchair/build/lib/samuchair
[2.385s] copying samuchair/secondarytaskNode.py -> /home/labserver/ros2_ws/build/samuchair/build/lib/samuchair
[2.388s] copying samuchair/ComJoystickManual.py -> /home/labserver/ros2_ws/build/samuchair/build/lib/samuchair
[2.391s] copying samuchair/Webcam.py -> /home/labserver/ros2_ws/build/samuchair/build/lib/samuchair
[2.391s] copying samuchair/esp32Node.py -> /home/labserver/ros2_ws/build/samuchair/build/lib/samuchair
[2.391s] copying samuchair/jBNode.py -> /home/labserver/ros2_ws/build/samuchair/build/lib/samuchair
[2.395s] copying samuchair/esp32Node_old.py -> /home/labserver/ros2_ws/build/samuchair/build/lib/samuchair
[2.395s] copying samuchair/main.py -> /home/labserver/ros2_ws/build/samuchair/build/lib/samuchair
[2.404s] copying samuchair/testArduinoNode.py -> /home/labserver/ros2_ws/build/samuchair/build/lib/samuchair
[2.405s] copying samuchair/__init__.py -> /home/labserver/ros2_ws/build/samuchair/build/lib/samuchair
[2.405s] copying samuchair/SecondaryTask.py -> /home/labserver/ros2_ws/build/samuchair/build/lib/samuchair
[2.405s] copying samuchair/ComESP32.py -> /home/labserver/ros2_ws/build/samuchair/build/lib/samuchair
[2.405s] copying samuchair/mapJoyFingerChair.py -> /home/labserver/ros2_ws/build/samuchair/build/lib/samuchair
[2.413s] running install
[2.413s] /home/labserver/.local/lib/python3.10/site-packages/setuptools/_distutils/cmd.py:66: SetuptoolsDeprecationWarning: setup.py install is deprecated.
[2.413s] !!
[2.413s] 
[2.413s]         ********************************************************************************
[2.413s]         Please avoid running ``setup.py`` directly.
[2.413s]         Instead, use pypa/build, pypa/installer or other
[2.414s]         standards-based tools.
[2.414s] 
[2.414s]         See https://blog.ganssle.io/articles/2021/10/setup-py-deprecated.html for details.
[2.414s]         ********************************************************************************
[2.414s] 
[2.414s] !!
[2.414s]   self.initialize_options()
[2.428s] running install_lib
[2.514s] byte-compiling /home/labserver/ros2_ws/install/samuchair/lib/python3.10/site-packages/samuchair/webcamNode.py to webcamNode.cpython-310.pyc
[2.514s]   File "/home/labserver/ros2_ws/install/samuchair/lib/python3.10/site-packages/samuchair/webcamNode.py", line 66
[2.515s]     if response.status=True:
[2.515s]        ^^^^^^^^^^^^^^^
[2.515s] SyntaxError: cannot assign to attribute here. Maybe you meant '==' instead of '='?
[2.515s] 
[2.522s] running install_data
[2.570s] copying launch/record_samuchair.launch.py -> /home/labserver/ros2_ws/install/samuchair/share/samuchair/launch
[2.573s] copying launch/samuchair.launch.py -> /home/labserver/ros2_ws/install/samuchair/share/samuchair/launch
[2.573s] copying resource/samuchair -> /home/labserver/ros2_ws/install/samuchair/share/ament_index/resource_index/packages
[2.573s] copying package.xml -> /home/labserver/ros2_ws/install/samuchair/share/samuchair
[2.573s] running install_egg_info
[2.621s] removing '/home/labserver/ros2_ws/install/samuchair/lib/python3.10/site-packages/samuchair-0.0.0-py3.10.egg-info' (and everything under it)
[2.628s] Copying ../../build/samuchair/samuchair.egg-info to /home/labserver/ros2_ws/install/samuchair/lib/python3.10/site-packages/samuchair-0.0.0-py3.10.egg-info
[2.628s] running install_scripts
[2.793s] Installing arduinoNode script to /home/labserver/ros2_ws/install/samuchair/lib/samuchair
[2.793s] Installing esp32Node script to /home/labserver/ros2_ws/install/samuchair/lib/samuchair
[2.793s] Installing jBNode script to /home/labserver/ros2_ws/install/samuchair/lib/samuchair
[2.794s] Installing movilNode script to /home/labserver/ros2_ws/install/samuchair/lib/samuchair
[2.795s] Installing secondarytaskNode script to /home/labserver/ros2_ws/install/samuchair/lib/samuchair
[2.795s] Installing tactilesNode script to /home/labserver/ros2_ws/install/samuchair/lib/samuchair
[2.795s] Installing testArduinoNode script to /home/labserver/ros2_ws/install/samuchair/lib/samuchair
[2.795s] Installing webcamNode script to /home/labserver/ros2_ws/install/samuchair/lib/samuchair
[2.795s] writing list of installed files to '/home/labserver/ros2_ws/build/samuchair/install.log'
[2.866s] Invoked command in '/home/labserver/ros2_ws/src/samuchair' returned '0': PYTHONPATH=/home/labserver/ros2_ws/build/samuchair/prefix_override:/home/labserver/ros2_ws/install/samuchair/lib/python3.10/site-packages:${PYTHONPATH} /usr/bin/python3 setup.py egg_info --egg-base ../../build/samuchair build --build-base /home/labserver/ros2_ws/build/samuchair/build install --record /home/labserver/ros2_ws/build/samuchair/install.log --single-version-externally-managed
