[3.097s] Invoking command in '/home/labserver/ros2_ws/src/samuchair': PYTHONPATH=/home/labserver/ros2_ws/build/samuchair/prefix_override:/home/labserver/ros2_ws/install/samuchair/lib/python3.10/site-packages:${PYTHONPATH} /usr/bin/python3 setup.py egg_info --egg-base ../../build/samuchair build --build-base /home/labserver/ros2_ws/build/samuchair/build install --record /home/labserver/ros2_ws/build/samuchair/install.log --single-version-externally-managed
[3.697s] running egg_info
[3.738s] writing ../../build/samuchair/samuchair.egg-info/PKG-INFO
[3.743s] writing dependency_links to ../../build/samuchair/samuchair.egg-info/dependency_links.txt
[3.744s] writing entry points to ../../build/samuchair/samuchair.egg-info/entry_points.txt
[3.749s] writing requirements to ../../build/samuchair/samuchair.egg-info/requires.txt
[3.749s] writing top-level names to ../../build/samuchair/samuchair.egg-info/top_level.txt
[4.403s] reading manifest file '../../build/samuchair/samuchair.egg-info/SOURCES.txt'
[4.409s] writing manifest file '../../build/samuchair/samuchair.egg-info/SOURCES.txt'
[4.410s] running build
[4.410s] running build_py
[4.410s] copying samuchair/arduinoNode.py -> /home/labserver/ros2_ws/build/samuchair/build/lib/samuchair
[4.410s] copying samuchair/webcamNode.py -> /home/labserver/ros2_ws/build/samuchair/build/lib/samuchair
[4.411s] copying samuchair/secondarytaskNode.py -> /home/labserver/ros2_ws/build/samuchair/build/lib/samuchair
[4.433s] copying samuchair/ComJoystickManual.py -> /home/labserver/ros2_ws/build/samuchair/build/lib/samuchair
[4.439s] copying samuchair/Webcam.py -> /home/labserver/ros2_ws/build/samuchair/build/lib/samuchair
[4.439s] copying samuchair/esp32Node.py -> /home/labserver/ros2_ws/build/samuchair/build/lib/samuchair
[4.439s] copying samuchair/esp32Node_old.py -> /home/labserver/ros2_ws/build/samuchair/build/lib/samuchair
[4.439s] copying samuchair/testArduinoNode.py -> /home/labserver/ros2_ws/build/samuchair/build/lib/samuchair
[4.439s] copying samuchair/__init__.py -> /home/labserver/ros2_ws/build/samuchair/build/lib/samuchair
[4.440s] copying samuchair/SecondaryTask.py -> /home/labserver/ros2_ws/build/samuchair/build/lib/samuchair
[4.440s] copying samuchair/ComESP32.py -> /home/labserver/ros2_ws/build/samuchair/build/lib/samuchair
[4.440s] running install
[4.440s] /home/labserver/.local/lib/python3.10/site-packages/setuptools/_distutils/cmd.py:66: SetuptoolsDeprecationWarning: setup.py install is deprecated.
[4.440s] !!
[4.440s] 
[4.440s]         ********************************************************************************
[4.440s]         Please avoid running ``setup.py`` directly.
[4.440s]         Instead, use pypa/build, pypa/installer or other
[4.441s]         standards-based tools.
[4.441s] 
[4.441s]         See https://blog.ganssle.io/articles/2021/10/setup-py-deprecated.html for details.
[4.441s]         ********************************************************************************
[4.441s] 
[4.441s] !!
[4.441s]   self.initialize_options()
[4.468s] running install_lib
[4.548s] copying /home/labserver/ros2_ws/build/samuchair/build/lib/samuchair/testArduinoNode.py -> /home/labserver/ros2_ws/install/samuchair/lib/python3.10/site-packages/samuchair
[4.548s] byte-compiling /home/labserver/ros2_ws/install/samuchair/lib/python3.10/site-packages/samuchair/testArduinoNode.py to testArduinoNode.cpython-310.pyc
[4.549s] running install_data
[4.593s] copying resource/samuchair -> /home/labserver/ros2_ws/install/samuchair/share/ament_index/resource_index/packages
[4.594s] copying package.xml -> /home/labserver/ros2_ws/install/samuchair/share/samuchair
[4.603s] running install_egg_info
[4.631s] removing '/home/labserver/ros2_ws/install/samuchair/lib/python3.10/site-packages/samuchair-0.0.0-py3.10.egg-info' (and everything under it)
[4.639s] Copying ../../build/samuchair/samuchair.egg-info to /home/labserver/ros2_ws/install/samuchair/lib/python3.10/site-packages/samuchair-0.0.0-py3.10.egg-info
[4.639s] running install_scripts
[4.743s] Installing arduinoNode script to /home/labserver/ros2_ws/install/samuchair/lib/samuchair
[4.746s] Installing esp32Node script to /home/labserver/ros2_ws/install/samuchair/lib/samuchair
[4.748s] Installing secondarytaskNode script to /home/labserver/ros2_ws/install/samuchair/lib/samuchair
[4.750s] Installing testArduinoNode script to /home/labserver/ros2_ws/install/samuchair/lib/samuchair
[4.752s] Installing webcamNode script to /home/labserver/ros2_ws/install/samuchair/lib/samuchair
[4.755s] writing list of installed files to '/home/labserver/ros2_ws/build/samuchair/install.log'
[4.851s] Invoked command in '/home/labserver/ros2_ws/src/samuchair' returned '0': PYTHONPATH=/home/labserver/ros2_ws/build/samuchair/prefix_override:/home/labserver/ros2_ws/install/samuchair/lib/python3.10/site-packages:${PYTHONPATH} /usr/bin/python3 setup.py egg_info --egg-base ../../build/samuchair build --build-base /home/labserver/ros2_ws/build/samuchair/build install --record /home/labserver/ros2_ws/build/samuchair/install.log --single-version-externally-managed
