/home/labserver/ros2_ws/install/samuchair/lib/python3.10/site-packages/samuchair/arduinoNode.py
/home/labserver/ros2_ws/install/samuchair/lib/python3.10/site-packages/samuchair/movilNode.py
/home/labserver/ros2_ws/install/samuchair/lib/python3.10/site-packages/samuchair/webcamNode.py
/home/labserver/ros2_ws/install/samuchair/lib/python3.10/site-packages/samuchair/tactilesNode.py
/home/labserver/ros2_ws/install/samuchair/lib/python3.10/site-packages/samuchair/secondarytaskNode.py
/home/labserver/ros2_ws/install/samuchair/lib/python3.10/site-packages/samuchair/ComJoystickManual.py
/home/labserver/ros2_ws/install/samuchair/lib/python3.10/site-packages/samuchair/Webcam.py
/home/labserver/ros2_ws/install/samuchair/lib/python3.10/site-packages/samuchair/esp32Node.py
/home/labserver/ros2_ws/install/samuchair/lib/python3.10/site-packages/samuchair/esp32Node_old.py
/home/labserver/ros2_ws/install/samuchair/lib/python3.10/site-packages/samuchair/testArduinoNode.py
/home/labserver/ros2_ws/install/samuchair/lib/python3.10/site-packages/samuchair/__init__.py
/home/labserver/ros2_ws/install/samuchair/lib/python3.10/site-packages/samuchair/SecondaryTask.py
/home/labserver/ros2_ws/install/samuchair/lib/python3.10/site-packages/samuchair/ComESP32.py
/home/labserver/ros2_ws/install/samuchair/lib/python3.10/site-packages/samuchair/__pycache__/arduinoNode.cpython-310.pyc
/home/labserver/ros2_ws/install/samuchair/lib/python3.10/site-packages/samuchair/__pycache__/movilNode.cpython-310.pyc
/home/labserver/ros2_ws/install/samuchair/lib/python3.10/site-packages/samuchair/__pycache__/webcamNode.cpython-310.pyc
/home/labserver/ros2_ws/install/samuchair/lib/python3.10/site-packages/samuchair/__pycache__/tactilesNode.cpython-310.pyc
/home/labserver/ros2_ws/install/samuchair/lib/python3.10/site-packages/samuchair/__pycache__/secondarytaskNode.cpython-310.pyc
/home/labserver/ros2_ws/install/samuchair/lib/python3.10/site-packages/samuchair/__pycache__/ComJoystickManual.cpython-310.pyc
/home/labserver/ros2_ws/install/samuchair/lib/python3.10/site-packages/samuchair/__pycache__/Webcam.cpython-310.pyc
/home/labserver/ros2_ws/install/samuchair/lib/python3.10/site-packages/samuchair/__pycache__/esp32Node.cpython-310.pyc
/home/labserver/ros2_ws/install/samuchair/lib/python3.10/site-packages/samuchair/__pycache__/esp32Node_old.cpython-310.pyc
/home/labserver/ros2_ws/install/samuchair/lib/python3.10/site-packages/samuchair/__pycache__/testArduinoNode.cpython-310.pyc
/home/labserver/ros2_ws/install/samuchair/lib/python3.10/site-packages/samuchair/__pycache__/__init__.cpython-310.pyc
/home/labserver/ros2_ws/install/samuchair/lib/python3.10/site-packages/samuchair/__pycache__/SecondaryTask.cpython-310.pyc
/home/labserver/ros2_ws/install/samuchair/lib/python3.10/site-packages/samuchair/__pycache__/ComESP32.cpython-310.pyc
/home/labserver/ros2_ws/install/samuchair/share/samuchair/launch/record_samuchair.launch.py
/home/labserver/ros2_ws/install/samuchair/share/samuchair/launch/samuchair.launch.py
/home/labserver/ros2_ws/install/samuchair/share/ament_index/resource_index/packages/samuchair
/home/labserver/ros2_ws/install/samuchair/share/samuchair/package.xml
/home/labserver/ros2_ws/install/samuchair/lib/python3.10/site-packages/samuchair-0.0.0-py3.10.egg-info/entry_points.txt
/home/labserver/ros2_ws/install/samuchair/lib/python3.10/site-packages/samuchair-0.0.0-py3.10.egg-info/top_level.txt
/home/labserver/ros2_ws/install/samuchair/lib/python3.10/site-packages/samuchair-0.0.0-py3.10.egg-info/SOURCES.txt
/home/labserver/ros2_ws/install/samuchair/lib/python3.10/site-packages/samuchair-0.0.0-py3.10.egg-info/zip-safe
/home/labserver/ros2_ws/install/samuchair/lib/python3.10/site-packages/samuchair-0.0.0-py3.10.egg-info/requires.txt
/home/labserver/ros2_ws/install/samuchair/lib/python3.10/site-packages/samuchair-0.0.0-py3.10.egg-info/dependency_links.txt
/home/labserver/ros2_ws/install/samuchair/lib/python3.10/site-packages/samuchair-0.0.0-py3.10.egg-info/PKG-INFO
/home/labserver/ros2_ws/install/samuchair/lib/samuchair/arduinoNode
/home/labserver/ros2_ws/install/samuchair/lib/samuchair/esp32Node
/home/labserver/ros2_ws/install/samuchair/lib/samuchair/movilNode
/home/labserver/ros2_ws/install/samuchair/lib/samuchair/secondarytaskNode
/home/labserver/ros2_ws/install/samuchair/lib/samuchair/tactilesNode
/home/labserver/ros2_ws/install/samuchair/lib/samuchair/testArduinoNode
/home/labserver/ros2_ws/install/samuchair/lib/samuchair/webcamNode
