[3.686s] Invoking command in '/home/labserver/ros2_ws/src/samuchair': PYTHONPATH=/home/labserver/ros2_ws/build/samuchair/prefix_override:/home/labserver/ros2_ws/install/samuchair/lib/python3.10/site-packages:${PYTHONPATH} /usr/bin/python3 setup.py egg_info --egg-base ../../build/samuchair build --build-base /home/labserver/ros2_ws/build/samuchair/build install --record /home/labserver/ros2_ws/build/samuchair/install.log --single-version-externally-managed
[4.809s] running egg_info
[4.875s] writing ../../build/samuchair/samuchair.egg-info/PKG-INFO
[4.878s] writing dependency_links to ../../build/samuchair/samuchair.egg-info/dependency_links.txt
[4.887s] writing entry points to ../../build/samuchair/samuchair.egg-info/entry_points.txt
[4.887s] writing requirements to ../../build/samuchair/samuchair.egg-info/requires.txt
[4.887s] writing top-level names to ../../build/samuchair/samuchair.egg-info/top_level.txt
[5.366s] reading manifest file '../../build/samuchair/samuchair.egg-info/SOURCES.txt'
[5.373s] writing manifest file '../../build/samuchair/samuchair.egg-info/SOURCES.txt'
[5.374s] running build
[5.375s] running build_py
[5.382s] copying samuchair/arduinoNode.py -> /home/labserver/ros2_ws/build/samuchair/build/lib/samuchair
[5.386s] copying samuchair/movilNode.py -> /home/labserver/ros2_ws/build/samuchair/build/lib/samuchair
[5.387s] copying samuchair/webcamNode.py -> /home/labserver/ros2_ws/build/samuchair/build/lib/samuchair
[5.395s] copying samuchair/secondarytaskNode.py -> /home/labserver/ros2_ws/build/samuchair/build/lib/samuchair
[5.395s] copying samuchair/ComJoystickManual.py -> /home/labserver/ros2_ws/build/samuchair/build/lib/samuchair
[5.396s] copying samuchair/Webcam.py -> /home/labserver/ros2_ws/build/samuchair/build/lib/samuchair
[5.396s] copying samuchair/esp32Node.py -> /home/labserver/ros2_ws/build/samuchair/build/lib/samuchair
[5.396s] copying samuchair/esp32Node_old.py -> /home/labserver/ros2_ws/build/samuchair/build/lib/samuchair
[5.396s] copying samuchair/testArduinoNode.py -> /home/labserver/ros2_ws/build/samuchair/build/lib/samuchair
[5.400s] copying samuchair/__init__.py -> /home/labserver/ros2_ws/build/samuchair/build/lib/samuchair
[5.402s] copying samuchair/SecondaryTask.py -> /home/labserver/ros2_ws/build/samuchair/build/lib/samuchair
[5.403s] copying samuchair/ComESP32.py -> /home/labserver/ros2_ws/build/samuchair/build/lib/samuchair
[5.403s] running install
[5.420s] /home/labserver/.local/lib/python3.10/site-packages/setuptools/_distutils/cmd.py:66: SetuptoolsDeprecationWarning: setup.py install is deprecated.
[5.421s] !!
[5.421s] 
[5.421s]         ********************************************************************************
[5.421s]         Please avoid running ``setup.py`` directly.
[5.422s]         Instead, use pypa/build, pypa/installer or other
[5.422s]         standards-based tools.
[5.422s] 
[5.424s]         See https://blog.ganssle.io/articles/2021/10/setup-py-deprecated.html for details.
[5.424s]         ********************************************************************************
[5.424s] 
[5.424s] !!
[5.424s]   self.initialize_options()
[5.439s] running install_lib
[5.533s] running install_data
[5.739s] copying launch/record_samuchair.launch.py -> /home/labserver/ros2_ws/install/samuchair/share/samuchair/launch
[5.747s] copying launch/samuchair.launch.py -> /home/labserver/ros2_ws/install/samuchair/share/samuchair/launch
[5.747s] copying resource/samuchair -> /home/labserver/ros2_ws/install/samuchair/share/ament_index/resource_index/packages
[5.747s] copying package.xml -> /home/labserver/ros2_ws/install/samuchair/share/samuchair
[5.747s] running install_egg_info
[5.796s] removing '/home/labserver/ros2_ws/install/samuchair/lib/python3.10/site-packages/samuchair-0.0.0-py3.10.egg-info' (and everything under it)
[5.801s] Copying ../../build/samuchair/samuchair.egg-info to /home/labserver/ros2_ws/install/samuchair/lib/python3.10/site-packages/samuchair-0.0.0-py3.10.egg-info
[5.801s] running install_scripts
[6.004s] Installing arduinoNode script to /home/labserver/ros2_ws/install/samuchair/lib/samuchair
[6.005s] Installing esp32Node script to /home/labserver/ros2_ws/install/samuchair/lib/samuchair
[6.008s] Installing movilNode script to /home/labserver/ros2_ws/install/samuchair/lib/samuchair
[6.010s] Installing secondarytaskNode script to /home/labserver/ros2_ws/install/samuchair/lib/samuchair
[6.011s] Installing testArduinoNode script to /home/labserver/ros2_ws/install/samuchair/lib/samuchair
[6.013s] Installing webcamNode script to /home/labserver/ros2_ws/install/samuchair/lib/samuchair
[6.015s] writing list of installed files to '/home/labserver/ros2_ws/build/samuchair/install.log'
[6.220s] Invoked command in '/home/labserver/ros2_ws/src/samuchair' returned '0': PYTHONPATH=/home/labserver/ros2_ws/build/samuchair/prefix_override:/home/labserver/ros2_ws/install/samuchair/lib/python3.10/site-packages:${PYTHONPATH} /usr/bin/python3 setup.py egg_info --egg-base ../../build/samuchair build --build-base /home/labserver/ros2_ws/build/samuchair/build install --record /home/labserver/ros2_ws/build/samuchair/install.log --single-version-externally-managed
