[1.082s] Invoking command in '/home/labserver/ros2_ws/src/prueba': PYTHONPATH=/home/labserver/ros2_ws/build/prueba/prefix_override:/home/labserver/ros2_ws/install/prueba/lib/python3.10/site-packages:${PYTHONPATH} /usr/bin/python3 setup.py egg_info --egg-base ../../build/prueba build --build-base /home/labserver/ros2_ws/build/prueba/build install --record /home/labserver/ros2_ws/build/prueba/install.log --single-version-externally-managed
[1.412s] running egg_info
[1.430s] writing ../../build/prueba/prueba.egg-info/PKG-INFO
[1.431s] writing dependency_links to ../../build/prueba/prueba.egg-info/dependency_links.txt
[1.431s] writing entry points to ../../build/prueba/prueba.egg-info/entry_points.txt
[1.432s] writing requirements to ../../build/prueba/prueba.egg-info/requires.txt
[1.433s] writing top-level names to ../../build/prueba/prueba.egg-info/top_level.txt
[1.464s] reading manifest file '../../build/prueba/prueba.egg-info/SOURCES.txt'
[1.466s] writing manifest file '../../build/prueba/prueba.egg-info/SOURCES.txt'
[1.467s] running build
[1.467s] running build_py
[1.467s] copying prueba/simple_node.py -> /home/labserver/ros2_ws/build/prueba/build/lib/prueba
[1.468s] copying prueba/__init__.py -> /home/labserver/ros2_ws/build/prueba/build/lib/prueba
[1.468s] running install
[1.469s] /home/labserver/.local/lib/python3.10/site-packages/setuptools/_distutils/cmd.py:66: SetuptoolsDeprecationWarning: setup.py install is deprecated.
[1.469s] !!
[1.469s] 
[1.470s]         ********************************************************************************
[1.470s]         Please avoid running ``setup.py`` directly.
[1.470s]         Instead, use pypa/build, pypa/installer or other
[1.470s]         standards-based tools.
[1.470s] 
[1.470s]         See https://blog.ganssle.io/articles/2021/10/setup-py-deprecated.html for details.
[1.470s]         ********************************************************************************
[1.470s] 
[1.470s] !!
[1.470s]   self.initialize_options()
[1.477s] running install_lib
[1.491s] running install_data
[1.505s] copying resource/prueba -> /home/labserver/ros2_ws/install/prueba/share/ament_index/resource_index/packages
[1.506s] copying package.xml -> /home/labserver/ros2_ws/install/prueba/share/prueba
[1.506s] running install_egg_info
[1.525s] removing '/home/labserver/ros2_ws/install/prueba/lib/python3.10/site-packages/prueba-0.0.0-py3.10.egg-info' (and everything under it)
[1.526s] Copying ../../build/prueba/prueba.egg-info to /home/labserver/ros2_ws/install/prueba/lib/python3.10/site-packages/prueba-0.0.0-py3.10.egg-info
[1.530s] running install_scripts
[1.719s] Installing simple_node script to /home/labserver/ros2_ws/install/prueba/lib/prueba
[1.721s] writing list of installed files to '/home/labserver/ros2_ws/build/prueba/install.log'
[1.766s] Invoked command in '/home/labserver/ros2_ws/src/prueba' returned '0': PYTHONPATH=/home/labserver/ros2_ws/build/prueba/prefix_override:/home/labserver/ros2_ws/install/prueba/lib/python3.10/site-packages:${PYTHONPATH} /usr/bin/python3 setup.py egg_info --egg-base ../../build/prueba build --build-base /home/labserver/ros2_ws/build/prueba/build install --record /home/labserver/ros2_ws/build/prueba/install.log --single-version-externally-managed
