[7.096s] Invoking command in '/home/labserver/ros2_ws/src/samuchair': PYTHONPATH=/home/labserver/ros2_ws/build/samuchair/prefix_override:/home/labserver/ros2_ws/install/samuchair/lib/python3.10/site-packages:${PYTHONPATH} /usr/bin/python3 setup.py egg_info --egg-base ../../build/samuchair build --build-base /home/labserver/ros2_ws/build/samuchair/build install --record /home/labserver/ros2_ws/build/samuchair/install.log --single-version-externally-managed
[8.373s] running egg_info
[8.443s] writing ../../build/samuchair/samuchair.egg-info/PKG-INFO
[8.446s] writing dependency_links to ../../build/samuchair/samuchair.egg-info/dependency_links.txt
[8.449s] writing entry points to ../../build/samuchair/samuchair.egg-info/entry_points.txt
[8.452s] writing requirements to ../../build/samuchair/samuchair.egg-info/requires.txt
[8.458s] writing top-level names to ../../build/samuchair/samuchair.egg-info/top_level.txt
[9.392s] reading manifest file '../../build/samuchair/samuchair.egg-info/SOURCES.txt'
[9.398s] writing manifest file '../../build/samuchair/samuchair.egg-info/SOURCES.txt'
[9.401s] running build
[9.412s] running build_py
[9.415s] copying samuchair/arduinoNode.py -> /home/labserver/ros2_ws/build/samuchair/build/lib/samuchair
[9.415s] copying samuchair/joystickBluetoothNode.py -> /home/labserver/ros2_ws/build/samuchair/build/lib/samuchair
[9.416s] copying samuchair/movilNode.py -> /home/labserver/ros2_ws/build/samuchair/build/lib/samuchair
[9.416s] copying samuchair/webcamNode.py -> /home/labserver/ros2_ws/build/samuchair/build/lib/samuchair
[9.416s] copying samuchair/tactilesNode.py -> /home/labserver/ros2_ws/build/samuchair/build/lib/samuchair
[9.458s] copying samuchair/secondarytaskNode.py -> /home/labserver/ros2_ws/build/samuchair/build/lib/samuchair
[9.474s] copying samuchair/ComJoystickManual.py -> /home/labserver/ros2_ws/build/samuchair/build/lib/samuchair
[9.477s] copying samuchair/Webcam.py -> /home/labserver/ros2_ws/build/samuchair/build/lib/samuchair
[9.478s] copying samuchair/esp32Node.py -> /home/labserver/ros2_ws/build/samuchair/build/lib/samuchair
[9.478s] copying samuchair/jBNode.py -> /home/labserver/ros2_ws/build/samuchair/build/lib/samuchair
[9.478s] copying samuchair/esp32Node_old.py -> /home/labserver/ros2_ws/build/samuchair/build/lib/samuchair
[9.478s] copying samuchair/testArduinoNode.py -> /home/labserver/ros2_ws/build/samuchair/build/lib/samuchair
[9.479s] copying samuchair/__init__.py -> /home/labserver/ros2_ws/build/samuchair/build/lib/samuchair
[9.487s] copying samuchair/SecondaryTask.py -> /home/labserver/ros2_ws/build/samuchair/build/lib/samuchair
[9.488s] /home/labserver/.local/lib/python3.10/site-packages/setuptools/_distutils/cmd.py:66: SetuptoolsDeprecationWarning: setup.py install is deprecated.
[9.488s] !!
[9.492s] 
[9.497s]         ********************************************************************************
[9.498s]         Please avoid running ``setup.py`` directly.
[9.498s]         Instead, use pypa/build, pypa/installer or other
[9.505s]         standards-based tools.
[9.512s] 
[9.516s]         See https://blog.ganssle.io/articles/2021/10/setup-py-deprecated.html for details.
[9.516s]         ********************************************************************************
[9.516s] 
[9.516s] !!
[9.517s]   self.initialize_options()
[9.517s] copying samuchair/ComESP32.py -> /home/labserver/ros2_ws/build/samuchair/build/lib/samuchair
[9.517s] copying samuchair/mapJoyFingerChair.py -> /home/labserver/ros2_ws/build/samuchair/build/lib/samuchair
[9.517s] running install
[9.522s] running install_lib
[9.668s] copying /home/labserver/ros2_ws/build/samuchair/build/lib/samuchair/ComESP32.py -> /home/labserver/ros2_ws/install/samuchair/lib/python3.10/site-packages/samuchair
[9.680s] byte-compiling /home/labserver/ros2_ws/install/samuchair/lib/python3.10/site-packages/samuchair/ComESP32.py to ComESP32.cpython-310.pyc
[9.686s] running install_data
[9.833s] copying launch/record_samuchair.launch.py -> /home/labserver/ros2_ws/install/samuchair/share/samuchair/launch
[9.834s] copying launch/samuchair.launch.py -> /home/labserver/ros2_ws/install/samuchair/share/samuchair/launch
[9.834s] copying resource/samuchair -> /home/labserver/ros2_ws/install/samuchair/share/ament_index/resource_index/packages
[9.846s] copying package.xml -> /home/labserver/ros2_ws/install/samuchair/share/samuchair
[9.846s] running install_egg_info
[10.046s] removing '/home/labserver/ros2_ws/install/samuchair/lib/python3.10/site-packages/samuchair-0.0.0-py3.10.egg-info' (and everything under it)
[10.047s] Copying ../../build/samuchair/samuchair.egg-info to /home/labserver/ros2_ws/install/samuchair/lib/python3.10/site-packages/samuchair-0.0.0-py3.10.egg-info
[10.059s] running install_scripts
[10.442s] Installing arduinoNode script to /home/labserver/ros2_ws/install/samuchair/lib/samuchair
[10.444s] Installing esp32Node script to /home/labserver/ros2_ws/install/samuchair/lib/samuchair
[10.445s] Installing jBNode script to /home/labserver/ros2_ws/install/samuchair/lib/samuchair
[10.451s] Installing movilNode script to /home/labserver/ros2_ws/install/samuchair/lib/samuchair
[10.451s] Installing secondarytaskNode script to /home/labserver/ros2_ws/install/samuchair/lib/samuchair
[10.457s] Installing tactilesNode script to /home/labserver/ros2_ws/install/samuchair/lib/samuchair
[10.457s] Installing testArduinoNode script to /home/labserver/ros2_ws/install/samuchair/lib/samuchair
[10.457s] Installing webcamNode script to /home/labserver/ros2_ws/install/samuchair/lib/samuchair
[10.463s] writing list of installed files to '/home/labserver/ros2_ws/build/samuchair/install.log'
[10.628s] Invoked command in '/home/labserver/ros2_ws/src/samuchair' returned '0': PYTHONPATH=/home/labserver/ros2_ws/build/samuchair/prefix_override:/home/labserver/ros2_ws/install/samuchair/lib/python3.10/site-packages:${PYTHONPATH} /usr/bin/python3 setup.py egg_info --egg-base ../../build/samuchair build --build-base /home/labserver/ros2_ws/build/samuchair/build install --record /home/labserver/ros2_ws/build/samuchair/install.log --single-version-externally-managed
