[5.358s] Invoking command in '/home/labserver/ros2_ws/src/samuchair': PYTHONPATH=/home/labserver/ros2_ws/build/samuchair/prefix_override:/home/labserver/ros2_ws/install/samuchair/lib/python3.10/site-packages:${PYTHONPATH} /usr/bin/python3 setup.py egg_info --egg-base ../../build/samuchair build --build-base /home/labserver/ros2_ws/build/samuchair/build install --record /home/labserver/ros2_ws/build/samuchair/install.log --single-version-externally-managed
[6.265s] running egg_info
[6.313s] writing ../../build/samuchair/samuchair.egg-info/PKG-INFO
[6.313s] writing dependency_links to ../../build/samuchair/samuchair.egg-info/dependency_links.txt
[6.313s] writing entry points to ../../build/samuchair/samuchair.egg-info/entry_points.txt
[6.313s] writing requirements to ../../build/samuchair/samuchair.egg-info/requires.txt
[6.313s] writing top-level names to ../../build/samuchair/samuchair.egg-info/top_level.txt
[6.952s] reading manifest file '../../build/samuchair/samuchair.egg-info/SOURCES.txt'
[6.956s] writing manifest file '../../build/samuchair/samuchair.egg-info/SOURCES.txt'
[6.956s] running build
[6.957s] running build_py
[6.958s] copying samuchair/arduinoNode.py -> /home/labserver/ros2_ws/build/samuchair/build/lib/samuchair
[6.962s] copying samuchair/joystickBluetoothNode.py -> /home/labserver/ros2_ws/build/samuchair/build/lib/samuchair
[6.962s] copying samuchair/movilNode.py -> /home/labserver/ros2_ws/build/samuchair/build/lib/samuchair
[6.963s] copying samuchair/webcamNode.py -> /home/labserver/ros2_ws/build/samuchair/build/lib/samuchair
[6.973s] copying samuchair/tactilesNode.py -> /home/labserver/ros2_ws/build/samuchair/build/lib/samuchair
[6.973s] copying samuchair/secondarytaskNode.py -> /home/labserver/ros2_ws/build/samuchair/build/lib/samuchair
[6.973s] copying samuchair/ComJoystickManual.py -> /home/labserver/ros2_ws/build/samuchair/build/lib/samuchair
[6.973s] copying samuchair/Webcam.py -> /home/labserver/ros2_ws/build/samuchair/build/lib/samuchair
[6.973s] copying samuchair/esp32Node.py -> /home/labserver/ros2_ws/build/samuchair/build/lib/samuchair
[6.973s] copying samuchair/jBNode.py -> /home/labserver/ros2_ws/build/samuchair/build/lib/samuchair
[6.973s] copying samuchair/esp32Node_old.py -> /home/labserver/ros2_ws/build/samuchair/build/lib/samuchair
[6.973s] copying samuchair/main.py -> /home/labserver/ros2_ws/build/samuchair/build/lib/samuchair
[6.973s] copying samuchair/testArduinoNode.py -> /home/labserver/ros2_ws/build/samuchair/build/lib/samuchair
[6.973s] copying samuchair/__init__.py -> /home/labserver/ros2_ws/build/samuchair/build/lib/samuchair
[6.973s] copying samuchair/SecondaryTask.py -> /home/labserver/ros2_ws/build/samuchair/build/lib/samuchair
[6.977s] copying samuchair/ComESP32.py -> /home/labserver/ros2_ws/build/samuchair/build/lib/samuchair
[6.977s] copying samuchair/mapJoyFingerChair.py -> /home/labserver/ros2_ws/build/samuchair/build/lib/samuchair
[6.980s] running install
[6.984s] /home/labserver/.local/lib/python3.10/site-packages/setuptools/_distutils/cmd.py:66: SetuptoolsDeprecationWarning: setup.py install is deprecated.
[6.984s] !!
[6.985s] 
[6.985s]         ********************************************************************************
[6.985s]         Please avoid running ``setup.py`` directly.
[6.985s]         Instead, use pypa/build, pypa/installer or other
[6.985s]         standards-based tools.
[6.985s] 
[6.985s]         See https://blog.ganssle.io/articles/2021/10/setup-py-deprecated.html for details.
[6.985s]         ********************************************************************************
[6.985s] 
[6.985s] !!
[6.985s]   self.initialize_options()
[7.000s] running install_lib
[7.073s] copying /home/labserver/ros2_ws/build/samuchair/build/lib/samuchair/movilNode.py -> /home/labserver/ros2_ws/install/samuchair/lib/python3.10/site-packages/samuchair
[7.078s] byte-compiling /home/labserver/ros2_ws/install/samuchair/lib/python3.10/site-packages/samuchair/movilNode.py to movilNode.cpython-310.pyc
[7.082s] running install_data
[7.121s] copying launch/record_samuchair.launch.py -> /home/labserver/ros2_ws/install/samuchair/share/samuchair/launch
[7.122s] copying launch/samuchair.launch.py -> /home/labserver/ros2_ws/install/samuchair/share/samuchair/launch
[7.124s] copying resource/samuchair -> /home/labserver/ros2_ws/install/samuchair/share/ament_index/resource_index/packages
[7.124s] copying package.xml -> /home/labserver/ros2_ws/install/samuchair/share/samuchair
[7.124s] running install_egg_info
[7.167s] removing '/home/labserver/ros2_ws/install/samuchair/lib/python3.10/site-packages/samuchair-0.0.0-py3.10.egg-info' (and everything under it)
[7.171s] Copying ../../build/samuchair/samuchair.egg-info to /home/labserver/ros2_ws/install/samuchair/lib/python3.10/site-packages/samuchair-0.0.0-py3.10.egg-info
[7.173s] running install_scripts
[7.371s] Installing arduinoNode script to /home/labserver/ros2_ws/install/samuchair/lib/samuchair
[7.373s] Installing esp32Node script to /home/labserver/ros2_ws/install/samuchair/lib/samuchair
[7.374s] Installing jBNode script to /home/labserver/ros2_ws/install/samuchair/lib/samuchair
[7.376s] Installing movilNode script to /home/labserver/ros2_ws/install/samuchair/lib/samuchair
[7.377s] Installing secondarytaskNode script to /home/labserver/ros2_ws/install/samuchair/lib/samuchair
[7.377s] Installing tactilesNode script to /home/labserver/ros2_ws/install/samuchair/lib/samuchair
[7.379s] Installing testArduinoNode script to /home/labserver/ros2_ws/install/samuchair/lib/samuchair
[7.381s] Installing webcamNode script to /home/labserver/ros2_ws/install/samuchair/lib/samuchair
[7.382s] writing list of installed files to '/home/labserver/ros2_ws/build/samuchair/install.log'
[7.493s] Invoked command in '/home/labserver/ros2_ws/src/samuchair' returned '0': PYTHONPATH=/home/labserver/ros2_ws/build/samuchair/prefix_override:/home/labserver/ros2_ws/install/samuchair/lib/python3.10/site-packages:${PYTHONPATH} /usr/bin/python3 setup.py egg_info --egg-base ../../build/samuchair build --build-base /home/labserver/ros2_ws/build/samuchair/build install --record /home/labserver/ros2_ws/build/samuchair/install.log --single-version-externally-managed
