[2.593s] Invoking command in '/home/labserver/ros2_ws/src/samuchair': PYTHONPATH=/home/labserver/ros2_ws/build/samuchair/prefix_override:/home/labserver/ros2_ws/install/samuchair/lib/python3.10/site-packages:${PYTHONPATH} /usr/bin/python3 setup.py egg_info --egg-base ../../build/samuchair build --build-base /home/labserver/ros2_ws/build/samuchair/build install --record /home/labserver/ros2_ws/build/samuchair/install.log --single-version-externally-managed
[3.173s] running egg_info
[3.214s] writing ../../build/samuchair/samuchair.egg-info/PKG-INFO
[3.220s] writing dependency_links to ../../build/samuchair/samuchair.egg-info/dependency_links.txt
[3.220s] writing entry points to ../../build/samuchair/samuchair.egg-info/entry_points.txt
[3.220s] writing requirements to ../../build/samuchair/samuchair.egg-info/requires.txt
[3.220s] writing top-level names to ../../build/samuchair/samuchair.egg-info/top_level.txt
[3.559s] reading manifest file '../../build/samuchair/samuchair.egg-info/SOURCES.txt'
[3.559s] writing manifest file '../../build/samuchair/samuchair.egg-info/SOURCES.txt'
[3.560s] running build
[3.571s] running build_py
[3.571s] copying samuchair/arduinoNode.py -> /home/labserver/ros2_ws/build/samuchair/build/lib/samuchair
[3.571s] copying samuchair/webcamNode.py -> /home/labserver/ros2_ws/build/samuchair/build/lib/samuchair
[3.571s] copying samuchair/secondarytaskNode.py -> /home/labserver/ros2_ws/build/samuchair/build/lib/samuchair
[3.572s] copying samuchair/ComJoystickManual.py -> /home/labserver/ros2_ws/build/samuchair/build/lib/samuchair
[3.572s] copying samuchair/Webcam.py -> /home/labserver/ros2_ws/build/samuchair/build/lib/samuchair
[3.572s] copying samuchair/esp32Node.py -> /home/labserver/ros2_ws/build/samuchair/build/lib/samuchair
[3.572s] copying samuchair/esp32Node_old.py -> /home/labserver/ros2_ws/build/samuchair/build/lib/samuchair
[3.572s] copying samuchair/testArduinoNode.py -> /home/labserver/ros2_ws/build/samuchair/build/lib/samuchair
[3.572s] copying samuchair/__init__.py -> /home/labserver/ros2_ws/build/samuchair/build/lib/samuchair
[3.572s] copying samuchair/SecondaryTask.py -> /home/labserver/ros2_ws/build/samuchair/build/lib/samuchair
[3.572s] copying samuchair/ComESP32.py -> /home/labserver/ros2_ws/build/samuchair/build/lib/samuchair
[3.572s] running install
[3.572s] /home/labserver/.local/lib/python3.10/site-packages/setuptools/_distutils/cmd.py:66: SetuptoolsDeprecationWarning: setup.py install is deprecated.
[3.572s] !!
[3.572s] 
[3.572s]         ********************************************************************************
[3.572s]         Please avoid running ``setup.py`` directly.
[3.572s]         Instead, use pypa/build, pypa/installer or other
[3.572s]         standards-based tools.
[3.572s] 
[3.572s]         See https://blog.ganssle.io/articles/2021/10/setup-py-deprecated.html for details.
[3.577s]         ********************************************************************************
[3.578s] 
[3.578s] !!
[3.578s]   self.initialize_options()
[3.582s] running install_lib
[3.649s] copying /home/labserver/ros2_ws/build/samuchair/build/lib/samuchair/Webcam.py -> /home/labserver/ros2_ws/install/samuchair/lib/python3.10/site-packages/samuchair
[3.658s] byte-compiling /home/labserver/ros2_ws/install/samuchair/lib/python3.10/site-packages/samuchair/Webcam.py to Webcam.cpython-310.pyc
[3.664s] running install_data
[3.719s] copying launch/samuchair.launch.py -> /home/labserver/ros2_ws/install/samuchair/share/samuchair/launch
[3.719s] copying resource/samuchair -> /home/labserver/ros2_ws/install/samuchair/share/ament_index/resource_index/packages
[3.719s] copying package.xml -> /home/labserver/ros2_ws/install/samuchair/share/samuchair
[3.719s] running install_egg_info
[3.776s] removing '/home/labserver/ros2_ws/install/samuchair/lib/python3.10/site-packages/samuchair-0.0.0-py3.10.egg-info' (and everything under it)
[3.781s] Copying ../../build/samuchair/samuchair.egg-info to /home/labserver/ros2_ws/install/samuchair/lib/python3.10/site-packages/samuchair-0.0.0-py3.10.egg-info
[3.788s] running install_scripts
[3.912s] Installing arduinoNode script to /home/labserver/ros2_ws/install/samuchair/lib/samuchair
[3.913s] Installing esp32Node script to /home/labserver/ros2_ws/install/samuchair/lib/samuchair
[3.913s] Installing secondarytaskNode script to /home/labserver/ros2_ws/install/samuchair/lib/samuchair
[3.913s] Installing testArduinoNode script to /home/labserver/ros2_ws/install/samuchair/lib/samuchair
[3.913s] Installing webcamNode script to /home/labserver/ros2_ws/install/samuchair/lib/samuchair
[3.913s] writing list of installed files to '/home/labserver/ros2_ws/build/samuchair/install.log'
[3.972s] Invoked command in '/home/labserver/ros2_ws/src/samuchair' returned '0': PYTHONPATH=/home/labserver/ros2_ws/build/samuchair/prefix_override:/home/labserver/ros2_ws/install/samuchair/lib/python3.10/site-packages:${PYTHONPATH} /usr/bin/python3 setup.py egg_info --egg-base ../../build/samuchair build --build-base /home/labserver/ros2_ws/build/samuchair/build install --record /home/labserver/ros2_ws/build/samuchair/install.log --single-version-externally-managed
