[1.873s] Invoking command in '/home/labserver/ros2_ws/src/prueba': PYTHONPATH=/home/labserver/ros2_ws/build/prueba/prefix_override:/home/labserver/ros2_ws/install/prueba/lib/python3.10/site-packages:${PYTHONPATH} /usr/bin/python3 setup.py egg_info --egg-base ../../build/prueba build --build-base /home/labserver/ros2_ws/build/prueba/build install --record /home/labserver/ros2_ws/build/prueba/install.log --single-version-externally-managed
[2.301s] running egg_info
[2.331s] writing ../../build/prueba/prueba.egg-info/PKG-INFO
[2.334s] writing dependency_links to ../../build/prueba/prueba.egg-info/dependency_links.txt
[2.336s] writing entry points to ../../build/prueba/prueba.egg-info/entry_points.txt
[2.338s] writing requirements to ../../build/prueba/prueba.egg-info/requires.txt
[2.339s] writing top-level names to ../../build/prueba/prueba.egg-info/top_level.txt
[2.619s] reading manifest file '../../build/prueba/prueba.egg-info/SOURCES.txt'
[2.621s] writing manifest file '../../build/prueba/prueba.egg-info/SOURCES.txt'
[2.622s] running build
[2.623s] running build_py
[2.624s] copying prueba/prueba.py -> /home/labserver/ros2_ws/build/prueba/build/lib/prueba
[2.625s] copying prueba/listener.py -> /home/labserver/ros2_ws/build/prueba/build/lib/prueba
[2.628s] copying prueba/__init__.py -> /home/labserver/ros2_ws/build/prueba/build/lib/prueba
[2.629s] running install
[2.629s] /home/labserver/.local/lib/python3.10/site-packages/setuptools/_distutils/cmd.py:66: SetuptoolsDeprecationWarning: setup.py install is deprecated.
[2.630s] !!
[2.630s] 
[2.630s]         ********************************************************************************
[2.630s]         Please avoid running ``setup.py`` directly.
[2.631s]         Instead, use pypa/build, pypa/installer or other
[2.631s]         standards-based tools.
[2.631s] 
[2.631s]         See https://blog.ganssle.io/articles/2021/10/setup-py-deprecated.html for details.
[2.631s]         ********************************************************************************
[2.631s] 
[2.631s] !!
[2.631s]   self.initialize_options()
[2.638s] running install_lib
[2.670s] running install_data
[2.691s] copying resource/prueba -> /home/labserver/ros2_ws/install/prueba/share/ament_index/resource_index/packages
[2.692s] copying package.xml -> /home/labserver/ros2_ws/install/prueba/share/prueba
[2.693s] running install_egg_info
[2.716s] removing '/home/labserver/ros2_ws/install/prueba/lib/python3.10/site-packages/prueba-0.0.0-py3.10.egg-info' (and everything under it)
[2.724s] Copying ../../build/prueba/prueba.egg-info to /home/labserver/ros2_ws/install/prueba/lib/python3.10/site-packages/prueba-0.0.0-py3.10.egg-info
[2.737s] running install_scripts
[2.835s] Installing listener script to /home/labserver/ros2_ws/install/prueba/lib/prueba
[2.839s] Installing talker script to /home/labserver/ros2_ws/install/prueba/lib/prueba
[2.841s] writing list of installed files to '/home/labserver/ros2_ws/build/prueba/install.log'
[3.076s] Invoked command in '/home/labserver/ros2_ws/src/prueba' returned '0': PYTHONPATH=/home/labserver/ros2_ws/build/prueba/prefix_override:/home/labserver/ros2_ws/install/prueba/lib/python3.10/site-packages:${PYTHONPATH} /usr/bin/python3 setup.py egg_info --egg-base ../../build/prueba build --build-base /home/labserver/ros2_ws/build/prueba/build install --record /home/labserver/ros2_ws/build/prueba/install.log --single-version-externally-managed
