[2.927s] Invoking command in '/home/labserver/ros2_ws/src/samuchair': PYTHONPATH=/home/labserver/ros2_ws/build/samuchair/prefix_override:/home/labserver/ros2_ws/install/samuchair/lib/python3.10/site-packages:${PYTHONPATH} /usr/bin/python3 setup.py egg_info --egg-base ../../build/samuchair build --build-base /home/labserver/ros2_ws/build/samuchair/build install --record /home/labserver/ros2_ws/build/samuchair/install.log --single-version-externally-managed
[3.568s] running egg_info
[3.632s] writing ../../build/samuchair/samuchair.egg-info/PKG-INFO
[3.633s] writing dependency_links to ../../build/samuchair/samuchair.egg-info/dependency_links.txt
[3.637s] writing entry points to ../../build/samuchair/samuchair.egg-info/entry_points.txt
[3.637s] writing requirements to ../../build/samuchair/samuchair.egg-info/requires.txt
[3.641s] writing top-level names to ../../build/samuchair/samuchair.egg-info/top_level.txt
[4.008s] reading manifest file '../../build/samuchair/samuchair.egg-info/SOURCES.txt'
[4.008s] writing manifest file '../../build/samuchair/samuchair.egg-info/SOURCES.txt'
[4.016s] running build
[4.016s] running build_py
[4.016s] copying samuchair/arduinoNode.py -> /home/labserver/ros2_ws/build/samuchair/build/lib/samuchair
[4.016s] copying samuchair/movilNode.py -> /home/labserver/ros2_ws/build/samuchair/build/lib/samuchair
[4.017s] copying samuchair/webcamNode.py -> /home/labserver/ros2_ws/build/samuchair/build/lib/samuchair
[4.017s] copying samuchair/tactilesNode.py -> /home/labserver/ros2_ws/build/samuchair/build/lib/samuchair
[4.017s] copying samuchair/secondarytaskNode.py -> /home/labserver/ros2_ws/build/samuchair/build/lib/samuchair
[4.017s] copying samuchair/ComJoystickManual.py -> /home/labserver/ros2_ws/build/samuchair/build/lib/samuchair
[4.017s] copying samuchair/Webcam.py -> /home/labserver/ros2_ws/build/samuchair/build/lib/samuchair
[4.020s] copying samuchair/esp32Node.py -> /home/labserver/ros2_ws/build/samuchair/build/lib/samuchair
[4.021s] copying samuchair/esp32Node_old.py -> /home/labserver/ros2_ws/build/samuchair/build/lib/samuchair
[4.021s] copying samuchair/testArduinoNode.py -> /home/labserver/ros2_ws/build/samuchair/build/lib/samuchair
[4.021s] copying samuchair/__init__.py -> /home/labserver/ros2_ws/build/samuchair/build/lib/samuchair
[4.021s] copying samuchair/SecondaryTask.py -> /home/labserver/ros2_ws/build/samuchair/build/lib/samuchair
[4.021s] copying samuchair/ComESP32.py -> /home/labserver/ros2_ws/build/samuchair/build/lib/samuchair
[4.024s] /home/labserver/.local/lib/python3.10/site-packages/setuptools/_distutils/cmd.py:66: SetuptoolsDeprecationWarning: setup.py install is deprecated.
[4.025s] !!
[4.025s] 
[4.025s]         ********************************************************************************
[4.025s]         Please avoid running ``setup.py`` directly.
[4.025s]         Instead, use pypa/build, pypa/installer or other
[4.025s]         standards-based tools.
[4.026s] 
[4.026s]         See https://blog.ganssle.io/articles/2021/10/setup-py-deprecated.html for details.
[4.026s]         ********************************************************************************
[4.026s] 
[4.026s] !!
[4.026s]   self.initialize_options()
[4.026s] running install
[4.043s] running install_lib
[4.074s] copying /home/labserver/ros2_ws/build/samuchair/build/lib/samuchair/movilNode.py -> /home/labserver/ros2_ws/install/samuchair/lib/python3.10/site-packages/samuchair
[4.082s] byte-compiling /home/labserver/ros2_ws/install/samuchair/lib/python3.10/site-packages/samuchair/movilNode.py to movilNode.cpython-310.pyc
[4.090s] running install_data
[4.138s] copying launch/record_samuchair.launch.py -> /home/labserver/ros2_ws/install/samuchair/share/samuchair/launch
[4.140s] copying launch/samuchair.launch.py -> /home/labserver/ros2_ws/install/samuchair/share/samuchair/launch
[4.140s] copying resource/samuchair -> /home/labserver/ros2_ws/install/samuchair/share/ament_index/resource_index/packages
[4.140s] copying package.xml -> /home/labserver/ros2_ws/install/samuchair/share/samuchair
[4.145s] running install_egg_info
[4.195s] removing '/home/labserver/ros2_ws/install/samuchair/lib/python3.10/site-packages/samuchair-0.0.0-py3.10.egg-info' (and everything under it)
[4.203s] Copying ../../build/samuchair/samuchair.egg-info to /home/labserver/ros2_ws/install/samuchair/lib/python3.10/site-packages/samuchair-0.0.0-py3.10.egg-info
[4.203s] running install_scripts
[4.346s] Installing arduinoNode script to /home/labserver/ros2_ws/install/samuchair/lib/samuchair
[4.353s] Installing esp32Node script to /home/labserver/ros2_ws/install/samuchair/lib/samuchair
[4.353s] Installing movilNode script to /home/labserver/ros2_ws/install/samuchair/lib/samuchair
[4.353s] Installing secondarytaskNode script to /home/labserver/ros2_ws/install/samuchair/lib/samuchair
[4.353s] Installing tactilesNode script to /home/labserver/ros2_ws/install/samuchair/lib/samuchair
[4.355s] Installing testArduinoNode script to /home/labserver/ros2_ws/install/samuchair/lib/samuchair
[4.359s] Installing webcamNode script to /home/labserver/ros2_ws/install/samuchair/lib/samuchair
[4.365s] writing list of installed files to '/home/labserver/ros2_ws/build/samuchair/install.log'
[4.493s] Invoked command in '/home/labserver/ros2_ws/src/samuchair' returned '0': PYTHONPATH=/home/labserver/ros2_ws/build/samuchair/prefix_override:/home/labserver/ros2_ws/install/samuchair/lib/python3.10/site-packages:${PYTHONPATH} /usr/bin/python3 setup.py egg_info --egg-base ../../build/samuchair build --build-base /home/labserver/ros2_ws/build/samuchair/build install --record /home/labserver/ros2_ws/build/samuchair/install.log --single-version-externally-managed
