[1.288s] DEBUG:colcon:Command line arguments: ['/usr/bin/colcon', 'build']
[1.288s] DEBUG:colcon:Parsed command line arguments: Namespace(log_base=None, log_level=None, verb_name='build', build_base='build', install_base='install', merge_install=False, symlink_install=False, test_result_base=None, continue_on_error=False, executor='parallel', parallel_workers=2, event_handlers=None, ignore_user_meta=False, metas=['./colcon.meta'], base_paths=['.'], packages_ignore=None, packages_ignore_regex=None, paths=None, packages_up_to=None, packages_up_to_regex=None, packages_above=None, packages_above_and_dependencies=None, packages_above_depth=None, packages_select_by_dep=None, packages_skip_by_dep=None, packages_skip_up_to=None, packages_select_build_failed=False, packages_skip_build_finished=False, packages_select_test_failures=False, packages_skip_test_passed=False, packages_select=None, packages_skip=None, packages_select_regex=None, packages_skip_regex=None, packages_start=None, packages_end=None, allow_overriding=[], cmake_args=None, cmake_target=None, cmake_target_skip_unavailable=False, cmake_clean_cache=False, cmake_clean_first=False, cmake_force_configure=False, ament_cmake_args=None, catkin_cmake_args=None, catkin_skip_building_tests=False, verb_parser=<colcon_defaults.argument_parser.defaults.DefaultArgumentsDecorator object at 0x7338f2d790f0>, verb_extension=<colcon_core.verb.build.BuildVerb object at 0x7338f31efdc0>, main=<bound method BuildVerb.main of <colcon_core.verb.build.BuildVerb object at 0x7338f31efdc0>>)
[1.352s] Level 1:colcon.colcon_core.package_discovery:discover_packages(colcon_meta) check parameters
[1.352s] Level 1:colcon.colcon_core.package_discovery:discover_packages(recursive) check parameters
[1.352s] Level 1:colcon.colcon_core.package_discovery:discover_packages(ignore) check parameters
[1.352s] Level 1:colcon.colcon_core.package_discovery:discover_packages(path) check parameters
[1.352s] Level 1:colcon.colcon_core.package_discovery:discover_packages(colcon_meta) discover
[1.352s] Level 1:colcon.colcon_core.package_discovery:discover_packages(recursive) discover
[1.353s] INFO:colcon.colcon_core.package_discovery:Crawling recursively for packages in '/home/labserver/ros2_ws'
[1.353s] Level 1:colcon.colcon_core.package_identification:_identify(.) by extensions ['ignore', 'ignore_ament_install']
[1.353s] Level 1:colcon.colcon_core.package_identification:_identify(.) by extension 'ignore'
[1.353s] Level 1:colcon.colcon_core.package_identification:_identify(.) by extension 'ignore_ament_install'
[1.353s] Level 1:colcon.colcon_core.package_identification:_identify(.) by extensions ['colcon_pkg']
[1.353s] Level 1:colcon.colcon_core.package_identification:_identify(.) by extension 'colcon_pkg'
[1.353s] Level 1:colcon.colcon_core.package_identification:_identify(.) by extensions ['colcon_meta']
[1.353s] Level 1:colcon.colcon_core.package_identification:_identify(.) by extension 'colcon_meta'
[1.353s] Level 1:colcon.colcon_core.package_identification:_identify(.) by extensions ['ros']
[1.353s] Level 1:colcon.colcon_core.package_identification:_identify(.) by extension 'ros'
[1.374s] Level 1:colcon.colcon_core.package_identification:_identify(.) by extensions ['cmake', 'python']
[1.374s] Level 1:colcon.colcon_core.package_identification:_identify(.) by extension 'cmake'
[1.375s] Level 1:colcon.colcon_core.package_identification:_identify(.) by extension 'python'
[1.375s] Level 1:colcon.colcon_core.package_identification:_identify(.) by extensions ['python_setup_py']
[1.375s] Level 1:colcon.colcon_core.package_identification:_identify(.) by extension 'python_setup_py'
[1.375s] Level 1:colcon.colcon_core.package_identification:_identify(build) by extensions ['ignore', 'ignore_ament_install']
[1.375s] Level 1:colcon.colcon_core.package_identification:_identify(build) by extension 'ignore'
[1.376s] Level 1:colcon.colcon_core.package_identification:_identify(build) ignored
[1.376s] Level 1:colcon.colcon_core.package_identification:_identify(fotos) by extensions ['ignore', 'ignore_ament_install']
[1.376s] Level 1:colcon.colcon_core.package_identification:_identify(fotos) by extension 'ignore'
[1.376s] Level 1:colcon.colcon_core.package_identification:_identify(fotos) by extension 'ignore_ament_install'
[1.376s] Level 1:colcon.colcon_core.package_identification:_identify(fotos) by extensions ['colcon_pkg']
[1.376s] Level 1:colcon.colcon_core.package_identification:_identify(fotos) by extension 'colcon_pkg'
[1.377s] Level 1:colcon.colcon_core.package_identification:_identify(fotos) by extensions ['colcon_meta']
[1.377s] Level 1:colcon.colcon_core.package_identification:_identify(fotos) by extension 'colcon_meta'
[1.377s] Level 1:colcon.colcon_core.package_identification:_identify(fotos) by extensions ['ros']
[1.377s] Level 1:colcon.colcon_core.package_identification:_identify(fotos) by extension 'ros'
[1.377s] Level 1:colcon.colcon_core.package_identification:_identify(fotos) by extensions ['cmake', 'python']
[1.377s] Level 1:colcon.colcon_core.package_identification:_identify(fotos) by extension 'cmake'
[1.377s] Level 1:colcon.colcon_core.package_identification:_identify(fotos) by extension 'python'
[1.377s] Level 1:colcon.colcon_core.package_identification:_identify(fotos) by extensions ['python_setup_py']
[1.377s] Level 1:colcon.colcon_core.package_identification:_identify(fotos) by extension 'python_setup_py'
[1.377s] Level 1:colcon.colcon_core.package_identification:_identify(install) by extensions ['ignore', 'ignore_ament_install']
[1.377s] Level 1:colcon.colcon_core.package_identification:_identify(install) by extension 'ignore'
[1.377s] Level 1:colcon.colcon_core.package_identification:_identify(install) ignored
[1.377s] Level 1:colcon.colcon_core.package_identification:_identify(log) by extensions ['ignore', 'ignore_ament_install']
[1.378s] Level 1:colcon.colcon_core.package_identification:_identify(log) by extension 'ignore'
[1.378s] Level 1:colcon.colcon_core.package_identification:_identify(log) ignored
[1.378s] Level 1:colcon.colcon_core.package_identification:_identify(rosbag2_2025_10_22-13_13_59) by extensions ['ignore', 'ignore_ament_install']
[1.378s] Level 1:colcon.colcon_core.package_identification:_identify(rosbag2_2025_10_22-13_13_59) by extension 'ignore'
[1.378s] Level 1:colcon.colcon_core.package_identification:_identify(rosbag2_2025_10_22-13_13_59) by extension 'ignore_ament_install'
[1.378s] Level 1:colcon.colcon_core.package_identification:_identify(rosbag2_2025_10_22-13_13_59) by extensions ['colcon_pkg']
[1.378s] Level 1:colcon.colcon_core.package_identification:_identify(rosbag2_2025_10_22-13_13_59) by extension 'colcon_pkg'
[1.378s] Level 1:colcon.colcon_core.package_identification:_identify(rosbag2_2025_10_22-13_13_59) by extensions ['colcon_meta']
[1.378s] Level 1:colcon.colcon_core.package_identification:_identify(rosbag2_2025_10_22-13_13_59) by extension 'colcon_meta'
[1.378s] Level 1:colcon.colcon_core.package_identification:_identify(rosbag2_2025_10_22-13_13_59) by extensions ['ros']
[1.378s] Level 1:colcon.colcon_core.package_identification:_identify(rosbag2_2025_10_22-13_13_59) by extension 'ros'
[1.378s] Level 1:colcon.colcon_core.package_identification:_identify(rosbag2_2025_10_22-13_13_59) by extensions ['cmake', 'python']
[1.378s] Level 1:colcon.colcon_core.package_identification:_identify(rosbag2_2025_10_22-13_13_59) by extension 'cmake'
[1.378s] Level 1:colcon.colcon_core.package_identification:_identify(rosbag2_2025_10_22-13_13_59) by extension 'python'
[1.378s] Level 1:colcon.colcon_core.package_identification:_identify(rosbag2_2025_10_22-13_13_59) by extensions ['python_setup_py']
[1.378s] Level 1:colcon.colcon_core.package_identification:_identify(rosbag2_2025_10_22-13_13_59) by extension 'python_setup_py'
[1.379s] Level 1:colcon.colcon_core.package_identification:_identify(rosbag2_2025_10_22-13_13_59/rosbag2_2025_10_22-13_13_59_0_csv) by extensions ['ignore', 'ignore_ament_install']
[1.379s] Level 1:colcon.colcon_core.package_identification:_identify(rosbag2_2025_10_22-13_13_59/rosbag2_2025_10_22-13_13_59_0_csv) by extension 'ignore'
[1.379s] Level 1:colcon.colcon_core.package_identification:_identify(rosbag2_2025_10_22-13_13_59/rosbag2_2025_10_22-13_13_59_0_csv) by extension 'ignore_ament_install'
[1.379s] Level 1:colcon.colcon_core.package_identification:_identify(rosbag2_2025_10_22-13_13_59/rosbag2_2025_10_22-13_13_59_0_csv) by extensions ['colcon_pkg']
[1.379s] Level 1:colcon.colcon_core.package_identification:_identify(rosbag2_2025_10_22-13_13_59/rosbag2_2025_10_22-13_13_59_0_csv) by extension 'colcon_pkg'
[1.379s] Level 1:colcon.colcon_core.package_identification:_identify(rosbag2_2025_10_22-13_13_59/rosbag2_2025_10_22-13_13_59_0_csv) by extensions ['colcon_meta']
[1.379s] Level 1:colcon.colcon_core.package_identification:_identify(rosbag2_2025_10_22-13_13_59/rosbag2_2025_10_22-13_13_59_0_csv) by extension 'colcon_meta'
[1.380s] Level 1:colcon.colcon_core.package_identification:_identify(rosbag2_2025_10_22-13_13_59/rosbag2_2025_10_22-13_13_59_0_csv) by extensions ['ros']
[1.380s] Level 1:colcon.colcon_core.package_identification:_identify(rosbag2_2025_10_22-13_13_59/rosbag2_2025_10_22-13_13_59_0_csv) by extension 'ros'
[1.380s] Level 1:colcon.colcon_core.package_identification:_identify(rosbag2_2025_10_22-13_13_59/rosbag2_2025_10_22-13_13_59_0_csv) by extensions ['cmake', 'python']
[1.380s] Level 1:colcon.colcon_core.package_identification:_identify(rosbag2_2025_10_22-13_13_59/rosbag2_2025_10_22-13_13_59_0_csv) by extension 'cmake'
[1.380s] Level 1:colcon.colcon_core.package_identification:_identify(rosbag2_2025_10_22-13_13_59/rosbag2_2025_10_22-13_13_59_0_csv) by extension 'python'
[1.380s] Level 1:colcon.colcon_core.package_identification:_identify(rosbag2_2025_10_22-13_13_59/rosbag2_2025_10_22-13_13_59_0_csv) by extensions ['python_setup_py']
[1.380s] Level 1:colcon.colcon_core.package_identification:_identify(rosbag2_2025_10_22-13_13_59/rosbag2_2025_10_22-13_13_59_0_csv) by extension 'python_setup_py'
[1.381s] Level 1:colcon.colcon_core.package_identification:_identify(samuchair_bag) by extensions ['ignore', 'ignore_ament_install']
[1.381s] Level 1:colcon.colcon_core.package_identification:_identify(samuchair_bag) by extension 'ignore'
[1.381s] Level 1:colcon.colcon_core.package_identification:_identify(samuchair_bag) by extension 'ignore_ament_install'
[1.381s] Level 1:colcon.colcon_core.package_identification:_identify(samuchair_bag) by extensions ['colcon_pkg']
[1.382s] Level 1:colcon.colcon_core.package_identification:_identify(samuchair_bag) by extension 'colcon_pkg'
[1.382s] Level 1:colcon.colcon_core.package_identification:_identify(samuchair_bag) by extensions ['colcon_meta']
[1.382s] Level 1:colcon.colcon_core.package_identification:_identify(samuchair_bag) by extension 'colcon_meta'
[1.382s] Level 1:colcon.colcon_core.package_identification:_identify(samuchair_bag) by extensions ['ros']
[1.382s] Level 1:colcon.colcon_core.package_identification:_identify(samuchair_bag) by extension 'ros'
[1.382s] Level 1:colcon.colcon_core.package_identification:_identify(samuchair_bag) by extensions ['cmake', 'python']
[1.383s] Level 1:colcon.colcon_core.package_identification:_identify(samuchair_bag) by extension 'cmake'
[1.383s] Level 1:colcon.colcon_core.package_identification:_identify(samuchair_bag) by extension 'python'
[1.383s] Level 1:colcon.colcon_core.package_identification:_identify(samuchair_bag) by extensions ['python_setup_py']
[1.383s] Level 1:colcon.colcon_core.package_identification:_identify(samuchair_bag) by extension 'python_setup_py'
[1.383s] Level 1:colcon.colcon_core.package_identification:_identify(samuchair_bag/20251022_110032) by extensions ['ignore', 'ignore_ament_install']
[1.383s] Level 1:colcon.colcon_core.package_identification:_identify(samuchair_bag/20251022_110032) by extension 'ignore'
[1.383s] Level 1:colcon.colcon_core.package_identification:_identify(samuchair_bag/20251022_110032) by extension 'ignore_ament_install'
[1.383s] Level 1:colcon.colcon_core.package_identification:_identify(samuchair_bag/20251022_110032) by extensions ['colcon_pkg']
[1.384s] Level 1:colcon.colcon_core.package_identification:_identify(samuchair_bag/20251022_110032) by extension 'colcon_pkg'
[1.384s] Level 1:colcon.colcon_core.package_identification:_identify(samuchair_bag/20251022_110032) by extensions ['colcon_meta']
[1.384s] Level 1:colcon.colcon_core.package_identification:_identify(samuchair_bag/20251022_110032) by extension 'colcon_meta'
[1.384s] Level 1:colcon.colcon_core.package_identification:_identify(samuchair_bag/20251022_110032) by extensions ['ros']
[1.384s] Level 1:colcon.colcon_core.package_identification:_identify(samuchair_bag/20251022_110032) by extension 'ros'
[1.384s] Level 1:colcon.colcon_core.package_identification:_identify(samuchair_bag/20251022_110032) by extensions ['cmake', 'python']
[1.384s] Level 1:colcon.colcon_core.package_identification:_identify(samuchair_bag/20251022_110032) by extension 'cmake'
[1.384s] Level 1:colcon.colcon_core.package_identification:_identify(samuchair_bag/20251022_110032) by extension 'python'
[1.384s] Level 1:colcon.colcon_core.package_identification:_identify(samuchair_bag/20251022_110032) by extensions ['python_setup_py']
[1.384s] Level 1:colcon.colcon_core.package_identification:_identify(samuchair_bag/20251022_110032) by extension 'python_setup_py'
[1.384s] Level 1:colcon.colcon_core.package_identification:_identify(samuchair_bag/20251022_110032/20251022_110032_0_csv) by extensions ['ignore', 'ignore_ament_install']
[1.384s] Level 1:colcon.colcon_core.package_identification:_identify(samuchair_bag/20251022_110032/20251022_110032_0_csv) by extension 'ignore'
[1.384s] Level 1:colcon.colcon_core.package_identification:_identify(samuchair_bag/20251022_110032/20251022_110032_0_csv) by extension 'ignore_ament_install'
[1.384s] Level 1:colcon.colcon_core.package_identification:_identify(samuchair_bag/20251022_110032/20251022_110032_0_csv) by extensions ['colcon_pkg']
[1.384s] Level 1:colcon.colcon_core.package_identification:_identify(samuchair_bag/20251022_110032/20251022_110032_0_csv) by extension 'colcon_pkg'
[1.384s] Level 1:colcon.colcon_core.package_identification:_identify(samuchair_bag/20251022_110032/20251022_110032_0_csv) by extensions ['colcon_meta']
[1.384s] Level 1:colcon.colcon_core.package_identification:_identify(samuchair_bag/20251022_110032/20251022_110032_0_csv) by extension 'colcon_meta'
[1.385s] Level 1:colcon.colcon_core.package_identification:_identify(samuchair_bag/20251022_110032/20251022_110032_0_csv) by extensions ['ros']
[1.385s] Level 1:colcon.colcon_core.package_identification:_identify(samuchair_bag/20251022_110032/20251022_110032_0_csv) by extension 'ros'
[1.385s] Level 1:colcon.colcon_core.package_identification:_identify(samuchair_bag/20251022_110032/20251022_110032_0_csv) by extensions ['cmake', 'python']
[1.385s] Level 1:colcon.colcon_core.package_identification:_identify(samuchair_bag/20251022_110032/20251022_110032_0_csv) by extension 'cmake'
[1.385s] Level 1:colcon.colcon_core.package_identification:_identify(samuchair_bag/20251022_110032/20251022_110032_0_csv) by extension 'python'
[1.385s] Level 1:colcon.colcon_core.package_identification:_identify(samuchair_bag/20251022_110032/20251022_110032_0_csv) by extensions ['python_setup_py']
[1.385s] Level 1:colcon.colcon_core.package_identification:_identify(samuchair_bag/20251022_110032/20251022_110032_0_csv) by extension 'python_setup_py'
[1.386s] Level 1:colcon.colcon_core.package_identification:_identify(samuchair_bag/20251022_110540) by extensions ['ignore', 'ignore_ament_install']
[1.386s] Level 1:colcon.colcon_core.package_identification:_identify(samuchair_bag/20251022_110540) by extension 'ignore'
[1.386s] Level 1:colcon.colcon_core.package_identification:_identify(samuchair_bag/20251022_110540) by extension 'ignore_ament_install'
[1.386s] Level 1:colcon.colcon_core.package_identification:_identify(samuchair_bag/20251022_110540) by extensions ['colcon_pkg']
[1.387s] Level 1:colcon.colcon_core.package_identification:_identify(samuchair_bag/20251022_110540) by extension 'colcon_pkg'
[1.387s] Level 1:colcon.colcon_core.package_identification:_identify(samuchair_bag/20251022_110540) by extensions ['colcon_meta']
[1.387s] Level 1:colcon.colcon_core.package_identification:_identify(samuchair_bag/20251022_110540) by extension 'colcon_meta'
[1.387s] Level 1:colcon.colcon_core.package_identification:_identify(samuchair_bag/20251022_110540) by extensions ['ros']
[1.387s] Level 1:colcon.colcon_core.package_identification:_identify(samuchair_bag/20251022_110540) by extension 'ros'
[1.387s] Level 1:colcon.colcon_core.package_identification:_identify(samuchair_bag/20251022_110540) by extensions ['cmake', 'python']
[1.388s] Level 1:colcon.colcon_core.package_identification:_identify(samuchair_bag/20251022_110540) by extension 'cmake'
[1.388s] Level 1:colcon.colcon_core.package_identification:_identify(samuchair_bag/20251022_110540) by extension 'python'
[1.388s] Level 1:colcon.colcon_core.package_identification:_identify(samuchair_bag/20251022_110540) by extensions ['python_setup_py']
[1.388s] Level 1:colcon.colcon_core.package_identification:_identify(samuchair_bag/20251022_110540) by extension 'python_setup_py'
[1.388s] Level 1:colcon.colcon_core.package_identification:_identify(samuchair_bag/20251022_110540/20251022_110540_0_csv) by extensions ['ignore', 'ignore_ament_install']
[1.388s] Level 1:colcon.colcon_core.package_identification:_identify(samuchair_bag/20251022_110540/20251022_110540_0_csv) by extension 'ignore'
[1.388s] Level 1:colcon.colcon_core.package_identification:_identify(samuchair_bag/20251022_110540/20251022_110540_0_csv) by extension 'ignore_ament_install'
[1.389s] Level 1:colcon.colcon_core.package_identification:_identify(samuchair_bag/20251022_110540/20251022_110540_0_csv) by extensions ['colcon_pkg']
[1.389s] Level 1:colcon.colcon_core.package_identification:_identify(samuchair_bag/20251022_110540/20251022_110540_0_csv) by extension 'colcon_pkg'
[1.389s] Level 1:colcon.colcon_core.package_identification:_identify(samuchair_bag/20251022_110540/20251022_110540_0_csv) by extensions ['colcon_meta']
[1.389s] Level 1:colcon.colcon_core.package_identification:_identify(samuchair_bag/20251022_110540/20251022_110540_0_csv) by extension 'colcon_meta'
[1.389s] Level 1:colcon.colcon_core.package_identification:_identify(samuchair_bag/20251022_110540/20251022_110540_0_csv) by extensions ['ros']
[1.389s] Level 1:colcon.colcon_core.package_identification:_identify(samuchair_bag/20251022_110540/20251022_110540_0_csv) by extension 'ros'
[1.389s] Level 1:colcon.colcon_core.package_identification:_identify(samuchair_bag/20251022_110540/20251022_110540_0_csv) by extensions ['cmake', 'python']
[1.389s] Level 1:colcon.colcon_core.package_identification:_identify(samuchair_bag/20251022_110540/20251022_110540_0_csv) by extension 'cmake'
[1.389s] Level 1:colcon.colcon_core.package_identification:_identify(samuchair_bag/20251022_110540/20251022_110540_0_csv) by extension 'python'
[1.389s] Level 1:colcon.colcon_core.package_identification:_identify(samuchair_bag/20251022_110540/20251022_110540_0_csv) by extensions ['python_setup_py']
[1.389s] Level 1:colcon.colcon_core.package_identification:_identify(samuchair_bag/20251022_110540/20251022_110540_0_csv) by extension 'python_setup_py'
[1.390s] Level 1:colcon.colcon_core.package_identification:_identify(samuchair_bag/20251022_131114) by extensions ['ignore', 'ignore_ament_install']
[1.390s] Level 1:colcon.colcon_core.package_identification:_identify(samuchair_bag/20251022_131114) by extension 'ignore'
[1.390s] Level 1:colcon.colcon_core.package_identification:_identify(samuchair_bag/20251022_131114) by extension 'ignore_ament_install'
[1.390s] Level 1:colcon.colcon_core.package_identification:_identify(samuchair_bag/20251022_131114) by extensions ['colcon_pkg']
[1.390s] Level 1:colcon.colcon_core.package_identification:_identify(samuchair_bag/20251022_131114) by extension 'colcon_pkg'
[1.390s] Level 1:colcon.colcon_core.package_identification:_identify(samuchair_bag/20251022_131114) by extensions ['colcon_meta']
[1.390s] Level 1:colcon.colcon_core.package_identification:_identify(samuchair_bag/20251022_131114) by extension 'colcon_meta'
[1.390s] Level 1:colcon.colcon_core.package_identification:_identify(samuchair_bag/20251022_131114) by extensions ['ros']
[1.390s] Level 1:colcon.colcon_core.package_identification:_identify(samuchair_bag/20251022_131114) by extension 'ros'
[1.390s] Level 1:colcon.colcon_core.package_identification:_identify(samuchair_bag/20251022_131114) by extensions ['cmake', 'python']
[1.390s] Level 1:colcon.colcon_core.package_identification:_identify(samuchair_bag/20251022_131114) by extension 'cmake'
[1.390s] Level 1:colcon.colcon_core.package_identification:_identify(samuchair_bag/20251022_131114) by extension 'python'
[1.390s] Level 1:colcon.colcon_core.package_identification:_identify(samuchair_bag/20251022_131114) by extensions ['python_setup_py']
[1.390s] Level 1:colcon.colcon_core.package_identification:_identify(samuchair_bag/20251022_131114) by extension 'python_setup_py'
[1.391s] Level 1:colcon.colcon_core.package_identification:_identify(samuchair_bag/20251022_131114/20251022_131114_0_csv) by extensions ['ignore', 'ignore_ament_install']
[1.391s] Level 1:colcon.colcon_core.package_identification:_identify(samuchair_bag/20251022_131114/20251022_131114_0_csv) by extension 'ignore'
[1.391s] Level 1:colcon.colcon_core.package_identification:_identify(samuchair_bag/20251022_131114/20251022_131114_0_csv) by extension 'ignore_ament_install'
[1.391s] Level 1:colcon.colcon_core.package_identification:_identify(samuchair_bag/20251022_131114/20251022_131114_0_csv) by extensions ['colcon_pkg']
[1.391s] Level 1:colcon.colcon_core.package_identification:_identify(samuchair_bag/20251022_131114/20251022_131114_0_csv) by extension 'colcon_pkg'
[1.391s] Level 1:colcon.colcon_core.package_identification:_identify(samuchair_bag/20251022_131114/20251022_131114_0_csv) by extensions ['colcon_meta']
[1.391s] Level 1:colcon.colcon_core.package_identification:_identify(samuchair_bag/20251022_131114/20251022_131114_0_csv) by extension 'colcon_meta'
[1.391s] Level 1:colcon.colcon_core.package_identification:_identify(samuchair_bag/20251022_131114/20251022_131114_0_csv) by extensions ['ros']
[1.391s] Level 1:colcon.colcon_core.package_identification:_identify(samuchair_bag/20251022_131114/20251022_131114_0_csv) by extension 'ros'
[1.391s] Level 1:colcon.colcon_core.package_identification:_identify(samuchair_bag/20251022_131114/20251022_131114_0_csv) by extensions ['cmake', 'python']
[1.391s] Level 1:colcon.colcon_core.package_identification:_identify(samuchair_bag/20251022_131114/20251022_131114_0_csv) by extension 'cmake'
[1.391s] Level 1:colcon.colcon_core.package_identification:_identify(samuchair_bag/20251022_131114/20251022_131114_0_csv) by extension 'python'
[1.391s] Level 1:colcon.colcon_core.package_identification:_identify(samuchair_bag/20251022_131114/20251022_131114_0_csv) by extensions ['python_setup_py']
[1.391s] Level 1:colcon.colcon_core.package_identification:_identify(samuchair_bag/20251022_131114/20251022_131114_0_csv) by extension 'python_setup_py'
[1.391s] Level 1:colcon.colcon_core.package_identification:_identify(samuchair_bag/20251027_194254) by extensions ['ignore', 'ignore_ament_install']
[1.391s] Level 1:colcon.colcon_core.package_identification:_identify(samuchair_bag/20251027_194254) by extension 'ignore'
[1.391s] Level 1:colcon.colcon_core.package_identification:_identify(samuchair_bag/20251027_194254) by extension 'ignore_ament_install'
[1.392s] Level 1:colcon.colcon_core.package_identification:_identify(samuchair_bag/20251027_194254) by extensions ['colcon_pkg']
[1.392s] Level 1:colcon.colcon_core.package_identification:_identify(samuchair_bag/20251027_194254) by extension 'colcon_pkg'
[1.392s] Level 1:colcon.colcon_core.package_identification:_identify(samuchair_bag/20251027_194254) by extensions ['colcon_meta']
[1.392s] Level 1:colcon.colcon_core.package_identification:_identify(samuchair_bag/20251027_194254) by extension 'colcon_meta'
[1.392s] Level 1:colcon.colcon_core.package_identification:_identify(samuchair_bag/20251027_194254) by extensions ['ros']
[1.392s] Level 1:colcon.colcon_core.package_identification:_identify(samuchair_bag/20251027_194254) by extension 'ros'
[1.392s] Level 1:colcon.colcon_core.package_identification:_identify(samuchair_bag/20251027_194254) by extensions ['cmake', 'python']
[1.392s] Level 1:colcon.colcon_core.package_identification:_identify(samuchair_bag/20251027_194254) by extension 'cmake'
[1.392s] Level 1:colcon.colcon_core.package_identification:_identify(samuchair_bag/20251027_194254) by extension 'python'
[1.392s] Level 1:colcon.colcon_core.package_identification:_identify(samuchair_bag/20251027_194254) by extensions ['python_setup_py']
[1.392s] Level 1:colcon.colcon_core.package_identification:_identify(samuchair_bag/20251027_194254) by extension 'python_setup_py'
[1.392s] Level 1:colcon.colcon_core.package_identification:_identify(samuchair_bag/20251118_231306) by extensions ['ignore', 'ignore_ament_install']
[1.392s] Level 1:colcon.colcon_core.package_identification:_identify(samuchair_bag/20251118_231306) by extension 'ignore'
[1.392s] Level 1:colcon.colcon_core.package_identification:_identify(samuchair_bag/20251118_231306) by extension 'ignore_ament_install'
[1.392s] Level 1:colcon.colcon_core.package_identification:_identify(samuchair_bag/20251118_231306) by extensions ['colcon_pkg']
[1.393s] Level 1:colcon.colcon_core.package_identification:_identify(samuchair_bag/20251118_231306) by extension 'colcon_pkg'
[1.393s] Level 1:colcon.colcon_core.package_identification:_identify(samuchair_bag/20251118_231306) by extensions ['colcon_meta']
[1.393s] Level 1:colcon.colcon_core.package_identification:_identify(samuchair_bag/20251118_231306) by extension 'colcon_meta'
[1.393s] Level 1:colcon.colcon_core.package_identification:_identify(samuchair_bag/20251118_231306) by extensions ['ros']
[1.393s] Level 1:colcon.colcon_core.package_identification:_identify(samuchair_bag/20251118_231306) by extension 'ros'
[1.393s] Level 1:colcon.colcon_core.package_identification:_identify(samuchair_bag/20251118_231306) by extensions ['cmake', 'python']
[1.393s] Level 1:colcon.colcon_core.package_identification:_identify(samuchair_bag/20251118_231306) by extension 'cmake'
[1.393s] Level 1:colcon.colcon_core.package_identification:_identify(samuchair_bag/20251118_231306) by extension 'python'
[1.393s] Level 1:colcon.colcon_core.package_identification:_identify(samuchair_bag/20251118_231306) by extensions ['python_setup_py']
[1.393s] Level 1:colcon.colcon_core.package_identification:_identify(samuchair_bag/20251118_231306) by extension 'python_setup_py'
[1.393s] Level 1:colcon.colcon_core.package_identification:_identify(src) by extensions ['ignore', 'ignore_ament_install']
[1.393s] Level 1:colcon.colcon_core.package_identification:_identify(src) by extension 'ignore'
[1.393s] Level 1:colcon.colcon_core.package_identification:_identify(src) by extension 'ignore_ament_install'
[1.393s] Level 1:colcon.colcon_core.package_identification:_identify(src) by extensions ['colcon_pkg']
[1.393s] Level 1:colcon.colcon_core.package_identification:_identify(src) by extension 'colcon_pkg'
[1.393s] Level 1:colcon.colcon_core.package_identification:_identify(src) by extensions ['colcon_meta']
[1.394s] Level 1:colcon.colcon_core.package_identification:_identify(src) by extension 'colcon_meta'
[1.394s] Level 1:colcon.colcon_core.package_identification:_identify(src) by extensions ['ros']
[1.394s] Level 1:colcon.colcon_core.package_identification:_identify(src) by extension 'ros'
[1.394s] Level 1:colcon.colcon_core.package_identification:_identify(src) by extensions ['cmake', 'python']
[1.394s] Level 1:colcon.colcon_core.package_identification:_identify(src) by extension 'cmake'
[1.394s] Level 1:colcon.colcon_core.package_identification:_identify(src) by extension 'python'
[1.394s] Level 1:colcon.colcon_core.package_identification:_identify(src) by extensions ['python_setup_py']
[1.394s] Level 1:colcon.colcon_core.package_identification:_identify(src) by extension 'python_setup_py'
[1.394s] Level 1:colcon.colcon_core.package_identification:_identify(src/build) by extensions ['ignore', 'ignore_ament_install']
[1.394s] Level 1:colcon.colcon_core.package_identification:_identify(src/build) by extension 'ignore'
[1.394s] Level 1:colcon.colcon_core.package_identification:_identify(src/build) ignored
[1.394s] Level 1:colcon.colcon_core.package_identification:_identify(src/install) by extensions ['ignore', 'ignore_ament_install']
[1.394s] Level 1:colcon.colcon_core.package_identification:_identify(src/install) by extension 'ignore'
[1.394s] Level 1:colcon.colcon_core.package_identification:_identify(src/install) ignored
[1.394s] Level 1:colcon.colcon_core.package_identification:_identify(src/log) by extensions ['ignore', 'ignore_ament_install']
[1.394s] Level 1:colcon.colcon_core.package_identification:_identify(src/log) by extension 'ignore'
[1.395s] Level 1:colcon.colcon_core.package_identification:_identify(src/log) ignored
[1.395s] Level 1:colcon.colcon_core.package_identification:_identify(src/samuchair) by extensions ['ignore', 'ignore_ament_install']
[1.395s] Level 1:colcon.colcon_core.package_identification:_identify(src/samuchair) by extension 'ignore'
[1.395s] Level 1:colcon.colcon_core.package_identification:_identify(src/samuchair) by extension 'ignore_ament_install'
[1.395s] Level 1:colcon.colcon_core.package_identification:_identify(src/samuchair) by extensions ['colcon_pkg']
[1.395s] Level 1:colcon.colcon_core.package_identification:_identify(src/samuchair) by extension 'colcon_pkg'
[1.395s] Level 1:colcon.colcon_core.package_identification:_identify(src/samuchair) by extensions ['colcon_meta']
[1.395s] Level 1:colcon.colcon_core.package_identification:_identify(src/samuchair) by extension 'colcon_meta'
[1.395s] Level 1:colcon.colcon_core.package_identification:_identify(src/samuchair) by extensions ['ros']
[1.395s] Level 1:colcon.colcon_core.package_identification:_identify(src/samuchair) by extension 'ros'
[1.397s] DEBUG:colcon.colcon_core.package_identification:Package 'src/samuchair' with type 'ros.ament_python' and name 'samuchair'
[1.397s] Level 1:colcon.colcon_core.package_identification:_identify(src/samuchair_interfaces) by extensions ['ignore', 'ignore_ament_install']
[1.397s] Level 1:colcon.colcon_core.package_identification:_identify(src/samuchair_interfaces) by extension 'ignore'
[1.398s] Level 1:colcon.colcon_core.package_identification:_identify(src/samuchair_interfaces) by extension 'ignore_ament_install'
[1.398s] Level 1:colcon.colcon_core.package_identification:_identify(src/samuchair_interfaces) by extensions ['colcon_pkg']
[1.398s] Level 1:colcon.colcon_core.package_identification:_identify(src/samuchair_interfaces) by extension 'colcon_pkg'
[1.398s] Level 1:colcon.colcon_core.package_identification:_identify(src/samuchair_interfaces) by extensions ['colcon_meta']
[1.398s] Level 1:colcon.colcon_core.package_identification:_identify(src/samuchair_interfaces) by extension 'colcon_meta'
[1.398s] Level 1:colcon.colcon_core.package_identification:_identify(src/samuchair_interfaces) by extensions ['ros']
[1.398s] Level 1:colcon.colcon_core.package_identification:_identify(src/samuchair_interfaces) by extension 'ros'
[1.398s] DEBUG:colcon.colcon_core.package_identification:Package 'src/samuchair_interfaces' with type 'ros.catkin' and name 'samuchair_interfaces'
[1.399s] Level 1:colcon.colcon_core.package_discovery:discover_packages(recursive) using defaults
[1.399s] Level 1:colcon.colcon_core.package_discovery:discover_packages(ignore) discover
[1.399s] Level 1:colcon.colcon_core.package_discovery:discover_packages(ignore) using defaults
[1.399s] Level 1:colcon.colcon_core.package_discovery:discover_packages(path) discover
[1.399s] Level 1:colcon.colcon_core.package_discovery:discover_packages(path) using defaults
[1.507s] Level 1:colcon.colcon_core.package_discovery:discover_packages(prefix_path) check parameters
[1.507s] Level 1:colcon.colcon_core.package_discovery:discover_packages(prefix_path) discover
[1.545s] DEBUG:colcon.colcon_installed_package_information.package_discovery:Found 4 installed packages in /home/labserver/ros2_ws/install
[1.565s] DEBUG:colcon.colcon_installed_package_information.package_discovery:Found 1 installed packages in /home/labserver/ros2_ws/src/install
[1.585s] DEBUG:colcon.colcon_installed_package_information.package_discovery:Found 270 installed packages in /opt/ros/humble
[1.586s] Level 1:colcon.colcon_core.package_discovery:discover_packages(prefix_path) using defaults
[1.677s] Level 5:colcon.colcon_core.verb:set package 'samuchair' build argument 'cmake_args' from command line to 'None'
[1.677s] Level 5:colcon.colcon_core.verb:set package 'samuchair' build argument 'cmake_target' from command line to 'None'
[1.677s] Level 5:colcon.colcon_core.verb:set package 'samuchair' build argument 'cmake_target_skip_unavailable' from command line to 'False'
[1.677s] Level 5:colcon.colcon_core.verb:set package 'samuchair' build argument 'cmake_clean_cache' from command line to 'False'
[1.677s] Level 5:colcon.colcon_core.verb:set package 'samuchair' build argument 'cmake_clean_first' from command line to 'False'
[1.677s] Level 5:colcon.colcon_core.verb:set package 'samuchair' build argument 'cmake_force_configure' from command line to 'False'
[1.677s] Level 5:colcon.colcon_core.verb:set package 'samuchair' build argument 'ament_cmake_args' from command line to 'None'
[1.678s] Level 5:colcon.colcon_core.verb:set package 'samuchair' build argument 'catkin_cmake_args' from command line to 'None'
[1.678s] Level 5:colcon.colcon_core.verb:set package 'samuchair' build argument 'catkin_skip_building_tests' from command line to 'False'
[1.678s] DEBUG:colcon.colcon_core.verb:Building package 'samuchair' with the following arguments: {'ament_cmake_args': None, 'build_base': '/home/labserver/ros2_ws/build/samuchair', 'catkin_cmake_args': None, 'catkin_skip_building_tests': False, 'cmake_args': None, 'cmake_clean_cache': False, 'cmake_clean_first': False, 'cmake_force_configure': False, 'cmake_target': None, 'cmake_target_skip_unavailable': False, 'install_base': '/home/labserver/ros2_ws/install/samuchair', 'merge_install': False, 'path': '/home/labserver/ros2_ws/src/samuchair', 'symlink_install': False, 'test_result_base': None}
[1.694s] Level 5:colcon.colcon_core.verb:set package 'samuchair_interfaces' build argument 'cmake_args' from command line to 'None'
[1.695s] Level 5:colcon.colcon_core.verb:set package 'samuchair_interfaces' build argument 'cmake_target' from command line to 'None'
[1.695s] Level 5:colcon.colcon_core.verb:set package 'samuchair_interfaces' build argument 'cmake_target_skip_unavailable' from command line to 'False'
[1.695s] Level 5:colcon.colcon_core.verb:set package 'samuchair_interfaces' build argument 'cmake_clean_cache' from command line to 'False'
[1.695s] Level 5:colcon.colcon_core.verb:set package 'samuchair_interfaces' build argument 'cmake_clean_first' from command line to 'False'
[1.695s] Level 5:colcon.colcon_core.verb:set package 'samuchair_interfaces' build argument 'cmake_force_configure' from command line to 'False'
[1.695s] Level 5:colcon.colcon_core.verb:set package 'samuchair_interfaces' build argument 'ament_cmake_args' from command line to 'None'
[1.695s] Level 5:colcon.colcon_core.verb:set package 'samuchair_interfaces' build argument 'catkin_cmake_args' from command line to 'None'
[1.695s] Level 5:colcon.colcon_core.verb:set package 'samuchair_interfaces' build argument 'catkin_skip_building_tests' from command line to 'False'
[1.695s] DEBUG:colcon.colcon_core.verb:Building package 'samuchair_interfaces' with the following arguments: {'ament_cmake_args': None, 'build_base': '/home/labserver/ros2_ws/build/samuchair_interfaces', 'catkin_cmake_args': None, 'catkin_skip_building_tests': False, 'cmake_args': None, 'cmake_clean_cache': False, 'cmake_clean_first': False, 'cmake_force_configure': False, 'cmake_target': None, 'cmake_target_skip_unavailable': False, 'install_base': '/home/labserver/ros2_ws/install/samuchair_interfaces', 'merge_install': False, 'path': '/home/labserver/ros2_ws/src/samuchair_interfaces', 'symlink_install': False, 'test_result_base': None}
[1.712s] INFO:colcon.colcon_core.executor:Executing jobs using 'parallel' executor
[1.734s] DEBUG:colcon.colcon_parallel_executor.executor.parallel:run_until_complete
[1.734s] INFO:colcon.colcon_ros.task.ament_python.build:Building ROS package in '/home/labserver/ros2_ws/src/samuchair' with build type 'ament_python'
[1.735s] Level 1:colcon.colcon_core.shell:create_environment_hook('samuchair', 'ament_prefix_path')
[1.755s] INFO:colcon.colcon_core.plugin_system:Skipping extension 'colcon_core.shell.bat': Not used on non-Windows systems
[1.755s] INFO:colcon.colcon_core.shell:Creating environment hook '/home/labserver/ros2_ws/install/samuchair/share/samuchair/hook/ament_prefix_path.ps1'
[1.757s] INFO:colcon.colcon_core.shell:Creating environment descriptor '/home/labserver/ros2_ws/install/samuchair/share/samuchair/hook/ament_prefix_path.dsv'
[1.758s] INFO:colcon.colcon_core.shell:Creating environment hook '/home/labserver/ros2_ws/install/samuchair/share/samuchair/hook/ament_prefix_path.sh'
[1.784s] INFO:colcon.colcon_core.shell:Skip shell extension 'powershell' for command environment: Not usable outside of PowerShell
[1.784s] DEBUG:colcon.colcon_core.shell:Skip shell extension 'dsv' for command environment
[1.876s] INFO:colcon.colcon_ros.task.catkin.build:Building ROS package in '/home/labserver/ros2_ws/src/samuchair_interfaces' with build type 'catkin'
[1.877s] INFO:colcon.colcon_cmake.task.cmake.build:Building CMake package in '/home/labserver/ros2_ws/src/samuchair_interfaces'
[1.908s] INFO:colcon.colcon_core.shell:Skip shell extension 'powershell' for command environment: Not usable outside of PowerShell
[1.909s] DEBUG:colcon.colcon_core.shell:Skip shell extension 'dsv' for command environment
[2.271s] INFO:colcon.colcon_core.task.python.build:Building Python package in '/home/labserver/ros2_ws/src/samuchair'
[2.289s] INFO:colcon.colcon_core.shell:Skip shell extension 'powershell' for command environment: Not usable outside of PowerShell
[2.290s] DEBUG:colcon.colcon_core.shell:Skip shell extension 'dsv' for command environment
[2.400s] DEBUG:colcon.colcon_core.event_handler.log_command:Invoking command in '/home/labserver/ros2_ws/build/samuchair_interfaces': /usr/bin/cmake --build /home/labserver/ros2_ws/build/samuchair_interfaces -- -j2 -l2
[3.671s] DEBUG:colcon.colcon_core.event_handler.log_command:Invoked command in '/home/labserver/ros2_ws/build/samuchair_interfaces' returned '0': /usr/bin/cmake --build /home/labserver/ros2_ws/build/samuchair_interfaces -- -j2 -l2
[4.180s] DEBUG:colcon.colcon_core.event_handler.log_command:Invoking command in '/home/labserver/ros2_ws/src/samuchair': PYTHONPATH=/home/labserver/ros2_ws/build/samuchair/prefix_override:/home/labserver/ros2_ws/install/samuchair/lib/python3.10/site-packages:${PYTHONPATH} /usr/bin/python3 setup.py egg_info --egg-base ../../build/samuchair build --build-base /home/labserver/ros2_ws/build/samuchair/build install --record /home/labserver/ros2_ws/build/samuchair/install.log --single-version-externally-managed
[4.216s] DEBUG:colcon.colcon_core.event_handler.log_command:Invoking command in '/home/labserver/ros2_ws/build/samuchair_interfaces': /usr/bin/cmake --install /home/labserver/ros2_ws/build/samuchair_interfaces
[4.450s] DEBUG:colcon.colcon_core.event_handler.log_command:Invoked command in '/home/labserver/ros2_ws/build/samuchair_interfaces' returned '0': /usr/bin/cmake --install /home/labserver/ros2_ws/build/samuchair_interfaces
[4.742s] Level 1:colcon.colcon_core.shell:create_environment_hook('samuchair_interfaces', 'ros_package_path')
[4.780s] INFO:colcon.colcon_core.shell:Creating environment hook '/home/labserver/ros2_ws/install/samuchair_interfaces/share/samuchair_interfaces/hook/ros_package_path.ps1'
[4.783s] INFO:colcon.colcon_core.shell:Creating environment descriptor '/home/labserver/ros2_ws/install/samuchair_interfaces/share/samuchair_interfaces/hook/ros_package_path.dsv'
[4.786s] INFO:colcon.colcon_core.shell:Creating environment hook '/home/labserver/ros2_ws/install/samuchair_interfaces/share/samuchair_interfaces/hook/ros_package_path.sh'
[4.788s] Level 1:colcon.colcon_ros.task.catkin:checking '/home/labserver/ros2_ws/install/samuchair_interfaces/local/lib/python3.10/dist-packages'
[4.791s] Level 1:colcon.colcon_core.shell:create_environment_hook('samuchair_interfaces', 'catkin_pythonpath')
[4.833s] INFO:colcon.colcon_core.shell:Creating environment hook '/home/labserver/ros2_ws/install/samuchair_interfaces/share/samuchair_interfaces/hook/catkin_pythonpath.ps1'
[4.838s] INFO:colcon.colcon_core.shell:Creating environment descriptor '/home/labserver/ros2_ws/install/samuchair_interfaces/share/samuchair_interfaces/hook/catkin_pythonpath.dsv'
[4.843s] INFO:colcon.colcon_core.shell:Creating environment hook '/home/labserver/ros2_ws/install/samuchair_interfaces/share/samuchair_interfaces/hook/catkin_pythonpath.sh'
[4.844s] Level 1:colcon.colcon_core.shell:create_environment_hook('samuchair_interfaces', 'pkg_config_path')
[4.890s] INFO:colcon.colcon_core.shell:Creating environment hook '/home/labserver/ros2_ws/install/samuchair_interfaces/share/samuchair_interfaces/hook/pkg_config_path.ps1'
[4.893s] INFO:colcon.colcon_core.shell:Creating environment descriptor '/home/labserver/ros2_ws/install/samuchair_interfaces/share/samuchair_interfaces/hook/pkg_config_path.dsv'
[4.894s] INFO:colcon.colcon_core.shell:Creating environment hook '/home/labserver/ros2_ws/install/samuchair_interfaces/share/samuchair_interfaces/hook/pkg_config_path.sh'
[4.898s] Level 1:colcon.colcon_core.shell:create_environment_hook('samuchair_interfaces', 'pkg_config_path_multiarch')
[4.941s] INFO:colcon.colcon_core.shell:Creating environment hook '/home/labserver/ros2_ws/install/samuchair_interfaces/share/samuchair_interfaces/hook/pkg_config_path_multiarch.ps1'
[4.942s] INFO:colcon.colcon_core.shell:Creating environment descriptor '/home/labserver/ros2_ws/install/samuchair_interfaces/share/samuchair_interfaces/hook/pkg_config_path_multiarch.dsv'
[4.942s] INFO:colcon.colcon_core.shell:Creating environment hook '/home/labserver/ros2_ws/install/samuchair_interfaces/share/samuchair_interfaces/hook/pkg_config_path_multiarch.sh'
[4.995s] Level 1:colcon.colcon_core.environment:create_environment_scripts_only(samuchair_interfaces)
[5.051s] Level 1:colcon.colcon_core.environment:checking '/home/labserver/ros2_ws/install/samuchair_interfaces' for CMake module files
[5.052s] Level 1:colcon.colcon_core.environment:checking '/home/labserver/ros2_ws/install/samuchair_interfaces' for CMake config files
[5.057s] Level 1:colcon.colcon_core.shell:create_environment_hook('samuchair_interfaces', 'cmake_prefix_path')
[5.121s] INFO:colcon.colcon_core.shell:Creating environment hook '/home/labserver/ros2_ws/install/samuchair_interfaces/share/samuchair_interfaces/hook/cmake_prefix_path.ps1'
[5.124s] INFO:colcon.colcon_core.shell:Creating environment descriptor '/home/labserver/ros2_ws/install/samuchair_interfaces/share/samuchair_interfaces/hook/cmake_prefix_path.dsv'
[5.125s] INFO:colcon.colcon_core.shell:Creating environment hook '/home/labserver/ros2_ws/install/samuchair_interfaces/share/samuchair_interfaces/hook/cmake_prefix_path.sh'
[5.130s] Level 1:colcon.colcon_core.environment:checking '/home/labserver/ros2_ws/install/samuchair_interfaces/lib'
[5.136s] Level 1:colcon.colcon_core.shell:create_environment_hook('samuchair_interfaces', 'ld_library_path_lib')
[5.201s] INFO:colcon.colcon_core.shell:Creating environment hook '/home/labserver/ros2_ws/install/samuchair_interfaces/share/samuchair_interfaces/hook/ld_library_path_lib.ps1'
[5.203s] INFO:colcon.colcon_core.shell:Creating environment descriptor '/home/labserver/ros2_ws/install/samuchair_interfaces/share/samuchair_interfaces/hook/ld_library_path_lib.dsv'
[5.206s] INFO:colcon.colcon_core.shell:Creating environment hook '/home/labserver/ros2_ws/install/samuchair_interfaces/share/samuchair_interfaces/hook/ld_library_path_lib.sh'
[5.207s] Level 1:colcon.colcon_core.environment:checking '/home/labserver/ros2_ws/install/samuchair_interfaces/bin'
[5.207s] Level 1:colcon.colcon_core.environment:checking '/home/labserver/ros2_ws/install/samuchair_interfaces/lib/pkgconfig/samuchair_interfaces.pc'
[5.207s] Level 1:colcon.colcon_core.environment:checking '/home/labserver/ros2_ws/install/samuchair_interfaces/lib/python3.10/site-packages'
[5.210s] Level 1:colcon.colcon_core.environment:checking '/home/labserver/ros2_ws/install/samuchair_interfaces/bin'
[5.255s] INFO:colcon.colcon_core.shell:Creating package script '/home/labserver/ros2_ws/install/samuchair_interfaces/share/samuchair_interfaces/package.ps1'
[5.260s] INFO:colcon.colcon_core.shell:Creating package descriptor '/home/labserver/ros2_ws/install/samuchair_interfaces/share/samuchair_interfaces/package.dsv'
[5.261s] INFO:colcon.colcon_core.shell:Creating package script '/home/labserver/ros2_ws/install/samuchair_interfaces/share/samuchair_interfaces/package.sh'
[5.264s] INFO:colcon.colcon_core.shell:Creating package script '/home/labserver/ros2_ws/install/samuchair_interfaces/share/samuchair_interfaces/package.bash'
[5.266s] INFO:colcon.colcon_core.shell:Creating package script '/home/labserver/ros2_ws/install/samuchair_interfaces/share/samuchair_interfaces/package.zsh'
[5.270s] Level 1:colcon.colcon_core.environment:create_file_with_runtime_dependencies(/home/labserver/ros2_ws/install/samuchair_interfaces/share/colcon-core/packages/samuchair_interfaces)
[5.460s] DEBUG:colcon.colcon_core.event_handler.log_command:Invoked command in '/home/labserver/ros2_ws/src/samuchair' returned '0': PYTHONPATH=/home/labserver/ros2_ws/build/samuchair/prefix_override:/home/labserver/ros2_ws/install/samuchair/lib/python3.10/site-packages:${PYTHONPATH} /usr/bin/python3 setup.py egg_info --egg-base ../../build/samuchair build --build-base /home/labserver/ros2_ws/build/samuchair/build install --record /home/labserver/ros2_ws/build/samuchair/install.log --single-version-externally-managed
[5.486s] Level 1:colcon.colcon_core.environment:checking '/home/labserver/ros2_ws/install/samuchair' for CMake module files
[5.487s] Level 1:colcon.colcon_core.environment:checking '/home/labserver/ros2_ws/install/samuchair' for CMake config files
[5.487s] Level 1:colcon.colcon_core.environment:checking '/home/labserver/ros2_ws/install/samuchair/lib'
[5.487s] Level 1:colcon.colcon_core.environment:checking '/home/labserver/ros2_ws/install/samuchair/bin'
[5.487s] Level 1:colcon.colcon_core.environment:checking '/home/labserver/ros2_ws/install/samuchair/lib/pkgconfig/samuchair.pc'
[5.488s] Level 1:colcon.colcon_core.environment:checking '/home/labserver/ros2_ws/install/samuchair/lib/python3.10/site-packages'
[5.488s] Level 1:colcon.colcon_core.shell:create_environment_hook('samuchair', 'pythonpath')
[5.511s] INFO:colcon.colcon_core.shell:Creating environment hook '/home/labserver/ros2_ws/install/samuchair/share/samuchair/hook/pythonpath.ps1'
[5.511s] INFO:colcon.colcon_core.shell:Creating environment descriptor '/home/labserver/ros2_ws/install/samuchair/share/samuchair/hook/pythonpath.dsv'
[5.513s] INFO:colcon.colcon_core.shell:Creating environment hook '/home/labserver/ros2_ws/install/samuchair/share/samuchair/hook/pythonpath.sh'
[5.514s] Level 1:colcon.colcon_core.environment:checking '/home/labserver/ros2_ws/install/samuchair/bin'
[5.515s] Level 1:colcon.colcon_core.environment:create_environment_scripts_only(samuchair)
[5.537s] INFO:colcon.colcon_core.shell:Creating package script '/home/labserver/ros2_ws/install/samuchair/share/samuchair/package.ps1'
[5.538s] INFO:colcon.colcon_core.shell:Creating package descriptor '/home/labserver/ros2_ws/install/samuchair/share/samuchair/package.dsv'
[5.538s] INFO:colcon.colcon_core.shell:Creating package script '/home/labserver/ros2_ws/install/samuchair/share/samuchair/package.sh'
[5.539s] INFO:colcon.colcon_core.shell:Creating package script '/home/labserver/ros2_ws/install/samuchair/share/samuchair/package.bash'
[5.540s] INFO:colcon.colcon_core.shell:Creating package script '/home/labserver/ros2_ws/install/samuchair/share/samuchair/package.zsh'
[5.541s] Level 1:colcon.colcon_core.environment:create_file_with_runtime_dependencies(/home/labserver/ros2_ws/install/samuchair/share/colcon-core/packages/samuchair)
[5.542s] DEBUG:colcon.colcon_parallel_executor.executor.parallel:closing loop
[5.542s] DEBUG:colcon.colcon_parallel_executor.executor.parallel:loop closed
[5.542s] DEBUG:colcon.colcon_parallel_executor.executor.parallel:run_until_complete finished with '0'
[5.542s] DEBUG:colcon.colcon_core.event_reactor:joining thread
[5.590s] INFO:colcon.colcon_core.plugin_system:Skipping extension 'colcon_notification.desktop_notification.terminal_notifier': Not used on non-Darwin systems
[5.590s] INFO:colcon.colcon_core.plugin_system:Skipping extension 'colcon_notification.desktop_notification.win32': Not used on non-Windows systems
[5.590s] INFO:colcon.colcon_notification.desktop_notification:Sending desktop notification using 'notify2'
[5.618s] DEBUG:colcon.colcon_core.event_reactor:joined thread
[5.655s] INFO:colcon.colcon_core.shell:Creating prefix script '/home/labserver/ros2_ws/install/local_setup.ps1'
[5.658s] INFO:colcon.colcon_core.shell:Creating prefix util module '/home/labserver/ros2_ws/install/_local_setup_util_ps1.py'
[5.663s] INFO:colcon.colcon_core.shell:Creating prefix chain script '/home/labserver/ros2_ws/install/setup.ps1'
[5.685s] INFO:colcon.colcon_core.shell:Creating prefix script '/home/labserver/ros2_ws/install/local_setup.sh'
[5.688s] INFO:colcon.colcon_core.shell:Creating prefix util module '/home/labserver/ros2_ws/install/_local_setup_util_sh.py'
[5.689s] INFO:colcon.colcon_core.shell:Creating prefix chain script '/home/labserver/ros2_ws/install/setup.sh'
[5.711s] INFO:colcon.colcon_core.shell:Creating prefix script '/home/labserver/ros2_ws/install/local_setup.bash'
[5.712s] INFO:colcon.colcon_core.shell:Creating prefix chain script '/home/labserver/ros2_ws/install/setup.bash'
[5.732s] INFO:colcon.colcon_core.shell:Creating prefix script '/home/labserver/ros2_ws/install/local_setup.zsh'
[5.733s] INFO:colcon.colcon_core.shell:Creating prefix chain script '/home/labserver/ros2_ws/install/setup.zsh'
