[1.249s] DEBUG:colcon:Command line arguments: ['/usr/bin/colcon', 'build']
[1.249s] DEBUG:colcon:Parsed command line arguments: Namespace(log_base=None, log_level=None, verb_name='build', build_base='build', install_base='install', merge_install=False, symlink_install=False, test_result_base=None, continue_on_error=False, executor='parallel', parallel_workers=2, event_handlers=None, ignore_user_meta=False, metas=['./colcon.meta'], base_paths=['.'], packages_ignore=None, packages_ignore_regex=None, paths=None, packages_up_to=None, packages_up_to_regex=None, packages_above=None, packages_above_and_dependencies=None, packages_above_depth=None, packages_select_by_dep=None, packages_skip_by_dep=None, packages_skip_up_to=None, packages_select_build_failed=False, packages_skip_build_finished=False, packages_select_test_failures=False, packages_skip_test_passed=False, packages_select=None, packages_skip=None, packages_select_regex=None, packages_skip_regex=None, packages_start=None, packages_end=None, allow_overriding=[], cmake_args=None, cmake_target=None, cmake_target_skip_unavailable=False, cmake_clean_cache=False, cmake_clean_first=False, cmake_force_configure=False, ament_cmake_args=None, catkin_cmake_args=None, catkin_skip_building_tests=False, verb_parser=<colcon_defaults.argument_parser.defaults.DefaultArgumentsDecorator object at 0x76f24e7848e0>, verb_extension=<colcon_core.verb.build.BuildVerb object at 0x76f24ebebf40>, main=<bound method BuildVerb.main of <colcon_core.verb.build.BuildVerb object at 0x76f24ebebf40>>)
[1.312s] Level 1:colcon.colcon_core.package_discovery:discover_packages(colcon_meta) check parameters
[1.313s] Level 1:colcon.colcon_core.package_discovery:discover_packages(recursive) check parameters
[1.313s] Level 1:colcon.colcon_core.package_discovery:discover_packages(ignore) check parameters
[1.313s] Level 1:colcon.colcon_core.package_discovery:discover_packages(path) check parameters
[1.313s] Level 1:colcon.colcon_core.package_discovery:discover_packages(colcon_meta) discover
[1.313s] Level 1:colcon.colcon_core.package_discovery:discover_packages(recursive) discover
[1.314s] INFO:colcon.colcon_core.package_discovery:Crawling recursively for packages in '/home/labserver/ros2_ws'
[1.314s] Level 1:colcon.colcon_core.package_identification:_identify(.) by extensions ['ignore', 'ignore_ament_install']
[1.314s] Level 1:colcon.colcon_core.package_identification:_identify(.) by extension 'ignore'
[1.314s] Level 1:colcon.colcon_core.package_identification:_identify(.) by extension 'ignore_ament_install'
[1.314s] Level 1:colcon.colcon_core.package_identification:_identify(.) by extensions ['colcon_pkg']
[1.314s] Level 1:colcon.colcon_core.package_identification:_identify(.) by extension 'colcon_pkg'
[1.314s] Level 1:colcon.colcon_core.package_identification:_identify(.) by extensions ['colcon_meta']
[1.314s] Level 1:colcon.colcon_core.package_identification:_identify(.) by extension 'colcon_meta'
[1.314s] Level 1:colcon.colcon_core.package_identification:_identify(.) by extensions ['ros']
[1.314s] Level 1:colcon.colcon_core.package_identification:_identify(.) by extension 'ros'
[1.327s] Level 1:colcon.colcon_core.package_identification:_identify(.) by extensions ['cmake', 'python']
[1.327s] Level 1:colcon.colcon_core.package_identification:_identify(.) by extension 'cmake'
[1.328s] Level 1:colcon.colcon_core.package_identification:_identify(.) by extension 'python'
[1.328s] Level 1:colcon.colcon_core.package_identification:_identify(.) by extensions ['python_setup_py']
[1.328s] Level 1:colcon.colcon_core.package_identification:_identify(.) by extension 'python_setup_py'
[1.328s] Level 1:colcon.colcon_core.package_identification:_identify(build) by extensions ['ignore', 'ignore_ament_install']
[1.328s] Level 1:colcon.colcon_core.package_identification:_identify(build) by extension 'ignore'
[1.328s] Level 1:colcon.colcon_core.package_identification:_identify(build) ignored
[1.329s] Level 1:colcon.colcon_core.package_identification:_identify(fotos) by extensions ['ignore', 'ignore_ament_install']
[1.329s] Level 1:colcon.colcon_core.package_identification:_identify(fotos) by extension 'ignore'
[1.329s] Level 1:colcon.colcon_core.package_identification:_identify(fotos) by extension 'ignore_ament_install'
[1.329s] Level 1:colcon.colcon_core.package_identification:_identify(fotos) by extensions ['colcon_pkg']
[1.329s] Level 1:colcon.colcon_core.package_identification:_identify(fotos) by extension 'colcon_pkg'
[1.329s] Level 1:colcon.colcon_core.package_identification:_identify(fotos) by extensions ['colcon_meta']
[1.330s] Level 1:colcon.colcon_core.package_identification:_identify(fotos) by extension 'colcon_meta'
[1.330s] Level 1:colcon.colcon_core.package_identification:_identify(fotos) by extensions ['ros']
[1.330s] Level 1:colcon.colcon_core.package_identification:_identify(fotos) by extension 'ros'
[1.330s] Level 1:colcon.colcon_core.package_identification:_identify(fotos) by extensions ['cmake', 'python']
[1.330s] Level 1:colcon.colcon_core.package_identification:_identify(fotos) by extension 'cmake'
[1.330s] Level 1:colcon.colcon_core.package_identification:_identify(fotos) by extension 'python'
[1.331s] Level 1:colcon.colcon_core.package_identification:_identify(fotos) by extensions ['python_setup_py']
[1.331s] Level 1:colcon.colcon_core.package_identification:_identify(fotos) by extension 'python_setup_py'
[1.331s] Level 1:colcon.colcon_core.package_identification:_identify(install) by extensions ['ignore', 'ignore_ament_install']
[1.331s] Level 1:colcon.colcon_core.package_identification:_identify(install) by extension 'ignore'
[1.331s] Level 1:colcon.colcon_core.package_identification:_identify(install) ignored
[1.332s] Level 1:colcon.colcon_core.package_identification:_identify(log) by extensions ['ignore', 'ignore_ament_install']
[1.332s] Level 1:colcon.colcon_core.package_identification:_identify(log) by extension 'ignore'
[1.332s] Level 1:colcon.colcon_core.package_identification:_identify(log) ignored
[1.332s] Level 1:colcon.colcon_core.package_identification:_identify(src) by extensions ['ignore', 'ignore_ament_install']
[1.332s] Level 1:colcon.colcon_core.package_identification:_identify(src) by extension 'ignore'
[1.332s] Level 1:colcon.colcon_core.package_identification:_identify(src) by extension 'ignore_ament_install'
[1.332s] Level 1:colcon.colcon_core.package_identification:_identify(src) by extensions ['colcon_pkg']
[1.332s] Level 1:colcon.colcon_core.package_identification:_identify(src) by extension 'colcon_pkg'
[1.332s] Level 1:colcon.colcon_core.package_identification:_identify(src) by extensions ['colcon_meta']
[1.332s] Level 1:colcon.colcon_core.package_identification:_identify(src) by extension 'colcon_meta'
[1.332s] Level 1:colcon.colcon_core.package_identification:_identify(src) by extensions ['ros']
[1.332s] Level 1:colcon.colcon_core.package_identification:_identify(src) by extension 'ros'
[1.332s] Level 1:colcon.colcon_core.package_identification:_identify(src) by extensions ['cmake', 'python']
[1.332s] Level 1:colcon.colcon_core.package_identification:_identify(src) by extension 'cmake'
[1.332s] Level 1:colcon.colcon_core.package_identification:_identify(src) by extension 'python'
[1.332s] Level 1:colcon.colcon_core.package_identification:_identify(src) by extensions ['python_setup_py']
[1.332s] Level 1:colcon.colcon_core.package_identification:_identify(src) by extension 'python_setup_py'
[1.332s] Level 1:colcon.colcon_core.package_identification:_identify(src/build) by extensions ['ignore', 'ignore_ament_install']
[1.333s] Level 1:colcon.colcon_core.package_identification:_identify(src/build) by extension 'ignore'
[1.333s] Level 1:colcon.colcon_core.package_identification:_identify(src/build) ignored
[1.333s] Level 1:colcon.colcon_core.package_identification:_identify(src/install) by extensions ['ignore', 'ignore_ament_install']
[1.333s] Level 1:colcon.colcon_core.package_identification:_identify(src/install) by extension 'ignore'
[1.334s] Level 1:colcon.colcon_core.package_identification:_identify(src/install) ignored
[1.334s] Level 1:colcon.colcon_core.package_identification:_identify(src/log) by extensions ['ignore', 'ignore_ament_install']
[1.334s] Level 1:colcon.colcon_core.package_identification:_identify(src/log) by extension 'ignore'
[1.334s] Level 1:colcon.colcon_core.package_identification:_identify(src/log) ignored
[1.335s] Level 1:colcon.colcon_core.package_identification:_identify(src/my_robot_controller) by extensions ['ignore', 'ignore_ament_install']
[1.335s] Level 1:colcon.colcon_core.package_identification:_identify(src/my_robot_controller) by extension 'ignore'
[1.335s] Level 1:colcon.colcon_core.package_identification:_identify(src/my_robot_controller) by extension 'ignore_ament_install'
[1.335s] Level 1:colcon.colcon_core.package_identification:_identify(src/my_robot_controller) by extensions ['colcon_pkg']
[1.335s] Level 1:colcon.colcon_core.package_identification:_identify(src/my_robot_controller) by extension 'colcon_pkg'
[1.335s] Level 1:colcon.colcon_core.package_identification:_identify(src/my_robot_controller) by extensions ['colcon_meta']
[1.335s] Level 1:colcon.colcon_core.package_identification:_identify(src/my_robot_controller) by extension 'colcon_meta'
[1.335s] Level 1:colcon.colcon_core.package_identification:_identify(src/my_robot_controller) by extensions ['ros']
[1.335s] Level 1:colcon.colcon_core.package_identification:_identify(src/my_robot_controller) by extension 'ros'
[1.339s] DEBUG:colcon.colcon_core.package_identification:Package 'src/my_robot_controller' with type 'ros.ament_python' and name 'my_robot_controller'
[1.340s] Level 1:colcon.colcon_core.package_identification:_identify(src/prueba) by extensions ['ignore', 'ignore_ament_install']
[1.340s] Level 1:colcon.colcon_core.package_identification:_identify(src/prueba) by extension 'ignore'
[1.340s] Level 1:colcon.colcon_core.package_identification:_identify(src/prueba) by extension 'ignore_ament_install'
[1.340s] Level 1:colcon.colcon_core.package_identification:_identify(src/prueba) by extensions ['colcon_pkg']
[1.341s] Level 1:colcon.colcon_core.package_identification:_identify(src/prueba) by extension 'colcon_pkg'
[1.341s] Level 1:colcon.colcon_core.package_identification:_identify(src/prueba) by extensions ['colcon_meta']
[1.341s] Level 1:colcon.colcon_core.package_identification:_identify(src/prueba) by extension 'colcon_meta'
[1.341s] Level 1:colcon.colcon_core.package_identification:_identify(src/prueba) by extensions ['ros']
[1.341s] Level 1:colcon.colcon_core.package_identification:_identify(src/prueba) by extension 'ros'
[1.342s] DEBUG:colcon.colcon_core.package_identification:Package 'src/prueba' with type 'ros.ament_python' and name 'prueba'
[1.342s] Level 1:colcon.colcon_core.package_identification:_identify(src/samuchair) by extensions ['ignore', 'ignore_ament_install']
[1.343s] Level 1:colcon.colcon_core.package_identification:_identify(src/samuchair) by extension 'ignore'
[1.343s] Level 1:colcon.colcon_core.package_identification:_identify(src/samuchair) by extension 'ignore_ament_install'
[1.343s] Level 1:colcon.colcon_core.package_identification:_identify(src/samuchair) by extensions ['colcon_pkg']
[1.343s] Level 1:colcon.colcon_core.package_identification:_identify(src/samuchair) by extension 'colcon_pkg'
[1.343s] Level 1:colcon.colcon_core.package_identification:_identify(src/samuchair) by extensions ['colcon_meta']
[1.343s] Level 1:colcon.colcon_core.package_identification:_identify(src/samuchair) by extension 'colcon_meta'
[1.343s] Level 1:colcon.colcon_core.package_identification:_identify(src/samuchair) by extensions ['ros']
[1.343s] Level 1:colcon.colcon_core.package_identification:_identify(src/samuchair) by extension 'ros'
[1.344s] DEBUG:colcon.colcon_core.package_identification:Package 'src/samuchair' with type 'ros.ament_python' and name 'samuchair'
[1.344s] Level 1:colcon.colcon_core.package_identification:_identify(src/samuchair_interfaces) by extensions ['ignore', 'ignore_ament_install']
[1.344s] Level 1:colcon.colcon_core.package_identification:_identify(src/samuchair_interfaces) by extension 'ignore'
[1.344s] Level 1:colcon.colcon_core.package_identification:_identify(src/samuchair_interfaces) by extension 'ignore_ament_install'
[1.344s] Level 1:colcon.colcon_core.package_identification:_identify(src/samuchair_interfaces) by extensions ['colcon_pkg']
[1.344s] Level 1:colcon.colcon_core.package_identification:_identify(src/samuchair_interfaces) by extension 'colcon_pkg'
[1.344s] Level 1:colcon.colcon_core.package_identification:_identify(src/samuchair_interfaces) by extensions ['colcon_meta']
[1.345s] Level 1:colcon.colcon_core.package_identification:_identify(src/samuchair_interfaces) by extension 'colcon_meta'
[1.345s] Level 1:colcon.colcon_core.package_identification:_identify(src/samuchair_interfaces) by extensions ['ros']
[1.345s] Level 1:colcon.colcon_core.package_identification:_identify(src/samuchair_interfaces) by extension 'ros'
[1.345s] DEBUG:colcon.colcon_core.package_identification:Package 'src/samuchair_interfaces' with type 'ros.catkin' and name 'samuchair_interfaces'
[1.345s] Level 1:colcon.colcon_core.package_discovery:discover_packages(recursive) using defaults
[1.345s] Level 1:colcon.colcon_core.package_discovery:discover_packages(ignore) discover
[1.345s] Level 1:colcon.colcon_core.package_discovery:discover_packages(ignore) using defaults
[1.345s] Level 1:colcon.colcon_core.package_discovery:discover_packages(path) discover
[1.345s] Level 1:colcon.colcon_core.package_discovery:discover_packages(path) using defaults
[1.493s] Level 1:colcon.colcon_core.package_discovery:discover_packages(prefix_path) check parameters
[1.494s] Level 1:colcon.colcon_core.package_discovery:discover_packages(prefix_path) discover
[1.530s] DEBUG:colcon.colcon_installed_package_information.package_discovery:Found 4 installed packages in /home/labserver/ros2_ws/install
[1.549s] DEBUG:colcon.colcon_installed_package_information.package_discovery:Found 1 installed packages in /home/labserver/ros2_ws/src/install
[1.568s] DEBUG:colcon.colcon_installed_package_information.package_discovery:Found 270 installed packages in /opt/ros/humble
[1.569s] Level 1:colcon.colcon_core.package_discovery:discover_packages(prefix_path) using defaults
[1.657s] Level 5:colcon.colcon_core.verb:set package 'my_robot_controller' build argument 'cmake_args' from command line to 'None'
[1.657s] Level 5:colcon.colcon_core.verb:set package 'my_robot_controller' build argument 'cmake_target' from command line to 'None'
[1.657s] Level 5:colcon.colcon_core.verb:set package 'my_robot_controller' build argument 'cmake_target_skip_unavailable' from command line to 'False'
[1.657s] Level 5:colcon.colcon_core.verb:set package 'my_robot_controller' build argument 'cmake_clean_cache' from command line to 'False'
[1.657s] Level 5:colcon.colcon_core.verb:set package 'my_robot_controller' build argument 'cmake_clean_first' from command line to 'False'
[1.657s] Level 5:colcon.colcon_core.verb:set package 'my_robot_controller' build argument 'cmake_force_configure' from command line to 'False'
[1.657s] Level 5:colcon.colcon_core.verb:set package 'my_robot_controller' build argument 'ament_cmake_args' from command line to 'None'
[1.657s] Level 5:colcon.colcon_core.verb:set package 'my_robot_controller' build argument 'catkin_cmake_args' from command line to 'None'
[1.657s] Level 5:colcon.colcon_core.verb:set package 'my_robot_controller' build argument 'catkin_skip_building_tests' from command line to 'False'
[1.658s] DEBUG:colcon.colcon_core.verb:Building package 'my_robot_controller' with the following arguments: {'ament_cmake_args': None, 'build_base': '/home/labserver/ros2_ws/build/my_robot_controller', 'catkin_cmake_args': None, 'catkin_skip_building_tests': False, 'cmake_args': None, 'cmake_clean_cache': False, 'cmake_clean_first': False, 'cmake_force_configure': False, 'cmake_target': None, 'cmake_target_skip_unavailable': False, 'install_base': '/home/labserver/ros2_ws/install/my_robot_controller', 'merge_install': False, 'path': '/home/labserver/ros2_ws/src/my_robot_controller', 'symlink_install': False, 'test_result_base': None}
[1.691s] Level 5:colcon.colcon_core.verb:set package 'prueba' build argument 'cmake_args' from command line to 'None'
[1.691s] Level 5:colcon.colcon_core.verb:set package 'prueba' build argument 'cmake_target' from command line to 'None'
[1.691s] Level 5:colcon.colcon_core.verb:set package 'prueba' build argument 'cmake_target_skip_unavailable' from command line to 'False'
[1.691s] Level 5:colcon.colcon_core.verb:set package 'prueba' build argument 'cmake_clean_cache' from command line to 'False'
[1.691s] Level 5:colcon.colcon_core.verb:set package 'prueba' build argument 'cmake_clean_first' from command line to 'False'
[1.691s] Level 5:colcon.colcon_core.verb:set package 'prueba' build argument 'cmake_force_configure' from command line to 'False'
[1.691s] Level 5:colcon.colcon_core.verb:set package 'prueba' build argument 'ament_cmake_args' from command line to 'None'
[1.691s] Level 5:colcon.colcon_core.verb:set package 'prueba' build argument 'catkin_cmake_args' from command line to 'None'
[1.691s] Level 5:colcon.colcon_core.verb:set package 'prueba' build argument 'catkin_skip_building_tests' from command line to 'False'
[1.691s] DEBUG:colcon.colcon_core.verb:Building package 'prueba' with the following arguments: {'ament_cmake_args': None, 'build_base': '/home/labserver/ros2_ws/build/prueba', 'catkin_cmake_args': None, 'catkin_skip_building_tests': False, 'cmake_args': None, 'cmake_clean_cache': False, 'cmake_clean_first': False, 'cmake_force_configure': False, 'cmake_target': None, 'cmake_target_skip_unavailable': False, 'install_base': '/home/labserver/ros2_ws/install/prueba', 'merge_install': False, 'path': '/home/labserver/ros2_ws/src/prueba', 'symlink_install': False, 'test_result_base': None}
[1.711s] Level 5:colcon.colcon_core.verb:set package 'samuchair' build argument 'cmake_args' from command line to 'None'
[1.711s] Level 5:colcon.colcon_core.verb:set package 'samuchair' build argument 'cmake_target' from command line to 'None'
[1.711s] Level 5:colcon.colcon_core.verb:set package 'samuchair' build argument 'cmake_target_skip_unavailable' from command line to 'False'
[1.711s] Level 5:colcon.colcon_core.verb:set package 'samuchair' build argument 'cmake_clean_cache' from command line to 'False'
[1.712s] Level 5:colcon.colcon_core.verb:set package 'samuchair' build argument 'cmake_clean_first' from command line to 'False'
[1.712s] Level 5:colcon.colcon_core.verb:set package 'samuchair' build argument 'cmake_force_configure' from command line to 'False'
[1.712s] Level 5:colcon.colcon_core.verb:set package 'samuchair' build argument 'ament_cmake_args' from command line to 'None'
[1.712s] Level 5:colcon.colcon_core.verb:set package 'samuchair' build argument 'catkin_cmake_args' from command line to 'None'
[1.712s] Level 5:colcon.colcon_core.verb:set package 'samuchair' build argument 'catkin_skip_building_tests' from command line to 'False'
[1.712s] DEBUG:colcon.colcon_core.verb:Building package 'samuchair' with the following arguments: {'ament_cmake_args': None, 'build_base': '/home/labserver/ros2_ws/build/samuchair', 'catkin_cmake_args': None, 'catkin_skip_building_tests': False, 'cmake_args': None, 'cmake_clean_cache': False, 'cmake_clean_first': False, 'cmake_force_configure': False, 'cmake_target': None, 'cmake_target_skip_unavailable': False, 'install_base': '/home/labserver/ros2_ws/install/samuchair', 'merge_install': False, 'path': '/home/labserver/ros2_ws/src/samuchair', 'symlink_install': False, 'test_result_base': None}
[1.731s] Level 5:colcon.colcon_core.verb:set package 'samuchair_interfaces' build argument 'cmake_args' from command line to 'None'
[1.732s] Level 5:colcon.colcon_core.verb:set package 'samuchair_interfaces' build argument 'cmake_target' from command line to 'None'
[1.732s] Level 5:colcon.colcon_core.verb:set package 'samuchair_interfaces' build argument 'cmake_target_skip_unavailable' from command line to 'False'
[1.732s] Level 5:colcon.colcon_core.verb:set package 'samuchair_interfaces' build argument 'cmake_clean_cache' from command line to 'False'
[1.732s] Level 5:colcon.colcon_core.verb:set package 'samuchair_interfaces' build argument 'cmake_clean_first' from command line to 'False'
[1.732s] Level 5:colcon.colcon_core.verb:set package 'samuchair_interfaces' build argument 'cmake_force_configure' from command line to 'False'
[1.732s] Level 5:colcon.colcon_core.verb:set package 'samuchair_interfaces' build argument 'ament_cmake_args' from command line to 'None'
[1.733s] Level 5:colcon.colcon_core.verb:set package 'samuchair_interfaces' build argument 'catkin_cmake_args' from command line to 'None'
[1.733s] Level 5:colcon.colcon_core.verb:set package 'samuchair_interfaces' build argument 'catkin_skip_building_tests' from command line to 'False'
[1.733s] DEBUG:colcon.colcon_core.verb:Building package 'samuchair_interfaces' with the following arguments: {'ament_cmake_args': None, 'build_base': '/home/labserver/ros2_ws/build/samuchair_interfaces', 'catkin_cmake_args': None, 'catkin_skip_building_tests': False, 'cmake_args': None, 'cmake_clean_cache': False, 'cmake_clean_first': False, 'cmake_force_configure': False, 'cmake_target': None, 'cmake_target_skip_unavailable': False, 'install_base': '/home/labserver/ros2_ws/install/samuchair_interfaces', 'merge_install': False, 'path': '/home/labserver/ros2_ws/src/samuchair_interfaces', 'symlink_install': False, 'test_result_base': None}
[1.751s] INFO:colcon.colcon_core.executor:Executing jobs using 'parallel' executor
[1.784s] DEBUG:colcon.colcon_parallel_executor.executor.parallel:run_until_complete
[1.785s] INFO:colcon.colcon_ros.task.ament_python.build:Building ROS package in '/home/labserver/ros2_ws/src/my_robot_controller' with build type 'ament_python'
[1.786s] Level 1:colcon.colcon_core.shell:create_environment_hook('my_robot_controller', 'ament_prefix_path')
[1.828s] INFO:colcon.colcon_core.plugin_system:Skipping extension 'colcon_core.shell.bat': Not used on non-Windows systems
[1.830s] INFO:colcon.colcon_core.shell:Creating environment hook '/home/labserver/ros2_ws/install/my_robot_controller/share/my_robot_controller/hook/ament_prefix_path.ps1'
[1.832s] INFO:colcon.colcon_core.shell:Creating environment descriptor '/home/labserver/ros2_ws/install/my_robot_controller/share/my_robot_controller/hook/ament_prefix_path.dsv'
[1.834s] INFO:colcon.colcon_core.shell:Creating environment hook '/home/labserver/ros2_ws/install/my_robot_controller/share/my_robot_controller/hook/ament_prefix_path.sh'
[1.871s] INFO:colcon.colcon_core.shell:Skip shell extension 'powershell' for command environment: Not usable outside of PowerShell
[1.871s] DEBUG:colcon.colcon_core.shell:Skip shell extension 'dsv' for command environment
[2.024s] INFO:colcon.colcon_ros.task.ament_python.build:Building ROS package in '/home/labserver/ros2_ws/src/prueba' with build type 'ament_python'
[2.025s] Level 1:colcon.colcon_core.shell:create_environment_hook('prueba', 'ament_prefix_path')
[2.058s] INFO:colcon.colcon_core.shell:Creating environment hook '/home/labserver/ros2_ws/install/prueba/share/prueba/hook/ament_prefix_path.ps1'
[2.059s] INFO:colcon.colcon_core.shell:Creating environment descriptor '/home/labserver/ros2_ws/install/prueba/share/prueba/hook/ament_prefix_path.dsv'
[2.060s] INFO:colcon.colcon_core.shell:Creating environment hook '/home/labserver/ros2_ws/install/prueba/share/prueba/hook/ament_prefix_path.sh'
[2.090s] INFO:colcon.colcon_core.shell:Skip shell extension 'powershell' for command environment: Not usable outside of PowerShell
[2.090s] DEBUG:colcon.colcon_core.shell:Skip shell extension 'dsv' for command environment
[2.434s] INFO:colcon.colcon_core.task.python.build:Building Python package in '/home/labserver/ros2_ws/src/my_robot_controller'
[2.455s] INFO:colcon.colcon_core.shell:Skip shell extension 'powershell' for command environment: Not usable outside of PowerShell
[2.455s] DEBUG:colcon.colcon_core.shell:Skip shell extension 'dsv' for command environment
[2.766s] INFO:colcon.colcon_core.task.python.build:Building Python package in '/home/labserver/ros2_ws/src/prueba'
[2.785s] INFO:colcon.colcon_core.shell:Skip shell extension 'powershell' for command environment: Not usable outside of PowerShell
[2.785s] DEBUG:colcon.colcon_core.shell:Skip shell extension 'dsv' for command environment
[4.029s] DEBUG:colcon.colcon_core.event_handler.log_command:Invoking command in '/home/labserver/ros2_ws/src/prueba': PYTHONPATH=/home/labserver/ros2_ws/build/prueba/prefix_override:/home/labserver/ros2_ws/install/prueba/lib/python3.10/site-packages:${PYTHONPATH} /usr/bin/python3 setup.py egg_info --egg-base ../../build/prueba build --build-base /home/labserver/ros2_ws/build/prueba/build install --record /home/labserver/ros2_ws/build/prueba/install.log --single-version-externally-managed
[4.094s] DEBUG:colcon.colcon_core.event_handler.log_command:Invoking command in '/home/labserver/ros2_ws/src/my_robot_controller': PYTHONPATH=/home/labserver/ros2_ws/build/my_robot_controller/prefix_override:/home/labserver/ros2_ws/install/my_robot_controller/lib/python3.10/site-packages:${PYTHONPATH} /usr/bin/python3 setup.py egg_info --egg-base ../../build/my_robot_controller build --build-base /home/labserver/ros2_ws/build/my_robot_controller/build install --record /home/labserver/ros2_ws/build/my_robot_controller/install.log --single-version-externally-managed
[4.894s] DEBUG:colcon.colcon_core.event_handler.log_command:Invoked command in '/home/labserver/ros2_ws/src/prueba' returned '0': PYTHONPATH=/home/labserver/ros2_ws/build/prueba/prefix_override:/home/labserver/ros2_ws/install/prueba/lib/python3.10/site-packages:${PYTHONPATH} /usr/bin/python3 setup.py egg_info --egg-base ../../build/prueba build --build-base /home/labserver/ros2_ws/build/prueba/build install --record /home/labserver/ros2_ws/build/prueba/install.log --single-version-externally-managed
[4.929s] Level 1:colcon.colcon_core.environment:checking '/home/labserver/ros2_ws/install/prueba' for CMake module files
[4.930s] Level 1:colcon.colcon_core.environment:checking '/home/labserver/ros2_ws/install/prueba' for CMake config files
[4.932s] Level 1:colcon.colcon_core.environment:checking '/home/labserver/ros2_ws/install/prueba/lib'
[4.932s] Level 1:colcon.colcon_core.environment:checking '/home/labserver/ros2_ws/install/prueba/bin'
[4.933s] Level 1:colcon.colcon_core.environment:checking '/home/labserver/ros2_ws/install/prueba/lib/pkgconfig/prueba.pc'
[4.933s] Level 1:colcon.colcon_core.environment:checking '/home/labserver/ros2_ws/install/prueba/lib/python3.10/site-packages'
[4.933s] Level 1:colcon.colcon_core.shell:create_environment_hook('prueba', 'pythonpath')
[4.960s] INFO:colcon.colcon_core.shell:Creating environment hook '/home/labserver/ros2_ws/install/prueba/share/prueba/hook/pythonpath.ps1'
[4.961s] INFO:colcon.colcon_core.shell:Creating environment descriptor '/home/labserver/ros2_ws/install/prueba/share/prueba/hook/pythonpath.dsv'
[4.962s] INFO:colcon.colcon_core.shell:Creating environment hook '/home/labserver/ros2_ws/install/prueba/share/prueba/hook/pythonpath.sh'
[4.963s] Level 1:colcon.colcon_core.environment:checking '/home/labserver/ros2_ws/install/prueba/bin'
[4.963s] Level 1:colcon.colcon_core.environment:create_environment_scripts_only(prueba)
[4.985s] INFO:colcon.colcon_core.shell:Creating package script '/home/labserver/ros2_ws/install/prueba/share/prueba/package.ps1'
[4.988s] INFO:colcon.colcon_core.shell:Creating package descriptor '/home/labserver/ros2_ws/install/prueba/share/prueba/package.dsv'
[5.002s] INFO:colcon.colcon_core.shell:Creating package script '/home/labserver/ros2_ws/install/prueba/share/prueba/package.sh'
[5.007s] INFO:colcon.colcon_core.shell:Creating package script '/home/labserver/ros2_ws/install/prueba/share/prueba/package.bash'
[5.009s] INFO:colcon.colcon_core.shell:Creating package script '/home/labserver/ros2_ws/install/prueba/share/prueba/package.zsh'
[5.011s] Level 1:colcon.colcon_core.environment:create_file_with_runtime_dependencies(/home/labserver/ros2_ws/install/prueba/share/colcon-core/packages/prueba)
[5.013s] INFO:colcon.colcon_ros.task.ament_python.build:Building ROS package in '/home/labserver/ros2_ws/src/samuchair' with build type 'ament_python'
[5.018s] Level 1:colcon.colcon_core.shell:create_environment_hook('samuchair', 'ament_prefix_path')
[5.041s] INFO:colcon.colcon_core.shell:Creating environment hook '/home/labserver/ros2_ws/install/samuchair/share/samuchair/hook/ament_prefix_path.ps1'
[5.043s] INFO:colcon.colcon_core.shell:Creating environment descriptor '/home/labserver/ros2_ws/install/samuchair/share/samuchair/hook/ament_prefix_path.dsv'
[5.045s] INFO:colcon.colcon_core.shell:Creating environment hook '/home/labserver/ros2_ws/install/samuchair/share/samuchair/hook/ament_prefix_path.sh'
[5.074s] INFO:colcon.colcon_core.shell:Skip shell extension 'powershell' for command environment: Not usable outside of PowerShell
[5.074s] DEBUG:colcon.colcon_core.shell:Skip shell extension 'dsv' for command environment
[5.178s] DEBUG:colcon.colcon_core.event_handler.log_command:Invoked command in '/home/labserver/ros2_ws/src/my_robot_controller' returned '0': PYTHONPATH=/home/labserver/ros2_ws/build/my_robot_controller/prefix_override:/home/labserver/ros2_ws/install/my_robot_controller/lib/python3.10/site-packages:${PYTHONPATH} /usr/bin/python3 setup.py egg_info --egg-base ../../build/my_robot_controller build --build-base /home/labserver/ros2_ws/build/my_robot_controller/build install --record /home/labserver/ros2_ws/build/my_robot_controller/install.log --single-version-externally-managed
[5.199s] Level 1:colcon.colcon_core.environment:checking '/home/labserver/ros2_ws/install/my_robot_controller' for CMake module files
[5.199s] Level 1:colcon.colcon_core.environment:checking '/home/labserver/ros2_ws/install/my_robot_controller' for CMake config files
[5.200s] Level 1:colcon.colcon_core.environment:checking '/home/labserver/ros2_ws/install/my_robot_controller/lib'
[5.201s] Level 1:colcon.colcon_core.environment:checking '/home/labserver/ros2_ws/install/my_robot_controller/bin'
[5.201s] Level 1:colcon.colcon_core.environment:checking '/home/labserver/ros2_ws/install/my_robot_controller/lib/pkgconfig/my_robot_controller.pc'
[5.201s] Level 1:colcon.colcon_core.environment:checking '/home/labserver/ros2_ws/install/my_robot_controller/lib/python3.10/site-packages'
[5.201s] Level 1:colcon.colcon_core.shell:create_environment_hook('my_robot_controller', 'pythonpath')
[5.226s] INFO:colcon.colcon_core.shell:Creating environment hook '/home/labserver/ros2_ws/install/my_robot_controller/share/my_robot_controller/hook/pythonpath.ps1'
[5.227s] INFO:colcon.colcon_core.shell:Creating environment descriptor '/home/labserver/ros2_ws/install/my_robot_controller/share/my_robot_controller/hook/pythonpath.dsv'
[5.228s] INFO:colcon.colcon_core.shell:Creating environment hook '/home/labserver/ros2_ws/install/my_robot_controller/share/my_robot_controller/hook/pythonpath.sh'
[5.229s] Level 1:colcon.colcon_core.environment:checking '/home/labserver/ros2_ws/install/my_robot_controller/bin'
[5.229s] Level 1:colcon.colcon_core.environment:create_environment_scripts_only(my_robot_controller)
[5.247s] INFO:colcon.colcon_core.shell:Creating package script '/home/labserver/ros2_ws/install/my_robot_controller/share/my_robot_controller/package.ps1'
[5.248s] INFO:colcon.colcon_core.shell:Creating package descriptor '/home/labserver/ros2_ws/install/my_robot_controller/share/my_robot_controller/package.dsv'
[5.249s] INFO:colcon.colcon_core.shell:Creating package script '/home/labserver/ros2_ws/install/my_robot_controller/share/my_robot_controller/package.sh'
[5.250s] INFO:colcon.colcon_core.shell:Creating package script '/home/labserver/ros2_ws/install/my_robot_controller/share/my_robot_controller/package.bash'
[5.251s] INFO:colcon.colcon_core.shell:Creating package script '/home/labserver/ros2_ws/install/my_robot_controller/share/my_robot_controller/package.zsh'
[5.252s] Level 1:colcon.colcon_core.environment:create_file_with_runtime_dependencies(/home/labserver/ros2_ws/install/my_robot_controller/share/colcon-core/packages/my_robot_controller)
[5.254s] INFO:colcon.colcon_ros.task.catkin.build:Building ROS package in '/home/labserver/ros2_ws/src/samuchair_interfaces' with build type 'catkin'
[5.255s] INFO:colcon.colcon_cmake.task.cmake.build:Building CMake package in '/home/labserver/ros2_ws/src/samuchair_interfaces'
[5.275s] INFO:colcon.colcon_core.shell:Skip shell extension 'powershell' for command environment: Not usable outside of PowerShell
[5.275s] DEBUG:colcon.colcon_core.shell:Skip shell extension 'dsv' for command environment
[5.632s] INFO:colcon.colcon_core.task.python.build:Building Python package in '/home/labserver/ros2_ws/src/samuchair'
[5.654s] INFO:colcon.colcon_core.shell:Skip shell extension 'powershell' for command environment: Not usable outside of PowerShell
[5.654s] DEBUG:colcon.colcon_core.shell:Skip shell extension 'dsv' for command environment
[5.741s] DEBUG:colcon.colcon_core.event_handler.log_command:Invoking command in '/home/labserver/ros2_ws/build/samuchair_interfaces': /usr/bin/cmake --build /home/labserver/ros2_ws/build/samuchair_interfaces -- -j2 -l2
[7.344s] DEBUG:colcon.colcon_core.event_handler.log_command:Invoked command in '/home/labserver/ros2_ws/build/samuchair_interfaces' returned '0': /usr/bin/cmake --build /home/labserver/ros2_ws/build/samuchair_interfaces -- -j2 -l2
[7.937s] DEBUG:colcon.colcon_core.event_handler.log_command:Invoking command in '/home/labserver/ros2_ws/src/samuchair': PYTHONPATH=/home/labserver/ros2_ws/build/samuchair/prefix_override:/home/labserver/ros2_ws/install/samuchair/lib/python3.10/site-packages:${PYTHONPATH} /usr/bin/python3 setup.py egg_info --egg-base ../../build/samuchair build --build-base /home/labserver/ros2_ws/build/samuchair/build install --record /home/labserver/ros2_ws/build/samuchair/install.log --single-version-externally-managed
[8.092s] DEBUG:colcon.colcon_core.event_handler.log_command:Invoking command in '/home/labserver/ros2_ws/build/samuchair_interfaces': /usr/bin/cmake --install /home/labserver/ros2_ws/build/samuchair_interfaces
[8.292s] DEBUG:colcon.colcon_core.event_handler.log_command:Invoked command in '/home/labserver/ros2_ws/build/samuchair_interfaces' returned '0': /usr/bin/cmake --install /home/labserver/ros2_ws/build/samuchair_interfaces
[8.583s] Level 1:colcon.colcon_core.shell:create_environment_hook('samuchair_interfaces', 'ros_package_path')
[8.658s] INFO:colcon.colcon_core.shell:Creating environment hook '/home/labserver/ros2_ws/install/samuchair_interfaces/share/samuchair_interfaces/hook/ros_package_path.ps1'
[8.662s] INFO:colcon.colcon_core.shell:Creating environment descriptor '/home/labserver/ros2_ws/install/samuchair_interfaces/share/samuchair_interfaces/hook/ros_package_path.dsv'
[8.664s] INFO:colcon.colcon_core.shell:Creating environment hook '/home/labserver/ros2_ws/install/samuchair_interfaces/share/samuchair_interfaces/hook/ros_package_path.sh'
[8.668s] Level 1:colcon.colcon_ros.task.catkin:checking '/home/labserver/ros2_ws/install/samuchair_interfaces/local/lib/python3.10/dist-packages'
[8.668s] Level 1:colcon.colcon_core.shell:create_environment_hook('samuchair_interfaces', 'catkin_pythonpath')
[8.752s] INFO:colcon.colcon_core.shell:Creating environment hook '/home/labserver/ros2_ws/install/samuchair_interfaces/share/samuchair_interfaces/hook/catkin_pythonpath.ps1'
[8.753s] INFO:colcon.colcon_core.shell:Creating environment descriptor '/home/labserver/ros2_ws/install/samuchair_interfaces/share/samuchair_interfaces/hook/catkin_pythonpath.dsv'
[8.756s] INFO:colcon.colcon_core.shell:Creating environment hook '/home/labserver/ros2_ws/install/samuchair_interfaces/share/samuchair_interfaces/hook/catkin_pythonpath.sh'
[8.760s] Level 1:colcon.colcon_core.shell:create_environment_hook('samuchair_interfaces', 'pkg_config_path')
[8.823s] INFO:colcon.colcon_core.shell:Creating environment hook '/home/labserver/ros2_ws/install/samuchair_interfaces/share/samuchair_interfaces/hook/pkg_config_path.ps1'
[8.826s] INFO:colcon.colcon_core.shell:Creating environment descriptor '/home/labserver/ros2_ws/install/samuchair_interfaces/share/samuchair_interfaces/hook/pkg_config_path.dsv'
[8.827s] INFO:colcon.colcon_core.shell:Creating environment hook '/home/labserver/ros2_ws/install/samuchair_interfaces/share/samuchair_interfaces/hook/pkg_config_path.sh'
[8.830s] Level 1:colcon.colcon_core.shell:create_environment_hook('samuchair_interfaces', 'pkg_config_path_multiarch')
[8.862s] INFO:colcon.colcon_core.shell:Creating environment hook '/home/labserver/ros2_ws/install/samuchair_interfaces/share/samuchair_interfaces/hook/pkg_config_path_multiarch.ps1'
[8.862s] INFO:colcon.colcon_core.shell:Creating environment descriptor '/home/labserver/ros2_ws/install/samuchair_interfaces/share/samuchair_interfaces/hook/pkg_config_path_multiarch.dsv'
[8.863s] INFO:colcon.colcon_core.shell:Creating environment hook '/home/labserver/ros2_ws/install/samuchair_interfaces/share/samuchair_interfaces/hook/pkg_config_path_multiarch.sh'
[8.884s] Level 1:colcon.colcon_core.environment:create_environment_scripts_only(samuchair_interfaces)
[8.910s] Level 1:colcon.colcon_core.environment:checking '/home/labserver/ros2_ws/install/samuchair_interfaces' for CMake module files
[8.911s] Level 1:colcon.colcon_core.environment:checking '/home/labserver/ros2_ws/install/samuchair_interfaces' for CMake config files
[8.912s] Level 1:colcon.colcon_core.shell:create_environment_hook('samuchair_interfaces', 'cmake_prefix_path')
[8.937s] INFO:colcon.colcon_core.shell:Creating environment hook '/home/labserver/ros2_ws/install/samuchair_interfaces/share/samuchair_interfaces/hook/cmake_prefix_path.ps1'
[8.938s] INFO:colcon.colcon_core.shell:Creating environment descriptor '/home/labserver/ros2_ws/install/samuchair_interfaces/share/samuchair_interfaces/hook/cmake_prefix_path.dsv'
[8.939s] INFO:colcon.colcon_core.shell:Creating environment hook '/home/labserver/ros2_ws/install/samuchair_interfaces/share/samuchair_interfaces/hook/cmake_prefix_path.sh'
[8.939s] Level 1:colcon.colcon_core.environment:checking '/home/labserver/ros2_ws/install/samuchair_interfaces/lib'
[8.940s] Level 1:colcon.colcon_core.shell:create_environment_hook('samuchair_interfaces', 'ld_library_path_lib')
[8.962s] INFO:colcon.colcon_core.shell:Creating environment hook '/home/labserver/ros2_ws/install/samuchair_interfaces/share/samuchair_interfaces/hook/ld_library_path_lib.ps1'
[8.964s] INFO:colcon.colcon_core.shell:Creating environment descriptor '/home/labserver/ros2_ws/install/samuchair_interfaces/share/samuchair_interfaces/hook/ld_library_path_lib.dsv'
[8.966s] INFO:colcon.colcon_core.shell:Creating environment hook '/home/labserver/ros2_ws/install/samuchair_interfaces/share/samuchair_interfaces/hook/ld_library_path_lib.sh'
[8.967s] Level 1:colcon.colcon_core.environment:checking '/home/labserver/ros2_ws/install/samuchair_interfaces/bin'
[8.968s] Level 1:colcon.colcon_core.environment:checking '/home/labserver/ros2_ws/install/samuchair_interfaces/lib/pkgconfig/samuchair_interfaces.pc'
[8.968s] Level 1:colcon.colcon_core.environment:checking '/home/labserver/ros2_ws/install/samuchair_interfaces/lib/python3.10/site-packages'
[8.968s] Level 1:colcon.colcon_core.environment:checking '/home/labserver/ros2_ws/install/samuchair_interfaces/bin'
[9.003s] INFO:colcon.colcon_core.shell:Creating package script '/home/labserver/ros2_ws/install/samuchair_interfaces/share/samuchair_interfaces/package.ps1'
[9.012s] INFO:colcon.colcon_core.shell:Creating package descriptor '/home/labserver/ros2_ws/install/samuchair_interfaces/share/samuchair_interfaces/package.dsv'
[9.017s] INFO:colcon.colcon_core.shell:Creating package script '/home/labserver/ros2_ws/install/samuchair_interfaces/share/samuchair_interfaces/package.sh'
[9.020s] INFO:colcon.colcon_core.shell:Creating package script '/home/labserver/ros2_ws/install/samuchair_interfaces/share/samuchair_interfaces/package.bash'
[9.025s] INFO:colcon.colcon_core.shell:Creating package script '/home/labserver/ros2_ws/install/samuchair_interfaces/share/samuchair_interfaces/package.zsh'
[9.027s] Level 1:colcon.colcon_core.environment:create_file_with_runtime_dependencies(/home/labserver/ros2_ws/install/samuchair_interfaces/share/colcon-core/packages/samuchair_interfaces)
[9.301s] DEBUG:colcon.colcon_core.event_handler.log_command:Invoked command in '/home/labserver/ros2_ws/src/samuchair' returned '0': PYTHONPATH=/home/labserver/ros2_ws/build/samuchair/prefix_override:/home/labserver/ros2_ws/install/samuchair/lib/python3.10/site-packages:${PYTHONPATH} /usr/bin/python3 setup.py egg_info --egg-base ../../build/samuchair build --build-base /home/labserver/ros2_ws/build/samuchair/build install --record /home/labserver/ros2_ws/build/samuchair/install.log --single-version-externally-managed
[9.345s] Level 1:colcon.colcon_core.environment:checking '/home/labserver/ros2_ws/install/samuchair' for CMake module files
[9.348s] Level 1:colcon.colcon_core.environment:checking '/home/labserver/ros2_ws/install/samuchair' for CMake config files
[9.348s] Level 1:colcon.colcon_core.environment:checking '/home/labserver/ros2_ws/install/samuchair/lib'
[9.348s] Level 1:colcon.colcon_core.environment:checking '/home/labserver/ros2_ws/install/samuchair/bin'
[9.348s] Level 1:colcon.colcon_core.environment:checking '/home/labserver/ros2_ws/install/samuchair/lib/pkgconfig/samuchair.pc'
[9.349s] Level 1:colcon.colcon_core.environment:checking '/home/labserver/ros2_ws/install/samuchair/lib/python3.10/site-packages'
[9.349s] Level 1:colcon.colcon_core.shell:create_environment_hook('samuchair', 'pythonpath')
[9.375s] INFO:colcon.colcon_core.shell:Creating environment hook '/home/labserver/ros2_ws/install/samuchair/share/samuchair/hook/pythonpath.ps1'
[9.376s] INFO:colcon.colcon_core.shell:Creating environment descriptor '/home/labserver/ros2_ws/install/samuchair/share/samuchair/hook/pythonpath.dsv'
[9.377s] INFO:colcon.colcon_core.shell:Creating environment hook '/home/labserver/ros2_ws/install/samuchair/share/samuchair/hook/pythonpath.sh'
[9.380s] Level 1:colcon.colcon_core.environment:checking '/home/labserver/ros2_ws/install/samuchair/bin'
[9.380s] Level 1:colcon.colcon_core.environment:create_environment_scripts_only(samuchair)
[9.404s] INFO:colcon.colcon_core.shell:Creating package script '/home/labserver/ros2_ws/install/samuchair/share/samuchair/package.ps1'
[9.405s] INFO:colcon.colcon_core.shell:Creating package descriptor '/home/labserver/ros2_ws/install/samuchair/share/samuchair/package.dsv'
[9.406s] INFO:colcon.colcon_core.shell:Creating package script '/home/labserver/ros2_ws/install/samuchair/share/samuchair/package.sh'
[9.407s] INFO:colcon.colcon_core.shell:Creating package script '/home/labserver/ros2_ws/install/samuchair/share/samuchair/package.bash'
[9.409s] INFO:colcon.colcon_core.shell:Creating package script '/home/labserver/ros2_ws/install/samuchair/share/samuchair/package.zsh'
[9.410s] Level 1:colcon.colcon_core.environment:create_file_with_runtime_dependencies(/home/labserver/ros2_ws/install/samuchair/share/colcon-core/packages/samuchair)
[9.410s] DEBUG:colcon.colcon_parallel_executor.executor.parallel:closing loop
[9.412s] DEBUG:colcon.colcon_parallel_executor.executor.parallel:loop closed
[9.412s] DEBUG:colcon.colcon_parallel_executor.executor.parallel:run_until_complete finished with '0'
[9.412s] DEBUG:colcon.colcon_core.event_reactor:joining thread
[9.442s] INFO:colcon.colcon_core.plugin_system:Skipping extension 'colcon_notification.desktop_notification.terminal_notifier': Not used on non-Darwin systems
[9.443s] INFO:colcon.colcon_core.plugin_system:Skipping extension 'colcon_notification.desktop_notification.win32': Not used on non-Windows systems
[9.443s] INFO:colcon.colcon_notification.desktop_notification:Sending desktop notification using 'notify2'
[9.466s] DEBUG:colcon.colcon_core.event_reactor:joined thread
[9.510s] INFO:colcon.colcon_core.shell:Creating prefix script '/home/labserver/ros2_ws/install/local_setup.ps1'
[9.514s] INFO:colcon.colcon_core.shell:Creating prefix util module '/home/labserver/ros2_ws/install/_local_setup_util_ps1.py'
[9.518s] INFO:colcon.colcon_core.shell:Creating prefix chain script '/home/labserver/ros2_ws/install/setup.ps1'
[9.575s] INFO:colcon.colcon_core.shell:Creating prefix script '/home/labserver/ros2_ws/install/local_setup.sh'
[9.578s] INFO:colcon.colcon_core.shell:Creating prefix util module '/home/labserver/ros2_ws/install/_local_setup_util_sh.py'
[9.580s] INFO:colcon.colcon_core.shell:Creating prefix chain script '/home/labserver/ros2_ws/install/setup.sh'
[9.603s] INFO:colcon.colcon_core.shell:Creating prefix script '/home/labserver/ros2_ws/install/local_setup.bash'
[9.604s] INFO:colcon.colcon_core.shell:Creating prefix chain script '/home/labserver/ros2_ws/install/setup.bash'
[9.634s] INFO:colcon.colcon_core.shell:Creating prefix script '/home/labserver/ros2_ws/install/local_setup.zsh'
[9.636s] INFO:colcon.colcon_core.shell:Creating prefix chain script '/home/labserver/ros2_ws/install/setup.zsh'
