[2.199s] Invoking command in '/home/labserver/ros2_ws/src/prueba': PYTHONPATH=/home/labserver/ros2_ws/build/prueba/prefix_override:/home/labserver/ros2_ws/install/prueba/lib/python3.10/site-packages:${PYTHONPATH} /usr/bin/python3 setup.py egg_info --egg-base ../../build/prueba build --build-base /home/labserver/ros2_ws/build/prueba/build install --record /home/labserver/ros2_ws/build/prueba/install.log --single-version-externally-managed
[2.599s] running egg_info
[2.630s] writing ../../build/prueba/prueba.egg-info/PKG-INFO
[2.631s] writing dependency_links to ../../build/prueba/prueba.egg-info/dependency_links.txt
[2.631s] writing entry points to ../../build/prueba/prueba.egg-info/entry_points.txt
[2.635s] writing requirements to ../../build/prueba/prueba.egg-info/requires.txt
[2.637s] writing top-level names to ../../build/prueba/prueba.egg-info/top_level.txt
[2.830s] reading manifest file '../../build/prueba/prueba.egg-info/SOURCES.txt'
[2.834s] writing manifest file '../../build/prueba/prueba.egg-info/SOURCES.txt'
[2.837s] running build
[2.838s] running build_py
[2.838s] copying prueba/prueba.py -> /home/labserver/ros2_ws/build/prueba/build/lib/prueba
[2.838s] copying prueba/listener.py -> /home/labserver/ros2_ws/build/prueba/build/lib/prueba
[2.838s] copying prueba/__init__.py -> /home/labserver/ros2_ws/build/prueba/build/lib/prueba
[2.838s] running install
[2.838s] running install_lib
[2.838s] /home/labserver/.local/lib/python3.10/site-packages/setuptools/_distutils/cmd.py:66: SetuptoolsDeprecationWarning: setup.py install is deprecated.
[2.838s] !!
[2.838s] 
[2.838s]         ********************************************************************************
[2.838s]         Please avoid running ``setup.py`` directly.
[2.838s]         Instead, use pypa/build, pypa/installer or other
[2.838s]         standards-based tools.
[2.838s] 
[2.838s]         See https://blog.ganssle.io/articles/2021/10/setup-py-deprecated.html for details.
[2.838s]         ********************************************************************************
[2.838s] 
[2.839s] !!
[2.839s]   self.initialize_options()
[2.868s] running install_data
[2.903s] copying resource/prueba -> /home/labserver/ros2_ws/install/prueba/share/ament_index/resource_index/packages
[2.903s] copying package.xml -> /home/labserver/ros2_ws/install/prueba/share/prueba
[2.903s] running install_egg_info
[2.935s] removing '/home/labserver/ros2_ws/install/prueba/lib/python3.10/site-packages/prueba-0.0.0-py3.10.egg-info' (and everything under it)
[2.941s] Copying ../../build/prueba/prueba.egg-info to /home/labserver/ros2_ws/install/prueba/lib/python3.10/site-packages/prueba-0.0.0-py3.10.egg-info
[2.941s] running install_scripts
[3.058s] Installing listener script to /home/labserver/ros2_ws/install/prueba/lib/prueba
[3.060s] Installing talker script to /home/labserver/ros2_ws/install/prueba/lib/prueba
[3.064s] writing list of installed files to '/home/labserver/ros2_ws/build/prueba/install.log'
[3.138s] Invoked command in '/home/labserver/ros2_ws/src/prueba' returned '0': PYTHONPATH=/home/labserver/ros2_ws/build/prueba/prefix_override:/home/labserver/ros2_ws/install/prueba/lib/python3.10/site-packages:${PYTHONPATH} /usr/bin/python3 setup.py egg_info --egg-base ../../build/prueba build --build-base /home/labserver/ros2_ws/build/prueba/build install --record /home/labserver/ros2_ws/build/prueba/install.log --single-version-externally-managed
