[2.306s] Invoking command in '/home/labserver/ros2_ws/src/my_robot_controller': PYTHONPATH=/home/labserver/ros2_ws/build/my_robot_controller/prefix_override:/home/labserver/ros2_ws/install/my_robot_controller/lib/python3.10/site-packages:${PYTHONPATH} /usr/bin/python3 setup.py egg_info --egg-base ../../build/my_robot_controller build --build-base /home/labserver/ros2_ws/build/my_robot_controller/build install --record /home/labserver/ros2_ws/build/my_robot_controller/install.log --single-version-externally-managed
[2.757s] running egg_info
[2.759s] creating ../../build/my_robot_controller/my_robot_controller.egg-info
[2.790s] writing ../../build/my_robot_controller/my_robot_controller.egg-info/PKG-INFO
[2.793s] writing dependency_links to ../../build/my_robot_controller/my_robot_controller.egg-info/dependency_links.txt
[2.793s] writing entry points to ../../build/my_robot_controller/my_robot_controller.egg-info/entry_points.txt
[2.793s] writing requirements to ../../build/my_robot_controller/my_robot_controller.egg-info/requires.txt
[2.793s] writing top-level names to ../../build/my_robot_controller/my_robot_controller.egg-info/top_level.txt
[2.978s] writing manifest file '../../build/my_robot_controller/my_robot_controller.egg-info/SOURCES.txt'
[3.038s] reading manifest file '../../build/my_robot_controller/my_robot_controller.egg-info/SOURCES.txt'
[3.041s] writing manifest file '../../build/my_robot_controller/my_robot_controller.egg-info/SOURCES.txt'
[3.041s] running build
[3.041s] running build_py
[3.041s] creating /home/labserver/ros2_ws/build/my_robot_controller/build
[3.041s] creating /home/labserver/ros2_ws/build/my_robot_controller/build/lib
[3.041s] creating /home/labserver/ros2_ws/build/my_robot_controller/build/lib/my_robot_controller
[3.045s] /home/labserver/.local/lib/python3.10/site-packages/setuptools/_distutils/cmd.py:66: SetuptoolsDeprecationWarning: setup.py install is deprecated.
[3.045s] !!
[3.045s] 
[3.045s]         ********************************************************************************
[3.045s]         Please avoid running ``setup.py`` directly.
[3.045s]         Instead, use pypa/build, pypa/installer or other
[3.046s]         standards-based tools.
[3.046s] 
[3.046s]         See https://blog.ganssle.io/articles/2021/10/setup-py-deprecated.html for details.
[3.046s]         ********************************************************************************
[3.046s] 
[3.046s] !!
[3.046s]   self.initialize_options()
[3.046s] copying my_robot_controller/my_first_node.py -> /home/labserver/ros2_ws/build/my_robot_controller/build/lib/my_robot_controller
[3.046s] copying my_robot_controller/__init__.py -> /home/labserver/ros2_ws/build/my_robot_controller/build/lib/my_robot_controller
[3.046s] running install
[3.052s] running install_lib
[3.080s] creating /home/labserver/ros2_ws/install/my_robot_controller/lib/python3.10/site-packages/my_robot_controller
[3.080s] copying /home/labserver/ros2_ws/build/my_robot_controller/build/lib/my_robot_controller/my_first_node.py -> /home/labserver/ros2_ws/install/my_robot_controller/lib/python3.10/site-packages/my_robot_controller
[3.080s] copying /home/labserver/ros2_ws/build/my_robot_controller/build/lib/my_robot_controller/__init__.py -> /home/labserver/ros2_ws/install/my_robot_controller/lib/python3.10/site-packages/my_robot_controller
[3.080s] byte-compiling /home/labserver/ros2_ws/install/my_robot_controller/lib/python3.10/site-packages/my_robot_controller/my_first_node.py to my_first_node.cpython-310.pyc
[3.080s] byte-compiling /home/labserver/ros2_ws/install/my_robot_controller/lib/python3.10/site-packages/my_robot_controller/__init__.py to __init__.cpython-310.pyc
[3.080s] running install_data
[3.108s] creating /home/labserver/ros2_ws/install/my_robot_controller/share/ament_index
[3.108s] creating /home/labserver/ros2_ws/install/my_robot_controller/share/ament_index/resource_index
[3.109s] creating /home/labserver/ros2_ws/install/my_robot_controller/share/ament_index/resource_index/packages
[3.109s] copying resource/my_robot_controller -> /home/labserver/ros2_ws/install/my_robot_controller/share/ament_index/resource_index/packages
[3.109s] copying package.xml -> /home/labserver/ros2_ws/install/my_robot_controller/share/my_robot_controller
[3.109s] running install_egg_info
[3.149s] Copying ../../build/my_robot_controller/my_robot_controller.egg-info to /home/labserver/ros2_ws/install/my_robot_controller/lib/python3.10/site-packages/my_robot_controller-0.0.0-py3.10.egg-info
[3.150s] running install_scripts
[3.357s] Installing test_node script to /home/labserver/ros2_ws/install/my_robot_controller/lib/my_robot_controller
[3.358s] writing list of installed files to '/home/labserver/ros2_ws/build/my_robot_controller/install.log'
[4.173s] Invoked command in '/home/labserver/ros2_ws/src/my_robot_controller' returned '0': PYTHONPATH=/home/labserver/ros2_ws/build/my_robot_controller/prefix_override:/home/labserver/ros2_ws/install/my_robot_controller/lib/python3.10/site-packages:${PYTHONPATH} /usr/bin/python3 setup.py egg_info --egg-base ../../build/my_robot_controller build --build-base /home/labserver/ros2_ws/build/my_robot_controller/build install --record /home/labserver/ros2_ws/build/my_robot_controller/install.log --single-version-externally-managed
