-- Found ament_cmake: 1.3.6 (/opt/ros/humble/share/ament_cmake/cmake)
-- Found rosidl_default_generators: 1.2.0 (/opt/ros/humble/share/rosidl_default_generators/cmake)
-- Using all available rosidl_typesupport_c: rosidl_typesupport_fastrtps_c;rosidl_typesupport_introspection_c
-- Found rosidl_adapter: 3.1.5 (/opt/ros/humble/share/rosidl_adapter/cmake)
-- Using all available rosidl_typesupport_cpp: rosidl_typesupport_fastrtps_cpp;rosidl_typesupport_introspection_cpp
-- Found ament_cmake_ros: 0.10.0 (/opt/ros/humble/share/ament_cmake_ros/cmake)
-- Using all available rosidl_typesupport_c: rosidl_typesupport_fastrtps_c;rosidl_typesupport_introspection_c
-- Using all available rosidl_typesupport_cpp: rosidl_typesupport_fastrtps_cpp;rosidl_typesupport_introspection_cpp
-- Found PythonInterp: /usr/bin/python3 (found suitable version "3.10.12", minimum required is "3.6") 
-- Found python_cmake_module: 0.10.0 (/opt/ros/humble/share/python_cmake_module/cmake)
-- Found PythonLibs: /usr/lib/x86_64-linux-gnu/libpython3.10.so (found suitable version "3.10.12", minimum required is "3.5") 
-- Using PYTHON_EXECUTABLE: /usr/bin/python3
-- Using PYTHON_INCLUDE_DIRS: /usr/include/python3.10
-- Using PYTHON_LIBRARIES: /usr/lib/x86_64-linux-gnu/libpython3.10.so
-- Found PythonExtra: .so  
-- Configuring done
-- Generating done
[33mCMake Warning:
  Manually-specified variables were not used by the project:

    CATKIN_INSTALL_INTO_PREFIX_ROOT

[0m
-- Build files have been written to: /home/labserver/ros2_ws/build/samuchair_interfaces
[  3%] [34m[1mGenerating C code for ROS interfaces[0m
[  6%] [34m[1mGenerating C++ code for ROS interfaces[0m
[  6%] Built target samuchair_interfaces__cpp
[  9%] [32mBuilding C object CMakeFiles/samuchair_interfaces__rosidl_generator_c.dir/rosidl_generator_c/samuchair_interfaces/srv/detail/arduino_motor__functions.c.o[0m
[  9%] Built target ament_cmake_python_copy_samuchair_interfaces
[ 12%] [34m[1mGenerating C++ type support dispatch for ROS interfaces[0m
[ 16%] [32m[1mLinking C shared library libsamuchair_interfaces__rosidl_generator_c.so[0m
[ 16%] Built target samuchair_interfaces__rosidl_generator_c
[ 19%] [34m[1mGenerating C++ type support for eProsima Fast-RTPS[0m
[ 22%] [32mBuilding CXX object CMakeFiles/samuchair_interfaces__rosidl_typesupport_cpp.dir/rosidl_typesupport_cpp/samuchair_interfaces/srv/arduino_motor__type_support.cpp.o[0m
[ 25%] [32mBuilding CXX object CMakeFiles/samuchair_interfaces__rosidl_typesupport_fastrtps_cpp.dir/rosidl_typesupport_fastrtps_cpp/samuchair_interfaces/srv/detail/dds_fastrtps/arduino_motor__type_support.cpp.o[0m
[ 29%] [32m[1mLinking CXX shared library libsamuchair_interfaces__rosidl_typesupport_cpp.so[0m
[ 29%] Built target samuchair_interfaces__rosidl_typesupport_cpp
[ 32%] [34m[1mGenerating C++ introspection for ROS interfaces[0m
[ 35%] [32m[1mLinking CXX shared library libsamuchair_interfaces__rosidl_typesupport_fastrtps_cpp.so[0m
[ 38%] [32mBuilding CXX object CMakeFiles/samuchair_interfaces__rosidl_typesupport_introspection_cpp.dir/rosidl_typesupport_introspection_cpp/samuchair_interfaces/srv/detail/arduino_motor__type_support.cpp.o[0m
[ 38%] Built target samuchair_interfaces__rosidl_typesupport_fastrtps_cpp
running egg_info
creating samuchair_interfaces.egg-info
writing samuchair_interfaces.egg-info/PKG-INFO
writing dependency_links to samuchair_interfaces.egg-info/dependency_links.txt
writing top-level names to samuchair_interfaces.egg-info/top_level.txt
[ 41%] [32m[1mLinking CXX shared library libsamuchair_interfaces__rosidl_typesupport_introspection_cpp.so[0m
writing manifest file 'samuchair_interfaces.egg-info/SOURCES.txt'
reading manifest file 'samuchair_interfaces.egg-info/SOURCES.txt'
writing manifest file 'samuchair_interfaces.egg-info/SOURCES.txt'
[ 41%] Built target samuchair_interfaces__rosidl_typesupport_introspection_cpp
[ 45%] [34m[1mGenerating C type support for eProsima Fast-RTPS[0m
[ 45%] Built target ament_cmake_python_build_samuchair_interfaces_egg
[ 48%] [34m[1mGenerating C introspection for ROS interfaces[0m
[ 51%] [32mBuilding CXX object CMakeFiles/samuchair_interfaces__rosidl_typesupport_fastrtps_c.dir/rosidl_typesupport_fastrtps_c/samuchair_interfaces/srv/detail/arduino_motor__type_support_c.cpp.o[0m
[ 54%] [32mBuilding C object CMakeFiles/samuchair_interfaces__rosidl_typesupport_introspection_c.dir/rosidl_typesupport_introspection_c/samuchair_interfaces/srv/detail/arduino_motor__type_support.c.o[0m
[ 58%] [32m[1mLinking C shared library libsamuchair_interfaces__rosidl_typesupport_introspection_c.so[0m
[ 58%] Built target samuchair_interfaces__rosidl_typesupport_introspection_c
[ 61%] [34m[1mGenerating C type support dispatch for ROS interfaces[0m
[ 64%] [32m[1mLinking CXX shared library libsamuchair_interfaces__rosidl_typesupport_fastrtps_c.so[0m
[ 67%] [32mBuilding CXX object CMakeFiles/samuchair_interfaces__rosidl_typesupport_c.dir/rosidl_typesupport_c/samuchair_interfaces/srv/arduino_motor__type_support.cpp.o[0m
[ 67%] Built target samuchair_interfaces__rosidl_typesupport_fastrtps_c
[ 70%] [32m[1mLinking CXX shared library libsamuchair_interfaces__rosidl_typesupport_c.so[0m
[ 70%] Built target samuchair_interfaces__rosidl_typesupport_c
[ 70%] Built target samuchair_interfaces
[ 74%] [34m[1mGenerating Python code for ROS interfaces[0m
[ 74%] Built target samuchair_interfaces__py
[ 77%] [32mBuilding C object CMakeFiles/samuchair_interfaces__rosidl_generator_py.dir/rosidl_generator_py/samuchair_interfaces/srv/_arduino_motor_s.c.o[0m
[ 80%] [32m[1mLinking C shared library rosidl_generator_py/samuchair_interfaces/libsamuchair_interfaces__rosidl_generator_py.so[0m
[ 80%] Built target samuchair_interfaces__rosidl_generator_py
[ 87%] [32mBuilding C object CMakeFiles/samuchair_interfaces__rosidl_typesupport_introspection_c__pyext.dir/rosidl_generator_py/samuchair_interfaces/_samuchair_interfaces_s.ep.rosidl_typesupport_introspection_c.c.o[0m
[ 87%] [32mBuilding C object CMakeFiles/samuchair_interfaces__rosidl_typesupport_fastrtps_c__pyext.dir/rosidl_generator_py/samuchair_interfaces/_samuchair_interfaces_s.ep.rosidl_typesupport_fastrtps_c.c.o[0m
[ 90%] [32m[1mLinking C shared library rosidl_generator_py/samuchair_interfaces/samuchair_interfaces_s__rosidl_typesupport_introspection_c.cpython-310-x86_64-linux-gnu.so[0m
[ 93%] [32m[1mLinking C shared library rosidl_generator_py/samuchair_interfaces/samuchair_interfaces_s__rosidl_typesupport_fastrtps_c.cpython-310-x86_64-linux-gnu.so[0m
[ 93%] Built target samuchair_interfaces__rosidl_typesupport_introspection_c__pyext
[ 93%] Built target samuchair_interfaces__rosidl_typesupport_fastrtps_c__pyext
[ 96%] [32mBuilding C object CMakeFiles/samuchair_interfaces__rosidl_typesupport_c__pyext.dir/rosidl_generator_py/samuchair_interfaces/_samuchair_interfaces_s.ep.rosidl_typesupport_c.c.o[0m
[100%] [32m[1mLinking C shared library rosidl_generator_py/samuchair_interfaces/samuchair_interfaces_s__rosidl_typesupport_c.cpython-310-x86_64-linux-gnu.so[0m
[100%] Built target samuchair_interfaces__rosidl_typesupport_c__pyext
-- Install configuration: ""
-- Installing: /home/labserver/ros2_ws/install/samuchair_interfaces/share/ament_index/resource_index/rosidl_interfaces/samuchair_interfaces
-- Installing: /home/labserver/ros2_ws/install/samuchair_interfaces/include/samuchair_interfaces/samuchair_interfaces
-- Installing: /home/labserver/ros2_ws/install/samuchair_interfaces/include/samuchair_interfaces/samuchair_interfaces/msg
-- Installing: /home/labserver/ros2_ws/install/samuchair_interfaces/include/samuchair_interfaces/samuchair_interfaces/msg/rosidl_generator_c__visibility_control.h
-- Installing: /home/labserver/ros2_ws/install/samuchair_interfaces/include/samuchair_interfaces/samuchair_interfaces/srv
-- Installing: /home/labserver/ros2_ws/install/samuchair_interfaces/include/samuchair_interfaces/samuchair_interfaces/srv/arduino_motor.h
-- Installing: /home/labserver/ros2_ws/install/samuchair_interfaces/include/samuchair_interfaces/samuchair_interfaces/srv/detail
-- Installing: /home/labserver/ros2_ws/install/samuchair_interfaces/include/samuchair_interfaces/samuchair_interfaces/srv/detail/arduino_motor__functions.h
-- Installing: /home/labserver/ros2_ws/install/samuchair_interfaces/include/samuchair_interfaces/samuchair_interfaces/srv/detail/arduino_motor__functions.c
-- Installing: /home/labserver/ros2_ws/install/samuchair_interfaces/include/samuchair_interfaces/samuchair_interfaces/srv/detail/arduino_motor__struct.h
-- Installing: /home/labserver/ros2_ws/install/samuchair_interfaces/include/samuchair_interfaces/samuchair_interfaces/srv/detail/arduino_motor__type_support.h
-- Installing: /home/labserver/ros2_ws/install/samuchair_interfaces/share/samuchair_interfaces/environment/library_path.sh
-- Installing: /home/labserver/ros2_ws/install/samuchair_interfaces/share/samuchair_interfaces/environment/library_path.dsv
-- Installing: /home/labserver/ros2_ws/install/samuchair_interfaces/lib/libsamuchair_interfaces__rosidl_generator_c.so
-- Set runtime path of "/home/labserver/ros2_ws/install/samuchair_interfaces/lib/libsamuchair_interfaces__rosidl_generator_c.so" to ""
-- Up-to-date: /home/labserver/ros2_ws/install/samuchair_interfaces/include/samuchair_interfaces/samuchair_interfaces
-- Up-to-date: /home/labserver/ros2_ws/install/samuchair_interfaces/include/samuchair_interfaces/samuchair_interfaces/msg
-- Installing: /home/labserver/ros2_ws/install/samuchair_interfaces/include/samuchair_interfaces/samuchair_interfaces/msg/rosidl_typesupport_fastrtps_c__visibility_control.h
-- Up-to-date: /home/labserver/ros2_ws/install/samuchair_interfaces/include/samuchair_interfaces/samuchair_interfaces/srv
-- Up-to-date: /home/labserver/ros2_ws/install/samuchair_interfaces/include/samuchair_interfaces/samuchair_interfaces/srv/detail
-- Installing: /home/labserver/ros2_ws/install/samuchair_interfaces/include/samuchair_interfaces/samuchair_interfaces/srv/detail/arduino_motor__rosidl_typesupport_fastrtps_c.h
-- Installing: /home/labserver/ros2_ws/install/samuchair_interfaces/lib/libsamuchair_interfaces__rosidl_typesupport_fastrtps_c.so
-- Set runtime path of "/home/labserver/ros2_ws/install/samuchair_interfaces/lib/libsamuchair_interfaces__rosidl_typesupport_fastrtps_c.so" to ""
-- Up-to-date: /home/labserver/ros2_ws/install/samuchair_interfaces/include/samuchair_interfaces/samuchair_interfaces
-- Up-to-date: /home/labserver/ros2_ws/install/samuchair_interfaces/include/samuchair_interfaces/samuchair_interfaces/msg
-- Installing: /home/labserver/ros2_ws/install/samuchair_interfaces/include/samuchair_interfaces/samuchair_interfaces/msg/rosidl_typesupport_introspection_c__visibility_control.h
-- Up-to-date: /home/labserver/ros2_ws/install/samuchair_interfaces/include/samuchair_interfaces/samuchair_interfaces/srv
-- Up-to-date: /home/labserver/ros2_ws/install/samuchair_interfaces/include/samuchair_interfaces/samuchair_interfaces/srv/detail
-- Installing: /home/labserver/ros2_ws/install/samuchair_interfaces/include/samuchair_interfaces/samuchair_interfaces/srv/detail/arduino_motor__type_support.c
-- Installing: /home/labserver/ros2_ws/install/samuchair_interfaces/include/samuchair_interfaces/samuchair_interfaces/srv/detail/arduino_motor__rosidl_typesupport_introspection_c.h
-- Installing: /home/labserver/ros2_ws/install/samuchair_interfaces/lib/libsamuchair_interfaces__rosidl_typesupport_introspection_c.so
-- Set runtime path of "/home/labserver/ros2_ws/install/samuchair_interfaces/lib/libsamuchair_interfaces__rosidl_typesupport_introspection_c.so" to ""
-- Installing: /home/labserver/ros2_ws/install/samuchair_interfaces/lib/libsamuchair_interfaces__rosidl_typesupport_c.so
-- Set runtime path of "/home/labserver/ros2_ws/install/samuchair_interfaces/lib/libsamuchair_interfaces__rosidl_typesupport_c.so" to ""
-- Up-to-date: /home/labserver/ros2_ws/install/samuchair_interfaces/include/samuchair_interfaces/samuchair_interfaces
-- Up-to-date: /home/labserver/ros2_ws/install/samuchair_interfaces/include/samuchair_interfaces/samuchair_interfaces/srv
-- Up-to-date: /home/labserver/ros2_ws/install/samuchair_interfaces/include/samuchair_interfaces/samuchair_interfaces/srv/detail
-- Installing: /home/labserver/ros2_ws/install/samuchair_interfaces/include/samuchair_interfaces/samuchair_interfaces/srv/detail/arduino_motor__struct.hpp
-- Installing: /home/labserver/ros2_ws/install/samuchair_interfaces/include/samuchair_interfaces/samuchair_interfaces/srv/detail/arduino_motor__builder.hpp
-- Installing: /home/labserver/ros2_ws/install/samuchair_interfaces/include/samuchair_interfaces/samuchair_interfaces/srv/detail/arduino_motor__traits.hpp
-- Installing: /home/labserver/ros2_ws/install/samuchair_interfaces/include/samuchair_interfaces/samuchair_interfaces/srv/arduino_motor.hpp
-- Up-to-date: /home/labserver/ros2_ws/install/samuchair_interfaces/include/samuchair_interfaces/samuchair_interfaces
-- Up-to-date: /home/labserver/ros2_ws/install/samuchair_interfaces/include/samuchair_interfaces/samuchair_interfaces/msg
-- Installing: /home/labserver/ros2_ws/install/samuchair_interfaces/include/samuchair_interfaces/samuchair_interfaces/msg/rosidl_typesupport_fastrtps_cpp__visibility_control.h
-- Up-to-date: /home/labserver/ros2_ws/install/samuchair_interfaces/include/samuchair_interfaces/samuchair_interfaces/srv
-- Up-to-date: /home/labserver/ros2_ws/install/samuchair_interfaces/include/samuchair_interfaces/samuchair_interfaces/srv/detail
-- Installing: /home/labserver/ros2_ws/install/samuchair_interfaces/include/samuchair_interfaces/samuchair_interfaces/srv/detail/arduino_motor__rosidl_typesupport_fastrtps_cpp.hpp
-- Installing: /home/labserver/ros2_ws/install/samuchair_interfaces/include/samuchair_interfaces/samuchair_interfaces/srv/detail/dds_fastrtps
-- Installing: /home/labserver/ros2_ws/install/samuchair_interfaces/lib/libsamuchair_interfaces__rosidl_typesupport_fastrtps_cpp.so
-- Set runtime path of "/home/labserver/ros2_ws/install/samuchair_interfaces/lib/libsamuchair_interfaces__rosidl_typesupport_fastrtps_cpp.so" to ""
-- Up-to-date: /home/labserver/ros2_ws/install/samuchair_interfaces/include/samuchair_interfaces/samuchair_interfaces
-- Up-to-date: /home/labserver/ros2_ws/install/samuchair_interfaces/include/samuchair_interfaces/samuchair_interfaces/srv
-- Up-to-date: /home/labserver/ros2_ws/install/samuchair_interfaces/include/samuchair_interfaces/samuchair_interfaces/srv/detail
-- Installing: /home/labserver/ros2_ws/install/samuchair_interfaces/include/samuchair_interfaces/samuchair_interfaces/srv/detail/arduino_motor__rosidl_typesupport_introspection_cpp.hpp
-- Installing: /home/labserver/ros2_ws/install/samuchair_interfaces/include/samuchair_interfaces/samuchair_interfaces/srv/detail/arduino_motor__type_support.cpp
-- Installing: /home/labserver/ros2_ws/install/samuchair_interfaces/lib/libsamuchair_interfaces__rosidl_typesupport_introspection_cpp.so
-- Set runtime path of "/home/labserver/ros2_ws/install/samuchair_interfaces/lib/libsamuchair_interfaces__rosidl_typesupport_introspection_cpp.so" to ""
-- Installing: /home/labserver/ros2_ws/install/samuchair_interfaces/lib/libsamuchair_interfaces__rosidl_typesupport_cpp.so
-- Set runtime path of "/home/labserver/ros2_ws/install/samuchair_interfaces/lib/libsamuchair_interfaces__rosidl_typesupport_cpp.so" to ""
-- Installing: /home/labserver/ros2_ws/install/samuchair_interfaces/share/samuchair_interfaces/environment/pythonpath.sh
-- Installing: /home/labserver/ros2_ws/install/samuchair_interfaces/share/samuchair_interfaces/environment/pythonpath.dsv
-- Installing: /home/labserver/ros2_ws/install/samuchair_interfaces/local/lib/python3.10/dist-packages/samuchair_interfaces-0.0.0-py3.10.egg-info
-- Installing: /home/labserver/ros2_ws/install/samuchair_interfaces/local/lib/python3.10/dist-packages/samuchair_interfaces-0.0.0-py3.10.egg-info/top_level.txt
-- Installing: /home/labserver/ros2_ws/install/samuchair_interfaces/local/lib/python3.10/dist-packages/samuchair_interfaces-0.0.0-py3.10.egg-info/SOURCES.txt
-- Installing: /home/labserver/ros2_ws/install/samuchair_interfaces/local/lib/python3.10/dist-packages/samuchair_interfaces-0.0.0-py3.10.egg-info/dependency_links.txt
-- Installing: /home/labserver/ros2_ws/install/samuchair_interfaces/local/lib/python3.10/dist-packages/samuchair_interfaces-0.0.0-py3.10.egg-info/PKG-INFO
-- Installing: /home/labserver/ros2_ws/install/samuchair_interfaces/local/lib/python3.10/dist-packages/samuchair_interfaces
-- Installing: /home/labserver/ros2_ws/install/samuchair_interfaces/local/lib/python3.10/dist-packages/samuchair_interfaces/samuchair_interfaces_s__rosidl_typesupport_fastrtps_c.cpython-310-x86_64-linux-gnu.so
-- Installing: /home/labserver/ros2_ws/install/samuchair_interfaces/local/lib/python3.10/dist-packages/samuchair_interfaces/samuchair_interfaces_s__rosidl_typesupport_introspection_c.cpython-310-x86_64-linux-gnu.so
-- Installing: /home/labserver/ros2_ws/install/samuchair_interfaces/local/lib/python3.10/dist-packages/samuchair_interfaces/libsamuchair_interfaces__rosidl_generator_py.so
-- Installing: /home/labserver/ros2_ws/install/samuchair_interfaces/local/lib/python3.10/dist-packages/samuchair_interfaces/samuchair_interfaces_s__rosidl_typesupport_c.cpython-310-x86_64-linux-gnu.so
-- Installing: /home/labserver/ros2_ws/install/samuchair_interfaces/local/lib/python3.10/dist-packages/samuchair_interfaces/srv
-- Installing: /home/labserver/ros2_ws/install/samuchair_interfaces/local/lib/python3.10/dist-packages/samuchair_interfaces/srv/_arduino_motor_s.c
-- Installing: /home/labserver/ros2_ws/install/samuchair_interfaces/local/lib/python3.10/dist-packages/samuchair_interfaces/srv/__init__.py
-- Installing: /home/labserver/ros2_ws/install/samuchair_interfaces/local/lib/python3.10/dist-packages/samuchair_interfaces/srv/_arduino_motor.py
-- Installing: /home/labserver/ros2_ws/install/samuchair_interfaces/local/lib/python3.10/dist-packages/samuchair_interfaces/_samuchair_interfaces_s.ep.rosidl_typesupport_introspection_c.c
-- Installing: /home/labserver/ros2_ws/install/samuchair_interfaces/local/lib/python3.10/dist-packages/samuchair_interfaces/_samuchair_interfaces_s.ep.rosidl_typesupport_fastrtps_c.c
-- Installing: /home/labserver/ros2_ws/install/samuchair_interfaces/local/lib/python3.10/dist-packages/samuchair_interfaces/__init__.py
-- Installing: /home/labserver/ros2_ws/install/samuchair_interfaces/local/lib/python3.10/dist-packages/samuchair_interfaces/_samuchair_interfaces_s.ep.rosidl_typesupport_c.c
Listing '/home/labserver/ros2_ws/install/samuchair_interfaces/local/lib/python3.10/dist-packages/samuchair_interfaces'...
Compiling '/home/labserver/ros2_ws/install/samuchair_interfaces/local/lib/python3.10/dist-packages/samuchair_interfaces/__init__.py'...
Listing '/home/labserver/ros2_ws/install/samuchair_interfaces/local/lib/python3.10/dist-packages/samuchair_interfaces/srv'...
Compiling '/home/labserver/ros2_ws/install/samuchair_interfaces/local/lib/python3.10/dist-packages/samuchair_interfaces/srv/__init__.py'...
Compiling '/home/labserver/ros2_ws/install/samuchair_interfaces/local/lib/python3.10/dist-packages/samuchair_interfaces/srv/_arduino_motor.py'...
-- Installing: /home/labserver/ros2_ws/install/samuchair_interfaces/local/lib/python3.10/dist-packages/samuchair_interfaces/samuchair_interfaces_s__rosidl_typesupport_fastrtps_c.cpython-310-x86_64-linux-gnu.so
-- Set runtime path of "/home/labserver/ros2_ws/install/samuchair_interfaces/local/lib/python3.10/dist-packages/samuchair_interfaces/samuchair_interfaces_s__rosidl_typesupport_fastrtps_c.cpython-310-x86_64-linux-gnu.so" to ""
-- Installing: /home/labserver/ros2_ws/install/samuchair_interfaces/local/lib/python3.10/dist-packages/samuchair_interfaces/samuchair_interfaces_s__rosidl_typesupport_introspection_c.cpython-310-x86_64-linux-gnu.so
-- Set runtime path of "/home/labserver/ros2_ws/install/samuchair_interfaces/local/lib/python3.10/dist-packages/samuchair_interfaces/samuchair_interfaces_s__rosidl_typesupport_introspection_c.cpython-310-x86_64-linux-gnu.so" to ""
-- Installing: /home/labserver/ros2_ws/install/samuchair_interfaces/local/lib/python3.10/dist-packages/samuchair_interfaces/samuchair_interfaces_s__rosidl_typesupport_c.cpython-310-x86_64-linux-gnu.so
-- Set runtime path of "/home/labserver/ros2_ws/install/samuchair_interfaces/local/lib/python3.10/dist-packages/samuchair_interfaces/samuchair_interfaces_s__rosidl_typesupport_c.cpython-310-x86_64-linux-gnu.so" to ""
-- Installing: /home/labserver/ros2_ws/install/samuchair_interfaces/lib/libsamuchair_interfaces__rosidl_generator_py.so
-- Set runtime path of "/home/labserver/ros2_ws/install/samuchair_interfaces/lib/libsamuchair_interfaces__rosidl_generator_py.so" to ""
-- Installing: /home/labserver/ros2_ws/install/samuchair_interfaces/share/samuchair_interfaces/srv/ArduinoMotor.idl
-- Installing: /home/labserver/ros2_ws/install/samuchair_interfaces/share/samuchair_interfaces/srv/ArduinoMotor.srv
-- Installing: /home/labserver/ros2_ws/install/samuchair_interfaces/share/samuchair_interfaces/srv/ArduinoMotor_Request.msg
-- Installing: /home/labserver/ros2_ws/install/samuchair_interfaces/share/samuchair_interfaces/srv/ArduinoMotor_Response.msg
-- Installing: /home/labserver/ros2_ws/install/samuchair_interfaces/share/ament_index/resource_index/package_run_dependencies/samuchair_interfaces
-- Installing: /home/labserver/ros2_ws/install/samuchair_interfaces/share/ament_index/resource_index/parent_prefix_path/samuchair_interfaces
-- Installing: /home/labserver/ros2_ws/install/samuchair_interfaces/share/samuchair_interfaces/environment/ament_prefix_path.sh
-- Installing: /home/labserver/ros2_ws/install/samuchair_interfaces/share/samuchair_interfaces/environment/ament_prefix_path.dsv
-- Installing: /home/labserver/ros2_ws/install/samuchair_interfaces/share/samuchair_interfaces/environment/path.sh
-- Installing: /home/labserver/ros2_ws/install/samuchair_interfaces/share/samuchair_interfaces/environment/path.dsv
-- Installing: /home/labserver/ros2_ws/install/samuchair_interfaces/share/samuchair_interfaces/local_setup.bash
-- Installing: /home/labserver/ros2_ws/install/samuchair_interfaces/share/samuchair_interfaces/local_setup.sh
-- Installing: /home/labserver/ros2_ws/install/samuchair_interfaces/share/samuchair_interfaces/local_setup.zsh
-- Installing: /home/labserver/ros2_ws/install/samuchair_interfaces/share/samuchair_interfaces/local_setup.dsv
-- Installing: /home/labserver/ros2_ws/install/samuchair_interfaces/share/samuchair_interfaces/package.dsv
-- Installing: /home/labserver/ros2_ws/install/samuchair_interfaces/share/ament_index/resource_index/packages/samuchair_interfaces
-- Installing: /home/labserver/ros2_ws/install/samuchair_interfaces/share/samuchair_interfaces/cmake/export_samuchair_interfaces__rosidl_generator_cExport.cmake
-- Installing: /home/labserver/ros2_ws/install/samuchair_interfaces/share/samuchair_interfaces/cmake/export_samuchair_interfaces__rosidl_generator_cExport-noconfig.cmake
-- Installing: /home/labserver/ros2_ws/install/samuchair_interfaces/share/samuchair_interfaces/cmake/export_samuchair_interfaces__rosidl_typesupport_fastrtps_cExport.cmake
-- Installing: /home/labserver/ros2_ws/install/samuchair_interfaces/share/samuchair_interfaces/cmake/export_samuchair_interfaces__rosidl_typesupport_fastrtps_cExport-noconfig.cmake
-- Installing: /home/labserver/ros2_ws/install/samuchair_interfaces/share/samuchair_interfaces/cmake/samuchair_interfaces__rosidl_typesupport_introspection_cExport.cmake
-- Installing: /home/labserver/ros2_ws/install/samuchair_interfaces/share/samuchair_interfaces/cmake/samuchair_interfaces__rosidl_typesupport_introspection_cExport-noconfig.cmake
-- Installing: /home/labserver/ros2_ws/install/samuchair_interfaces/share/samuchair_interfaces/cmake/samuchair_interfaces__rosidl_typesupport_cExport.cmake
-- Installing: /home/labserver/ros2_ws/install/samuchair_interfaces/share/samuchair_interfaces/cmake/samuchair_interfaces__rosidl_typesupport_cExport-noconfig.cmake
-- Installing: /home/labserver/ros2_ws/install/samuchair_interfaces/share/samuchair_interfaces/cmake/export_samuchair_interfaces__rosidl_generator_cppExport.cmake
-- Installing: /home/labserver/ros2_ws/install/samuchair_interfaces/share/samuchair_interfaces/cmake/export_samuchair_interfaces__rosidl_typesupport_fastrtps_cppExport.cmake
-- Installing: /home/labserver/ros2_ws/install/samuchair_interfaces/share/samuchair_interfaces/cmake/export_samuchair_interfaces__rosidl_typesupport_fastrtps_cppExport-noconfig.cmake
-- Installing: /home/labserver/ros2_ws/install/samuchair_interfaces/share/samuchair_interfaces/cmake/samuchair_interfaces__rosidl_typesupport_introspection_cppExport.cmake
-- Installing: /home/labserver/ros2_ws/install/samuchair_interfaces/share/samuchair_interfaces/cmake/samuchair_interfaces__rosidl_typesupport_introspection_cppExport-noconfig.cmake
-- Installing: /home/labserver/ros2_ws/install/samuchair_interfaces/share/samuchair_interfaces/cmake/samuchair_interfaces__rosidl_typesupport_cppExport.cmake
-- Installing: /home/labserver/ros2_ws/install/samuchair_interfaces/share/samuchair_interfaces/cmake/samuchair_interfaces__rosidl_typesupport_cppExport-noconfig.cmake
-- Installing: /home/labserver/ros2_ws/install/samuchair_interfaces/share/samuchair_interfaces/cmake/export_samuchair_interfaces__rosidl_generator_pyExport.cmake
-- Installing: /home/labserver/ros2_ws/install/samuchair_interfaces/share/samuchair_interfaces/cmake/export_samuchair_interfaces__rosidl_generator_pyExport-noconfig.cmake
-- Installing: /home/labserver/ros2_ws/install/samuchair_interfaces/share/samuchair_interfaces/cmake/rosidl_cmake-extras.cmake
-- Installing: /home/labserver/ros2_ws/install/samuchair_interfaces/share/samuchair_interfaces/cmake/ament_cmake_export_include_directories-extras.cmake
-- Installing: /home/labserver/ros2_ws/install/samuchair_interfaces/share/samuchair_interfaces/cmake/ament_cmake_export_libraries-extras.cmake
-- Installing: /home/labserver/ros2_ws/install/samuchair_interfaces/share/samuchair_interfaces/cmake/ament_cmake_export_targets-extras.cmake
-- Installing: /home/labserver/ros2_ws/install/samuchair_interfaces/share/samuchair_interfaces/cmake/rosidl_cmake_export_typesupport_targets-extras.cmake
-- Installing: /home/labserver/ros2_ws/install/samuchair_interfaces/share/samuchair_interfaces/cmake/ament_cmake_export_dependencies-extras.cmake
-- Installing: /home/labserver/ros2_ws/install/samuchair_interfaces/share/samuchair_interfaces/cmake/rosidl_cmake_export_typesupport_libraries-extras.cmake
-- Installing: /home/labserver/ros2_ws/install/samuchair_interfaces/share/samuchair_interfaces/cmake/samuchair_interfacesConfig.cmake
-- Installing: /home/labserver/ros2_ws/install/samuchair_interfaces/share/samuchair_interfaces/cmake/samuchair_interfacesConfig-version.cmake
-- Installing: /home/labserver/ros2_ws/install/samuchair_interfaces/share/samuchair_interfaces/package.xml
