[2.509s] Invoking command in '/home/labserver/ros2_ws/src/samuchair': PYTHONPATH=/home/labserver/ros2_ws/build/samuchair/prefix_override:/home/labserver/ros2_ws/install/samuchair/lib/python3.10/site-packages:${PYTHONPATH} /usr/bin/python3 setup.py egg_info --egg-base ../../build/samuchair build --build-base /home/labserver/ros2_ws/build/samuchair/build install --record /home/labserver/ros2_ws/build/samuchair/install.log --single-version-externally-managed
[3.045s] running egg_info
[3.065s] writing ../../build/samuchair/samuchair.egg-info/PKG-INFO
[3.065s] writing dependency_links to ../../build/samuchair/samuchair.egg-info/dependency_links.txt
[3.065s] writing entry points to ../../build/samuchair/samuchair.egg-info/entry_points.txt
[3.066s] writing requirements to ../../build/samuchair/samuchair.egg-info/requires.txt
[3.068s] writing top-level names to ../../build/samuchair/samuchair.egg-info/top_level.txt
[3.473s] reading manifest file '../../build/samuchair/samuchair.egg-info/SOURCES.txt'
[3.478s] writing manifest file '../../build/samuchair/samuchair.egg-info/SOURCES.txt'
[3.478s] running build
[3.478s] running build_py
[3.482s] copying samuchair/arduinoNode.py -> /home/labserver/ros2_ws/build/samuchair/build/lib/samuchair
[3.482s] copying samuchair/movilNode.py -> /home/labserver/ros2_ws/build/samuchair/build/lib/samuchair
[3.482s] copying samuchair/webcamNode.py -> /home/labserver/ros2_ws/build/samuchair/build/lib/samuchair
[3.483s] copying samuchair/tactilesNode.py -> /home/labserver/ros2_ws/build/samuchair/build/lib/samuchair
[3.483s] copying samuchair/secondarytaskNode.py -> /home/labserver/ros2_ws/build/samuchair/build/lib/samuchair
[3.483s] copying samuchair/ComJoystickManual.py -> /home/labserver/ros2_ws/build/samuchair/build/lib/samuchair
[3.483s] copying samuchair/Webcam.py -> /home/labserver/ros2_ws/build/samuchair/build/lib/samuchair
[3.483s] copying samuchair/esp32Node.py -> /home/labserver/ros2_ws/build/samuchair/build/lib/samuchair
[3.483s] copying samuchair/esp32Node_old.py -> /home/labserver/ros2_ws/build/samuchair/build/lib/samuchair
[3.483s] copying samuchair/testArduinoNode.py -> /home/labserver/ros2_ws/build/samuchair/build/lib/samuchair
[3.483s] copying samuchair/__init__.py -> /home/labserver/ros2_ws/build/samuchair/build/lib/samuchair
[3.483s] copying samuchair/SecondaryTask.py -> /home/labserver/ros2_ws/build/samuchair/build/lib/samuchair
[3.483s] copying samuchair/ComESP32.py -> /home/labserver/ros2_ws/build/samuchair/build/lib/samuchair
[3.483s] /home/labserver/.local/lib/python3.10/site-packages/setuptools/_distutils/cmd.py:66: SetuptoolsDeprecationWarning: setup.py install is deprecated.
[3.483s] !!
[3.483s] 
[3.483s]         ********************************************************************************
[3.483s]         Please avoid running ``setup.py`` directly.
[3.483s]         Instead, use pypa/build, pypa/installer or other
[3.484s]         standards-based tools.
[3.484s] 
[3.484s]         See https://blog.ganssle.io/articles/2021/10/setup-py-deprecated.html for details.
[3.484s]         ********************************************************************************
[3.484s] 
[3.495s] !!
[3.495s]   self.initialize_options()
[3.495s] running install
[3.495s] running install_lib
[3.512s] copying /home/labserver/ros2_ws/build/samuchair/build/lib/samuchair/secondarytaskNode.py -> /home/labserver/ros2_ws/install/samuchair/lib/python3.10/site-packages/samuchair
[3.520s] copying /home/labserver/ros2_ws/build/samuchair/build/lib/samuchair/esp32Node.py -> /home/labserver/ros2_ws/install/samuchair/lib/python3.10/site-packages/samuchair
[3.520s] byte-compiling /home/labserver/ros2_ws/install/samuchair/lib/python3.10/site-packages/samuchair/secondarytaskNode.py to secondarytaskNode.cpython-310.pyc
[3.523s] byte-compiling /home/labserver/ros2_ws/install/samuchair/lib/python3.10/site-packages/samuchair/esp32Node.py to esp32Node.cpython-310.pyc
[3.525s] running install_data
[3.584s] copying launch/record_samuchair.launch.py -> /home/labserver/ros2_ws/install/samuchair/share/samuchair/launch
[3.584s] copying launch/samuchair.launch.py -> /home/labserver/ros2_ws/install/samuchair/share/samuchair/launch
[3.584s] copying resource/samuchair -> /home/labserver/ros2_ws/install/samuchair/share/ament_index/resource_index/packages
[3.584s] copying package.xml -> /home/labserver/ros2_ws/install/samuchair/share/samuchair
[3.584s] running install_egg_info
[3.635s] removing '/home/labserver/ros2_ws/install/samuchair/lib/python3.10/site-packages/samuchair-0.0.0-py3.10.egg-info' (and everything under it)
[3.635s] Copying ../../build/samuchair/samuchair.egg-info to /home/labserver/ros2_ws/install/samuchair/lib/python3.10/site-packages/samuchair-0.0.0-py3.10.egg-info
[3.643s] running install_scripts
[3.708s] Installing arduinoNode script to /home/labserver/ros2_ws/install/samuchair/lib/samuchair
[3.708s] Installing esp32Node script to /home/labserver/ros2_ws/install/samuchair/lib/samuchair
[3.708s] Installing movilNode script to /home/labserver/ros2_ws/install/samuchair/lib/samuchair
[3.708s] Installing secondarytaskNode script to /home/labserver/ros2_ws/install/samuchair/lib/samuchair
[3.708s] Installing tactilesNode script to /home/labserver/ros2_ws/install/samuchair/lib/samuchair
[3.709s] Installing testArduinoNode script to /home/labserver/ros2_ws/install/samuchair/lib/samuchair
[3.718s] Installing webcamNode script to /home/labserver/ros2_ws/install/samuchair/lib/samuchair
[3.718s] writing list of installed files to '/home/labserver/ros2_ws/build/samuchair/install.log'
[3.920s] Invoked command in '/home/labserver/ros2_ws/src/samuchair' returned '0': PYTHONPATH=/home/labserver/ros2_ws/build/samuchair/prefix_override:/home/labserver/ros2_ws/install/samuchair/lib/python3.10/site-packages:${PYTHONPATH} /usr/bin/python3 setup.py egg_info --egg-base ../../build/samuchair build --build-base /home/labserver/ros2_ws/build/samuchair/build install --record /home/labserver/ros2_ws/build/samuchair/install.log --single-version-externally-managed
