[4.996s] DEBUG:colcon:Command line arguments: ['/usr/bin/colcon', 'list', '-p', '--base-paths', '/home/labserver/ros2_ws']
[4.997s] DEBUG:colcon:Parsed command line arguments: Namespace(log_base=None, log_level=None, verb_name='list', build_base='build', ignore_user_meta=False, metas=['./colcon.meta'], base_paths=['/home/labserver/ros2_ws'], packages_ignore=None, packages_ignore_regex=None, paths=None, packages_up_to=None, packages_up_to_regex=None, packages_above=None, packages_above_and_dependencies=None, packages_above_depth=None, packages_select_by_dep=None, packages_skip_by_dep=None, packages_skip_up_to=None, packages_select_build_failed=False, packages_skip_build_finished=False, packages_select_test_failures=False, packages_skip_test_passed=False, packages_select=None, packages_skip=None, packages_select_regex=None, packages_skip_regex=None, packages_start=None, packages_end=None, allow_overriding=[], topological_order=False, names_only=False, paths_only=True, topological_graph=False, topological_graph_dot=False, topological_graph_density=False, topological_graph_legend=False, topological_graph_dot_cluster=False, topological_graph_dot_include_skipped=False, verb_parser=<colcon_defaults.argument_parser.defaults.DefaultArgumentsDecorator object at 0x7fa019950ac0>, verb_extension=<colcon_package_information.verb.list.ListVerb object at 0x7fa019950a00>, main=<bound method ListVerb.main of <colcon_package_information.verb.list.ListVerb object at 0x7fa019950a00>>)
[5.057s] Level 1:colcon.colcon_core.package_discovery:discover_packages(colcon_meta) check parameters
[5.057s] Level 1:colcon.colcon_core.package_discovery:discover_packages(recursive) check parameters
[5.057s] Level 1:colcon.colcon_core.package_discovery:discover_packages(ignore) check parameters
[5.057s] Level 1:colcon.colcon_core.package_discovery:discover_packages(path) check parameters
[5.057s] Level 1:colcon.colcon_core.package_discovery:discover_packages(recursive) discover
[5.058s] INFO:colcon.colcon_core.package_discovery:Crawling recursively for packages in '/home/labserver/ros2_ws'
[5.058s] Level 1:colcon.colcon_core.package_identification:_identify(/home/labserver/ros2_ws) by extensions ['ignore', 'ignore_ament_install']
[5.058s] Level 1:colcon.colcon_core.package_identification:_identify(/home/labserver/ros2_ws) by extension 'ignore'
[5.058s] Level 1:colcon.colcon_core.package_identification:_identify(/home/labserver/ros2_ws) by extension 'ignore_ament_install'
[5.058s] Level 1:colcon.colcon_core.package_identification:_identify(/home/labserver/ros2_ws) by extensions ['colcon_pkg']
[5.059s] Level 1:colcon.colcon_core.package_identification:_identify(/home/labserver/ros2_ws) by extension 'colcon_pkg'
[5.059s] Level 1:colcon.colcon_core.package_identification:_identify(/home/labserver/ros2_ws) by extensions ['colcon_meta']
[5.059s] Level 1:colcon.colcon_core.package_identification:_identify(/home/labserver/ros2_ws) by extension 'colcon_meta'
[5.059s] Level 1:colcon.colcon_core.package_identification:_identify(/home/labserver/ros2_ws) by extensions ['ros']
[5.059s] Level 1:colcon.colcon_core.package_identification:_identify(/home/labserver/ros2_ws) by extension 'ros'
[5.080s] Level 1:colcon.colcon_core.package_identification:_identify(/home/labserver/ros2_ws) by extensions ['cmake', 'python']
[5.081s] Level 1:colcon.colcon_core.package_identification:_identify(/home/labserver/ros2_ws) by extension 'cmake'
[5.081s] Level 1:colcon.colcon_core.package_identification:_identify(/home/labserver/ros2_ws) by extension 'python'
[5.081s] Level 1:colcon.colcon_core.package_identification:_identify(/home/labserver/ros2_ws) by extensions ['python_setup_py']
[5.081s] Level 1:colcon.colcon_core.package_identification:_identify(/home/labserver/ros2_ws) by extension 'python_setup_py'
[5.081s] Level 1:colcon.colcon_core.package_identification:_identify(/home/labserver/ros2_ws/build) by extensions ['ignore', 'ignore_ament_install']
[5.082s] Level 1:colcon.colcon_core.package_identification:_identify(/home/labserver/ros2_ws/build) by extension 'ignore'
[5.082s] Level 1:colcon.colcon_core.package_identification:_identify(/home/labserver/ros2_ws/build) ignored
[5.082s] Level 1:colcon.colcon_core.package_identification:_identify(/home/labserver/ros2_ws/install) by extensions ['ignore', 'ignore_ament_install']
[5.082s] Level 1:colcon.colcon_core.package_identification:_identify(/home/labserver/ros2_ws/install) by extension 'ignore'
[5.083s] Level 1:colcon.colcon_core.package_identification:_identify(/home/labserver/ros2_ws/install) ignored
[5.083s] Level 1:colcon.colcon_core.package_identification:_identify(/home/labserver/ros2_ws/log) by extensions ['ignore', 'ignore_ament_install']
[5.083s] Level 1:colcon.colcon_core.package_identification:_identify(/home/labserver/ros2_ws/log) by extension 'ignore'
[5.083s] Level 1:colcon.colcon_core.package_identification:_identify(/home/labserver/ros2_ws/log) ignored
[5.083s] Level 1:colcon.colcon_core.package_identification:_identify(/home/labserver/ros2_ws/src) by extensions ['ignore', 'ignore_ament_install']
[5.084s] Level 1:colcon.colcon_core.package_identification:_identify(/home/labserver/ros2_ws/src) by extension 'ignore'
[5.084s] Level 1:colcon.colcon_core.package_identification:_identify(/home/labserver/ros2_ws/src) by extension 'ignore_ament_install'
[5.084s] Level 1:colcon.colcon_core.package_identification:_identify(/home/labserver/ros2_ws/src) by extensions ['colcon_pkg']
[5.084s] Level 1:colcon.colcon_core.package_identification:_identify(/home/labserver/ros2_ws/src) by extension 'colcon_pkg'
[5.084s] Level 1:colcon.colcon_core.package_identification:_identify(/home/labserver/ros2_ws/src) by extensions ['colcon_meta']
[5.084s] Level 1:colcon.colcon_core.package_identification:_identify(/home/labserver/ros2_ws/src) by extension 'colcon_meta'
[5.085s] Level 1:colcon.colcon_core.package_identification:_identify(/home/labserver/ros2_ws/src) by extensions ['ros']
[5.085s] Level 1:colcon.colcon_core.package_identification:_identify(/home/labserver/ros2_ws/src) by extension 'ros'
[5.085s] Level 1:colcon.colcon_core.package_identification:_identify(/home/labserver/ros2_ws/src) by extensions ['cmake', 'python']
[5.085s] Level 1:colcon.colcon_core.package_identification:_identify(/home/labserver/ros2_ws/src) by extension 'cmake'
[5.085s] Level 1:colcon.colcon_core.package_identification:_identify(/home/labserver/ros2_ws/src) by extension 'python'
[5.086s] Level 1:colcon.colcon_core.package_identification:_identify(/home/labserver/ros2_ws/src) by extensions ['python_setup_py']
[5.086s] Level 1:colcon.colcon_core.package_identification:_identify(/home/labserver/ros2_ws/src) by extension 'python_setup_py'
[5.086s] Level 1:colcon.colcon_core.package_identification:_identify(/home/labserver/ros2_ws/src/build) by extensions ['ignore', 'ignore_ament_install']
[5.086s] Level 1:colcon.colcon_core.package_identification:_identify(/home/labserver/ros2_ws/src/build) by extension 'ignore'
[5.086s] Level 1:colcon.colcon_core.package_identification:_identify(/home/labserver/ros2_ws/src/build) ignored
[5.087s] Level 1:colcon.colcon_core.package_identification:_identify(/home/labserver/ros2_ws/src/install) by extensions ['ignore', 'ignore_ament_install']
[5.087s] Level 1:colcon.colcon_core.package_identification:_identify(/home/labserver/ros2_ws/src/install) by extension 'ignore'
[5.087s] Level 1:colcon.colcon_core.package_identification:_identify(/home/labserver/ros2_ws/src/install) ignored
[5.087s] Level 1:colcon.colcon_core.package_identification:_identify(/home/labserver/ros2_ws/src/log) by extensions ['ignore', 'ignore_ament_install']
[5.088s] Level 1:colcon.colcon_core.package_identification:_identify(/home/labserver/ros2_ws/src/log) by extension 'ignore'
[5.088s] Level 1:colcon.colcon_core.package_identification:_identify(/home/labserver/ros2_ws/src/log) ignored
[5.088s] Level 1:colcon.colcon_core.package_identification:_identify(/home/labserver/ros2_ws/src/my_robot_controller) by extensions ['ignore', 'ignore_ament_install']
[5.088s] Level 1:colcon.colcon_core.package_identification:_identify(/home/labserver/ros2_ws/src/my_robot_controller) by extension 'ignore'
[5.089s] Level 1:colcon.colcon_core.package_identification:_identify(/home/labserver/ros2_ws/src/my_robot_controller) by extension 'ignore_ament_install'
[5.089s] Level 1:colcon.colcon_core.package_identification:_identify(/home/labserver/ros2_ws/src/my_robot_controller) by extensions ['colcon_pkg']
[5.089s] Level 1:colcon.colcon_core.package_identification:_identify(/home/labserver/ros2_ws/src/my_robot_controller) by extension 'colcon_pkg'
[5.089s] Level 1:colcon.colcon_core.package_identification:_identify(/home/labserver/ros2_ws/src/my_robot_controller) by extensions ['colcon_meta']
[5.089s] Level 1:colcon.colcon_core.package_identification:_identify(/home/labserver/ros2_ws/src/my_robot_controller) by extension 'colcon_meta'
[5.089s] Level 1:colcon.colcon_core.package_identification:_identify(/home/labserver/ros2_ws/src/my_robot_controller) by extensions ['ros']
[5.090s] Level 1:colcon.colcon_core.package_identification:_identify(/home/labserver/ros2_ws/src/my_robot_controller) by extension 'ros'
[5.093s] DEBUG:colcon.colcon_core.package_identification:Package '/home/labserver/ros2_ws/src/my_robot_controller' with type 'ros.ament_python' and name 'my_robot_controller'
[5.093s] Level 1:colcon.colcon_core.package_discovery:discover_packages(recursive) using defaults
