[2.478s] Invoking command in '/home/labserver/ros2_ws/src/samuchair': PYTHONPATH=/home/labserver/ros2_ws/build/samuchair/prefix_override:/home/labserver/ros2_ws/install/samuchair/lib/python3.10/site-packages:${PYTHONPATH} /usr/bin/python3 setup.py egg_info --egg-base ../../build/samuchair build --build-base /home/labserver/ros2_ws/build/samuchair/build install --record /home/labserver/ros2_ws/build/samuchair/install.log --single-version-externally-managed
[2.962s] running egg_info
[2.996s] writing ../../build/samuchair/samuchair.egg-info/PKG-INFO
[2.998s] writing dependency_links to ../../build/samuchair/samuchair.egg-info/dependency_links.txt
[3.002s] writing entry points to ../../build/samuchair/samuchair.egg-info/entry_points.txt
[3.010s] writing requirements to ../../build/samuchair/samuchair.egg-info/requires.txt
[3.010s] writing top-level names to ../../build/samuchair/samuchair.egg-info/top_level.txt
[3.386s] reading manifest file '../../build/samuchair/samuchair.egg-info/SOURCES.txt'
[3.386s] writing manifest file '../../build/samuchair/samuchair.egg-info/SOURCES.txt'
[3.386s] running build
[3.386s] running build_py
[3.387s] copying samuchair/arduinoNode.py -> /home/labserver/ros2_ws/build/samuchair/build/lib/samuchair
[3.387s] copying samuchair/webcamNode.py -> /home/labserver/ros2_ws/build/samuchair/build/lib/samuchair
[3.392s] copying samuchair/secondarytaskNode.py -> /home/labserver/ros2_ws/build/samuchair/build/lib/samuchair
[3.392s] copying samuchair/ComJoystickManual.py -> /home/labserver/ros2_ws/build/samuchair/build/lib/samuchair
[3.392s] copying samuchair/Webcam.py -> /home/labserver/ros2_ws/build/samuchair/build/lib/samuchair
[3.396s] copying samuchair/esp32Node.py -> /home/labserver/ros2_ws/build/samuchair/build/lib/samuchair
[3.397s] copying samuchair/esp32Node_old.py -> /home/labserver/ros2_ws/build/samuchair/build/lib/samuchair
[3.397s] copying samuchair/testArduinoNode.py -> /home/labserver/ros2_ws/build/samuchair/build/lib/samuchair
[3.397s] copying samuchair/__init__.py -> /home/labserver/ros2_ws/build/samuchair/build/lib/samuchair
[3.397s] copying samuchair/SecondaryTask.py -> /home/labserver/ros2_ws/build/samuchair/build/lib/samuchair
[3.397s] copying samuchair/ComESP32.py -> /home/labserver/ros2_ws/build/samuchair/build/lib/samuchair
[3.397s] /home/labserver/.local/lib/python3.10/site-packages/setuptools/_distutils/cmd.py:66: SetuptoolsDeprecationWarning: setup.py install is deprecated.
[3.398s] !!
[3.398s] 
[3.398s]         ********************************************************************************
[3.398s]         Please avoid running ``setup.py`` directly.
[3.398s]         Instead, use pypa/build, pypa/installer or other
[3.398s]         standards-based tools.
[3.403s] 
[3.404s]         See https://blog.ganssle.io/articles/2021/10/setup-py-deprecated.html for details.
[3.404s]         ********************************************************************************
[3.404s] 
[3.404s] !!
[3.404s]   self.initialize_options()
[3.404s] running install
[3.404s] running install_lib
[3.439s] running install_data
[3.465s] copying resource/samuchair -> /home/labserver/ros2_ws/install/samuchair/share/ament_index/resource_index/packages
[3.465s] copying package.xml -> /home/labserver/ros2_ws/install/samuchair/share/samuchair
[3.465s] running install_egg_info
[3.509s] removing '/home/labserver/ros2_ws/install/samuchair/lib/python3.10/site-packages/samuchair-0.0.0-py3.10.egg-info' (and everything under it)
[3.509s] Copying ../../build/samuchair/samuchair.egg-info to /home/labserver/ros2_ws/install/samuchair/lib/python3.10/site-packages/samuchair-0.0.0-py3.10.egg-info
[3.518s] running install_scripts
[3.654s] Installing arduinoNode script to /home/labserver/ros2_ws/install/samuchair/lib/samuchair
[3.656s] Installing esp32Node script to /home/labserver/ros2_ws/install/samuchair/lib/samuchair
[3.659s] Installing secondarytaskNode script to /home/labserver/ros2_ws/install/samuchair/lib/samuchair
[3.662s] Installing testArduinoNode script to /home/labserver/ros2_ws/install/samuchair/lib/samuchair
[3.669s] Installing webcamNode script to /home/labserver/ros2_ws/install/samuchair/lib/samuchair
[3.669s] writing list of installed files to '/home/labserver/ros2_ws/build/samuchair/install.log'
[3.803s] Invoked command in '/home/labserver/ros2_ws/src/samuchair' returned '0': PYTHONPATH=/home/labserver/ros2_ws/build/samuchair/prefix_override:/home/labserver/ros2_ws/install/samuchair/lib/python3.10/site-packages:${PYTHONPATH} /usr/bin/python3 setup.py egg_info --egg-base ../../build/samuchair build --build-base /home/labserver/ros2_ws/build/samuchair/build install --record /home/labserver/ros2_ws/build/samuchair/install.log --single-version-externally-managed
