[7.597s] Invoking command in '/home/labserver/ros2_ws/src/samuchair': PYTHONPATH=/home/labserver/ros2_ws/build/samuchair/prefix_override:/home/labserver/ros2_ws/install/samuchair/lib/python3.10/site-packages:${PYTHONPATH} /usr/bin/python3 setup.py egg_info --egg-base ../../build/samuchair build --build-base /home/labserver/ros2_ws/build/samuchair/build install --record /home/labserver/ros2_ws/build/samuchair/install.log --single-version-externally-managed
[9.276s] running egg_info
[9.379s] writing ../../build/samuchair/samuchair.egg-info/PKG-INFO
[9.384s] writing dependency_links to ../../build/samuchair/samuchair.egg-info/dependency_links.txt
[9.386s] writing entry points to ../../build/samuchair/samuchair.egg-info/entry_points.txt
[9.387s] writing requirements to ../../build/samuchair/samuchair.egg-info/requires.txt
[9.392s] writing top-level names to ../../build/samuchair/samuchair.egg-info/top_level.txt
[10.000s] reading manifest file '../../build/samuchair/samuchair.egg-info/SOURCES.txt'
[10.003s] writing manifest file '../../build/samuchair/samuchair.egg-info/SOURCES.txt'
[10.003s] running build
[10.004s] running build_py
[10.004s] copying samuchair/arduinoNode.py -> /home/labserver/ros2_ws/build/samuchair/build/lib/samuchair
[10.005s] copying samuchair/joystickBluetoothNode.py -> /home/labserver/ros2_ws/build/samuchair/build/lib/samuchair
[10.007s] copying samuchair/movilNode.py -> /home/labserver/ros2_ws/build/samuchair/build/lib/samuchair
[10.010s] copying samuchair/webcamNode.py -> /home/labserver/ros2_ws/build/samuchair/build/lib/samuchair
[10.011s] copying samuchair/tactilesNode.py -> /home/labserver/ros2_ws/build/samuchair/build/lib/samuchair
[10.013s] copying samuchair/secondarytaskNode.py -> /home/labserver/ros2_ws/build/samuchair/build/lib/samuchair
[10.016s] copying samuchair/ComJoystickManual.py -> /home/labserver/ros2_ws/build/samuchair/build/lib/samuchair
[10.016s] copying samuchair/Webcam.py -> /home/labserver/ros2_ws/build/samuchair/build/lib/samuchair
[10.018s] copying samuchair/esp32Node.py -> /home/labserver/ros2_ws/build/samuchair/build/lib/samuchair
[10.019s] copying samuchair/jBNode.py -> /home/labserver/ros2_ws/build/samuchair/build/lib/samuchair
[10.021s] copying samuchair/esp32Node_old.py -> /home/labserver/ros2_ws/build/samuchair/build/lib/samuchair
[10.024s] copying samuchair/testArduinoNode.py -> /home/labserver/ros2_ws/build/samuchair/build/lib/samuchair
[10.026s] copying samuchair/__init__.py -> /home/labserver/ros2_ws/build/samuchair/build/lib/samuchair
[10.031s] copying samuchair/SecondaryTask.py -> /home/labserver/ros2_ws/build/samuchair/build/lib/samuchair
[10.031s] copying samuchair/ComESP32.py -> /home/labserver/ros2_ws/build/samuchair/build/lib/samuchair
[10.031s] copying samuchair/mapJoyFingerChair.py -> /home/labserver/ros2_ws/build/samuchair/build/lib/samuchair
[10.032s] running install
[10.035s] /home/labserver/.local/lib/python3.10/site-packages/setuptools/_distutils/cmd.py:66: SetuptoolsDeprecationWarning: setup.py install is deprecated.
[10.039s] !!
[10.039s] 
[10.039s]         ********************************************************************************
[10.039s]         Please avoid running ``setup.py`` directly.
[10.039s]         Instead, use pypa/build, pypa/installer or other
[10.039s]         standards-based tools.
[10.040s] 
[10.040s]         See https://blog.ganssle.io/articles/2021/10/setup-py-deprecated.html for details.
[10.040s]         ********************************************************************************
[10.040s] 
[10.045s] !!
[10.045s]   self.initialize_options()
[10.067s] running install_lib
[10.132s] running install_data
[10.226s] copying launch/record_samuchair.launch.py -> /home/labserver/ros2_ws/install/samuchair/share/samuchair/launch
[10.228s] copying launch/samuchair.launch.py -> /home/labserver/ros2_ws/install/samuchair/share/samuchair/launch
[10.230s] copying resource/samuchair -> /home/labserver/ros2_ws/install/samuchair/share/ament_index/resource_index/packages
[10.232s] copying package.xml -> /home/labserver/ros2_ws/install/samuchair/share/samuchair
[10.232s] running install_egg_info
[10.312s] removing '/home/labserver/ros2_ws/install/samuchair/lib/python3.10/site-packages/samuchair-0.0.0-py3.10.egg-info' (and everything under it)
[10.315s] Copying ../../build/samuchair/samuchair.egg-info to /home/labserver/ros2_ws/install/samuchair/lib/python3.10/site-packages/samuchair-0.0.0-py3.10.egg-info
[10.321s] running install_scripts
[10.520s] Installing arduinoNode script to /home/labserver/ros2_ws/install/samuchair/lib/samuchair
[10.520s] Installing esp32Node script to /home/labserver/ros2_ws/install/samuchair/lib/samuchair
[10.521s] Installing jBNode script to /home/labserver/ros2_ws/install/samuchair/lib/samuchair
[10.522s] Installing movilNode script to /home/labserver/ros2_ws/install/samuchair/lib/samuchair
[10.523s] Installing secondarytaskNode script to /home/labserver/ros2_ws/install/samuchair/lib/samuchair
[10.526s] Installing tactilesNode script to /home/labserver/ros2_ws/install/samuchair/lib/samuchair
[10.527s] Installing testArduinoNode script to /home/labserver/ros2_ws/install/samuchair/lib/samuchair
[10.534s] Installing webcamNode script to /home/labserver/ros2_ws/install/samuchair/lib/samuchair
[10.536s] writing list of installed files to '/home/labserver/ros2_ws/build/samuchair/install.log'
[10.627s] Invoked command in '/home/labserver/ros2_ws/src/samuchair' returned '0': PYTHONPATH=/home/labserver/ros2_ws/build/samuchair/prefix_override:/home/labserver/ros2_ws/install/samuchair/lib/python3.10/site-packages:${PYTHONPATH} /usr/bin/python3 setup.py egg_info --egg-base ../../build/samuchair build --build-base /home/labserver/ros2_ws/build/samuchair/build install --record /home/labserver/ros2_ws/build/samuchair/install.log --single-version-externally-managed
