[2.003s] Invoking command in '/home/labserver/ros2_ws/src/prueba': PYTHONPATH=/home/labserver/ros2_ws/build/prueba/prefix_override:/home/labserver/ros2_ws/install/prueba/lib/python3.10/site-packages:${PYTHONPATH} /usr/bin/python3 setup.py egg_info --egg-base ../../build/prueba build --build-base /home/labserver/ros2_ws/build/prueba/build install --record /home/labserver/ros2_ws/build/prueba/install.log --single-version-externally-managed
[2.432s] running egg_info
[2.465s] writing ../../build/prueba/prueba.egg-info/PKG-INFO
[2.469s] writing dependency_links to ../../build/prueba/prueba.egg-info/dependency_links.txt
[2.472s] writing entry points to ../../build/prueba/prueba.egg-info/entry_points.txt
[2.474s] writing requirements to ../../build/prueba/prueba.egg-info/requires.txt
[2.478s] writing top-level names to ../../build/prueba/prueba.egg-info/top_level.txt
[2.715s] reading manifest file '../../build/prueba/prueba.egg-info/SOURCES.txt'
[2.718s] writing manifest file '../../build/prueba/prueba.egg-info/SOURCES.txt'
[2.721s] running build
[2.721s] running build_py
[2.722s] copying prueba/prueba.py -> /home/labserver/ros2_ws/build/prueba/build/lib/prueba
[2.722s] copying prueba/listener.py -> /home/labserver/ros2_ws/build/prueba/build/lib/prueba
[2.729s] copying prueba/__init__.py -> /home/labserver/ros2_ws/build/prueba/build/lib/prueba
[2.729s] running install
[2.730s] /home/labserver/.local/lib/python3.10/site-packages/setuptools/_distutils/cmd.py:66: SetuptoolsDeprecationWarning: setup.py install is deprecated.
[2.730s] !!
[2.730s] 
[2.730s]         ********************************************************************************
[2.730s]         Please avoid running ``setup.py`` directly.
[2.730s]         Instead, use pypa/build, pypa/installer or other
[2.730s]         standards-based tools.
[2.730s] 
[2.733s]         See https://blog.ganssle.io/articles/2021/10/setup-py-deprecated.html for details.
[2.733s]         ********************************************************************************
[2.733s] 
[2.733s] !!
[2.733s]   self.initialize_options()
[2.742s] running install_lib
[2.775s] running install_data
[2.813s] copying resource/prueba -> /home/labserver/ros2_ws/install/prueba/share/ament_index/resource_index/packages
[2.814s] copying package.xml -> /home/labserver/ros2_ws/install/prueba/share/prueba
[2.815s] running install_egg_info
[2.848s] removing '/home/labserver/ros2_ws/install/prueba/lib/python3.10/site-packages/prueba-0.0.0-py3.10.egg-info' (and everything under it)
[2.851s] Copying ../../build/prueba/prueba.egg-info to /home/labserver/ros2_ws/install/prueba/lib/python3.10/site-packages/prueba-0.0.0-py3.10.egg-info
[2.853s] running install_scripts
[2.947s] Installing listener script to /home/labserver/ros2_ws/install/prueba/lib/prueba
[2.949s] Installing talker script to /home/labserver/ros2_ws/install/prueba/lib/prueba
[2.950s] writing list of installed files to '/home/labserver/ros2_ws/build/prueba/install.log'
[3.060s] Invoked command in '/home/labserver/ros2_ws/src/prueba' returned '0': PYTHONPATH=/home/labserver/ros2_ws/build/prueba/prefix_override:/home/labserver/ros2_ws/install/prueba/lib/python3.10/site-packages:${PYTHONPATH} /usr/bin/python3 setup.py egg_info --egg-base ../../build/prueba build --build-base /home/labserver/ros2_ws/build/prueba/build install --record /home/labserver/ros2_ws/build/prueba/install.log --single-version-externally-managed
