[1.124s] Invoking command in '/home/labserver/ros2_ws/src/my_robot_controller': PYTHONPATH=/home/labserver/ros2_ws/src/my_robot_controller/build/my_robot_controller/prefix_override:/home/labserver/ros2_ws/src/my_robot_controller/install/my_robot_controller/lib/python3.10/site-packages:${PYTHONPATH} /usr/bin/python3 setup.py egg_info --egg-base build/my_robot_controller build --build-base /home/labserver/ros2_ws/src/my_robot_controller/build/my_robot_controller/build install --record /home/labserver/ros2_ws/src/my_robot_controller/build/my_robot_controller/install.log --single-version-externally-managed
[1.562s] running egg_info
[1.563s] creating build/my_robot_controller/my_robot_controller.egg-info
[1.563s] writing build/my_robot_controller/my_robot_controller.egg-info/PKG-INFO
[1.563s] writing dependency_links to build/my_robot_controller/my_robot_controller.egg-info/dependency_links.txt
[1.564s] writing entry points to build/my_robot_controller/my_robot_controller.egg-info/entry_points.txt
[1.564s] writing requirements to build/my_robot_controller/my_robot_controller.egg-info/requires.txt
[1.564s] writing top-level names to build/my_robot_controller/my_robot_controller.egg-info/top_level.txt
[1.564s] writing manifest file 'build/my_robot_controller/my_robot_controller.egg-info/SOURCES.txt'
[1.567s] reading manifest file 'build/my_robot_controller/my_robot_controller.egg-info/SOURCES.txt'
[1.570s] writing manifest file 'build/my_robot_controller/my_robot_controller.egg-info/SOURCES.txt'
[1.573s] running build
[1.574s] running build_py
[1.575s] creating /home/labserver/ros2_ws/src/my_robot_controller/build/my_robot_controller/build
[1.575s] creating /home/labserver/ros2_ws/src/my_robot_controller/build/my_robot_controller/build/lib
[1.575s] creating /home/labserver/ros2_ws/src/my_robot_controller/build/my_robot_controller/build/lib/my_robot_controller
[1.575s] copying my_robot_controller/my_first_node.py -> /home/labserver/ros2_ws/src/my_robot_controller/build/my_robot_controller/build/lib/my_robot_controller
[1.576s] copying my_robot_controller/__init__.py -> /home/labserver/ros2_ws/src/my_robot_controller/build/my_robot_controller/build/lib/my_robot_controller
[1.576s] running install
[1.576s] running install_lib
[1.577s] creating /home/labserver/ros2_ws/src/my_robot_controller/install/my_robot_controller/lib/python3.10/site-packages/my_robot_controller
[1.577s] copying /home/labserver/ros2_ws/src/my_robot_controller/build/my_robot_controller/build/lib/my_robot_controller/my_first_node.py -> /home/labserver/ros2_ws/src/my_robot_controller/install/my_robot_controller/lib/python3.10/site-packages/my_robot_controller
[1.578s] copying /home/labserver/ros2_ws/src/my_robot_controller/build/my_robot_controller/build/lib/my_robot_controller/__init__.py -> /home/labserver/ros2_ws/src/my_robot_controller/install/my_robot_controller/lib/python3.10/site-packages/my_robot_controller
[1.578s] byte-compiling /home/labserver/ros2_ws/src/my_robot_controller/install/my_robot_controller/lib/python3.10/site-packages/my_robot_controller/my_first_node.py to my_first_node.cpython-310.pyc
[1.579s] byte-compiling /home/labserver/ros2_ws/src/my_robot_controller/install/my_robot_controller/lib/python3.10/site-packages/my_robot_controller/__init__.py to __init__.cpython-310.pyc
[1.579s] running install_data
[1.580s] creating /home/labserver/ros2_ws/src/my_robot_controller/install/my_robot_controller/share/ament_index
[1.580s] creating /home/labserver/ros2_ws/src/my_robot_controller/install/my_robot_controller/share/ament_index/resource_index
[1.581s] creating /home/labserver/ros2_ws/src/my_robot_controller/install/my_robot_controller/share/ament_index/resource_index/packages
[1.581s] copying resource/my_robot_controller -> /home/labserver/ros2_ws/src/my_robot_controller/install/my_robot_controller/share/ament_index/resource_index/packages
[1.581s] copying package.xml -> /home/labserver/ros2_ws/src/my_robot_controller/install/my_robot_controller/share/my_robot_controller
[1.581s] running install_egg_info
[1.583s] Copying build/my_robot_controller/my_robot_controller.egg-info to /home/labserver/ros2_ws/src/my_robot_controller/install/my_robot_controller/lib/python3.10/site-packages/my_robot_controller-0.0.0-py3.10.egg-info
[1.585s] running install_scripts
[1.611s] Installing test_node script to /home/labserver/ros2_ws/src/my_robot_controller/install/my_robot_controller/lib/my_robot_controller
[1.612s] writing list of installed files to '/home/labserver/ros2_ws/src/my_robot_controller/build/my_robot_controller/install.log'
[1.666s] Invoked command in '/home/labserver/ros2_ws/src/my_robot_controller' returned '0': PYTHONPATH=/home/labserver/ros2_ws/src/my_robot_controller/build/my_robot_controller/prefix_override:/home/labserver/ros2_ws/src/my_robot_controller/install/my_robot_controller/lib/python3.10/site-packages:${PYTHONPATH} /usr/bin/python3 setup.py egg_info --egg-base build/my_robot_controller build --build-base /home/labserver/ros2_ws/src/my_robot_controller/build/my_robot_controller/build install --record /home/labserver/ros2_ws/src/my_robot_controller/build/my_robot_controller/install.log --single-version-externally-managed
