[2.357s] Invoking command in '/home/labserver/ros2_ws/src/prueba': PYTHONPATH=/home/labserver/ros2_ws/build/prueba/prefix_override:/home/labserver/ros2_ws/install/prueba/lib/python3.10/site-packages:${PYTHONPATH} /usr/bin/python3 setup.py egg_info --egg-base ../../build/prueba build --build-base /home/labserver/ros2_ws/build/prueba/build install --record /home/labserver/ros2_ws/build/prueba/install.log --single-version-externally-managed
[2.609s] running egg_info
[2.626s] writing ../../build/prueba/prueba.egg-info/PKG-INFO
[2.629s] writing dependency_links to ../../build/prueba/prueba.egg-info/dependency_links.txt
[2.629s] writing entry points to ../../build/prueba/prueba.egg-info/entry_points.txt
[2.630s] writing requirements to ../../build/prueba/prueba.egg-info/requires.txt
[2.635s] writing top-level names to ../../build/prueba/prueba.egg-info/top_level.txt
[2.685s] reading manifest file '../../build/prueba/prueba.egg-info/SOURCES.txt'
[2.687s] writing manifest file '../../build/prueba/prueba.egg-info/SOURCES.txt'
[2.688s] running build
[2.690s] running build_py
[2.693s] copying prueba/prueba.py -> /home/labserver/ros2_ws/build/prueba/build/lib/prueba
[2.694s] copying prueba/listener.py -> /home/labserver/ros2_ws/build/prueba/build/lib/prueba
[2.695s] copying prueba/__init__.py -> /home/labserver/ros2_ws/build/prueba/build/lib/prueba
[2.695s] running install
[2.696s] /home/labserver/.local/lib/python3.10/site-packages/setuptools/_distutils/cmd.py:66: SetuptoolsDeprecationWarning: setup.py install is deprecated.
[2.696s] !!
[2.696s] 
[2.696s]         ********************************************************************************
[2.696s]         Please avoid running ``setup.py`` directly.
[2.696s]         Instead, use pypa/build, pypa/installer or other
[2.696s]         standards-based tools.
[2.696s] 
[2.696s]         See https://blog.ganssle.io/articles/2021/10/setup-py-deprecated.html for details.
[2.696s]         ********************************************************************************
[2.696s] 
[2.696s] !!
[2.698s]   self.initialize_options()
[2.711s] running install_lib
[2.738s] running install_data
[2.767s] copying resource/prueba -> /home/labserver/ros2_ws/install/prueba/share/ament_index/resource_index/packages
[2.768s] copying package.xml -> /home/labserver/ros2_ws/install/prueba/share/prueba
[2.768s] running install_egg_info
[2.782s] removing '/home/labserver/ros2_ws/install/prueba/lib/python3.10/site-packages/prueba-0.0.0-py3.10.egg-info' (and everything under it)
[2.784s] Copying ../../build/prueba/prueba.egg-info to /home/labserver/ros2_ws/install/prueba/lib/python3.10/site-packages/prueba-0.0.0-py3.10.egg-info
[2.792s] running install_scripts
[3.067s] Installing listener script to /home/labserver/ros2_ws/install/prueba/lib/prueba
[3.067s] Installing talker script to /home/labserver/ros2_ws/install/prueba/lib/prueba
[3.067s] writing list of installed files to '/home/labserver/ros2_ws/build/prueba/install.log'
[3.093s] Invoked command in '/home/labserver/ros2_ws/src/prueba' returned '0': PYTHONPATH=/home/labserver/ros2_ws/build/prueba/prefix_override:/home/labserver/ros2_ws/install/prueba/lib/python3.10/site-packages:${PYTHONPATH} /usr/bin/python3 setup.py egg_info --egg-base ../../build/prueba build --build-base /home/labserver/ros2_ws/build/prueba/build install --record /home/labserver/ros2_ws/build/prueba/install.log --single-version-externally-managed
