[8.521s] Invoking command in '/home/labserver/ros2_ws/src/samuchair': PYTHONPATH=/home/labserver/ros2_ws/build/samuchair/prefix_override:/home/labserver/ros2_ws/install/samuchair/lib/python3.10/site-packages:${PYTHONPATH} /usr/bin/python3 setup.py egg_info --egg-base ../../build/samuchair build --build-base /home/labserver/ros2_ws/build/samuchair/build install --record /home/labserver/ros2_ws/build/samuchair/install.log --single-version-externally-managed
[10.358s] running egg_info
[10.504s] writing ../../build/samuchair/samuchair.egg-info/PKG-INFO
[10.515s] writing dependency_links to ../../build/samuchair/samuchair.egg-info/dependency_links.txt
[10.516s] writing entry points to ../../build/samuchair/samuchair.egg-info/entry_points.txt
[10.525s] writing requirements to ../../build/samuchair/samuchair.egg-info/requires.txt
[10.526s] writing top-level names to ../../build/samuchair/samuchair.egg-info/top_level.txt
[11.607s] reading manifest file '../../build/samuchair/samuchair.egg-info/SOURCES.txt'
[11.611s] writing manifest file '../../build/samuchair/samuchair.egg-info/SOURCES.txt'
[11.612s] running build
[11.616s] running build_py
[11.617s] copying samuchair/arduinoNode.py -> /home/labserver/ros2_ws/build/samuchair/build/lib/samuchair
[11.620s] copying samuchair/joystickBluetoothNode.py -> /home/labserver/ros2_ws/build/samuchair/build/lib/samuchair
[11.620s] copying samuchair/movilNode.py -> /home/labserver/ros2_ws/build/samuchair/build/lib/samuchair
[11.623s] copying samuchair/webcamNode.py -> /home/labserver/ros2_ws/build/samuchair/build/lib/samuchair
[11.624s] copying samuchair/tactilesNode.py -> /home/labserver/ros2_ws/build/samuchair/build/lib/samuchair
[11.627s] copying samuchair/secondarytaskNode.py -> /home/labserver/ros2_ws/build/samuchair/build/lib/samuchair
[11.629s] copying samuchair/ComJoystickManual.py -> /home/labserver/ros2_ws/build/samuchair/build/lib/samuchair
[11.630s] copying samuchair/Webcam.py -> /home/labserver/ros2_ws/build/samuchair/build/lib/samuchair
[11.633s] copying samuchair/esp32Node.py -> /home/labserver/ros2_ws/build/samuchair/build/lib/samuchair
[11.635s] copying samuchair/jBNode.py -> /home/labserver/ros2_ws/build/samuchair/build/lib/samuchair
[11.635s] copying samuchair/esp32Node_old.py -> /home/labserver/ros2_ws/build/samuchair/build/lib/samuchair
[11.637s] copying samuchair/testArduinoNode.py -> /home/labserver/ros2_ws/build/samuchair/build/lib/samuchair
[11.639s] copying samuchair/__init__.py -> /home/labserver/ros2_ws/build/samuchair/build/lib/samuchair
[11.641s] copying samuchair/SecondaryTask.py -> /home/labserver/ros2_ws/build/samuchair/build/lib/samuchair
[11.642s] copying samuchair/ComESP32.py -> /home/labserver/ros2_ws/build/samuchair/build/lib/samuchair
[11.652s] copying samuchair/mapJoyFingerChair.py -> /home/labserver/ros2_ws/build/samuchair/build/lib/samuchair
[11.652s] running install
[11.652s] /home/labserver/.local/lib/python3.10/site-packages/setuptools/_distutils/cmd.py:66: SetuptoolsDeprecationWarning: setup.py install is deprecated.
[11.652s] !!
[11.652s] 
[11.653s]         ********************************************************************************
[11.653s]         Please avoid running ``setup.py`` directly.
[11.653s]         Instead, use pypa/build, pypa/installer or other
[11.655s]         standards-based tools.
[11.656s] 
[11.656s]         See https://blog.ganssle.io/articles/2021/10/setup-py-deprecated.html for details.
[11.656s]         ********************************************************************************
[11.657s] 
[11.657s] !!
[11.657s]   self.initialize_options()
[11.676s] running install_lib
[11.747s] copying /home/labserver/ros2_ws/build/samuchair/build/lib/samuchair/ComESP32.py -> /home/labserver/ros2_ws/install/samuchair/lib/python3.10/site-packages/samuchair
[11.755s] byte-compiling /home/labserver/ros2_ws/install/samuchair/lib/python3.10/site-packages/samuchair/ComESP32.py to ComESP32.cpython-310.pyc
[11.757s] running install_data
[11.824s] copying launch/record_samuchair.launch.py -> /home/labserver/ros2_ws/install/samuchair/share/samuchair/launch
[11.826s] copying launch/samuchair.launch.py -> /home/labserver/ros2_ws/install/samuchair/share/samuchair/launch
[11.828s] copying resource/samuchair -> /home/labserver/ros2_ws/install/samuchair/share/ament_index/resource_index/packages
[11.830s] copying package.xml -> /home/labserver/ros2_ws/install/samuchair/share/samuchair
[11.831s] running install_egg_info
[11.909s] removing '/home/labserver/ros2_ws/install/samuchair/lib/python3.10/site-packages/samuchair-0.0.0-py3.10.egg-info' (and everything under it)
[11.915s] Copying ../../build/samuchair/samuchair.egg-info to /home/labserver/ros2_ws/install/samuchair/lib/python3.10/site-packages/samuchair-0.0.0-py3.10.egg-info
[11.923s] running install_scripts
[12.146s] Installing arduinoNode script to /home/labserver/ros2_ws/install/samuchair/lib/samuchair
[12.148s] Installing esp32Node script to /home/labserver/ros2_ws/install/samuchair/lib/samuchair
[12.149s] Installing jBNode script to /home/labserver/ros2_ws/install/samuchair/lib/samuchair
[12.151s] Installing movilNode script to /home/labserver/ros2_ws/install/samuchair/lib/samuchair
[12.154s] Installing secondarytaskNode script to /home/labserver/ros2_ws/install/samuchair/lib/samuchair
[12.154s] Installing tactilesNode script to /home/labserver/ros2_ws/install/samuchair/lib/samuchair
[12.156s] Installing testArduinoNode script to /home/labserver/ros2_ws/install/samuchair/lib/samuchair
[12.161s] Installing webcamNode script to /home/labserver/ros2_ws/install/samuchair/lib/samuchair
[12.165s] writing list of installed files to '/home/labserver/ros2_ws/build/samuchair/install.log'
[12.296s] Invoked command in '/home/labserver/ros2_ws/src/samuchair' returned '0': PYTHONPATH=/home/labserver/ros2_ws/build/samuchair/prefix_override:/home/labserver/ros2_ws/install/samuchair/lib/python3.10/site-packages:${PYTHONPATH} /usr/bin/python3 setup.py egg_info --egg-base ../../build/samuchair build --build-base /home/labserver/ros2_ws/build/samuchair/build install --record /home/labserver/ros2_ws/build/samuchair/install.log --single-version-externally-managed
