[2.919s] Invoking command in '/home/labserver/ros2_ws/src/samuchair': PYTHONPATH=/home/labserver/ros2_ws/build/samuchair/prefix_override:/home/labserver/ros2_ws/install/samuchair/lib/python3.10/site-packages:${PYTHONPATH} /usr/bin/python3 setup.py egg_info --egg-base ../../build/samuchair build --build-base /home/labserver/ros2_ws/build/samuchair/build install --record /home/labserver/ros2_ws/build/samuchair/install.log --single-version-externally-managed
[3.440s] running egg_info
[3.492s] writing ../../build/samuchair/samuchair.egg-info/PKG-INFO
[3.500s] writing dependency_links to ../../build/samuchair/samuchair.egg-info/dependency_links.txt
[3.500s] writing entry points to ../../build/samuchair/samuchair.egg-info/entry_points.txt
[3.500s] writing requirements to ../../build/samuchair/samuchair.egg-info/requires.txt
[3.501s] writing top-level names to ../../build/samuchair/samuchair.egg-info/top_level.txt
[3.876s] reading manifest file '../../build/samuchair/samuchair.egg-info/SOURCES.txt'
[3.878s] writing manifest file '../../build/samuchair/samuchair.egg-info/SOURCES.txt'
[3.879s] running build
[3.880s] running build_py
[3.881s] copying samuchair/arduinoNode.py -> /home/labserver/ros2_ws/build/samuchair/build/lib/samuchair
[3.882s] copying samuchair/webcamNode.py -> /home/labserver/ros2_ws/build/samuchair/build/lib/samuchair
[3.883s] copying samuchair/secondarytaskNode.py -> /home/labserver/ros2_ws/build/samuchair/build/lib/samuchair
[3.883s] copying samuchair/ComJoystickManual.py -> /home/labserver/ros2_ws/build/samuchair/build/lib/samuchair
[3.884s] copying samuchair/Webcam.py -> /home/labserver/ros2_ws/build/samuchair/build/lib/samuchair
[3.884s] copying samuchair/esp32Node.py -> /home/labserver/ros2_ws/build/samuchair/build/lib/samuchair
[3.885s] copying samuchair/esp32Node_old.py -> /home/labserver/ros2_ws/build/samuchair/build/lib/samuchair
[3.886s] copying samuchair/testArduinoNode.py -> /home/labserver/ros2_ws/build/samuchair/build/lib/samuchair
[3.887s] copying samuchair/__init__.py -> /home/labserver/ros2_ws/build/samuchair/build/lib/samuchair
[3.887s] copying samuchair/SecondaryTask.py -> /home/labserver/ros2_ws/build/samuchair/build/lib/samuchair
[3.887s] copying samuchair/ComESP32.py -> /home/labserver/ros2_ws/build/samuchair/build/lib/samuchair
[3.888s] running install
[3.891s] /home/labserver/.local/lib/python3.10/site-packages/setuptools/_distutils/cmd.py:66: SetuptoolsDeprecationWarning: setup.py install is deprecated.
[3.891s] !!
[3.891s] 
[3.891s]         ********************************************************************************
[3.891s]         Please avoid running ``setup.py`` directly.
[3.891s]         Instead, use pypa/build, pypa/installer or other
[3.891s]         standards-based tools.
[3.891s] 
[3.891s]         See https://blog.ganssle.io/articles/2021/10/setup-py-deprecated.html for details.
[3.891s]         ********************************************************************************
[3.892s] 
[3.892s] !!
[3.892s]   self.initialize_options()
[3.900s] running install_lib
[3.930s] copying /home/labserver/ros2_ws/build/samuchair/build/lib/samuchair/secondarytaskNode.py -> /home/labserver/ros2_ws/install/samuchair/lib/python3.10/site-packages/samuchair
[3.931s] byte-compiling /home/labserver/ros2_ws/install/samuchair/lib/python3.10/site-packages/samuchair/secondarytaskNode.py to secondarytaskNode.cpython-310.pyc
[3.939s] running install_data
[3.969s] copying launch/samuchair.launch.py -> /home/labserver/ros2_ws/install/samuchair/share/samuchair/launch
[3.970s] copying resource/samuchair -> /home/labserver/ros2_ws/install/samuchair/share/ament_index/resource_index/packages
[3.970s] copying package.xml -> /home/labserver/ros2_ws/install/samuchair/share/samuchair
[3.972s] running install_egg_info
[4.003s] removing '/home/labserver/ros2_ws/install/samuchair/lib/python3.10/site-packages/samuchair-0.0.0-py3.10.egg-info' (and everything under it)
[4.006s] Copying ../../build/samuchair/samuchair.egg-info to /home/labserver/ros2_ws/install/samuchair/lib/python3.10/site-packages/samuchair-0.0.0-py3.10.egg-info
[4.009s] running install_scripts
[4.096s] Installing arduinoNode script to /home/labserver/ros2_ws/install/samuchair/lib/samuchair
[4.096s] Installing esp32Node script to /home/labserver/ros2_ws/install/samuchair/lib/samuchair
[4.097s] Installing secondarytaskNode script to /home/labserver/ros2_ws/install/samuchair/lib/samuchair
[4.097s] Installing testArduinoNode script to /home/labserver/ros2_ws/install/samuchair/lib/samuchair
[4.099s] Installing webcamNode script to /home/labserver/ros2_ws/install/samuchair/lib/samuchair
[4.099s] writing list of installed files to '/home/labserver/ros2_ws/build/samuchair/install.log'
[4.160s] Invoked command in '/home/labserver/ros2_ws/src/samuchair' returned '0': PYTHONPATH=/home/labserver/ros2_ws/build/samuchair/prefix_override:/home/labserver/ros2_ws/install/samuchair/lib/python3.10/site-packages:${PYTHONPATH} /usr/bin/python3 setup.py egg_info --egg-base ../../build/samuchair build --build-base /home/labserver/ros2_ws/build/samuchair/build install --record /home/labserver/ros2_ws/build/samuchair/install.log --single-version-externally-managed
