[1.856s] Invoking command in '/home/labserver/ros2_ws/src/prueba': PYTHONPATH=/home/labserver/ros2_ws/build/prueba/prefix_override:/home/labserver/ros2_ws/install/prueba/lib/python3.10/site-packages:${PYTHONPATH} /usr/bin/python3 setup.py egg_info --egg-base ../../build/prueba build --build-base /home/labserver/ros2_ws/build/prueba/build install --record /home/labserver/ros2_ws/build/prueba/install.log --single-version-externally-managed
[2.132s] running egg_info
[2.153s] writing ../../build/prueba/prueba.egg-info/PKG-INFO
[2.155s] writing dependency_links to ../../build/prueba/prueba.egg-info/dependency_links.txt
[2.156s] writing entry points to ../../build/prueba/prueba.egg-info/entry_points.txt
[2.157s] writing requirements to ../../build/prueba/prueba.egg-info/requires.txt
[2.158s] writing top-level names to ../../build/prueba/prueba.egg-info/top_level.txt
[2.320s] reading manifest file '../../build/prueba/prueba.egg-info/SOURCES.txt'
[2.320s] writing manifest file '../../build/prueba/prueba.egg-info/SOURCES.txt'
[2.320s] running build
[2.320s] running build_py
[2.321s] copying prueba/prueba.py -> /home/labserver/ros2_ws/build/prueba/build/lib/prueba
[2.322s] copying prueba/listener.py -> /home/labserver/ros2_ws/build/prueba/build/lib/prueba
[2.323s] copying prueba/__init__.py -> /home/labserver/ros2_ws/build/prueba/build/lib/prueba
[2.324s] running install
[2.326s] /home/labserver/.local/lib/python3.10/site-packages/setuptools/_distutils/cmd.py:66: SetuptoolsDeprecationWarning: setup.py install is deprecated.
[2.326s] !!
[2.326s] 
[2.326s]         ********************************************************************************
[2.326s]         Please avoid running ``setup.py`` directly.
[2.326s]         Instead, use pypa/build, pypa/installer or other
[2.326s]         standards-based tools.
[2.326s] 
[2.326s]         See https://blog.ganssle.io/articles/2021/10/setup-py-deprecated.html for details.
[2.326s]         ********************************************************************************
[2.326s] 
[2.326s] !!
[2.327s]   self.initialize_options()
[2.338s] running install_lib
[2.358s] running install_data
[2.374s] copying resource/prueba -> /home/labserver/ros2_ws/install/prueba/share/ament_index/resource_index/packages
[2.375s] copying package.xml -> /home/labserver/ros2_ws/install/prueba/share/prueba
[2.376s] running install_egg_info
[2.398s] removing '/home/labserver/ros2_ws/install/prueba/lib/python3.10/site-packages/prueba-0.0.0-py3.10.egg-info' (and everything under it)
[2.401s] Copying ../../build/prueba/prueba.egg-info to /home/labserver/ros2_ws/install/prueba/lib/python3.10/site-packages/prueba-0.0.0-py3.10.egg-info
[2.406s] running install_scripts
[2.485s] Installing listener script to /home/labserver/ros2_ws/install/prueba/lib/prueba
[2.487s] Installing talker script to /home/labserver/ros2_ws/install/prueba/lib/prueba
[2.488s] writing list of installed files to '/home/labserver/ros2_ws/build/prueba/install.log'
[2.744s] Invoked command in '/home/labserver/ros2_ws/src/prueba' returned '0': PYTHONPATH=/home/labserver/ros2_ws/build/prueba/prefix_override:/home/labserver/ros2_ws/install/prueba/lib/python3.10/site-packages:${PYTHONPATH} /usr/bin/python3 setup.py egg_info --egg-base ../../build/prueba build --build-base /home/labserver/ros2_ws/build/prueba/build install --record /home/labserver/ros2_ws/build/prueba/install.log --single-version-externally-managed
