[6.857s] Invoking command in '/home/labserver/ros2_ws/src/samuchair': PYTHONPATH=/home/labserver/ros2_ws/build/samuchair/prefix_override:/home/labserver/ros2_ws/install/samuchair/lib/python3.10/site-packages:${PYTHONPATH} /usr/bin/python3 setup.py egg_info --egg-base ../../build/samuchair build --build-base /home/labserver/ros2_ws/build/samuchair/build install --record /home/labserver/ros2_ws/build/samuchair/install.log --single-version-externally-managed
[9.049s] running egg_info
[9.233s] writing ../../build/samuchair/samuchair.egg-info/PKG-INFO
[9.239s] writing dependency_links to ../../build/samuchair/samuchair.egg-info/dependency_links.txt
[9.239s] writing entry points to ../../build/samuchair/samuchair.egg-info/entry_points.txt
[9.258s] writing requirements to ../../build/samuchair/samuchair.egg-info/requires.txt
[9.258s] writing top-level names to ../../build/samuchair/samuchair.egg-info/top_level.txt
[10.322s] reading manifest file '../../build/samuchair/samuchair.egg-info/SOURCES.txt'
[10.325s] writing manifest file '../../build/samuchair/samuchair.egg-info/SOURCES.txt'
[10.327s] running build
[10.327s] running build_py
[10.330s] copying samuchair/arduinoNode.py -> /home/labserver/ros2_ws/build/samuchair/build/lib/samuchair
[10.331s] copying samuchair/joystickBluetoothNode.py -> /home/labserver/ros2_ws/build/samuchair/build/lib/samuchair
[10.331s] copying samuchair/movilNode.py -> /home/labserver/ros2_ws/build/samuchair/build/lib/samuchair
[10.331s] copying samuchair/webcamNode.py -> /home/labserver/ros2_ws/build/samuchair/build/lib/samuchair
[10.335s] copying samuchair/tactilesNode.py -> /home/labserver/ros2_ws/build/samuchair/build/lib/samuchair
[10.338s] copying samuchair/secondarytaskNode.py -> /home/labserver/ros2_ws/build/samuchair/build/lib/samuchair
[10.339s] copying samuchair/ComJoystickManual.py -> /home/labserver/ros2_ws/build/samuchair/build/lib/samuchair
[10.339s] copying samuchair/Webcam.py -> /home/labserver/ros2_ws/build/samuchair/build/lib/samuchair
[10.339s] copying samuchair/esp32Node.py -> /home/labserver/ros2_ws/build/samuchair/build/lib/samuchair
[10.339s] copying samuchair/jBNode.py -> /home/labserver/ros2_ws/build/samuchair/build/lib/samuchair
[10.343s] copying samuchair/esp32Node_old.py -> /home/labserver/ros2_ws/build/samuchair/build/lib/samuchair
[10.343s] copying samuchair/testArduinoNode.py -> /home/labserver/ros2_ws/build/samuchair/build/lib/samuchair
[10.348s] copying samuchair/__init__.py -> /home/labserver/ros2_ws/build/samuchair/build/lib/samuchair
[10.348s] copying samuchair/SecondaryTask.py -> /home/labserver/ros2_ws/build/samuchair/build/lib/samuchair
[10.348s] copying samuchair/ComESP32.py -> /home/labserver/ros2_ws/build/samuchair/build/lib/samuchair
[10.348s] copying samuchair/mapJoyFingerChair.py -> /home/labserver/ros2_ws/build/samuchair/build/lib/samuchair
[10.348s] running install
[10.359s] /home/labserver/.local/lib/python3.10/site-packages/setuptools/_distutils/cmd.py:66: SetuptoolsDeprecationWarning: setup.py install is deprecated.
[10.360s] !!
[10.360s] 
[10.365s]         ********************************************************************************
[10.365s]         Please avoid running ``setup.py`` directly.
[10.365s]         Instead, use pypa/build, pypa/installer or other
[10.365s]         standards-based tools.
[10.365s] 
[10.366s]         See https://blog.ganssle.io/articles/2021/10/setup-py-deprecated.html for details.
[10.366s]         ********************************************************************************
[10.366s] 
[10.366s] !!
[10.366s]   self.initialize_options()
[10.376s] running install_lib
[10.450s] copying /home/labserver/ros2_ws/build/samuchair/build/lib/samuchair/esp32Node.py -> /home/labserver/ros2_ws/install/samuchair/lib/python3.10/site-packages/samuchair
[10.459s] copying /home/labserver/ros2_ws/build/samuchair/build/lib/samuchair/ComESP32.py -> /home/labserver/ros2_ws/install/samuchair/lib/python3.10/site-packages/samuchair
[10.468s] byte-compiling /home/labserver/ros2_ws/install/samuchair/lib/python3.10/site-packages/samuchair/esp32Node.py to esp32Node.cpython-310.pyc
[10.469s] byte-compiling /home/labserver/ros2_ws/install/samuchair/lib/python3.10/site-packages/samuchair/ComESP32.py to ComESP32.cpython-310.pyc
[10.471s] running install_data
[10.539s] copying launch/record_samuchair.launch.py -> /home/labserver/ros2_ws/install/samuchair/share/samuchair/launch
[10.541s] copying launch/samuchair.launch.py -> /home/labserver/ros2_ws/install/samuchair/share/samuchair/launch
[10.543s] copying resource/samuchair -> /home/labserver/ros2_ws/install/samuchair/share/ament_index/resource_index/packages
[10.543s] copying package.xml -> /home/labserver/ros2_ws/install/samuchair/share/samuchair
[10.545s] running install_egg_info
[10.612s] removing '/home/labserver/ros2_ws/install/samuchair/lib/python3.10/site-packages/samuchair-0.0.0-py3.10.egg-info' (and everything under it)
[10.615s] Copying ../../build/samuchair/samuchair.egg-info to /home/labserver/ros2_ws/install/samuchair/lib/python3.10/site-packages/samuchair-0.0.0-py3.10.egg-info
[10.622s] running install_scripts
[10.792s] Installing arduinoNode script to /home/labserver/ros2_ws/install/samuchair/lib/samuchair
[10.792s] Installing esp32Node script to /home/labserver/ros2_ws/install/samuchair/lib/samuchair
[10.794s] Installing jBNode script to /home/labserver/ros2_ws/install/samuchair/lib/samuchair
[10.797s] Installing movilNode script to /home/labserver/ros2_ws/install/samuchair/lib/samuchair
[10.797s] Installing secondarytaskNode script to /home/labserver/ros2_ws/install/samuchair/lib/samuchair
[10.799s] Installing tactilesNode script to /home/labserver/ros2_ws/install/samuchair/lib/samuchair
[10.802s] Installing testArduinoNode script to /home/labserver/ros2_ws/install/samuchair/lib/samuchair
[10.804s] Installing webcamNode script to /home/labserver/ros2_ws/install/samuchair/lib/samuchair
[10.810s] writing list of installed files to '/home/labserver/ros2_ws/build/samuchair/install.log'
[10.914s] Invoked command in '/home/labserver/ros2_ws/src/samuchair' returned '0': PYTHONPATH=/home/labserver/ros2_ws/build/samuchair/prefix_override:/home/labserver/ros2_ws/install/samuchair/lib/python3.10/site-packages:${PYTHONPATH} /usr/bin/python3 setup.py egg_info --egg-base ../../build/samuchair build --build-base /home/labserver/ros2_ws/build/samuchair/build install --record /home/labserver/ros2_ws/build/samuchair/install.log --single-version-externally-managed
