[6.943s] Invoking command in '/home/labserver/ros2_ws/src/samuchair': PYTHONPATH=/home/labserver/ros2_ws/build/samuchair/prefix_override:/home/labserver/ros2_ws/install/samuchair/lib/python3.10/site-packages:${PYTHONPATH} /usr/bin/python3 setup.py egg_info --egg-base ../../build/samuchair build --build-base /home/labserver/ros2_ws/build/samuchair/build install --record /home/labserver/ros2_ws/build/samuchair/install.log --single-version-externally-managed
[8.303s] running egg_info
[8.461s] writing ../../build/samuchair/samuchair.egg-info/PKG-INFO
[8.468s] writing dependency_links to ../../build/samuchair/samuchair.egg-info/dependency_links.txt
[8.476s] writing entry points to ../../build/samuchair/samuchair.egg-info/entry_points.txt
[8.476s] writing requirements to ../../build/samuchair/samuchair.egg-info/requires.txt
[8.479s] writing top-level names to ../../build/samuchair/samuchair.egg-info/top_level.txt
[9.550s] reading manifest file '../../build/samuchair/samuchair.egg-info/SOURCES.txt'
[9.552s] writing manifest file '../../build/samuchair/samuchair.egg-info/SOURCES.txt'
[9.561s] running build
[9.562s] running build_py
[9.562s] copying samuchair/arduinoNode.py -> /home/labserver/ros2_ws/build/samuchair/build/lib/samuchair
[9.568s] copying samuchair/movilNode.py -> /home/labserver/ros2_ws/build/samuchair/build/lib/samuchair
[9.574s] copying samuchair/webcamNode.py -> /home/labserver/ros2_ws/build/samuchair/build/lib/samuchair
[9.584s] copying samuchair/secondarytaskNode.py -> /home/labserver/ros2_ws/build/samuchair/build/lib/samuchair
[9.585s] copying samuchair/ComJoystickManual.py -> /home/labserver/ros2_ws/build/samuchair/build/lib/samuchair
[9.585s] copying samuchair/Webcam.py -> /home/labserver/ros2_ws/build/samuchair/build/lib/samuchair
[9.585s] copying samuchair/esp32Node.py -> /home/labserver/ros2_ws/build/samuchair/build/lib/samuchair
[9.597s] copying samuchair/esp32Node_old.py -> /home/labserver/ros2_ws/build/samuchair/build/lib/samuchair
[9.597s] copying samuchair/testArduinoNode.py -> /home/labserver/ros2_ws/build/samuchair/build/lib/samuchair
[9.598s] copying samuchair/__init__.py -> /home/labserver/ros2_ws/build/samuchair/build/lib/samuchair
[9.617s] copying samuchair/SecondaryTask.py -> /home/labserver/ros2_ws/build/samuchair/build/lib/samuchair
[9.618s] copying samuchair/ComESP32.py -> /home/labserver/ros2_ws/build/samuchair/build/lib/samuchair
[9.619s] /home/labserver/.local/lib/python3.10/site-packages/setuptools/_distutils/cmd.py:66: SetuptoolsDeprecationWarning: setup.py install is deprecated.
[9.619s] !!
[9.619s] 
[9.624s]         ********************************************************************************
[9.624s]         Please avoid running ``setup.py`` directly.
[9.625s]         Instead, use pypa/build, pypa/installer or other
[9.625s]         standards-based tools.
[9.626s] 
[9.635s]         See https://blog.ganssle.io/articles/2021/10/setup-py-deprecated.html for details.
[9.635s]         ********************************************************************************
[9.635s] 
[9.636s] !!
[9.636s]   self.initialize_options()
[9.636s] running install
[9.668s] running install_lib
[9.766s] copying /home/labserver/ros2_ws/build/samuchair/build/lib/samuchair/secondarytaskNode.py -> /home/labserver/ros2_ws/install/samuchair/lib/python3.10/site-packages/samuchair
[9.793s] byte-compiling /home/labserver/ros2_ws/install/samuchair/lib/python3.10/site-packages/samuchair/secondarytaskNode.py to secondarytaskNode.cpython-310.pyc
[9.795s] running install_data
[9.928s] copying launch/record_samuchair.launch.py -> /home/labserver/ros2_ws/install/samuchair/share/samuchair/launch
[9.961s] copying launch/samuchair.launch.py -> /home/labserver/ros2_ws/install/samuchair/share/samuchair/launch
[9.961s] copying resource/samuchair -> /home/labserver/ros2_ws/install/samuchair/share/ament_index/resource_index/packages
[9.962s] copying package.xml -> /home/labserver/ros2_ws/install/samuchair/share/samuchair
[9.962s] running install_egg_info
[10.077s] removing '/home/labserver/ros2_ws/install/samuchair/lib/python3.10/site-packages/samuchair-0.0.0-py3.10.egg-info' (and everything under it)
[10.086s] Copying ../../build/samuchair/samuchair.egg-info to /home/labserver/ros2_ws/install/samuchair/lib/python3.10/site-packages/samuchair-0.0.0-py3.10.egg-info
[10.107s] running install_scripts
[10.419s] Installing arduinoNode script to /home/labserver/ros2_ws/install/samuchair/lib/samuchair
[10.419s] Installing esp32Node script to /home/labserver/ros2_ws/install/samuchair/lib/samuchair
[10.442s] Installing movilNode script to /home/labserver/ros2_ws/install/samuchair/lib/samuchair
[10.442s] Installing secondarytaskNode script to /home/labserver/ros2_ws/install/samuchair/lib/samuchair
[10.442s] Installing testArduinoNode script to /home/labserver/ros2_ws/install/samuchair/lib/samuchair
[10.443s] Installing webcamNode script to /home/labserver/ros2_ws/install/samuchair/lib/samuchair
[10.443s] writing list of installed files to '/home/labserver/ros2_ws/build/samuchair/install.log'
[10.660s] Invoked command in '/home/labserver/ros2_ws/src/samuchair' returned '0': PYTHONPATH=/home/labserver/ros2_ws/build/samuchair/prefix_override:/home/labserver/ros2_ws/install/samuchair/lib/python3.10/site-packages:${PYTHONPATH} /usr/bin/python3 setup.py egg_info --egg-base ../../build/samuchair build --build-base /home/labserver/ros2_ws/build/samuchair/build install --record /home/labserver/ros2_ws/build/samuchair/install.log --single-version-externally-managed
