[1.813s] Invoking command in '/home/labserver/ros2_ws/src/prueba': PYTHONPATH=/home/labserver/ros2_ws/build/prueba/prefix_override:/home/labserver/ros2_ws/install/prueba/lib/python3.10/site-packages:${PYTHONPATH} /usr/bin/python3 setup.py egg_info --egg-base ../../build/prueba build --build-base /home/labserver/ros2_ws/build/prueba/build install --record /home/labserver/ros2_ws/build/prueba/install.log --single-version-externally-managed
[2.155s] running egg_info
[2.182s] writing ../../build/prueba/prueba.egg-info/PKG-INFO
[2.184s] writing dependency_links to ../../build/prueba/prueba.egg-info/dependency_links.txt
[2.185s] writing entry points to ../../build/prueba/prueba.egg-info/entry_points.txt
[2.187s] writing requirements to ../../build/prueba/prueba.egg-info/requires.txt
[2.189s] writing top-level names to ../../build/prueba/prueba.egg-info/top_level.txt
[2.392s] reading manifest file '../../build/prueba/prueba.egg-info/SOURCES.txt'
[2.395s] writing manifest file '../../build/prueba/prueba.egg-info/SOURCES.txt'
[2.396s] running build
[2.396s] running build_py
[2.397s] copying prueba/prueba.py -> /home/labserver/ros2_ws/build/prueba/build/lib/prueba
[2.397s] copying prueba/listener.py -> /home/labserver/ros2_ws/build/prueba/build/lib/prueba
[2.398s] copying prueba/__init__.py -> /home/labserver/ros2_ws/build/prueba/build/lib/prueba
[2.399s] running install
[2.402s] /home/labserver/.local/lib/python3.10/site-packages/setuptools/_distutils/cmd.py:66: SetuptoolsDeprecationWarning: setup.py install is deprecated.
[2.402s] !!
[2.402s] 
[2.402s]         ********************************************************************************
[2.402s]         Please avoid running ``setup.py`` directly.
[2.402s]         Instead, use pypa/build, pypa/installer or other
[2.402s]         standards-based tools.
[2.402s] 
[2.402s]         See https://blog.ganssle.io/articles/2021/10/setup-py-deprecated.html for details.
[2.402s]         ********************************************************************************
[2.402s] 
[2.403s] !!
[2.403s]   self.initialize_options()
[2.410s] running install_lib
[2.450s] running install_data
[2.478s] copying resource/prueba -> /home/labserver/ros2_ws/install/prueba/share/ament_index/resource_index/packages
[2.478s] copying package.xml -> /home/labserver/ros2_ws/install/prueba/share/prueba
[2.479s] running install_egg_info
[2.503s] removing '/home/labserver/ros2_ws/install/prueba/lib/python3.10/site-packages/prueba-0.0.0-py3.10.egg-info' (and everything under it)
[2.506s] Copying ../../build/prueba/prueba.egg-info to /home/labserver/ros2_ws/install/prueba/lib/python3.10/site-packages/prueba-0.0.0-py3.10.egg-info
[2.509s] running install_scripts
[2.580s] Installing listener script to /home/labserver/ros2_ws/install/prueba/lib/prueba
[2.581s] Installing talker script to /home/labserver/ros2_ws/install/prueba/lib/prueba
[2.582s] writing list of installed files to '/home/labserver/ros2_ws/build/prueba/install.log'
[2.638s] Invoked command in '/home/labserver/ros2_ws/src/prueba' returned '0': PYTHONPATH=/home/labserver/ros2_ws/build/prueba/prefix_override:/home/labserver/ros2_ws/install/prueba/lib/python3.10/site-packages:${PYTHONPATH} /usr/bin/python3 setup.py egg_info --egg-base ../../build/prueba build --build-base /home/labserver/ros2_ws/build/prueba/build install --record /home/labserver/ros2_ws/build/prueba/install.log --single-version-externally-managed
