[1.371s] Invoking command in '/home/labserver/ros2_ws/src/prueba': PYTHONPATH=/home/labserver/ros2_ws/build/prueba/prefix_override:/home/labserver/ros2_ws/install/prueba/lib/python3.10/site-packages:${PYTHONPATH} /usr/bin/python3 setup.py egg_info --egg-base ../../build/prueba build --build-base /home/labserver/ros2_ws/build/prueba/build install --record /home/labserver/ros2_ws/build/prueba/install.log --single-version-externally-managed
[1.676s] running egg_info
[1.691s] writing ../../build/prueba/prueba.egg-info/PKG-INFO
[1.692s] writing dependency_links to ../../build/prueba/prueba.egg-info/dependency_links.txt
[1.693s] writing entry points to ../../build/prueba/prueba.egg-info/entry_points.txt
[1.694s] writing requirements to ../../build/prueba/prueba.egg-info/requires.txt
[1.694s] writing top-level names to ../../build/prueba/prueba.egg-info/top_level.txt
[1.731s] reading manifest file '../../build/prueba/prueba.egg-info/SOURCES.txt'
[1.732s] writing manifest file '../../build/prueba/prueba.egg-info/SOURCES.txt'
[1.732s] running build
[1.733s] running build_py
[1.733s] copying prueba/__init__.py -> /home/labserver/ros2_ws/build/prueba/build/lib/prueba
[1.733s] running install
[1.734s] /home/labserver/.local/lib/python3.10/site-packages/setuptools/_distutils/cmd.py:66: SetuptoolsDeprecationWarning: setup.py install is deprecated.
[1.734s] !!
[1.734s] 
[1.734s]         ********************************************************************************
[1.734s]         Please avoid running ``setup.py`` directly.
[1.734s]         Instead, use pypa/build, pypa/installer or other
[1.734s]         standards-based tools.
[1.734s] 
[1.734s]         See https://blog.ganssle.io/articles/2021/10/setup-py-deprecated.html for details.
[1.734s]         ********************************************************************************
[1.734s] 
[1.734s] !!
[1.735s]   self.initialize_options()
[1.739s] running install_lib
[1.757s] running install_data
[1.770s] copying resource/prueba -> /home/labserver/ros2_ws/install/prueba/share/ament_index/resource_index/packages
[1.770s] copying package.xml -> /home/labserver/ros2_ws/install/prueba/share/prueba
[1.770s] running install_egg_info
[1.786s] removing '/home/labserver/ros2_ws/install/prueba/lib/python3.10/site-packages/prueba-0.0.0-py3.10.egg-info' (and everything under it)
[1.787s] Copying ../../build/prueba/prueba.egg-info to /home/labserver/ros2_ws/install/prueba/lib/python3.10/site-packages/prueba-0.0.0-py3.10.egg-info
[1.789s] running install_scripts
[1.961s] Installing talker script to /home/labserver/ros2_ws/install/prueba/lib/prueba
[1.963s] writing list of installed files to '/home/labserver/ros2_ws/build/prueba/install.log'
[2.069s] Invoked command in '/home/labserver/ros2_ws/src/prueba' returned '0': PYTHONPATH=/home/labserver/ros2_ws/build/prueba/prefix_override:/home/labserver/ros2_ws/install/prueba/lib/python3.10/site-packages:${PYTHONPATH} /usr/bin/python3 setup.py egg_info --egg-base ../../build/prueba build --build-base /home/labserver/ros2_ws/build/prueba/build install --record /home/labserver/ros2_ws/build/prueba/install.log --single-version-externally-managed
