[1.835s] Invoking command in '/home/labserver/ros2_ws/src/prueba': PYTHONPATH=/home/labserver/ros2_ws/build/prueba/prefix_override:/home/labserver/ros2_ws/install/prueba/lib/python3.10/site-packages:${PYTHONPATH} /usr/bin/python3 setup.py egg_info --egg-base ../../build/prueba build --build-base /home/labserver/ros2_ws/build/prueba/build install --record /home/labserver/ros2_ws/build/prueba/install.log --single-version-externally-managed
[2.191s] running egg_info
[2.210s] writing ../../build/prueba/prueba.egg-info/PKG-INFO
[2.214s] writing dependency_links to ../../build/prueba/prueba.egg-info/dependency_links.txt
[2.220s] writing entry points to ../../build/prueba/prueba.egg-info/entry_points.txt
[2.220s] writing requirements to ../../build/prueba/prueba.egg-info/requires.txt
[2.222s] writing top-level names to ../../build/prueba/prueba.egg-info/top_level.txt
[2.473s] reading manifest file '../../build/prueba/prueba.egg-info/SOURCES.txt'
[2.478s] writing manifest file '../../build/prueba/prueba.egg-info/SOURCES.txt'
[2.478s] running build
[2.478s] running build_py
[2.478s] copying prueba/prueba.py -> /home/labserver/ros2_ws/build/prueba/build/lib/prueba
[2.478s] copying prueba/listener.py -> /home/labserver/ros2_ws/build/prueba/build/lib/prueba
[2.479s] copying prueba/__init__.py -> /home/labserver/ros2_ws/build/prueba/build/lib/prueba
[2.479s] running install
[2.482s] /home/labserver/.local/lib/python3.10/site-packages/setuptools/_distutils/cmd.py:66: SetuptoolsDeprecationWarning: setup.py install is deprecated.
[2.482s] !!
[2.482s] 
[2.482s]         ********************************************************************************
[2.482s]         Please avoid running ``setup.py`` directly.
[2.482s]         Instead, use pypa/build, pypa/installer or other
[2.482s]         standards-based tools.
[2.482s] 
[2.482s]         See https://blog.ganssle.io/articles/2021/10/setup-py-deprecated.html for details.
[2.482s]         ********************************************************************************
[2.482s] 
[2.483s] !!
[2.483s]   self.initialize_options()
[2.494s] running install_lib
[2.537s] running install_data
[2.569s] copying resource/prueba -> /home/labserver/ros2_ws/install/prueba/share/ament_index/resource_index/packages
[2.571s] copying package.xml -> /home/labserver/ros2_ws/install/prueba/share/prueba
[2.573s] running install_egg_info
[2.610s] removing '/home/labserver/ros2_ws/install/prueba/lib/python3.10/site-packages/prueba-0.0.0-py3.10.egg-info' (and everything under it)
[2.612s] Copying ../../build/prueba/prueba.egg-info to /home/labserver/ros2_ws/install/prueba/lib/python3.10/site-packages/prueba-0.0.0-py3.10.egg-info
[2.618s] running install_scripts
[2.719s] Installing listener script to /home/labserver/ros2_ws/install/prueba/lib/prueba
[2.724s] Installing talker script to /home/labserver/ros2_ws/install/prueba/lib/prueba
[2.731s] writing list of installed files to '/home/labserver/ros2_ws/build/prueba/install.log'
[2.969s] Invoked command in '/home/labserver/ros2_ws/src/prueba' returned '0': PYTHONPATH=/home/labserver/ros2_ws/build/prueba/prefix_override:/home/labserver/ros2_ws/install/prueba/lib/python3.10/site-packages:${PYTHONPATH} /usr/bin/python3 setup.py egg_info --egg-base ../../build/prueba build --build-base /home/labserver/ros2_ws/build/prueba/build install --record /home/labserver/ros2_ws/build/prueba/install.log --single-version-externally-managed
