[1.434s] Invoking command in '/home/labserver/ros2_ws/src/prueba': PYTHONPATH=/home/labserver/ros2_ws/build/prueba/prefix_override:/home/labserver/ros2_ws/install/prueba/lib/python3.10/site-packages:${PYTHONPATH} /usr/bin/python3 setup.py egg_info --egg-base ../../build/prueba build --build-base /home/labserver/ros2_ws/build/prueba/build install --record /home/labserver/ros2_ws/build/prueba/install.log --single-version-externally-managed
[1.686s] running egg_info
[1.699s] writing ../../build/prueba/prueba.egg-info/PKG-INFO
[1.701s] writing dependency_links to ../../build/prueba/prueba.egg-info/dependency_links.txt
[1.701s] writing entry points to ../../build/prueba/prueba.egg-info/entry_points.txt
[1.701s] writing requirements to ../../build/prueba/prueba.egg-info/requires.txt
[1.703s] writing top-level names to ../../build/prueba/prueba.egg-info/top_level.txt
[1.729s] reading manifest file '../../build/prueba/prueba.egg-info/SOURCES.txt'
[1.731s] writing manifest file '../../build/prueba/prueba.egg-info/SOURCES.txt'
[1.733s] running build
[1.735s] running build_py
[1.735s] copying prueba/prueba.py -> /home/labserver/ros2_ws/build/prueba/build/lib/prueba
[1.735s] copying prueba/listener.py -> /home/labserver/ros2_ws/build/prueba/build/lib/prueba
[1.735s] copying prueba/__init__.py -> /home/labserver/ros2_ws/build/prueba/build/lib/prueba
[1.735s] running install
[1.736s] /home/labserver/.local/lib/python3.10/site-packages/setuptools/_distutils/cmd.py:66: SetuptoolsDeprecationWarning: setup.py install is deprecated.
[1.736s] !!
[1.736s] 
[1.736s]         ********************************************************************************
[1.736s]         Please avoid running ``setup.py`` directly.
[1.736s]         Instead, use pypa/build, pypa/installer or other
[1.736s]         standards-based tools.
[1.736s] 
[1.736s]         See https://blog.ganssle.io/articles/2021/10/setup-py-deprecated.html for details.
[1.736s]         ********************************************************************************
[1.736s] 
[1.736s] !!
[1.736s]   self.initialize_options()
[1.743s] running install_lib
[1.758s] copying /home/labserver/ros2_ws/build/prueba/build/lib/prueba/listener.py -> /home/labserver/ros2_ws/install/prueba/lib/python3.10/site-packages/prueba
[1.759s] byte-compiling /home/labserver/ros2_ws/install/prueba/lib/python3.10/site-packages/prueba/listener.py to listener.cpython-310.pyc
[1.760s] running install_data
[1.779s] copying resource/prueba -> /home/labserver/ros2_ws/install/prueba/share/ament_index/resource_index/packages
[1.780s] copying package.xml -> /home/labserver/ros2_ws/install/prueba/share/prueba
[1.780s] running install_egg_info
[1.804s] removing '/home/labserver/ros2_ws/install/prueba/lib/python3.10/site-packages/prueba-0.0.0-py3.10.egg-info' (and everything under it)
[1.807s] Copying ../../build/prueba/prueba.egg-info to /home/labserver/ros2_ws/install/prueba/lib/python3.10/site-packages/prueba-0.0.0-py3.10.egg-info
[1.807s] running install_scripts
[1.984s] Installing talker script to /home/labserver/ros2_ws/install/prueba/lib/prueba
[1.985s] writing list of installed files to '/home/labserver/ros2_ws/build/prueba/install.log'
[2.048s] Invoked command in '/home/labserver/ros2_ws/src/prueba' returned '0': PYTHONPATH=/home/labserver/ros2_ws/build/prueba/prefix_override:/home/labserver/ros2_ws/install/prueba/lib/python3.10/site-packages:${PYTHONPATH} /usr/bin/python3 setup.py egg_info --egg-base ../../build/prueba build --build-base /home/labserver/ros2_ws/build/prueba/build install --record /home/labserver/ros2_ws/build/prueba/install.log --single-version-externally-managed
