[2.829s] Invoking command in '/home/labserver/ros2_ws/src/samuchair': PYTHONPATH=/home/labserver/ros2_ws/build/samuchair/prefix_override:/home/labserver/ros2_ws/install/samuchair/lib/python3.10/site-packages:${PYTHONPATH} /usr/bin/python3 setup.py egg_info --egg-base ../../build/samuchair build --build-base /home/labserver/ros2_ws/build/samuchair/build install --record /home/labserver/ros2_ws/build/samuchair/install.log --single-version-externally-managed
[3.338s] running egg_info
[3.370s] writing ../../build/samuchair/samuchair.egg-info/PKG-INFO
[3.374s] writing dependency_links to ../../build/samuchair/samuchair.egg-info/dependency_links.txt
[3.380s] writing entry points to ../../build/samuchair/samuchair.egg-info/entry_points.txt
[3.381s] writing requirements to ../../build/samuchair/samuchair.egg-info/requires.txt
[3.384s] writing top-level names to ../../build/samuchair/samuchair.egg-info/top_level.txt
[3.727s] reading manifest file '../../build/samuchair/samuchair.egg-info/SOURCES.txt'
[3.727s] writing manifest file '../../build/samuchair/samuchair.egg-info/SOURCES.txt'
[3.727s] running build
[3.727s] running build_py
[3.727s] copying samuchair/arduinoNode.py -> /home/labserver/ros2_ws/build/samuchair/build/lib/samuchair
[3.727s] copying samuchair/joystickBluetoothNode.py -> /home/labserver/ros2_ws/build/samuchair/build/lib/samuchair
[3.728s] copying samuchair/movilNode.py -> /home/labserver/ros2_ws/build/samuchair/build/lib/samuchair
[3.728s] copying samuchair/webcamNode.py -> /home/labserver/ros2_ws/build/samuchair/build/lib/samuchair
[3.731s] copying samuchair/tactilesNode.py -> /home/labserver/ros2_ws/build/samuchair/build/lib/samuchair
[3.731s] copying samuchair/secondarytaskNode.py -> /home/labserver/ros2_ws/build/samuchair/build/lib/samuchair
[3.731s] copying samuchair/ComJoystickManual.py -> /home/labserver/ros2_ws/build/samuchair/build/lib/samuchair
[3.731s] copying samuchair/Webcam.py -> /home/labserver/ros2_ws/build/samuchair/build/lib/samuchair
[3.739s] copying samuchair/esp32Node.py -> /home/labserver/ros2_ws/build/samuchair/build/lib/samuchair
[3.739s] copying samuchair/jBNode.py -> /home/labserver/ros2_ws/build/samuchair/build/lib/samuchair
[3.739s] copying samuchair/esp32Node_old.py -> /home/labserver/ros2_ws/build/samuchair/build/lib/samuchair
[3.746s] copying samuchair/main.py -> /home/labserver/ros2_ws/build/samuchair/build/lib/samuchair
[3.746s] copying samuchair/testArduinoNode.py -> /home/labserver/ros2_ws/build/samuchair/build/lib/samuchair
[3.746s] copying samuchair/__init__.py -> /home/labserver/ros2_ws/build/samuchair/build/lib/samuchair
[3.750s] copying samuchair/SecondaryTask.py -> /home/labserver/ros2_ws/build/samuchair/build/lib/samuchair
[3.750s] copying samuchair/ComESP32.py -> /home/labserver/ros2_ws/build/samuchair/build/lib/samuchair
[3.751s] copying samuchair/mapJoyFingerChair.py -> /home/labserver/ros2_ws/build/samuchair/build/lib/samuchair
[3.754s] /home/labserver/.local/lib/python3.10/site-packages/setuptools/_distutils/cmd.py:66: SetuptoolsDeprecationWarning: setup.py install is deprecated.
[3.754s] !!
[3.755s] 
[3.755s]         ********************************************************************************
[3.755s]         Please avoid running ``setup.py`` directly.
[3.755s]         Instead, use pypa/build, pypa/installer or other
[3.755s]         standards-based tools.
[3.755s] 
[3.755s]         See https://blog.ganssle.io/articles/2021/10/setup-py-deprecated.html for details.
[3.756s]         ********************************************************************************
[3.756s] 
[3.756s] !!
[3.756s]   self.initialize_options()
[3.756s] running install
[3.756s] running install_lib
[3.794s] copying /home/labserver/ros2_ws/build/samuchair/build/lib/samuchair/ComJoystickManual.py -> /home/labserver/ros2_ws/install/samuchair/lib/python3.10/site-packages/samuchair
[3.794s] byte-compiling /home/labserver/ros2_ws/install/samuchair/lib/python3.10/site-packages/samuchair/ComJoystickManual.py to ComJoystickManual.cpython-310.pyc
[3.794s] running install_data
[3.853s] copying launch/record_samuchair.launch.py -> /home/labserver/ros2_ws/install/samuchair/share/samuchair/launch
[3.853s] copying launch/samuchair.launch.py -> /home/labserver/ros2_ws/install/samuchair/share/samuchair/launch
[3.856s] copying resource/samuchair -> /home/labserver/ros2_ws/install/samuchair/share/ament_index/resource_index/packages
[3.856s] copying package.xml -> /home/labserver/ros2_ws/install/samuchair/share/samuchair
[3.856s] running install_egg_info
[3.931s] removing '/home/labserver/ros2_ws/install/samuchair/lib/python3.10/site-packages/samuchair-0.0.0-py3.10.egg-info' (and everything under it)
[3.931s] Copying ../../build/samuchair/samuchair.egg-info to /home/labserver/ros2_ws/install/samuchair/lib/python3.10/site-packages/samuchair-0.0.0-py3.10.egg-info
[3.931s] running install_scripts
[4.111s] Installing arduinoNode script to /home/labserver/ros2_ws/install/samuchair/lib/samuchair
[4.115s] Installing esp32Node script to /home/labserver/ros2_ws/install/samuchair/lib/samuchair
[4.118s] Installing jBNode script to /home/labserver/ros2_ws/install/samuchair/lib/samuchair
[4.118s] Installing movilNode script to /home/labserver/ros2_ws/install/samuchair/lib/samuchair
[4.120s] Installing secondarytaskNode script to /home/labserver/ros2_ws/install/samuchair/lib/samuchair
[4.120s] Installing tactilesNode script to /home/labserver/ros2_ws/install/samuchair/lib/samuchair
[4.120s] Installing testArduinoNode script to /home/labserver/ros2_ws/install/samuchair/lib/samuchair
[4.120s] Installing webcamNode script to /home/labserver/ros2_ws/install/samuchair/lib/samuchair
[4.125s] writing list of installed files to '/home/labserver/ros2_ws/build/samuchair/install.log'
[4.286s] Invoked command in '/home/labserver/ros2_ws/src/samuchair' returned '0': PYTHONPATH=/home/labserver/ros2_ws/build/samuchair/prefix_override:/home/labserver/ros2_ws/install/samuchair/lib/python3.10/site-packages:${PYTHONPATH} /usr/bin/python3 setup.py egg_info --egg-base ../../build/samuchair build --build-base /home/labserver/ros2_ws/build/samuchair/build install --record /home/labserver/ros2_ws/build/samuchair/install.log --single-version-externally-managed
