[2.461s] Invoking command in '/home/labserver/ros2_ws/src/samuchair': PYTHONPATH=/home/labserver/ros2_ws/build/samuchair/prefix_override:/home/labserver/ros2_ws/install/samuchair/lib/python3.10/site-packages:${PYTHONPATH} /usr/bin/python3 setup.py egg_info --egg-base ../../build/samuchair build --build-base /home/labserver/ros2_ws/build/samuchair/build install --record /home/labserver/ros2_ws/build/samuchair/install.log --single-version-externally-managed
[3.014s] running egg_info
[3.042s] writing ../../build/samuchair/samuchair.egg-info/PKG-INFO
[3.043s] writing dependency_links to ../../build/samuchair/samuchair.egg-info/dependency_links.txt
[3.047s] writing entry points to ../../build/samuchair/samuchair.egg-info/entry_points.txt
[3.047s] writing requirements to ../../build/samuchair/samuchair.egg-info/requires.txt
[3.048s] writing top-level names to ../../build/samuchair/samuchair.egg-info/top_level.txt
[3.434s] reading manifest file '../../build/samuchair/samuchair.egg-info/SOURCES.txt'
[3.435s] writing manifest file '../../build/samuchair/samuchair.egg-info/SOURCES.txt'
[3.436s] running build
[3.436s] running build_py
[3.441s] copying samuchair/arduinoNode.py -> /home/labserver/ros2_ws/build/samuchair/build/lib/samuchair
[3.441s] copying samuchair/webcamNode.py -> /home/labserver/ros2_ws/build/samuchair/build/lib/samuchair
[3.445s] copying samuchair/secondarytaskNode.py -> /home/labserver/ros2_ws/build/samuchair/build/lib/samuchair
[3.453s] copying samuchair/ComJoystickManual.py -> /home/labserver/ros2_ws/build/samuchair/build/lib/samuchair
[3.453s] copying samuchair/Webcam.py -> /home/labserver/ros2_ws/build/samuchair/build/lib/samuchair
[3.453s] copying samuchair/esp32Node.py -> /home/labserver/ros2_ws/build/samuchair/build/lib/samuchair
[3.453s] copying samuchair/esp32Node_old.py -> /home/labserver/ros2_ws/build/samuchair/build/lib/samuchair
[3.454s] copying samuchair/testArduinoNode.py -> /home/labserver/ros2_ws/build/samuchair/build/lib/samuchair
[3.455s] copying samuchair/__init__.py -> /home/labserver/ros2_ws/build/samuchair/build/lib/samuchair
[3.455s] copying samuchair/SecondaryTask.py -> /home/labserver/ros2_ws/build/samuchair/build/lib/samuchair
[3.455s] copying samuchair/ComESP32.py -> /home/labserver/ros2_ws/build/samuchair/build/lib/samuchair
[3.465s] /home/labserver/.local/lib/python3.10/site-packages/setuptools/_distutils/cmd.py:66: SetuptoolsDeprecationWarning: setup.py install is deprecated.
[3.465s] !!
[3.465s] 
[3.465s]         ********************************************************************************
[3.465s]         Please avoid running ``setup.py`` directly.
[3.465s]         Instead, use pypa/build, pypa/installer or other
[3.472s]         standards-based tools.
[3.472s] 
[3.472s]         See https://blog.ganssle.io/articles/2021/10/setup-py-deprecated.html for details.
[3.472s]         ********************************************************************************
[3.472s] 
[3.472s] !!
[3.472s]   self.initialize_options()
[3.472s] running install
[3.480s] running install_lib
[3.533s] copying /home/labserver/ros2_ws/build/samuchair/build/lib/samuchair/secondarytaskNode.py -> /home/labserver/ros2_ws/install/samuchair/lib/python3.10/site-packages/samuchair
[3.538s] byte-compiling /home/labserver/ros2_ws/install/samuchair/lib/python3.10/site-packages/samuchair/secondarytaskNode.py to secondarytaskNode.cpython-310.pyc
[3.540s] running install_data
[3.581s] copying launch/samuchair.launch.py -> /home/labserver/ros2_ws/install/samuchair/share/samuchair/launch
[3.581s] copying resource/samuchair -> /home/labserver/ros2_ws/install/samuchair/share/ament_index/resource_index/packages
[3.581s] copying package.xml -> /home/labserver/ros2_ws/install/samuchair/share/samuchair
[3.581s] running install_egg_info
[3.621s] removing '/home/labserver/ros2_ws/install/samuchair/lib/python3.10/site-packages/samuchair-0.0.0-py3.10.egg-info' (and everything under it)
[3.624s] Copying ../../build/samuchair/samuchair.egg-info to /home/labserver/ros2_ws/install/samuchair/lib/python3.10/site-packages/samuchair-0.0.0-py3.10.egg-info
[3.628s] running install_scripts
[3.738s] Installing arduinoNode script to /home/labserver/ros2_ws/install/samuchair/lib/samuchair
[3.738s] Installing esp32Node script to /home/labserver/ros2_ws/install/samuchair/lib/samuchair
[3.740s] Installing secondarytaskNode script to /home/labserver/ros2_ws/install/samuchair/lib/samuchair
[3.742s] Installing testArduinoNode script to /home/labserver/ros2_ws/install/samuchair/lib/samuchair
[3.743s] Installing webcamNode script to /home/labserver/ros2_ws/install/samuchair/lib/samuchair
[3.746s] writing list of installed files to '/home/labserver/ros2_ws/build/samuchair/install.log'
[4.057s] Invoked command in '/home/labserver/ros2_ws/src/samuchair' returned '0': PYTHONPATH=/home/labserver/ros2_ws/build/samuchair/prefix_override:/home/labserver/ros2_ws/install/samuchair/lib/python3.10/site-packages:${PYTHONPATH} /usr/bin/python3 setup.py egg_info --egg-base ../../build/samuchair build --build-base /home/labserver/ros2_ws/build/samuchair/build install --record /home/labserver/ros2_ws/build/samuchair/install.log --single-version-externally-managed
