[2.459s] Invoking command in '/home/labserver/ros2_ws/src/samuchair': PYTHONPATH=/home/labserver/ros2_ws/build/samuchair/prefix_override:/home/labserver/ros2_ws/install/samuchair/lib/python3.10/site-packages:${PYTHONPATH} /usr/bin/python3 setup.py egg_info --egg-base ../../build/samuchair build --build-base /home/labserver/ros2_ws/build/samuchair/build install --record /home/labserver/ros2_ws/build/samuchair/install.log --single-version-externally-managed
[2.913s] running egg_info
[2.934s] writing ../../build/samuchair/samuchair.egg-info/PKG-INFO
[2.936s] writing dependency_links to ../../build/samuchair/samuchair.egg-info/dependency_links.txt
[2.937s] writing entry points to ../../build/samuchair/samuchair.egg-info/entry_points.txt
[2.938s] writing requirements to ../../build/samuchair/samuchair.egg-info/requires.txt
[2.943s] writing top-level names to ../../build/samuchair/samuchair.egg-info/top_level.txt
[3.239s] reading manifest file '../../build/samuchair/samuchair.egg-info/SOURCES.txt'
[3.243s] writing manifest file '../../build/samuchair/samuchair.egg-info/SOURCES.txt'
[3.245s] running build
[3.245s] running build_py
[3.245s] copying samuchair/arduinoNode.py -> /home/labserver/ros2_ws/build/samuchair/build/lib/samuchair
[3.249s] copying samuchair/webcamNode.py -> /home/labserver/ros2_ws/build/samuchair/build/lib/samuchair
[3.249s] copying samuchair/secondarytaskNode.py -> /home/labserver/ros2_ws/build/samuchair/build/lib/samuchair
[3.249s] copying samuchair/ComJoystickManual.py -> /home/labserver/ros2_ws/build/samuchair/build/lib/samuchair
[3.250s] copying samuchair/Webcam.py -> /home/labserver/ros2_ws/build/samuchair/build/lib/samuchair
[3.250s] copying samuchair/esp32Node.py -> /home/labserver/ros2_ws/build/samuchair/build/lib/samuchair
[3.254s] copying samuchair/esp32Node_old.py -> /home/labserver/ros2_ws/build/samuchair/build/lib/samuchair
[3.254s] copying samuchair/testArduinoNode.py -> /home/labserver/ros2_ws/build/samuchair/build/lib/samuchair
[3.254s] copying samuchair/__init__.py -> /home/labserver/ros2_ws/build/samuchair/build/lib/samuchair
[3.255s] copying samuchair/SecondaryTask.py -> /home/labserver/ros2_ws/build/samuchair/build/lib/samuchair
[3.255s] copying samuchair/ComESP32.py -> /home/labserver/ros2_ws/build/samuchair/build/lib/samuchair
[3.255s] running install
[3.255s] /home/labserver/.local/lib/python3.10/site-packages/setuptools/_distutils/cmd.py:66: SetuptoolsDeprecationWarning: setup.py install is deprecated.
[3.255s] !!
[3.255s] 
[3.255s]         ********************************************************************************
[3.255s]         Please avoid running ``setup.py`` directly.
[3.255s]         Instead, use pypa/build, pypa/installer or other
[3.255s]         standards-based tools.
[3.255s] 
[3.255s]         See https://blog.ganssle.io/articles/2021/10/setup-py-deprecated.html for details.
[3.255s]         ********************************************************************************
[3.255s] 
[3.255s] !!
[3.255s]   self.initialize_options()
[3.271s] running install_lib
[3.310s] copying /home/labserver/ros2_ws/build/samuchair/build/lib/samuchair/testArduinoNode.py -> /home/labserver/ros2_ws/install/samuchair/lib/python3.10/site-packages/samuchair
[3.315s] byte-compiling /home/labserver/ros2_ws/install/samuchair/lib/python3.10/site-packages/samuchair/testArduinoNode.py to testArduinoNode.cpython-310.pyc
[3.327s] running install_data
[3.375s] copying resource/samuchair -> /home/labserver/ros2_ws/install/samuchair/share/ament_index/resource_index/packages
[3.375s] copying package.xml -> /home/labserver/ros2_ws/install/samuchair/share/samuchair
[3.375s] running install_egg_info
[3.426s] removing '/home/labserver/ros2_ws/install/samuchair/lib/python3.10/site-packages/samuchair-0.0.0-py3.10.egg-info' (and everything under it)
[3.433s] Copying ../../build/samuchair/samuchair.egg-info to /home/labserver/ros2_ws/install/samuchair/lib/python3.10/site-packages/samuchair-0.0.0-py3.10.egg-info
[3.434s] running install_scripts
[3.582s] Installing arduinoNode script to /home/labserver/ros2_ws/install/samuchair/lib/samuchair
[3.584s] Installing esp32Node script to /home/labserver/ros2_ws/install/samuchair/lib/samuchair
[3.587s] Installing secondarytaskNode script to /home/labserver/ros2_ws/install/samuchair/lib/samuchair
[3.587s] Installing testArduinoNode script to /home/labserver/ros2_ws/install/samuchair/lib/samuchair
[3.587s] Installing webcamNode script to /home/labserver/ros2_ws/install/samuchair/lib/samuchair
[3.590s] writing list of installed files to '/home/labserver/ros2_ws/build/samuchair/install.log'
[3.663s] Invoked command in '/home/labserver/ros2_ws/src/samuchair' returned '0': PYTHONPATH=/home/labserver/ros2_ws/build/samuchair/prefix_override:/home/labserver/ros2_ws/install/samuchair/lib/python3.10/site-packages:${PYTHONPATH} /usr/bin/python3 setup.py egg_info --egg-base ../../build/samuchair build --build-base /home/labserver/ros2_ws/build/samuchair/build install --record /home/labserver/ros2_ws/build/samuchair/install.log --single-version-externally-managed
