[4.581s] Invoking command in '/home/labserver/ros2_ws/src/prueba': PYTHONPATH=/home/labserver/ros2_ws/build/prueba/prefix_override:/home/labserver/ros2_ws/install/prueba/lib/python3.10/site-packages:${PYTHONPATH} /usr/bin/python3 setup.py egg_info --egg-base ../../build/prueba build --build-base /home/labserver/ros2_ws/build/prueba/build install --record /home/labserver/ros2_ws/build/prueba/install.log --single-version-externally-managed
[5.655s] running egg_info
[5.736s] writing ../../build/prueba/prueba.egg-info/PKG-INFO
[5.738s] writing dependency_links to ../../build/prueba/prueba.egg-info/dependency_links.txt
[5.738s] writing entry points to ../../build/prueba/prueba.egg-info/entry_points.txt
[5.744s] writing requirements to ../../build/prueba/prueba.egg-info/requires.txt
[5.744s] writing top-level names to ../../build/prueba/prueba.egg-info/top_level.txt
[6.308s] reading manifest file '../../build/prueba/prueba.egg-info/SOURCES.txt'
[6.314s] writing manifest file '../../build/prueba/prueba.egg-info/SOURCES.txt'
[6.318s] running build
[6.319s] running build_py
[6.321s] copying prueba/prueba.py -> /home/labserver/ros2_ws/build/prueba/build/lib/prueba
[6.323s] copying prueba/listener.py -> /home/labserver/ros2_ws/build/prueba/build/lib/prueba
[6.323s] copying prueba/__init__.py -> /home/labserver/ros2_ws/build/prueba/build/lib/prueba
[6.324s] running install
[6.326s] /home/labserver/.local/lib/python3.10/site-packages/setuptools/_distutils/cmd.py:66: SetuptoolsDeprecationWarning: setup.py install is deprecated.
[6.326s] !!
[6.326s] 
[6.326s]         ********************************************************************************
[6.327s]         Please avoid running ``setup.py`` directly.
[6.327s]         Instead, use pypa/build, pypa/installer or other
[6.327s]         standards-based tools.
[6.327s] 
[6.327s]         See https://blog.ganssle.io/articles/2021/10/setup-py-deprecated.html for details.
[6.327s]         ********************************************************************************
[6.330s] 
[6.330s] !!
[6.330s]   self.initialize_options()
[6.355s] running install_lib
[6.404s] running install_data
[6.472s] copying resource/prueba -> /home/labserver/ros2_ws/install/prueba/share/ament_index/resource_index/packages
[6.474s] copying package.xml -> /home/labserver/ros2_ws/install/prueba/share/prueba
[6.475s] running install_egg_info
[6.555s] removing '/home/labserver/ros2_ws/install/prueba/lib/python3.10/site-packages/prueba-0.0.0-py3.10.egg-info' (and everything under it)
[6.559s] Copying ../../build/prueba/prueba.egg-info to /home/labserver/ros2_ws/install/prueba/lib/python3.10/site-packages/prueba-0.0.0-py3.10.egg-info
[6.573s] running install_scripts
[6.828s] Installing listener script to /home/labserver/ros2_ws/install/prueba/lib/prueba
[6.828s] Installing talker script to /home/labserver/ros2_ws/install/prueba/lib/prueba
[6.835s] writing list of installed files to '/home/labserver/ros2_ws/build/prueba/install.log'
[7.404s] Invoked command in '/home/labserver/ros2_ws/src/prueba' returned '0': PYTHONPATH=/home/labserver/ros2_ws/build/prueba/prefix_override:/home/labserver/ros2_ws/install/prueba/lib/python3.10/site-packages:${PYTHONPATH} /usr/bin/python3 setup.py egg_info --egg-base ../../build/prueba build --build-base /home/labserver/ros2_ws/build/prueba/build install --record /home/labserver/ros2_ws/build/prueba/install.log --single-version-externally-managed
