[1.433s] Invoking command in '/home/labserver/ros2_ws/src/prueba': PYTHONPATH=/home/labserver/ros2_ws/build/prueba/prefix_override:/home/labserver/ros2_ws/install/prueba/lib/python3.10/site-packages:${PYTHONPATH} /usr/bin/python3 setup.py egg_info --egg-base ../../build/prueba build --build-base /home/labserver/ros2_ws/build/prueba/build install --record /home/labserver/ros2_ws/build/prueba/install.log --single-version-externally-managed
[1.725s] running egg_info
[1.726s] creating ../../build/prueba/prueba.egg-info
[1.739s] writing ../../build/prueba/prueba.egg-info/PKG-INFO
[1.741s] writing dependency_links to ../../build/prueba/prueba.egg-info/dependency_links.txt
[1.741s] writing entry points to ../../build/prueba/prueba.egg-info/entry_points.txt
[1.742s] writing requirements to ../../build/prueba/prueba.egg-info/requires.txt
[1.743s] writing top-level names to ../../build/prueba/prueba.egg-info/top_level.txt
[1.744s] writing manifest file '../../build/prueba/prueba.egg-info/SOURCES.txt'
[1.789s] reading manifest file '../../build/prueba/prueba.egg-info/SOURCES.txt'
[1.790s] writing manifest file '../../build/prueba/prueba.egg-info/SOURCES.txt'
[1.791s] running build
[1.792s] running build_py
[1.792s] creating /home/labserver/ros2_ws/build/prueba/build
[1.793s] creating /home/labserver/ros2_ws/build/prueba/build/lib
[1.793s] creating /home/labserver/ros2_ws/build/prueba/build/lib/prueba
[1.794s] copying prueba/simple_node.py -> /home/labserver/ros2_ws/build/prueba/build/lib/prueba
[1.795s] copying prueba/__init__.py -> /home/labserver/ros2_ws/build/prueba/build/lib/prueba
[1.796s] running install
[1.796s] /home/labserver/.local/lib/python3.10/site-packages/setuptools/_distutils/cmd.py:66: SetuptoolsDeprecationWarning: setup.py install is deprecated.
[1.797s] !!
[1.797s] 
[1.797s]         ********************************************************************************
[1.797s]         Please avoid running ``setup.py`` directly.
[1.797s]         Instead, use pypa/build, pypa/installer or other
[1.797s]         standards-based tools.
[1.797s] 
[1.797s]         See https://blog.ganssle.io/articles/2021/10/setup-py-deprecated.html for details.
[1.797s]         ********************************************************************************
[1.797s] 
[1.797s] !!
[1.798s]   self.initialize_options()
[1.806s] running install_lib
[1.831s] creating /home/labserver/ros2_ws/install/prueba/lib/python3.10/site-packages/prueba
[1.832s] copying /home/labserver/ros2_ws/build/prueba/build/lib/prueba/simple_node.py -> /home/labserver/ros2_ws/install/prueba/lib/python3.10/site-packages/prueba
[1.833s] copying /home/labserver/ros2_ws/build/prueba/build/lib/prueba/__init__.py -> /home/labserver/ros2_ws/install/prueba/lib/python3.10/site-packages/prueba
[1.835s] byte-compiling /home/labserver/ros2_ws/install/prueba/lib/python3.10/site-packages/prueba/simple_node.py to simple_node.cpython-310.pyc
[1.836s] byte-compiling /home/labserver/ros2_ws/install/prueba/lib/python3.10/site-packages/prueba/__init__.py to __init__.cpython-310.pyc
[1.837s] running install_data
[1.859s] creating /home/labserver/ros2_ws/install/prueba/share/ament_index
[1.860s] creating /home/labserver/ros2_ws/install/prueba/share/ament_index/resource_index
[1.861s] creating /home/labserver/ros2_ws/install/prueba/share/ament_index/resource_index/packages
[1.861s] copying resource/prueba -> /home/labserver/ros2_ws/install/prueba/share/ament_index/resource_index/packages
[1.862s] copying package.xml -> /home/labserver/ros2_ws/install/prueba/share/prueba
[1.862s] running install_egg_info
[1.881s] Copying ../../build/prueba/prueba.egg-info to /home/labserver/ros2_ws/install/prueba/lib/python3.10/site-packages/prueba-0.0.0-py3.10.egg-info
[1.883s] running install_scripts
[2.134s] Installing simple_node script to /home/labserver/ros2_ws/install/prueba/lib/prueba
[2.136s] writing list of installed files to '/home/labserver/ros2_ws/build/prueba/install.log'
[2.256s] Invoked command in '/home/labserver/ros2_ws/src/prueba' returned '0': PYTHONPATH=/home/labserver/ros2_ws/build/prueba/prefix_override:/home/labserver/ros2_ws/install/prueba/lib/python3.10/site-packages:${PYTHONPATH} /usr/bin/python3 setup.py egg_info --egg-base ../../build/prueba build --build-base /home/labserver/ros2_ws/build/prueba/build install --record /home/labserver/ros2_ws/build/prueba/install.log --single-version-externally-managed
