[5.362s] Invoking command in '/home/labserver/ros2_ws/src/prueba': PYTHONPATH=/home/labserver/ros2_ws/build/prueba/prefix_override:/home/labserver/ros2_ws/install/prueba/lib/python3.10/site-packages:${PYTHONPATH} /usr/bin/python3 setup.py egg_info --egg-base ../../build/prueba build --build-base /home/labserver/ros2_ws/build/prueba/build install --record /home/labserver/ros2_ws/build/prueba/install.log --single-version-externally-managed
[5.711s] running egg_info
[5.745s] writing ../../build/prueba/prueba.egg-info/PKG-INFO
[5.749s] writing dependency_links to ../../build/prueba/prueba.egg-info/dependency_links.txt
[5.750s] writing entry points to ../../build/prueba/prueba.egg-info/entry_points.txt
[5.751s] writing requirements to ../../build/prueba/prueba.egg-info/requires.txt
[5.751s] writing top-level names to ../../build/prueba/prueba.egg-info/top_level.txt
[5.965s] reading manifest file '../../build/prueba/prueba.egg-info/SOURCES.txt'
[5.967s] writing manifest file '../../build/prueba/prueba.egg-info/SOURCES.txt'
[5.969s] running build
[5.969s] running build_py
[5.970s] copying prueba/prueba.py -> /home/labserver/ros2_ws/build/prueba/build/lib/prueba
[5.973s] copying prueba/listener.py -> /home/labserver/ros2_ws/build/prueba/build/lib/prueba
[5.977s] copying prueba/__init__.py -> /home/labserver/ros2_ws/build/prueba/build/lib/prueba
[5.981s] running install
[5.982s] /home/labserver/.local/lib/python3.10/site-packages/setuptools/_distutils/cmd.py:66: SetuptoolsDeprecationWarning: setup.py install is deprecated.
[5.982s] !!
[5.982s] 
[5.982s]         ********************************************************************************
[5.982s]         Please avoid running ``setup.py`` directly.
[5.982s]         Instead, use pypa/build, pypa/installer or other
[5.982s]         standards-based tools.
[5.982s] 
[5.982s]         See https://blog.ganssle.io/articles/2021/10/setup-py-deprecated.html for details.
[5.982s]         ********************************************************************************
[5.982s] 
[5.982s] !!
[5.982s]   self.initialize_options()
[5.996s] running install_lib
[6.030s] running install_data
[6.071s] copying resource/prueba -> /home/labserver/ros2_ws/install/prueba/share/ament_index/resource_index/packages
[6.076s] copying package.xml -> /home/labserver/ros2_ws/install/prueba/share/prueba
[6.078s] running install_egg_info
[6.140s] removing '/home/labserver/ros2_ws/install/prueba/lib/python3.10/site-packages/prueba-0.0.0-py3.10.egg-info' (and everything under it)
[6.147s] Copying ../../build/prueba/prueba.egg-info to /home/labserver/ros2_ws/install/prueba/lib/python3.10/site-packages/prueba-0.0.0-py3.10.egg-info
[6.155s] running install_scripts
[6.277s] Installing listener script to /home/labserver/ros2_ws/install/prueba/lib/prueba
[6.281s] Installing talker script to /home/labserver/ros2_ws/install/prueba/lib/prueba
[6.284s] writing list of installed files to '/home/labserver/ros2_ws/build/prueba/install.log'
[6.523s] Invoked command in '/home/labserver/ros2_ws/src/prueba' returned '0': PYTHONPATH=/home/labserver/ros2_ws/build/prueba/prefix_override:/home/labserver/ros2_ws/install/prueba/lib/python3.10/site-packages:${PYTHONPATH} /usr/bin/python3 setup.py egg_info --egg-base ../../build/prueba build --build-base /home/labserver/ros2_ws/build/prueba/build install --record /home/labserver/ros2_ws/build/prueba/install.log --single-version-externally-managed
