[3.330s] Invoking command in '/home/labserver/ros2_ws/src/samuchair': PYTHONPATH=/home/labserver/ros2_ws/build/samuchair/prefix_override:/home/labserver/ros2_ws/install/samuchair/lib/python3.10/site-packages:${PYTHONPATH} /usr/bin/python3 setup.py egg_info --egg-base ../../build/samuchair build --build-base /home/labserver/ros2_ws/build/samuchair/build install --record /home/labserver/ros2_ws/build/samuchair/install.log --single-version-externally-managed
[4.297s] running egg_info
[4.323s] writing ../../build/samuchair/samuchair.egg-info/PKG-INFO
[4.326s] writing dependency_links to ../../build/samuchair/samuchair.egg-info/dependency_links.txt
[4.338s] writing entry points to ../../build/samuchair/samuchair.egg-info/entry_points.txt
[4.339s] writing requirements to ../../build/samuchair/samuchair.egg-info/requires.txt
[4.340s] writing top-level names to ../../build/samuchair/samuchair.egg-info/top_level.txt
[4.734s] reading manifest file '../../build/samuchair/samuchair.egg-info/SOURCES.txt'
[4.734s] writing manifest file '../../build/samuchair/samuchair.egg-info/SOURCES.txt'
[4.744s] running build
[4.744s] running build_py
[4.752s] copying samuchair/arduinoNode.py -> /home/labserver/ros2_ws/build/samuchair/build/lib/samuchair
[4.762s] copying samuchair/movilNode.py -> /home/labserver/ros2_ws/build/samuchair/build/lib/samuchair
[4.763s] copying samuchair/webcamNode.py -> /home/labserver/ros2_ws/build/samuchair/build/lib/samuchair
[4.763s] copying samuchair/secondarytaskNode.py -> /home/labserver/ros2_ws/build/samuchair/build/lib/samuchair
[4.763s] copying samuchair/ComJoystickManual.py -> /home/labserver/ros2_ws/build/samuchair/build/lib/samuchair
[4.763s] copying samuchair/Webcam.py -> /home/labserver/ros2_ws/build/samuchair/build/lib/samuchair
[4.763s] copying samuchair/esp32Node.py -> /home/labserver/ros2_ws/build/samuchair/build/lib/samuchair
[4.763s] copying samuchair/esp32Node_old.py -> /home/labserver/ros2_ws/build/samuchair/build/lib/samuchair
[4.763s] copying samuchair/testArduinoNode.py -> /home/labserver/ros2_ws/build/samuchair/build/lib/samuchair
[4.763s] copying samuchair/__init__.py -> /home/labserver/ros2_ws/build/samuchair/build/lib/samuchair
[4.764s] /home/labserver/.local/lib/python3.10/site-packages/setuptools/_distutils/cmd.py:66: SetuptoolsDeprecationWarning: setup.py install is deprecated.
[4.764s] !!
[4.764s] 
[4.764s]         ********************************************************************************
[4.764s]         Please avoid running ``setup.py`` directly.
[4.764s]         Instead, use pypa/build, pypa/installer or other
[4.768s]         standards-based tools.
[4.768s] 
[4.769s]         See https://blog.ganssle.io/articles/2021/10/setup-py-deprecated.html for details.
[4.769s]         ********************************************************************************
[4.769s] 
[4.769s] !!
[4.769s]   self.initialize_options()
[4.774s] copying samuchair/SecondaryTask.py -> /home/labserver/ros2_ws/build/samuchair/build/lib/samuchair
[4.774s] copying samuchair/ComESP32.py -> /home/labserver/ros2_ws/build/samuchair/build/lib/samuchair
[4.775s] running install
[4.776s] running install_lib
[4.823s] running install_data
[4.843s] copying launch/record_samuchair.launch.py -> /home/labserver/ros2_ws/install/samuchair/share/samuchair/launch
[4.845s] copying launch/samuchair.launch.py -> /home/labserver/ros2_ws/install/samuchair/share/samuchair/launch
[4.845s] copying resource/samuchair -> /home/labserver/ros2_ws/install/samuchair/share/ament_index/resource_index/packages
[4.849s] copying package.xml -> /home/labserver/ros2_ws/install/samuchair/share/samuchair
[4.849s] running install_egg_info
[4.872s] removing '/home/labserver/ros2_ws/install/samuchair/lib/python3.10/site-packages/samuchair-0.0.0-py3.10.egg-info' (and everything under it)
[4.872s] Copying ../../build/samuchair/samuchair.egg-info to /home/labserver/ros2_ws/install/samuchair/lib/python3.10/site-packages/samuchair-0.0.0-py3.10.egg-info
[4.878s] running install_scripts
[4.960s] Installing arduinoNode script to /home/labserver/ros2_ws/install/samuchair/lib/samuchair
[4.961s] Installing esp32Node script to /home/labserver/ros2_ws/install/samuchair/lib/samuchair
[4.963s] Installing movilNode script to /home/labserver/ros2_ws/install/samuchair/lib/samuchair
[4.964s] Installing secondarytaskNode script to /home/labserver/ros2_ws/install/samuchair/lib/samuchair
[4.965s] Installing testArduinoNode script to /home/labserver/ros2_ws/install/samuchair/lib/samuchair
[4.965s] Installing webcamNode script to /home/labserver/ros2_ws/install/samuchair/lib/samuchair
[4.967s] writing list of installed files to '/home/labserver/ros2_ws/build/samuchair/install.log'
[5.038s] Invoked command in '/home/labserver/ros2_ws/src/samuchair' returned '0': PYTHONPATH=/home/labserver/ros2_ws/build/samuchair/prefix_override:/home/labserver/ros2_ws/install/samuchair/lib/python3.10/site-packages:${PYTHONPATH} /usr/bin/python3 setup.py egg_info --egg-base ../../build/samuchair build --build-base /home/labserver/ros2_ws/build/samuchair/build install --record /home/labserver/ros2_ws/build/samuchair/install.log --single-version-externally-managed
