[3.207s] Invoking command in '/home/labserver/ros2_ws/src/samuchair': PYTHONPATH=/home/labserver/ros2_ws/build/samuchair/prefix_override:/home/labserver/ros2_ws/install/samuchair/lib/python3.10/site-packages:${PYTHONPATH} /usr/bin/python3 setup.py egg_info --egg-base ../../build/samuchair build --build-base /home/labserver/ros2_ws/build/samuchair/build install --record /home/labserver/ros2_ws/build/samuchair/install.log --single-version-externally-managed
[3.804s] running egg_info
[3.867s] writing ../../build/samuchair/samuchair.egg-info/PKG-INFO
[3.868s] writing dependency_links to ../../build/samuchair/samuchair.egg-info/dependency_links.txt
[3.883s] writing entry points to ../../build/samuchair/samuchair.egg-info/entry_points.txt
[3.883s] writing requirements to ../../build/samuchair/samuchair.egg-info/requires.txt
[3.883s] writing top-level names to ../../build/samuchair/samuchair.egg-info/top_level.txt
[4.291s] reading manifest file '../../build/samuchair/samuchair.egg-info/SOURCES.txt'
[4.293s] writing manifest file '../../build/samuchair/samuchair.egg-info/SOURCES.txt'
[4.295s] running build
[4.297s] running build_py
[4.297s] copying samuchair/arduinoNode.py -> /home/labserver/ros2_ws/build/samuchair/build/lib/samuchair
[4.298s] copying samuchair/webcamNode.py -> /home/labserver/ros2_ws/build/samuchair/build/lib/samuchair
[4.298s] copying samuchair/secondarytaskNode.py -> /home/labserver/ros2_ws/build/samuchair/build/lib/samuchair
[4.298s] copying samuchair/ComJoystickManual.py -> /home/labserver/ros2_ws/build/samuchair/build/lib/samuchair
[4.298s] copying samuchair/Webcam.py -> /home/labserver/ros2_ws/build/samuchair/build/lib/samuchair
[4.298s] copying samuchair/esp32Node.py -> /home/labserver/ros2_ws/build/samuchair/build/lib/samuchair
[4.298s] /home/labserver/.local/lib/python3.10/site-packages/setuptools/_distutils/cmd.py:66: SetuptoolsDeprecationWarning: setup.py install is deprecated.
[4.298s] !!
[4.298s] 
[4.298s]         ********************************************************************************
[4.298s]         Please avoid running ``setup.py`` directly.
[4.298s]         Instead, use pypa/build, pypa/installer or other
[4.298s]         standards-based tools.
[4.298s] 
[4.298s]         See https://blog.ganssle.io/articles/2021/10/setup-py-deprecated.html for details.
[4.298s]         ********************************************************************************
[4.298s] 
[4.298s] !!
[4.298s]   self.initialize_options()
[4.299s] copying samuchair/esp32Node_old.py -> /home/labserver/ros2_ws/build/samuchair/build/lib/samuchair
[4.299s] copying samuchair/testArduinoNode.py -> /home/labserver/ros2_ws/build/samuchair/build/lib/samuchair
[4.299s] copying samuchair/__init__.py -> /home/labserver/ros2_ws/build/samuchair/build/lib/samuchair
[4.299s] copying samuchair/SecondaryTask.py -> /home/labserver/ros2_ws/build/samuchair/build/lib/samuchair
[4.299s] copying samuchair/ComESP32.py -> /home/labserver/ros2_ws/build/samuchair/build/lib/samuchair
[4.299s] running install
[4.317s] running install_lib
[4.353s] copying /home/labserver/ros2_ws/build/samuchair/build/lib/samuchair/webcamNode.py -> /home/labserver/ros2_ws/install/samuchair/lib/python3.10/site-packages/samuchair
[4.353s] byte-compiling /home/labserver/ros2_ws/install/samuchair/lib/python3.10/site-packages/samuchair/webcamNode.py to webcamNode.cpython-310.pyc
[4.353s] running install_data
[4.380s] copying launch/samuchair.launch.py -> /home/labserver/ros2_ws/install/samuchair/share/samuchair/launch
[4.382s] copying resource/samuchair -> /home/labserver/ros2_ws/install/samuchair/share/ament_index/resource_index/packages
[4.383s] copying package.xml -> /home/labserver/ros2_ws/install/samuchair/share/samuchair
[4.383s] running install_egg_info
[4.409s] removing '/home/labserver/ros2_ws/install/samuchair/lib/python3.10/site-packages/samuchair-0.0.0-py3.10.egg-info' (and everything under it)
[4.410s] Copying ../../build/samuchair/samuchair.egg-info to /home/labserver/ros2_ws/install/samuchair/lib/python3.10/site-packages/samuchair-0.0.0-py3.10.egg-info
[4.411s] running install_scripts
[4.483s] Installing arduinoNode script to /home/labserver/ros2_ws/install/samuchair/lib/samuchair
[4.483s] Installing esp32Node script to /home/labserver/ros2_ws/install/samuchair/lib/samuchair
[4.483s] Installing secondarytaskNode script to /home/labserver/ros2_ws/install/samuchair/lib/samuchair
[4.485s] Installing testArduinoNode script to /home/labserver/ros2_ws/install/samuchair/lib/samuchair
[4.485s] Installing webcamNode script to /home/labserver/ros2_ws/install/samuchair/lib/samuchair
[4.486s] writing list of installed files to '/home/labserver/ros2_ws/build/samuchair/install.log'
[4.567s] Invoked command in '/home/labserver/ros2_ws/src/samuchair' returned '0': PYTHONPATH=/home/labserver/ros2_ws/build/samuchair/prefix_override:/home/labserver/ros2_ws/install/samuchair/lib/python3.10/site-packages:${PYTHONPATH} /usr/bin/python3 setup.py egg_info --egg-base ../../build/samuchair build --build-base /home/labserver/ros2_ws/build/samuchair/build install --record /home/labserver/ros2_ws/build/samuchair/install.log --single-version-externally-managed
