[2.351s] Invoking command in '/home/labserver/ros2_ws/src/prueba': PYTHONPATH=/home/labserver/ros2_ws/build/prueba/prefix_override:/home/labserver/ros2_ws/install/prueba/lib/python3.10/site-packages:${PYTHONPATH} /usr/bin/python3 setup.py egg_info --egg-base ../../build/prueba build --build-base /home/labserver/ros2_ws/build/prueba/build install --record /home/labserver/ros2_ws/build/prueba/install.log --single-version-externally-managed
[2.758s] running egg_info
[2.779s] writing ../../build/prueba/prueba.egg-info/PKG-INFO
[2.780s] writing dependency_links to ../../build/prueba/prueba.egg-info/dependency_links.txt
[2.782s] writing entry points to ../../build/prueba/prueba.egg-info/entry_points.txt
[2.786s] writing requirements to ../../build/prueba/prueba.egg-info/requires.txt
[2.786s] writing top-level names to ../../build/prueba/prueba.egg-info/top_level.txt
[3.000s] reading manifest file '../../build/prueba/prueba.egg-info/SOURCES.txt'
[3.002s] writing manifest file '../../build/prueba/prueba.egg-info/SOURCES.txt'
[3.002s] running build
[3.003s] running build_py
[3.004s] copying prueba/prueba.py -> /home/labserver/ros2_ws/build/prueba/build/lib/prueba
[3.004s] copying prueba/listener.py -> /home/labserver/ros2_ws/build/prueba/build/lib/prueba
[3.004s] copying prueba/__init__.py -> /home/labserver/ros2_ws/build/prueba/build/lib/prueba
[3.006s] running install
[3.010s] /home/labserver/.local/lib/python3.10/site-packages/setuptools/_distutils/cmd.py:66: SetuptoolsDeprecationWarning: setup.py install is deprecated.
[3.012s] !!
[3.012s] 
[3.012s]         ********************************************************************************
[3.012s]         Please avoid running ``setup.py`` directly.
[3.012s]         Instead, use pypa/build, pypa/installer or other
[3.012s]         standards-based tools.
[3.012s] 
[3.013s]         See https://blog.ganssle.io/articles/2021/10/setup-py-deprecated.html for details.
[3.013s]         ********************************************************************************
[3.013s] 
[3.019s] !!
[3.019s]   self.initialize_options()
[3.027s] running install_lib
[3.059s] running install_data
[3.097s] copying resource/prueba -> /home/labserver/ros2_ws/install/prueba/share/ament_index/resource_index/packages
[3.097s] copying package.xml -> /home/labserver/ros2_ws/install/prueba/share/prueba
[3.097s] running install_egg_info
[3.137s] removing '/home/labserver/ros2_ws/install/prueba/lib/python3.10/site-packages/prueba-0.0.0-py3.10.egg-info' (and everything under it)
[3.138s] Copying ../../build/prueba/prueba.egg-info to /home/labserver/ros2_ws/install/prueba/lib/python3.10/site-packages/prueba-0.0.0-py3.10.egg-info
[3.144s] running install_scripts
[3.214s] Installing listener script to /home/labserver/ros2_ws/install/prueba/lib/prueba
[3.216s] Installing talker script to /home/labserver/ros2_ws/install/prueba/lib/prueba
[3.218s] writing list of installed files to '/home/labserver/ros2_ws/build/prueba/install.log'
[3.293s] Invoked command in '/home/labserver/ros2_ws/src/prueba' returned '0': PYTHONPATH=/home/labserver/ros2_ws/build/prueba/prefix_override:/home/labserver/ros2_ws/install/prueba/lib/python3.10/site-packages:${PYTHONPATH} /usr/bin/python3 setup.py egg_info --egg-base ../../build/prueba build --build-base /home/labserver/ros2_ws/build/prueba/build install --record /home/labserver/ros2_ws/build/prueba/install.log --single-version-externally-managed
