[1.332s] Invoking command in '/home/labserver/ros2_ws/src/samuchair': PYTHONPATH=/home/labserver/ros2_ws/build/samuchair/prefix_override:/home/labserver/ros2_ws/install/samuchair/lib/python3.10/site-packages:${PYTHONPATH} /usr/bin/python3 setup.py egg_info --egg-base ../../build/samuchair build --build-base /home/labserver/ros2_ws/build/samuchair/build install --record /home/labserver/ros2_ws/build/samuchair/install.log --single-version-externally-managed
[1.571s] running egg_info
[1.587s] writing ../../build/samuchair/samuchair.egg-info/PKG-INFO
[1.588s] writing dependency_links to ../../build/samuchair/samuchair.egg-info/dependency_links.txt
[1.589s] writing entry points to ../../build/samuchair/samuchair.egg-info/entry_points.txt
[1.589s] writing requirements to ../../build/samuchair/samuchair.egg-info/requires.txt
[1.590s] writing top-level names to ../../build/samuchair/samuchair.egg-info/top_level.txt
[1.743s] reading manifest file '../../build/samuchair/samuchair.egg-info/SOURCES.txt'
[1.744s] writing manifest file '../../build/samuchair/samuchair.egg-info/SOURCES.txt'
[1.745s] running build
[1.745s] running build_py
[1.745s] copying samuchair/esp32Node.py -> /home/labserver/ros2_ws/build/samuchair/build/lib/samuchair
[1.745s] copying samuchair/__init__.py -> /home/labserver/ros2_ws/build/samuchair/build/lib/samuchair
[1.746s] copying samuchair/ComESP32.py -> /home/labserver/ros2_ws/build/samuchair/build/lib/samuchair
[1.746s] running install
[1.747s] /home/labserver/.local/lib/python3.10/site-packages/setuptools/_distutils/cmd.py:66: SetuptoolsDeprecationWarning: setup.py install is deprecated.
[1.747s] !!
[1.747s] 
[1.747s]         ********************************************************************************
[1.748s]         Please avoid running ``setup.py`` directly.
[1.748s]         Instead, use pypa/build, pypa/installer or other
[1.748s]         standards-based tools.
[1.748s] 
[1.748s]         See https://blog.ganssle.io/articles/2021/10/setup-py-deprecated.html for details.
[1.748s]         ********************************************************************************
[1.748s] 
[1.748s] !!
[1.748s]   self.initialize_options()
[1.753s] running install_lib
[1.773s] copying /home/labserver/ros2_ws/build/samuchair/build/lib/samuchair/esp32Node.py -> /home/labserver/ros2_ws/install/samuchair/lib/python3.10/site-packages/samuchair
[1.774s] byte-compiling /home/labserver/ros2_ws/install/samuchair/lib/python3.10/site-packages/samuchair/esp32Node.py to esp32Node.cpython-310.pyc
[1.776s] running install_data
[1.793s] copying resource/samuchair -> /home/labserver/ros2_ws/install/samuchair/share/ament_index/resource_index/packages
[1.795s] copying package.xml -> /home/labserver/ros2_ws/install/samuchair/share/samuchair
[1.795s] running install_egg_info
[1.812s] removing '/home/labserver/ros2_ws/install/samuchair/lib/python3.10/site-packages/samuchair-0.0.0-py3.10.egg-info' (and everything under it)
[1.812s] Copying ../../build/samuchair/samuchair.egg-info to /home/labserver/ros2_ws/install/samuchair/lib/python3.10/site-packages/samuchair-0.0.0-py3.10.egg-info
[1.814s] running install_scripts
[1.866s] Installing esp32Node script to /home/labserver/ros2_ws/install/samuchair/lib/samuchair
[1.867s] writing list of installed files to '/home/labserver/ros2_ws/build/samuchair/install.log'
[1.910s] Invoked command in '/home/labserver/ros2_ws/src/samuchair' returned '0': PYTHONPATH=/home/labserver/ros2_ws/build/samuchair/prefix_override:/home/labserver/ros2_ws/install/samuchair/lib/python3.10/site-packages:${PYTHONPATH} /usr/bin/python3 setup.py egg_info --egg-base ../../build/samuchair build --build-base /home/labserver/ros2_ws/build/samuchair/build install --record /home/labserver/ros2_ws/build/samuchair/install.log --single-version-externally-managed
