[2.940s] Invoking command in '/home/labserver/ros2_ws/src/samuchair': PYTHONPATH=/home/labserver/ros2_ws/build/samuchair/prefix_override:/home/labserver/ros2_ws/install/samuchair/lib/python3.10/site-packages:${PYTHONPATH} /usr/bin/python3 setup.py egg_info --egg-base ../../build/samuchair build --build-base /home/labserver/ros2_ws/build/samuchair/build install --record /home/labserver/ros2_ws/build/samuchair/install.log --single-version-externally-managed
[3.505s] running egg_info
[3.554s] writing ../../build/samuchair/samuchair.egg-info/PKG-INFO
[3.560s] writing dependency_links to ../../build/samuchair/samuchair.egg-info/dependency_links.txt
[3.560s] writing entry points to ../../build/samuchair/samuchair.egg-info/entry_points.txt
[3.565s] writing requirements to ../../build/samuchair/samuchair.egg-info/requires.txt
[3.569s] writing top-level names to ../../build/samuchair/samuchair.egg-info/top_level.txt
[3.914s] reading manifest file '../../build/samuchair/samuchair.egg-info/SOURCES.txt'
[3.914s] writing manifest file '../../build/samuchair/samuchair.egg-info/SOURCES.txt'
[3.914s] running build
[3.914s] running build_py
[3.917s] copying samuchair/arduinoNode.py -> /home/labserver/ros2_ws/build/samuchair/build/lib/samuchair
[3.917s] copying samuchair/webcamNode.py -> /home/labserver/ros2_ws/build/samuchair/build/lib/samuchair
[3.917s] copying samuchair/secondarytaskNode.py -> /home/labserver/ros2_ws/build/samuchair/build/lib/samuchair
[3.917s] copying samuchair/ComJoystickManual.py -> /home/labserver/ros2_ws/build/samuchair/build/lib/samuchair
[3.917s] copying samuchair/Webcam.py -> /home/labserver/ros2_ws/build/samuchair/build/lib/samuchair
[3.917s] copying samuchair/esp32Node.py -> /home/labserver/ros2_ws/build/samuchair/build/lib/samuchair
[3.917s] copying samuchair/esp32Node_old.py -> /home/labserver/ros2_ws/build/samuchair/build/lib/samuchair
[3.917s] copying samuchair/testArduinoNode.py -> /home/labserver/ros2_ws/build/samuchair/build/lib/samuchair
[3.918s] copying samuchair/__init__.py -> /home/labserver/ros2_ws/build/samuchair/build/lib/samuchair
[3.918s] copying samuchair/SecondaryTask.py -> /home/labserver/ros2_ws/build/samuchair/build/lib/samuchair
[3.918s] copying samuchair/ComESP32.py -> /home/labserver/ros2_ws/build/samuchair/build/lib/samuchair
[3.927s] /home/labserver/.local/lib/python3.10/site-packages/setuptools/_distutils/cmd.py:66: SetuptoolsDeprecationWarning: setup.py install is deprecated.
[3.929s] !!
[3.929s] 
[3.929s]         ********************************************************************************
[3.929s]         Please avoid running ``setup.py`` directly.
[3.929s]         Instead, use pypa/build, pypa/installer or other
[3.929s]         standards-based tools.
[3.929s] 
[3.929s]         See https://blog.ganssle.io/articles/2021/10/setup-py-deprecated.html for details.
[3.930s]         ********************************************************************************
[3.930s] 
[3.930s] !!
[3.930s]   self.initialize_options()
[3.930s] running install
[3.936s] running install_lib
[3.973s] copying /home/labserver/ros2_ws/build/samuchair/build/lib/samuchair/Webcam.py -> /home/labserver/ros2_ws/install/samuchair/lib/python3.10/site-packages/samuchair
[3.973s] byte-compiling /home/labserver/ros2_ws/install/samuchair/lib/python3.10/site-packages/samuchair/Webcam.py to Webcam.cpython-310.pyc
[3.973s] running install_data
[4.017s] copying launch/samuchair.launch.py -> /home/labserver/ros2_ws/install/samuchair/share/samuchair/launch
[4.020s] copying resource/samuchair -> /home/labserver/ros2_ws/install/samuchair/share/ament_index/resource_index/packages
[4.020s] copying package.xml -> /home/labserver/ros2_ws/install/samuchair/share/samuchair
[4.020s] running install_egg_info
[4.073s] removing '/home/labserver/ros2_ws/install/samuchair/lib/python3.10/site-packages/samuchair-0.0.0-py3.10.egg-info' (and everything under it)
[4.073s] Copying ../../build/samuchair/samuchair.egg-info to /home/labserver/ros2_ws/install/samuchair/lib/python3.10/site-packages/samuchair-0.0.0-py3.10.egg-info
[4.073s] running install_scripts
[4.217s] Installing arduinoNode script to /home/labserver/ros2_ws/install/samuchair/lib/samuchair
[4.217s] Installing esp32Node script to /home/labserver/ros2_ws/install/samuchair/lib/samuchair
[4.217s] Installing secondarytaskNode script to /home/labserver/ros2_ws/install/samuchair/lib/samuchair
[4.217s] Installing testArduinoNode script to /home/labserver/ros2_ws/install/samuchair/lib/samuchair
[4.223s] Installing webcamNode script to /home/labserver/ros2_ws/install/samuchair/lib/samuchair
[4.234s] writing list of installed files to '/home/labserver/ros2_ws/build/samuchair/install.log'
[4.378s] Invoked command in '/home/labserver/ros2_ws/src/samuchair' returned '0': PYTHONPATH=/home/labserver/ros2_ws/build/samuchair/prefix_override:/home/labserver/ros2_ws/install/samuchair/lib/python3.10/site-packages:${PYTHONPATH} /usr/bin/python3 setup.py egg_info --egg-base ../../build/samuchair build --build-base /home/labserver/ros2_ws/build/samuchair/build install --record /home/labserver/ros2_ws/build/samuchair/install.log --single-version-externally-managed
