[0.955s] Invoking command in '/home/labserver/ros2_ws/src/prueba': PYTHONPATH=/home/labserver/ros2_ws/build/prueba/prefix_override:/home/labserver/ros2_ws/install/prueba/lib/python3.10/site-packages:${PYTHONPATH} /usr/bin/python3 setup.py egg_info --egg-base ../../build/prueba build --build-base /home/labserver/ros2_ws/build/prueba/build install --record /home/labserver/ros2_ws/build/prueba/install.log --single-version-externally-managed
[1.171s] running egg_info
[1.184s] writing ../../build/prueba/prueba.egg-info/PKG-INFO
[1.186s] writing dependency_links to ../../build/prueba/prueba.egg-info/dependency_links.txt
[1.187s] writing entry points to ../../build/prueba/prueba.egg-info/entry_points.txt
[1.189s] writing requirements to ../../build/prueba/prueba.egg-info/requires.txt
[1.190s] writing top-level names to ../../build/prueba/prueba.egg-info/top_level.txt
[1.217s] reading manifest file '../../build/prueba/prueba.egg-info/SOURCES.txt'
[1.220s] writing manifest file '../../build/prueba/prueba.egg-info/SOURCES.txt'
[1.220s] running build
[1.220s] running build_py
[1.221s] copying prueba/prueba.py -> /home/labserver/ros2_ws/build/prueba/build/lib/prueba
[1.224s] copying prueba/listener.py -> /home/labserver/ros2_ws/build/prueba/build/lib/prueba
[1.224s] copying prueba/__init__.py -> /home/labserver/ros2_ws/build/prueba/build/lib/prueba
[1.224s] running install
[1.224s] /home/labserver/.local/lib/python3.10/site-packages/setuptools/_distutils/cmd.py:66: SetuptoolsDeprecationWarning: setup.py install is deprecated.
[1.224s] !!
[1.224s] 
[1.224s]         ********************************************************************************
[1.224s]         Please avoid running ``setup.py`` directly.
[1.224s]         Instead, use pypa/build, pypa/installer or other
[1.225s]         standards-based tools.
[1.225s] 
[1.225s]         See https://blog.ganssle.io/articles/2021/10/setup-py-deprecated.html for details.
[1.225s]         ********************************************************************************
[1.225s] 
[1.225s] !!
[1.225s]   self.initialize_options()
[1.234s] running install_lib
[1.260s] running install_data
[1.277s] copying resource/prueba -> /home/labserver/ros2_ws/install/prueba/share/ament_index/resource_index/packages
[1.277s] copying package.xml -> /home/labserver/ros2_ws/install/prueba/share/prueba
[1.277s] running install_egg_info
[1.291s] removing '/home/labserver/ros2_ws/install/prueba/lib/python3.10/site-packages/prueba-0.0.0-py3.10.egg-info' (and everything under it)
[1.297s] Copying ../../build/prueba/prueba.egg-info to /home/labserver/ros2_ws/install/prueba/lib/python3.10/site-packages/prueba-0.0.0-py3.10.egg-info
[1.297s] running install_scripts
[1.425s] Installing talker script to /home/labserver/ros2_ws/install/prueba/lib/prueba
[1.425s] writing list of installed files to '/home/labserver/ros2_ws/build/prueba/install.log'
[1.487s] Invoked command in '/home/labserver/ros2_ws/src/prueba' returned '0': PYTHONPATH=/home/labserver/ros2_ws/build/prueba/prefix_override:/home/labserver/ros2_ws/install/prueba/lib/python3.10/site-packages:${PYTHONPATH} /usr/bin/python3 setup.py egg_info --egg-base ../../build/prueba build --build-base /home/labserver/ros2_ws/build/prueba/build install --record /home/labserver/ros2_ws/build/prueba/install.log --single-version-externally-managed
