[3.066s] Invoking command in '/home/labserver/ros2_ws/src/prueba': PYTHONPATH=/home/labserver/ros2_ws/build/prueba/prefix_override:/home/labserver/ros2_ws/install/prueba/lib/python3.10/site-packages:${PYTHONPATH} /usr/bin/python3 setup.py egg_info --egg-base ../../build/prueba build --build-base /home/labserver/ros2_ws/build/prueba/build install --record /home/labserver/ros2_ws/build/prueba/install.log --single-version-externally-managed
[3.449s] running egg_info
[3.475s] writing ../../build/prueba/prueba.egg-info/PKG-INFO
[3.479s] writing dependency_links to ../../build/prueba/prueba.egg-info/dependency_links.txt
[3.479s] writing entry points to ../../build/prueba/prueba.egg-info/entry_points.txt
[3.481s] writing requirements to ../../build/prueba/prueba.egg-info/requires.txt
[3.482s] writing top-level names to ../../build/prueba/prueba.egg-info/top_level.txt
[3.770s] reading manifest file '../../build/prueba/prueba.egg-info/SOURCES.txt'
[3.774s] writing manifest file '../../build/prueba/prueba.egg-info/SOURCES.txt'
[3.774s] running build
[3.774s] running build_py
[3.774s] copying prueba/prueba.py -> /home/labserver/ros2_ws/build/prueba/build/lib/prueba
[3.774s] copying prueba/listener.py -> /home/labserver/ros2_ws/build/prueba/build/lib/prueba
[3.774s] copying prueba/__init__.py -> /home/labserver/ros2_ws/build/prueba/build/lib/prueba
[3.774s] running install
[3.776s] /home/labserver/.local/lib/python3.10/site-packages/setuptools/_distutils/cmd.py:66: SetuptoolsDeprecationWarning: setup.py install is deprecated.
[3.776s] !!
[3.776s] 
[3.776s]         ********************************************************************************
[3.776s]         Please avoid running ``setup.py`` directly.
[3.776s]         Instead, use pypa/build, pypa/installer or other
[3.776s]         standards-based tools.
[3.777s] 
[3.777s]         See https://blog.ganssle.io/articles/2021/10/setup-py-deprecated.html for details.
[3.777s]         ********************************************************************************
[3.777s] 
[3.777s] !!
[3.779s]   self.initialize_options()
[3.787s] running install_lib
[3.820s] running install_data
[3.840s] copying resource/prueba -> /home/labserver/ros2_ws/install/prueba/share/ament_index/resource_index/packages
[3.840s] copying package.xml -> /home/labserver/ros2_ws/install/prueba/share/prueba
[3.841s] running install_egg_info
[3.862s] removing '/home/labserver/ros2_ws/install/prueba/lib/python3.10/site-packages/prueba-0.0.0-py3.10.egg-info' (and everything under it)
[3.869s] Copying ../../build/prueba/prueba.egg-info to /home/labserver/ros2_ws/install/prueba/lib/python3.10/site-packages/prueba-0.0.0-py3.10.egg-info
[3.876s] running install_scripts
[3.980s] Installing listener script to /home/labserver/ros2_ws/install/prueba/lib/prueba
[3.980s] Installing talker script to /home/labserver/ros2_ws/install/prueba/lib/prueba
[3.980s] writing list of installed files to '/home/labserver/ros2_ws/build/prueba/install.log'
[4.227s] Invoked command in '/home/labserver/ros2_ws/src/prueba' returned '0': PYTHONPATH=/home/labserver/ros2_ws/build/prueba/prefix_override:/home/labserver/ros2_ws/install/prueba/lib/python3.10/site-packages:${PYTHONPATH} /usr/bin/python3 setup.py egg_info --egg-base ../../build/prueba build --build-base /home/labserver/ros2_ws/build/prueba/build install --record /home/labserver/ros2_ws/build/prueba/install.log --single-version-externally-managed
