[1.640s] DEBUG:colcon:Command line arguments: ['/usr/bin/colcon', 'build']
[1.640s] DEBUG:colcon:Parsed command line arguments: Namespace(log_base=None, log_level=None, verb_name='build', build_base='build', install_base='install', merge_install=False, symlink_install=False, test_result_base=None, continue_on_error=False, executor='parallel', parallel_workers=2, event_handlers=None, ignore_user_meta=False, metas=['./colcon.meta'], base_paths=['.'], packages_ignore=None, packages_ignore_regex=None, paths=None, packages_up_to=None, packages_up_to_regex=None, packages_above=None, packages_above_and_dependencies=None, packages_above_depth=None, packages_select_by_dep=None, packages_skip_by_dep=None, packages_skip_up_to=None, packages_select_build_failed=False, packages_skip_build_finished=False, packages_select_test_failures=False, packages_skip_test_passed=False, packages_select=None, packages_skip=None, packages_select_regex=None, packages_skip_regex=None, packages_start=None, packages_end=None, allow_overriding=[], cmake_args=None, cmake_target=None, cmake_target_skip_unavailable=False, cmake_clean_cache=False, cmake_clean_first=False, cmake_force_configure=False, ament_cmake_args=None, catkin_cmake_args=None, catkin_skip_building_tests=False, verb_parser=<colcon_defaults.argument_parser.defaults.DefaultArgumentsDecorator object at 0x748266c74fd0>, verb_extension=<colcon_core.verb.build.BuildVerb object at 0x7482670e3df0>, main=<bound method BuildVerb.main of <colcon_core.verb.build.BuildVerb object at 0x7482670e3df0>>)
[1.724s] Level 1:colcon.colcon_core.package_discovery:discover_packages(colcon_meta) check parameters
[1.724s] Level 1:colcon.colcon_core.package_discovery:discover_packages(recursive) check parameters
[1.724s] Level 1:colcon.colcon_core.package_discovery:discover_packages(ignore) check parameters
[1.724s] Level 1:colcon.colcon_core.package_discovery:discover_packages(path) check parameters
[1.724s] Level 1:colcon.colcon_core.package_discovery:discover_packages(colcon_meta) discover
[1.724s] Level 1:colcon.colcon_core.package_discovery:discover_packages(recursive) discover
[1.724s] INFO:colcon.colcon_core.package_discovery:Crawling recursively for packages in '/home/labserver/ros2_ws'
[1.725s] Level 1:colcon.colcon_core.package_identification:_identify(.) by extensions ['ignore', 'ignore_ament_install']
[1.725s] Level 1:colcon.colcon_core.package_identification:_identify(.) by extension 'ignore'
[1.725s] Level 1:colcon.colcon_core.package_identification:_identify(.) by extension 'ignore_ament_install'
[1.725s] Level 1:colcon.colcon_core.package_identification:_identify(.) by extensions ['colcon_pkg']
[1.725s] Level 1:colcon.colcon_core.package_identification:_identify(.) by extension 'colcon_pkg'
[1.725s] Level 1:colcon.colcon_core.package_identification:_identify(.) by extensions ['colcon_meta']
[1.725s] Level 1:colcon.colcon_core.package_identification:_identify(.) by extension 'colcon_meta'
[1.725s] Level 1:colcon.colcon_core.package_identification:_identify(.) by extensions ['ros']
[1.725s] Level 1:colcon.colcon_core.package_identification:_identify(.) by extension 'ros'
[1.744s] Level 1:colcon.colcon_core.package_identification:_identify(.) by extensions ['cmake', 'python']
[1.745s] Level 1:colcon.colcon_core.package_identification:_identify(.) by extension 'cmake'
[1.745s] Level 1:colcon.colcon_core.package_identification:_identify(.) by extension 'python'
[1.745s] Level 1:colcon.colcon_core.package_identification:_identify(.) by extensions ['python_setup_py']
[1.745s] Level 1:colcon.colcon_core.package_identification:_identify(.) by extension 'python_setup_py'
[1.745s] Level 1:colcon.colcon_core.package_identification:_identify(build) by extensions ['ignore', 'ignore_ament_install']
[1.745s] Level 1:colcon.colcon_core.package_identification:_identify(build) by extension 'ignore'
[1.745s] Level 1:colcon.colcon_core.package_identification:_identify(build) ignored
[1.745s] Level 1:colcon.colcon_core.package_identification:_identify(fotos) by extensions ['ignore', 'ignore_ament_install']
[1.745s] Level 1:colcon.colcon_core.package_identification:_identify(fotos) by extension 'ignore'
[1.746s] Level 1:colcon.colcon_core.package_identification:_identify(fotos) by extension 'ignore_ament_install'
[1.746s] Level 1:colcon.colcon_core.package_identification:_identify(fotos) by extensions ['colcon_pkg']
[1.746s] Level 1:colcon.colcon_core.package_identification:_identify(fotos) by extension 'colcon_pkg'
[1.746s] Level 1:colcon.colcon_core.package_identification:_identify(fotos) by extensions ['colcon_meta']
[1.746s] Level 1:colcon.colcon_core.package_identification:_identify(fotos) by extension 'colcon_meta'
[1.746s] Level 1:colcon.colcon_core.package_identification:_identify(fotos) by extensions ['ros']
[1.746s] Level 1:colcon.colcon_core.package_identification:_identify(fotos) by extension 'ros'
[1.746s] Level 1:colcon.colcon_core.package_identification:_identify(fotos) by extensions ['cmake', 'python']
[1.746s] Level 1:colcon.colcon_core.package_identification:_identify(fotos) by extension 'cmake'
[1.746s] Level 1:colcon.colcon_core.package_identification:_identify(fotos) by extension 'python'
[1.746s] Level 1:colcon.colcon_core.package_identification:_identify(fotos) by extensions ['python_setup_py']
[1.746s] Level 1:colcon.colcon_core.package_identification:_identify(fotos) by extension 'python_setup_py'
[1.746s] Level 1:colcon.colcon_core.package_identification:_identify(install) by extensions ['ignore', 'ignore_ament_install']
[1.746s] Level 1:colcon.colcon_core.package_identification:_identify(install) by extension 'ignore'
[1.746s] Level 1:colcon.colcon_core.package_identification:_identify(install) ignored
[1.747s] Level 1:colcon.colcon_core.package_identification:_identify(log) by extensions ['ignore', 'ignore_ament_install']
[1.747s] Level 1:colcon.colcon_core.package_identification:_identify(log) by extension 'ignore'
[1.747s] Level 1:colcon.colcon_core.package_identification:_identify(log) ignored
[1.747s] Level 1:colcon.colcon_core.package_identification:_identify(rosbag2_2025_10_22-13_13_59) by extensions ['ignore', 'ignore_ament_install']
[1.747s] Level 1:colcon.colcon_core.package_identification:_identify(rosbag2_2025_10_22-13_13_59) by extension 'ignore'
[1.747s] Level 1:colcon.colcon_core.package_identification:_identify(rosbag2_2025_10_22-13_13_59) by extension 'ignore_ament_install'
[1.747s] Level 1:colcon.colcon_core.package_identification:_identify(rosbag2_2025_10_22-13_13_59) by extensions ['colcon_pkg']
[1.747s] Level 1:colcon.colcon_core.package_identification:_identify(rosbag2_2025_10_22-13_13_59) by extension 'colcon_pkg'
[1.748s] Level 1:colcon.colcon_core.package_identification:_identify(rosbag2_2025_10_22-13_13_59) by extensions ['colcon_meta']
[1.748s] Level 1:colcon.colcon_core.package_identification:_identify(rosbag2_2025_10_22-13_13_59) by extension 'colcon_meta'
[1.748s] Level 1:colcon.colcon_core.package_identification:_identify(rosbag2_2025_10_22-13_13_59) by extensions ['ros']
[1.748s] Level 1:colcon.colcon_core.package_identification:_identify(rosbag2_2025_10_22-13_13_59) by extension 'ros'
[1.748s] Level 1:colcon.colcon_core.package_identification:_identify(rosbag2_2025_10_22-13_13_59) by extensions ['cmake', 'python']
[1.748s] Level 1:colcon.colcon_core.package_identification:_identify(rosbag2_2025_10_22-13_13_59) by extension 'cmake'
[1.748s] Level 1:colcon.colcon_core.package_identification:_identify(rosbag2_2025_10_22-13_13_59) by extension 'python'
[1.748s] Level 1:colcon.colcon_core.package_identification:_identify(rosbag2_2025_10_22-13_13_59) by extensions ['python_setup_py']
[1.748s] Level 1:colcon.colcon_core.package_identification:_identify(rosbag2_2025_10_22-13_13_59) by extension 'python_setup_py'
[1.748s] Level 1:colcon.colcon_core.package_identification:_identify(rosbag2_2025_10_22-13_13_59/rosbag2_2025_10_22-13_13_59_0_csv) by extensions ['ignore', 'ignore_ament_install']
[1.748s] Level 1:colcon.colcon_core.package_identification:_identify(rosbag2_2025_10_22-13_13_59/rosbag2_2025_10_22-13_13_59_0_csv) by extension 'ignore'
[1.748s] Level 1:colcon.colcon_core.package_identification:_identify(rosbag2_2025_10_22-13_13_59/rosbag2_2025_10_22-13_13_59_0_csv) by extension 'ignore_ament_install'
[1.748s] Level 1:colcon.colcon_core.package_identification:_identify(rosbag2_2025_10_22-13_13_59/rosbag2_2025_10_22-13_13_59_0_csv) by extensions ['colcon_pkg']
[1.748s] Level 1:colcon.colcon_core.package_identification:_identify(rosbag2_2025_10_22-13_13_59/rosbag2_2025_10_22-13_13_59_0_csv) by extension 'colcon_pkg'
[1.749s] Level 1:colcon.colcon_core.package_identification:_identify(rosbag2_2025_10_22-13_13_59/rosbag2_2025_10_22-13_13_59_0_csv) by extensions ['colcon_meta']
[1.749s] Level 1:colcon.colcon_core.package_identification:_identify(rosbag2_2025_10_22-13_13_59/rosbag2_2025_10_22-13_13_59_0_csv) by extension 'colcon_meta'
[1.749s] Level 1:colcon.colcon_core.package_identification:_identify(rosbag2_2025_10_22-13_13_59/rosbag2_2025_10_22-13_13_59_0_csv) by extensions ['ros']
[1.749s] Level 1:colcon.colcon_core.package_identification:_identify(rosbag2_2025_10_22-13_13_59/rosbag2_2025_10_22-13_13_59_0_csv) by extension 'ros'
[1.749s] Level 1:colcon.colcon_core.package_identification:_identify(rosbag2_2025_10_22-13_13_59/rosbag2_2025_10_22-13_13_59_0_csv) by extensions ['cmake', 'python']
[1.749s] Level 1:colcon.colcon_core.package_identification:_identify(rosbag2_2025_10_22-13_13_59/rosbag2_2025_10_22-13_13_59_0_csv) by extension 'cmake'
[1.749s] Level 1:colcon.colcon_core.package_identification:_identify(rosbag2_2025_10_22-13_13_59/rosbag2_2025_10_22-13_13_59_0_csv) by extension 'python'
[1.749s] Level 1:colcon.colcon_core.package_identification:_identify(rosbag2_2025_10_22-13_13_59/rosbag2_2025_10_22-13_13_59_0_csv) by extensions ['python_setup_py']
[1.749s] Level 1:colcon.colcon_core.package_identification:_identify(rosbag2_2025_10_22-13_13_59/rosbag2_2025_10_22-13_13_59_0_csv) by extension 'python_setup_py'
[1.749s] Level 1:colcon.colcon_core.package_identification:_identify(samuchair_bag) by extensions ['ignore', 'ignore_ament_install']
[1.749s] Level 1:colcon.colcon_core.package_identification:_identify(samuchair_bag) by extension 'ignore'
[1.749s] Level 1:colcon.colcon_core.package_identification:_identify(samuchair_bag) by extension 'ignore_ament_install'
[1.749s] Level 1:colcon.colcon_core.package_identification:_identify(samuchair_bag) by extensions ['colcon_pkg']
[1.749s] Level 1:colcon.colcon_core.package_identification:_identify(samuchair_bag) by extension 'colcon_pkg'
[1.749s] Level 1:colcon.colcon_core.package_identification:_identify(samuchair_bag) by extensions ['colcon_meta']
[1.749s] Level 1:colcon.colcon_core.package_identification:_identify(samuchair_bag) by extension 'colcon_meta'
[1.749s] Level 1:colcon.colcon_core.package_identification:_identify(samuchair_bag) by extensions ['ros']
[1.749s] Level 1:colcon.colcon_core.package_identification:_identify(samuchair_bag) by extension 'ros'
[1.749s] Level 1:colcon.colcon_core.package_identification:_identify(samuchair_bag) by extensions ['cmake', 'python']
[1.750s] Level 1:colcon.colcon_core.package_identification:_identify(samuchair_bag) by extension 'cmake'
[1.750s] Level 1:colcon.colcon_core.package_identification:_identify(samuchair_bag) by extension 'python'
[1.750s] Level 1:colcon.colcon_core.package_identification:_identify(samuchair_bag) by extensions ['python_setup_py']
[1.750s] Level 1:colcon.colcon_core.package_identification:_identify(samuchair_bag) by extension 'python_setup_py'
[1.750s] Level 1:colcon.colcon_core.package_identification:_identify(samuchair_bag/20251022_110032) by extensions ['ignore', 'ignore_ament_install']
[1.750s] Level 1:colcon.colcon_core.package_identification:_identify(samuchair_bag/20251022_110032) by extension 'ignore'
[1.750s] Level 1:colcon.colcon_core.package_identification:_identify(samuchair_bag/20251022_110032) by extension 'ignore_ament_install'
[1.750s] Level 1:colcon.colcon_core.package_identification:_identify(samuchair_bag/20251022_110032) by extensions ['colcon_pkg']
[1.750s] Level 1:colcon.colcon_core.package_identification:_identify(samuchair_bag/20251022_110032) by extension 'colcon_pkg'
[1.750s] Level 1:colcon.colcon_core.package_identification:_identify(samuchair_bag/20251022_110032) by extensions ['colcon_meta']
[1.750s] Level 1:colcon.colcon_core.package_identification:_identify(samuchair_bag/20251022_110032) by extension 'colcon_meta'
[1.750s] Level 1:colcon.colcon_core.package_identification:_identify(samuchair_bag/20251022_110032) by extensions ['ros']
[1.751s] Level 1:colcon.colcon_core.package_identification:_identify(samuchair_bag/20251022_110032) by extension 'ros'
[1.751s] Level 1:colcon.colcon_core.package_identification:_identify(samuchair_bag/20251022_110032) by extensions ['cmake', 'python']
[1.751s] Level 1:colcon.colcon_core.package_identification:_identify(samuchair_bag/20251022_110032) by extension 'cmake'
[1.751s] Level 1:colcon.colcon_core.package_identification:_identify(samuchair_bag/20251022_110032) by extension 'python'
[1.751s] Level 1:colcon.colcon_core.package_identification:_identify(samuchair_bag/20251022_110032) by extensions ['python_setup_py']
[1.751s] Level 1:colcon.colcon_core.package_identification:_identify(samuchair_bag/20251022_110032) by extension 'python_setup_py'
[1.751s] Level 1:colcon.colcon_core.package_identification:_identify(samuchair_bag/20251022_110032/20251022_110032_0_csv) by extensions ['ignore', 'ignore_ament_install']
[1.751s] Level 1:colcon.colcon_core.package_identification:_identify(samuchair_bag/20251022_110032/20251022_110032_0_csv) by extension 'ignore'
[1.751s] Level 1:colcon.colcon_core.package_identification:_identify(samuchair_bag/20251022_110032/20251022_110032_0_csv) by extension 'ignore_ament_install'
[1.751s] Level 1:colcon.colcon_core.package_identification:_identify(samuchair_bag/20251022_110032/20251022_110032_0_csv) by extensions ['colcon_pkg']
[1.751s] Level 1:colcon.colcon_core.package_identification:_identify(samuchair_bag/20251022_110032/20251022_110032_0_csv) by extension 'colcon_pkg'
[1.751s] Level 1:colcon.colcon_core.package_identification:_identify(samuchair_bag/20251022_110032/20251022_110032_0_csv) by extensions ['colcon_meta']
[1.751s] Level 1:colcon.colcon_core.package_identification:_identify(samuchair_bag/20251022_110032/20251022_110032_0_csv) by extension 'colcon_meta'
[1.751s] Level 1:colcon.colcon_core.package_identification:_identify(samuchair_bag/20251022_110032/20251022_110032_0_csv) by extensions ['ros']
[1.751s] Level 1:colcon.colcon_core.package_identification:_identify(samuchair_bag/20251022_110032/20251022_110032_0_csv) by extension 'ros'
[1.752s] Level 1:colcon.colcon_core.package_identification:_identify(samuchair_bag/20251022_110032/20251022_110032_0_csv) by extensions ['cmake', 'python']
[1.752s] Level 1:colcon.colcon_core.package_identification:_identify(samuchair_bag/20251022_110032/20251022_110032_0_csv) by extension 'cmake'
[1.752s] Level 1:colcon.colcon_core.package_identification:_identify(samuchair_bag/20251022_110032/20251022_110032_0_csv) by extension 'python'
[1.752s] Level 1:colcon.colcon_core.package_identification:_identify(samuchair_bag/20251022_110032/20251022_110032_0_csv) by extensions ['python_setup_py']
[1.752s] Level 1:colcon.colcon_core.package_identification:_identify(samuchair_bag/20251022_110032/20251022_110032_0_csv) by extension 'python_setup_py'
[1.752s] Level 1:colcon.colcon_core.package_identification:_identify(samuchair_bag/20251022_110540) by extensions ['ignore', 'ignore_ament_install']
[1.752s] Level 1:colcon.colcon_core.package_identification:_identify(samuchair_bag/20251022_110540) by extension 'ignore'
[1.752s] Level 1:colcon.colcon_core.package_identification:_identify(samuchair_bag/20251022_110540) by extension 'ignore_ament_install'
[1.752s] Level 1:colcon.colcon_core.package_identification:_identify(samuchair_bag/20251022_110540) by extensions ['colcon_pkg']
[1.752s] Level 1:colcon.colcon_core.package_identification:_identify(samuchair_bag/20251022_110540) by extension 'colcon_pkg'
[1.752s] Level 1:colcon.colcon_core.package_identification:_identify(samuchair_bag/20251022_110540) by extensions ['colcon_meta']
[1.752s] Level 1:colcon.colcon_core.package_identification:_identify(samuchair_bag/20251022_110540) by extension 'colcon_meta'
[1.752s] Level 1:colcon.colcon_core.package_identification:_identify(samuchair_bag/20251022_110540) by extensions ['ros']
[1.753s] Level 1:colcon.colcon_core.package_identification:_identify(samuchair_bag/20251022_110540) by extension 'ros'
[1.753s] Level 1:colcon.colcon_core.package_identification:_identify(samuchair_bag/20251022_110540) by extensions ['cmake', 'python']
[1.753s] Level 1:colcon.colcon_core.package_identification:_identify(samuchair_bag/20251022_110540) by extension 'cmake'
[1.753s] Level 1:colcon.colcon_core.package_identification:_identify(samuchair_bag/20251022_110540) by extension 'python'
[1.753s] Level 1:colcon.colcon_core.package_identification:_identify(samuchair_bag/20251022_110540) by extensions ['python_setup_py']
[1.753s] Level 1:colcon.colcon_core.package_identification:_identify(samuchair_bag/20251022_110540) by extension 'python_setup_py'
[1.753s] Level 1:colcon.colcon_core.package_identification:_identify(samuchair_bag/20251022_110540/20251022_110540_0_csv) by extensions ['ignore', 'ignore_ament_install']
[1.753s] Level 1:colcon.colcon_core.package_identification:_identify(samuchair_bag/20251022_110540/20251022_110540_0_csv) by extension 'ignore'
[1.753s] Level 1:colcon.colcon_core.package_identification:_identify(samuchair_bag/20251022_110540/20251022_110540_0_csv) by extension 'ignore_ament_install'
[1.753s] Level 1:colcon.colcon_core.package_identification:_identify(samuchair_bag/20251022_110540/20251022_110540_0_csv) by extensions ['colcon_pkg']
[1.753s] Level 1:colcon.colcon_core.package_identification:_identify(samuchair_bag/20251022_110540/20251022_110540_0_csv) by extension 'colcon_pkg'
[1.753s] Level 1:colcon.colcon_core.package_identification:_identify(samuchair_bag/20251022_110540/20251022_110540_0_csv) by extensions ['colcon_meta']
[1.753s] Level 1:colcon.colcon_core.package_identification:_identify(samuchair_bag/20251022_110540/20251022_110540_0_csv) by extension 'colcon_meta'
[1.753s] Level 1:colcon.colcon_core.package_identification:_identify(samuchair_bag/20251022_110540/20251022_110540_0_csv) by extensions ['ros']
[1.753s] Level 1:colcon.colcon_core.package_identification:_identify(samuchair_bag/20251022_110540/20251022_110540_0_csv) by extension 'ros'
[1.754s] Level 1:colcon.colcon_core.package_identification:_identify(samuchair_bag/20251022_110540/20251022_110540_0_csv) by extensions ['cmake', 'python']
[1.754s] Level 1:colcon.colcon_core.package_identification:_identify(samuchair_bag/20251022_110540/20251022_110540_0_csv) by extension 'cmake'
[1.754s] Level 1:colcon.colcon_core.package_identification:_identify(samuchair_bag/20251022_110540/20251022_110540_0_csv) by extension 'python'
[1.754s] Level 1:colcon.colcon_core.package_identification:_identify(samuchair_bag/20251022_110540/20251022_110540_0_csv) by extensions ['python_setup_py']
[1.754s] Level 1:colcon.colcon_core.package_identification:_identify(samuchair_bag/20251022_110540/20251022_110540_0_csv) by extension 'python_setup_py'
[1.754s] Level 1:colcon.colcon_core.package_identification:_identify(samuchair_bag/20251022_131114) by extensions ['ignore', 'ignore_ament_install']
[1.754s] Level 1:colcon.colcon_core.package_identification:_identify(samuchair_bag/20251022_131114) by extension 'ignore'
[1.754s] Level 1:colcon.colcon_core.package_identification:_identify(samuchair_bag/20251022_131114) by extension 'ignore_ament_install'
[1.754s] Level 1:colcon.colcon_core.package_identification:_identify(samuchair_bag/20251022_131114) by extensions ['colcon_pkg']
[1.754s] Level 1:colcon.colcon_core.package_identification:_identify(samuchair_bag/20251022_131114) by extension 'colcon_pkg'
[1.754s] Level 1:colcon.colcon_core.package_identification:_identify(samuchair_bag/20251022_131114) by extensions ['colcon_meta']
[1.754s] Level 1:colcon.colcon_core.package_identification:_identify(samuchair_bag/20251022_131114) by extension 'colcon_meta'
[1.754s] Level 1:colcon.colcon_core.package_identification:_identify(samuchair_bag/20251022_131114) by extensions ['ros']
[1.755s] Level 1:colcon.colcon_core.package_identification:_identify(samuchair_bag/20251022_131114) by extension 'ros'
[1.755s] Level 1:colcon.colcon_core.package_identification:_identify(samuchair_bag/20251022_131114) by extensions ['cmake', 'python']
[1.755s] Level 1:colcon.colcon_core.package_identification:_identify(samuchair_bag/20251022_131114) by extension 'cmake'
[1.755s] Level 1:colcon.colcon_core.package_identification:_identify(samuchair_bag/20251022_131114) by extension 'python'
[1.755s] Level 1:colcon.colcon_core.package_identification:_identify(samuchair_bag/20251022_131114) by extensions ['python_setup_py']
[1.755s] Level 1:colcon.colcon_core.package_identification:_identify(samuchair_bag/20251022_131114) by extension 'python_setup_py'
[1.755s] Level 1:colcon.colcon_core.package_identification:_identify(samuchair_bag/20251022_131114/20251022_131114_0_csv) by extensions ['ignore', 'ignore_ament_install']
[1.755s] Level 1:colcon.colcon_core.package_identification:_identify(samuchair_bag/20251022_131114/20251022_131114_0_csv) by extension 'ignore'
[1.755s] Level 1:colcon.colcon_core.package_identification:_identify(samuchair_bag/20251022_131114/20251022_131114_0_csv) by extension 'ignore_ament_install'
[1.755s] Level 1:colcon.colcon_core.package_identification:_identify(samuchair_bag/20251022_131114/20251022_131114_0_csv) by extensions ['colcon_pkg']
[1.755s] Level 1:colcon.colcon_core.package_identification:_identify(samuchair_bag/20251022_131114/20251022_131114_0_csv) by extension 'colcon_pkg'
[1.755s] Level 1:colcon.colcon_core.package_identification:_identify(samuchair_bag/20251022_131114/20251022_131114_0_csv) by extensions ['colcon_meta']
[1.755s] Level 1:colcon.colcon_core.package_identification:_identify(samuchair_bag/20251022_131114/20251022_131114_0_csv) by extension 'colcon_meta'
[1.755s] Level 1:colcon.colcon_core.package_identification:_identify(samuchair_bag/20251022_131114/20251022_131114_0_csv) by extensions ['ros']
[1.755s] Level 1:colcon.colcon_core.package_identification:_identify(samuchair_bag/20251022_131114/20251022_131114_0_csv) by extension 'ros'
[1.756s] Level 1:colcon.colcon_core.package_identification:_identify(samuchair_bag/20251022_131114/20251022_131114_0_csv) by extensions ['cmake', 'python']
[1.756s] Level 1:colcon.colcon_core.package_identification:_identify(samuchair_bag/20251022_131114/20251022_131114_0_csv) by extension 'cmake'
[1.756s] Level 1:colcon.colcon_core.package_identification:_identify(samuchair_bag/20251022_131114/20251022_131114_0_csv) by extension 'python'
[1.756s] Level 1:colcon.colcon_core.package_identification:_identify(samuchair_bag/20251022_131114/20251022_131114_0_csv) by extensions ['python_setup_py']
[1.756s] Level 1:colcon.colcon_core.package_identification:_identify(samuchair_bag/20251022_131114/20251022_131114_0_csv) by extension 'python_setup_py'
[1.756s] Level 1:colcon.colcon_core.package_identification:_identify(samuchair_bag/20251027_194254) by extensions ['ignore', 'ignore_ament_install']
[1.756s] Level 1:colcon.colcon_core.package_identification:_identify(samuchair_bag/20251027_194254) by extension 'ignore'
[1.756s] Level 1:colcon.colcon_core.package_identification:_identify(samuchair_bag/20251027_194254) by extension 'ignore_ament_install'
[1.756s] Level 1:colcon.colcon_core.package_identification:_identify(samuchair_bag/20251027_194254) by extensions ['colcon_pkg']
[1.757s] Level 1:colcon.colcon_core.package_identification:_identify(samuchair_bag/20251027_194254) by extension 'colcon_pkg'
[1.757s] Level 1:colcon.colcon_core.package_identification:_identify(samuchair_bag/20251027_194254) by extensions ['colcon_meta']
[1.757s] Level 1:colcon.colcon_core.package_identification:_identify(samuchair_bag/20251027_194254) by extension 'colcon_meta'
[1.757s] Level 1:colcon.colcon_core.package_identification:_identify(samuchair_bag/20251027_194254) by extensions ['ros']
[1.757s] Level 1:colcon.colcon_core.package_identification:_identify(samuchair_bag/20251027_194254) by extension 'ros'
[1.757s] Level 1:colcon.colcon_core.package_identification:_identify(samuchair_bag/20251027_194254) by extensions ['cmake', 'python']
[1.757s] Level 1:colcon.colcon_core.package_identification:_identify(samuchair_bag/20251027_194254) by extension 'cmake'
[1.757s] Level 1:colcon.colcon_core.package_identification:_identify(samuchair_bag/20251027_194254) by extension 'python'
[1.757s] Level 1:colcon.colcon_core.package_identification:_identify(samuchair_bag/20251027_194254) by extensions ['python_setup_py']
[1.757s] Level 1:colcon.colcon_core.package_identification:_identify(samuchair_bag/20251027_194254) by extension 'python_setup_py'
[1.757s] Level 1:colcon.colcon_core.package_identification:_identify(src) by extensions ['ignore', 'ignore_ament_install']
[1.757s] Level 1:colcon.colcon_core.package_identification:_identify(src) by extension 'ignore'
[1.757s] Level 1:colcon.colcon_core.package_identification:_identify(src) by extension 'ignore_ament_install'
[1.758s] Level 1:colcon.colcon_core.package_identification:_identify(src) by extensions ['colcon_pkg']
[1.758s] Level 1:colcon.colcon_core.package_identification:_identify(src) by extension 'colcon_pkg'
[1.758s] Level 1:colcon.colcon_core.package_identification:_identify(src) by extensions ['colcon_meta']
[1.758s] Level 1:colcon.colcon_core.package_identification:_identify(src) by extension 'colcon_meta'
[1.758s] Level 1:colcon.colcon_core.package_identification:_identify(src) by extensions ['ros']
[1.758s] Level 1:colcon.colcon_core.package_identification:_identify(src) by extension 'ros'
[1.758s] Level 1:colcon.colcon_core.package_identification:_identify(src) by extensions ['cmake', 'python']
[1.758s] Level 1:colcon.colcon_core.package_identification:_identify(src) by extension 'cmake'
[1.758s] Level 1:colcon.colcon_core.package_identification:_identify(src) by extension 'python'
[1.758s] Level 1:colcon.colcon_core.package_identification:_identify(src) by extensions ['python_setup_py']
[1.758s] Level 1:colcon.colcon_core.package_identification:_identify(src) by extension 'python_setup_py'
[1.758s] Level 1:colcon.colcon_core.package_identification:_identify(src/build) by extensions ['ignore', 'ignore_ament_install']
[1.758s] Level 1:colcon.colcon_core.package_identification:_identify(src/build) by extension 'ignore'
[1.758s] Level 1:colcon.colcon_core.package_identification:_identify(src/build) ignored
[1.759s] Level 1:colcon.colcon_core.package_identification:_identify(src/install) by extensions ['ignore', 'ignore_ament_install']
[1.759s] Level 1:colcon.colcon_core.package_identification:_identify(src/install) by extension 'ignore'
[1.759s] Level 1:colcon.colcon_core.package_identification:_identify(src/install) ignored
[1.759s] Level 1:colcon.colcon_core.package_identification:_identify(src/log) by extensions ['ignore', 'ignore_ament_install']
[1.759s] Level 1:colcon.colcon_core.package_identification:_identify(src/log) by extension 'ignore'
[1.759s] Level 1:colcon.colcon_core.package_identification:_identify(src/log) ignored
[1.759s] Level 1:colcon.colcon_core.package_identification:_identify(src/my_robot_controller) by extensions ['ignore', 'ignore_ament_install']
[1.759s] Level 1:colcon.colcon_core.package_identification:_identify(src/my_robot_controller) by extension 'ignore'
[1.759s] Level 1:colcon.colcon_core.package_identification:_identify(src/my_robot_controller) by extension 'ignore_ament_install'
[1.759s] Level 1:colcon.colcon_core.package_identification:_identify(src/my_robot_controller) by extensions ['colcon_pkg']
[1.759s] Level 1:colcon.colcon_core.package_identification:_identify(src/my_robot_controller) by extension 'colcon_pkg'
[1.759s] Level 1:colcon.colcon_core.package_identification:_identify(src/my_robot_controller) by extensions ['colcon_meta']
[1.759s] Level 1:colcon.colcon_core.package_identification:_identify(src/my_robot_controller) by extension 'colcon_meta'
[1.759s] Level 1:colcon.colcon_core.package_identification:_identify(src/my_robot_controller) by extensions ['ros']
[1.759s] Level 1:colcon.colcon_core.package_identification:_identify(src/my_robot_controller) by extension 'ros'
[1.762s] DEBUG:colcon.colcon_core.package_identification:Package 'src/my_robot_controller' with type 'ros.ament_python' and name 'my_robot_controller'
[1.762s] Level 1:colcon.colcon_core.package_identification:_identify(src/prueba) by extensions ['ignore', 'ignore_ament_install']
[1.762s] Level 1:colcon.colcon_core.package_identification:_identify(src/prueba) by extension 'ignore'
[1.762s] Level 1:colcon.colcon_core.package_identification:_identify(src/prueba) by extension 'ignore_ament_install'
[1.762s] Level 1:colcon.colcon_core.package_identification:_identify(src/prueba) by extensions ['colcon_pkg']
[1.762s] Level 1:colcon.colcon_core.package_identification:_identify(src/prueba) by extension 'colcon_pkg'
[1.762s] Level 1:colcon.colcon_core.package_identification:_identify(src/prueba) by extensions ['colcon_meta']
[1.762s] Level 1:colcon.colcon_core.package_identification:_identify(src/prueba) by extension 'colcon_meta'
[1.762s] Level 1:colcon.colcon_core.package_identification:_identify(src/prueba) by extensions ['ros']
[1.763s] Level 1:colcon.colcon_core.package_identification:_identify(src/prueba) by extension 'ros'
[1.763s] DEBUG:colcon.colcon_core.package_identification:Package 'src/prueba' with type 'ros.ament_python' and name 'prueba'
[1.763s] Level 1:colcon.colcon_core.package_identification:_identify(src/samuchair) by extensions ['ignore', 'ignore_ament_install']
[1.764s] Level 1:colcon.colcon_core.package_identification:_identify(src/samuchair) by extension 'ignore'
[1.764s] Level 1:colcon.colcon_core.package_identification:_identify(src/samuchair) by extension 'ignore_ament_install'
[1.764s] Level 1:colcon.colcon_core.package_identification:_identify(src/samuchair) by extensions ['colcon_pkg']
[1.764s] Level 1:colcon.colcon_core.package_identification:_identify(src/samuchair) by extension 'colcon_pkg'
[1.764s] Level 1:colcon.colcon_core.package_identification:_identify(src/samuchair) by extensions ['colcon_meta']
[1.764s] Level 1:colcon.colcon_core.package_identification:_identify(src/samuchair) by extension 'colcon_meta'
[1.764s] Level 1:colcon.colcon_core.package_identification:_identify(src/samuchair) by extensions ['ros']
[1.764s] Level 1:colcon.colcon_core.package_identification:_identify(src/samuchair) by extension 'ros'
[1.765s] DEBUG:colcon.colcon_core.package_identification:Package 'src/samuchair' with type 'ros.ament_python' and name 'samuchair'
[1.765s] Level 1:colcon.colcon_core.package_identification:_identify(src/samuchair_interfaces) by extensions ['ignore', 'ignore_ament_install']
[1.765s] Level 1:colcon.colcon_core.package_identification:_identify(src/samuchair_interfaces) by extension 'ignore'
[1.765s] Level 1:colcon.colcon_core.package_identification:_identify(src/samuchair_interfaces) by extension 'ignore_ament_install'
[1.765s] Level 1:colcon.colcon_core.package_identification:_identify(src/samuchair_interfaces) by extensions ['colcon_pkg']
[1.765s] Level 1:colcon.colcon_core.package_identification:_identify(src/samuchair_interfaces) by extension 'colcon_pkg'
[1.765s] Level 1:colcon.colcon_core.package_identification:_identify(src/samuchair_interfaces) by extensions ['colcon_meta']
[1.765s] Level 1:colcon.colcon_core.package_identification:_identify(src/samuchair_interfaces) by extension 'colcon_meta'
[1.765s] Level 1:colcon.colcon_core.package_identification:_identify(src/samuchair_interfaces) by extensions ['ros']
[1.765s] Level 1:colcon.colcon_core.package_identification:_identify(src/samuchair_interfaces) by extension 'ros'
[1.766s] DEBUG:colcon.colcon_core.package_identification:Package 'src/samuchair_interfaces' with type 'ros.catkin' and name 'samuchair_interfaces'
[1.766s] Level 1:colcon.colcon_core.package_discovery:discover_packages(recursive) using defaults
[1.766s] Level 1:colcon.colcon_core.package_discovery:discover_packages(ignore) discover
[1.766s] Level 1:colcon.colcon_core.package_discovery:discover_packages(ignore) using defaults
[1.766s] Level 1:colcon.colcon_core.package_discovery:discover_packages(path) discover
[1.766s] Level 1:colcon.colcon_core.package_discovery:discover_packages(path) using defaults
[1.906s] Level 1:colcon.colcon_core.package_discovery:discover_packages(prefix_path) check parameters
[1.906s] Level 1:colcon.colcon_core.package_discovery:discover_packages(prefix_path) discover
[1.947s] DEBUG:colcon.colcon_installed_package_information.package_discovery:Found 4 installed packages in /home/labserver/ros2_ws/install
[1.970s] DEBUG:colcon.colcon_installed_package_information.package_discovery:Found 1 installed packages in /home/labserver/ros2_ws/src/install
[1.995s] DEBUG:colcon.colcon_installed_package_information.package_discovery:Found 270 installed packages in /opt/ros/humble
[1.997s] Level 1:colcon.colcon_core.package_discovery:discover_packages(prefix_path) using defaults
[2.113s] Level 5:colcon.colcon_core.verb:set package 'my_robot_controller' build argument 'cmake_args' from command line to 'None'
[2.113s] Level 5:colcon.colcon_core.verb:set package 'my_robot_controller' build argument 'cmake_target' from command line to 'None'
[2.113s] Level 5:colcon.colcon_core.verb:set package 'my_robot_controller' build argument 'cmake_target_skip_unavailable' from command line to 'False'
[2.113s] Level 5:colcon.colcon_core.verb:set package 'my_robot_controller' build argument 'cmake_clean_cache' from command line to 'False'
[2.113s] Level 5:colcon.colcon_core.verb:set package 'my_robot_controller' build argument 'cmake_clean_first' from command line to 'False'
[2.113s] Level 5:colcon.colcon_core.verb:set package 'my_robot_controller' build argument 'cmake_force_configure' from command line to 'False'
[2.113s] Level 5:colcon.colcon_core.verb:set package 'my_robot_controller' build argument 'ament_cmake_args' from command line to 'None'
[2.113s] Level 5:colcon.colcon_core.verb:set package 'my_robot_controller' build argument 'catkin_cmake_args' from command line to 'None'
[2.113s] Level 5:colcon.colcon_core.verb:set package 'my_robot_controller' build argument 'catkin_skip_building_tests' from command line to 'False'
[2.113s] DEBUG:colcon.colcon_core.verb:Building package 'my_robot_controller' with the following arguments: {'ament_cmake_args': None, 'build_base': '/home/labserver/ros2_ws/build/my_robot_controller', 'catkin_cmake_args': None, 'catkin_skip_building_tests': False, 'cmake_args': None, 'cmake_clean_cache': False, 'cmake_clean_first': False, 'cmake_force_configure': False, 'cmake_target': None, 'cmake_target_skip_unavailable': False, 'install_base': '/home/labserver/ros2_ws/install/my_robot_controller', 'merge_install': False, 'path': '/home/labserver/ros2_ws/src/my_robot_controller', 'symlink_install': False, 'test_result_base': None}
[2.137s] Level 5:colcon.colcon_core.verb:set package 'prueba' build argument 'cmake_args' from command line to 'None'
[2.137s] Level 5:colcon.colcon_core.verb:set package 'prueba' build argument 'cmake_target' from command line to 'None'
[2.137s] Level 5:colcon.colcon_core.verb:set package 'prueba' build argument 'cmake_target_skip_unavailable' from command line to 'False'
[2.137s] Level 5:colcon.colcon_core.verb:set package 'prueba' build argument 'cmake_clean_cache' from command line to 'False'
[2.137s] Level 5:colcon.colcon_core.verb:set package 'prueba' build argument 'cmake_clean_first' from command line to 'False'
[2.137s] Level 5:colcon.colcon_core.verb:set package 'prueba' build argument 'cmake_force_configure' from command line to 'False'
[2.137s] Level 5:colcon.colcon_core.verb:set package 'prueba' build argument 'ament_cmake_args' from command line to 'None'
[2.137s] Level 5:colcon.colcon_core.verb:set package 'prueba' build argument 'catkin_cmake_args' from command line to 'None'
[2.137s] Level 5:colcon.colcon_core.verb:set package 'prueba' build argument 'catkin_skip_building_tests' from command line to 'False'
[2.137s] DEBUG:colcon.colcon_core.verb:Building package 'prueba' with the following arguments: {'ament_cmake_args': None, 'build_base': '/home/labserver/ros2_ws/build/prueba', 'catkin_cmake_args': None, 'catkin_skip_building_tests': False, 'cmake_args': None, 'cmake_clean_cache': False, 'cmake_clean_first': False, 'cmake_force_configure': False, 'cmake_target': None, 'cmake_target_skip_unavailable': False, 'install_base': '/home/labserver/ros2_ws/install/prueba', 'merge_install': False, 'path': '/home/labserver/ros2_ws/src/prueba', 'symlink_install': False, 'test_result_base': None}
[2.162s] Level 5:colcon.colcon_core.verb:set package 'samuchair' build argument 'cmake_args' from command line to 'None'
[2.162s] Level 5:colcon.colcon_core.verb:set package 'samuchair' build argument 'cmake_target' from command line to 'None'
[2.163s] Level 5:colcon.colcon_core.verb:set package 'samuchair' build argument 'cmake_target_skip_unavailable' from command line to 'False'
[2.163s] Level 5:colcon.colcon_core.verb:set package 'samuchair' build argument 'cmake_clean_cache' from command line to 'False'
[2.163s] Level 5:colcon.colcon_core.verb:set package 'samuchair' build argument 'cmake_clean_first' from command line to 'False'
[2.163s] Level 5:colcon.colcon_core.verb:set package 'samuchair' build argument 'cmake_force_configure' from command line to 'False'
[2.163s] Level 5:colcon.colcon_core.verb:set package 'samuchair' build argument 'ament_cmake_args' from command line to 'None'
[2.163s] Level 5:colcon.colcon_core.verb:set package 'samuchair' build argument 'catkin_cmake_args' from command line to 'None'
[2.163s] Level 5:colcon.colcon_core.verb:set package 'samuchair' build argument 'catkin_skip_building_tests' from command line to 'False'
[2.163s] DEBUG:colcon.colcon_core.verb:Building package 'samuchair' with the following arguments: {'ament_cmake_args': None, 'build_base': '/home/labserver/ros2_ws/build/samuchair', 'catkin_cmake_args': None, 'catkin_skip_building_tests': False, 'cmake_args': None, 'cmake_clean_cache': False, 'cmake_clean_first': False, 'cmake_force_configure': False, 'cmake_target': None, 'cmake_target_skip_unavailable': False, 'install_base': '/home/labserver/ros2_ws/install/samuchair', 'merge_install': False, 'path': '/home/labserver/ros2_ws/src/samuchair', 'symlink_install': False, 'test_result_base': None}
[2.186s] Level 5:colcon.colcon_core.verb:set package 'samuchair_interfaces' build argument 'cmake_args' from command line to 'None'
[2.186s] Level 5:colcon.colcon_core.verb:set package 'samuchair_interfaces' build argument 'cmake_target' from command line to 'None'
[2.186s] Level 5:colcon.colcon_core.verb:set package 'samuchair_interfaces' build argument 'cmake_target_skip_unavailable' from command line to 'False'
[2.186s] Level 5:colcon.colcon_core.verb:set package 'samuchair_interfaces' build argument 'cmake_clean_cache' from command line to 'False'
[2.186s] Level 5:colcon.colcon_core.verb:set package 'samuchair_interfaces' build argument 'cmake_clean_first' from command line to 'False'
[2.186s] Level 5:colcon.colcon_core.verb:set package 'samuchair_interfaces' build argument 'cmake_force_configure' from command line to 'False'
[2.186s] Level 5:colcon.colcon_core.verb:set package 'samuchair_interfaces' build argument 'ament_cmake_args' from command line to 'None'
[2.186s] Level 5:colcon.colcon_core.verb:set package 'samuchair_interfaces' build argument 'catkin_cmake_args' from command line to 'None'
[2.186s] Level 5:colcon.colcon_core.verb:set package 'samuchair_interfaces' build argument 'catkin_skip_building_tests' from command line to 'False'
[2.186s] DEBUG:colcon.colcon_core.verb:Building package 'samuchair_interfaces' with the following arguments: {'ament_cmake_args': None, 'build_base': '/home/labserver/ros2_ws/build/samuchair_interfaces', 'catkin_cmake_args': None, 'catkin_skip_building_tests': False, 'cmake_args': None, 'cmake_clean_cache': False, 'cmake_clean_first': False, 'cmake_force_configure': False, 'cmake_target': None, 'cmake_target_skip_unavailable': False, 'install_base': '/home/labserver/ros2_ws/install/samuchair_interfaces', 'merge_install': False, 'path': '/home/labserver/ros2_ws/src/samuchair_interfaces', 'symlink_install': False, 'test_result_base': None}
[2.210s] INFO:colcon.colcon_core.executor:Executing jobs using 'parallel' executor
[2.237s] DEBUG:colcon.colcon_parallel_executor.executor.parallel:run_until_complete
[2.238s] INFO:colcon.colcon_ros.task.ament_python.build:Building ROS package in '/home/labserver/ros2_ws/src/my_robot_controller' with build type 'ament_python'
[2.238s] Level 1:colcon.colcon_core.shell:create_environment_hook('my_robot_controller', 'ament_prefix_path')
[2.263s] INFO:colcon.colcon_core.plugin_system:Skipping extension 'colcon_core.shell.bat': Not used on non-Windows systems
[2.263s] INFO:colcon.colcon_core.shell:Creating environment hook '/home/labserver/ros2_ws/install/my_robot_controller/share/my_robot_controller/hook/ament_prefix_path.ps1'
[2.265s] INFO:colcon.colcon_core.shell:Creating environment descriptor '/home/labserver/ros2_ws/install/my_robot_controller/share/my_robot_controller/hook/ament_prefix_path.dsv'
[2.266s] INFO:colcon.colcon_core.shell:Creating environment hook '/home/labserver/ros2_ws/install/my_robot_controller/share/my_robot_controller/hook/ament_prefix_path.sh'
[2.291s] INFO:colcon.colcon_core.shell:Skip shell extension 'powershell' for command environment: Not usable outside of PowerShell
[2.292s] DEBUG:colcon.colcon_core.shell:Skip shell extension 'dsv' for command environment
[2.404s] INFO:colcon.colcon_ros.task.ament_python.build:Building ROS package in '/home/labserver/ros2_ws/src/prueba' with build type 'ament_python'
[2.405s] Level 1:colcon.colcon_core.shell:create_environment_hook('prueba', 'ament_prefix_path')
[2.431s] INFO:colcon.colcon_core.shell:Creating environment hook '/home/labserver/ros2_ws/install/prueba/share/prueba/hook/ament_prefix_path.ps1'
[2.433s] INFO:colcon.colcon_core.shell:Creating environment descriptor '/home/labserver/ros2_ws/install/prueba/share/prueba/hook/ament_prefix_path.dsv'
[2.435s] INFO:colcon.colcon_core.shell:Creating environment hook '/home/labserver/ros2_ws/install/prueba/share/prueba/hook/ament_prefix_path.sh'
[2.461s] INFO:colcon.colcon_core.shell:Skip shell extension 'powershell' for command environment: Not usable outside of PowerShell
[2.461s] DEBUG:colcon.colcon_core.shell:Skip shell extension 'dsv' for command environment
[2.874s] INFO:colcon.colcon_core.task.python.build:Building Python package in '/home/labserver/ros2_ws/src/my_robot_controller'
[2.899s] INFO:colcon.colcon_core.shell:Skip shell extension 'powershell' for command environment: Not usable outside of PowerShell
[2.900s] DEBUG:colcon.colcon_core.shell:Skip shell extension 'dsv' for command environment
[3.356s] INFO:colcon.colcon_core.task.python.build:Building Python package in '/home/labserver/ros2_ws/src/prueba'
[3.381s] INFO:colcon.colcon_core.shell:Skip shell extension 'powershell' for command environment: Not usable outside of PowerShell
[3.381s] DEBUG:colcon.colcon_core.shell:Skip shell extension 'dsv' for command environment
[5.061s] DEBUG:colcon.colcon_core.event_handler.log_command:Invoking command in '/home/labserver/ros2_ws/src/prueba': PYTHONPATH=/home/labserver/ros2_ws/build/prueba/prefix_override:/home/labserver/ros2_ws/install/prueba/lib/python3.10/site-packages:${PYTHONPATH} /usr/bin/python3 setup.py egg_info --egg-base ../../build/prueba build --build-base /home/labserver/ros2_ws/build/prueba/build install --record /home/labserver/ros2_ws/build/prueba/install.log --single-version-externally-managed
[5.089s] DEBUG:colcon.colcon_core.event_handler.log_command:Invoking command in '/home/labserver/ros2_ws/src/my_robot_controller': PYTHONPATH=/home/labserver/ros2_ws/build/my_robot_controller/prefix_override:/home/labserver/ros2_ws/install/my_robot_controller/lib/python3.10/site-packages:${PYTHONPATH} /usr/bin/python3 setup.py egg_info --egg-base ../../build/my_robot_controller build --build-base /home/labserver/ros2_ws/build/my_robot_controller/build install --record /home/labserver/ros2_ws/build/my_robot_controller/install.log --single-version-externally-managed
[6.488s] DEBUG:colcon.colcon_core.event_handler.log_command:Invoked command in '/home/labserver/ros2_ws/src/prueba' returned '0': PYTHONPATH=/home/labserver/ros2_ws/build/prueba/prefix_override:/home/labserver/ros2_ws/install/prueba/lib/python3.10/site-packages:${PYTHONPATH} /usr/bin/python3 setup.py egg_info --egg-base ../../build/prueba build --build-base /home/labserver/ros2_ws/build/prueba/build install --record /home/labserver/ros2_ws/build/prueba/install.log --single-version-externally-managed
[6.524s] Level 1:colcon.colcon_core.environment:checking '/home/labserver/ros2_ws/install/prueba' for CMake module files
[6.525s] Level 1:colcon.colcon_core.environment:checking '/home/labserver/ros2_ws/install/prueba' for CMake config files
[6.526s] Level 1:colcon.colcon_core.environment:checking '/home/labserver/ros2_ws/install/prueba/lib'
[6.527s] Level 1:colcon.colcon_core.environment:checking '/home/labserver/ros2_ws/install/prueba/bin'
[6.527s] Level 1:colcon.colcon_core.environment:checking '/home/labserver/ros2_ws/install/prueba/lib/pkgconfig/prueba.pc'
[6.528s] Level 1:colcon.colcon_core.environment:checking '/home/labserver/ros2_ws/install/prueba/lib/python3.10/site-packages'
[6.528s] Level 1:colcon.colcon_core.shell:create_environment_hook('prueba', 'pythonpath')
[6.552s] INFO:colcon.colcon_core.shell:Creating environment hook '/home/labserver/ros2_ws/install/prueba/share/prueba/hook/pythonpath.ps1'
[6.554s] INFO:colcon.colcon_core.shell:Creating environment descriptor '/home/labserver/ros2_ws/install/prueba/share/prueba/hook/pythonpath.dsv'
[6.556s] INFO:colcon.colcon_core.shell:Creating environment hook '/home/labserver/ros2_ws/install/prueba/share/prueba/hook/pythonpath.sh'
[6.563s] Level 1:colcon.colcon_core.environment:checking '/home/labserver/ros2_ws/install/prueba/bin'
[6.563s] Level 1:colcon.colcon_core.environment:create_environment_scripts_only(prueba)
[6.603s] INFO:colcon.colcon_core.shell:Creating package script '/home/labserver/ros2_ws/install/prueba/share/prueba/package.ps1'
[6.605s] INFO:colcon.colcon_core.shell:Creating package descriptor '/home/labserver/ros2_ws/install/prueba/share/prueba/package.dsv'
[6.606s] INFO:colcon.colcon_core.shell:Creating package script '/home/labserver/ros2_ws/install/prueba/share/prueba/package.sh'
[6.608s] INFO:colcon.colcon_core.shell:Creating package script '/home/labserver/ros2_ws/install/prueba/share/prueba/package.bash'
[6.610s] INFO:colcon.colcon_core.shell:Creating package script '/home/labserver/ros2_ws/install/prueba/share/prueba/package.zsh'
[6.611s] Level 1:colcon.colcon_core.environment:create_file_with_runtime_dependencies(/home/labserver/ros2_ws/install/prueba/share/colcon-core/packages/prueba)
[6.613s] INFO:colcon.colcon_ros.task.ament_python.build:Building ROS package in '/home/labserver/ros2_ws/src/samuchair' with build type 'ament_python'
[6.613s] Level 1:colcon.colcon_core.shell:create_environment_hook('samuchair', 'ament_prefix_path')
[6.641s] INFO:colcon.colcon_core.shell:Creating environment hook '/home/labserver/ros2_ws/install/samuchair/share/samuchair/hook/ament_prefix_path.ps1'
[6.646s] INFO:colcon.colcon_core.shell:Creating environment descriptor '/home/labserver/ros2_ws/install/samuchair/share/samuchair/hook/ament_prefix_path.dsv'
[6.647s] INFO:colcon.colcon_core.shell:Creating environment hook '/home/labserver/ros2_ws/install/samuchair/share/samuchair/hook/ament_prefix_path.sh'
[6.672s] INFO:colcon.colcon_core.shell:Skip shell extension 'powershell' for command environment: Not usable outside of PowerShell
[6.672s] DEBUG:colcon.colcon_core.shell:Skip shell extension 'dsv' for command environment
[6.774s] DEBUG:colcon.colcon_core.event_handler.log_command:Invoked command in '/home/labserver/ros2_ws/src/my_robot_controller' returned '0': PYTHONPATH=/home/labserver/ros2_ws/build/my_robot_controller/prefix_override:/home/labserver/ros2_ws/install/my_robot_controller/lib/python3.10/site-packages:${PYTHONPATH} /usr/bin/python3 setup.py egg_info --egg-base ../../build/my_robot_controller build --build-base /home/labserver/ros2_ws/build/my_robot_controller/build install --record /home/labserver/ros2_ws/build/my_robot_controller/install.log --single-version-externally-managed
[6.804s] Level 1:colcon.colcon_core.environment:checking '/home/labserver/ros2_ws/install/my_robot_controller' for CMake module files
[6.804s] Level 1:colcon.colcon_core.environment:checking '/home/labserver/ros2_ws/install/my_robot_controller' for CMake config files
[6.805s] Level 1:colcon.colcon_core.environment:checking '/home/labserver/ros2_ws/install/my_robot_controller/lib'
[6.805s] Level 1:colcon.colcon_core.environment:checking '/home/labserver/ros2_ws/install/my_robot_controller/bin'
[6.805s] Level 1:colcon.colcon_core.environment:checking '/home/labserver/ros2_ws/install/my_robot_controller/lib/pkgconfig/my_robot_controller.pc'
[6.806s] Level 1:colcon.colcon_core.environment:checking '/home/labserver/ros2_ws/install/my_robot_controller/lib/python3.10/site-packages'
[6.806s] Level 1:colcon.colcon_core.shell:create_environment_hook('my_robot_controller', 'pythonpath')
[6.826s] INFO:colcon.colcon_core.shell:Creating environment hook '/home/labserver/ros2_ws/install/my_robot_controller/share/my_robot_controller/hook/pythonpath.ps1'
[6.827s] INFO:colcon.colcon_core.shell:Creating environment descriptor '/home/labserver/ros2_ws/install/my_robot_controller/share/my_robot_controller/hook/pythonpath.dsv'
[6.828s] INFO:colcon.colcon_core.shell:Creating environment hook '/home/labserver/ros2_ws/install/my_robot_controller/share/my_robot_controller/hook/pythonpath.sh'
[6.829s] Level 1:colcon.colcon_core.environment:checking '/home/labserver/ros2_ws/install/my_robot_controller/bin'
[6.829s] Level 1:colcon.colcon_core.environment:create_environment_scripts_only(my_robot_controller)
[6.851s] INFO:colcon.colcon_core.shell:Creating package script '/home/labserver/ros2_ws/install/my_robot_controller/share/my_robot_controller/package.ps1'
[6.852s] INFO:colcon.colcon_core.shell:Creating package descriptor '/home/labserver/ros2_ws/install/my_robot_controller/share/my_robot_controller/package.dsv'
[6.853s] INFO:colcon.colcon_core.shell:Creating package script '/home/labserver/ros2_ws/install/my_robot_controller/share/my_robot_controller/package.sh'
[6.854s] INFO:colcon.colcon_core.shell:Creating package script '/home/labserver/ros2_ws/install/my_robot_controller/share/my_robot_controller/package.bash'
[6.854s] INFO:colcon.colcon_core.shell:Creating package script '/home/labserver/ros2_ws/install/my_robot_controller/share/my_robot_controller/package.zsh'
[6.855s] Level 1:colcon.colcon_core.environment:create_file_with_runtime_dependencies(/home/labserver/ros2_ws/install/my_robot_controller/share/colcon-core/packages/my_robot_controller)
[6.858s] INFO:colcon.colcon_ros.task.catkin.build:Building ROS package in '/home/labserver/ros2_ws/src/samuchair_interfaces' with build type 'catkin'
[6.858s] INFO:colcon.colcon_cmake.task.cmake.build:Building CMake package in '/home/labserver/ros2_ws/src/samuchair_interfaces'
[6.889s] INFO:colcon.colcon_core.shell:Skip shell extension 'powershell' for command environment: Not usable outside of PowerShell
[6.889s] DEBUG:colcon.colcon_core.shell:Skip shell extension 'dsv' for command environment
[7.350s] INFO:colcon.colcon_core.task.python.build:Building Python package in '/home/labserver/ros2_ws/src/samuchair'
[7.378s] INFO:colcon.colcon_core.shell:Skip shell extension 'powershell' for command environment: Not usable outside of PowerShell
[7.378s] DEBUG:colcon.colcon_core.shell:Skip shell extension 'dsv' for command environment
[7.510s] DEBUG:colcon.colcon_core.event_handler.log_command:Invoking command in '/home/labserver/ros2_ws/build/samuchair_interfaces': /usr/bin/cmake --build /home/labserver/ros2_ws/build/samuchair_interfaces -- -j2 -l2
[9.665s] DEBUG:colcon.colcon_core.event_handler.log_command:Invoked command in '/home/labserver/ros2_ws/build/samuchair_interfaces' returned '0': /usr/bin/cmake --build /home/labserver/ros2_ws/build/samuchair_interfaces -- -j2 -l2
[10.322s] DEBUG:colcon.colcon_core.event_handler.log_command:Invoking command in '/home/labserver/ros2_ws/src/samuchair': PYTHONPATH=/home/labserver/ros2_ws/build/samuchair/prefix_override:/home/labserver/ros2_ws/install/samuchair/lib/python3.10/site-packages:${PYTHONPATH} /usr/bin/python3 setup.py egg_info --egg-base ../../build/samuchair build --build-base /home/labserver/ros2_ws/build/samuchair/build install --record /home/labserver/ros2_ws/build/samuchair/install.log --single-version-externally-managed
[10.379s] DEBUG:colcon.colcon_core.event_handler.log_command:Invoking command in '/home/labserver/ros2_ws/build/samuchair_interfaces': /usr/bin/cmake --install /home/labserver/ros2_ws/build/samuchair_interfaces
[10.609s] DEBUG:colcon.colcon_core.event_handler.log_command:Invoked command in '/home/labserver/ros2_ws/build/samuchair_interfaces' returned '0': /usr/bin/cmake --install /home/labserver/ros2_ws/build/samuchair_interfaces
[10.943s] Level 1:colcon.colcon_core.shell:create_environment_hook('samuchair_interfaces', 'ros_package_path')
[11.012s] INFO:colcon.colcon_core.shell:Creating environment hook '/home/labserver/ros2_ws/install/samuchair_interfaces/share/samuchair_interfaces/hook/ros_package_path.ps1'
[11.016s] INFO:colcon.colcon_core.shell:Creating environment descriptor '/home/labserver/ros2_ws/install/samuchair_interfaces/share/samuchair_interfaces/hook/ros_package_path.dsv'
[11.017s] INFO:colcon.colcon_core.shell:Creating environment hook '/home/labserver/ros2_ws/install/samuchair_interfaces/share/samuchair_interfaces/hook/ros_package_path.sh'
[11.021s] Level 1:colcon.colcon_ros.task.catkin:checking '/home/labserver/ros2_ws/install/samuchair_interfaces/local/lib/python3.10/dist-packages'
[11.021s] Level 1:colcon.colcon_core.shell:create_environment_hook('samuchair_interfaces', 'catkin_pythonpath')
[11.102s] INFO:colcon.colcon_core.shell:Creating environment hook '/home/labserver/ros2_ws/install/samuchair_interfaces/share/samuchair_interfaces/hook/catkin_pythonpath.ps1'
[11.106s] INFO:colcon.colcon_core.shell:Creating environment descriptor '/home/labserver/ros2_ws/install/samuchair_interfaces/share/samuchair_interfaces/hook/catkin_pythonpath.dsv'
[11.109s] INFO:colcon.colcon_core.shell:Creating environment hook '/home/labserver/ros2_ws/install/samuchair_interfaces/share/samuchair_interfaces/hook/catkin_pythonpath.sh'
[11.113s] Level 1:colcon.colcon_core.shell:create_environment_hook('samuchair_interfaces', 'pkg_config_path')
[11.183s] INFO:colcon.colcon_core.shell:Creating environment hook '/home/labserver/ros2_ws/install/samuchair_interfaces/share/samuchair_interfaces/hook/pkg_config_path.ps1'
[11.184s] INFO:colcon.colcon_core.shell:Creating environment descriptor '/home/labserver/ros2_ws/install/samuchair_interfaces/share/samuchair_interfaces/hook/pkg_config_path.dsv'
[11.185s] INFO:colcon.colcon_core.shell:Creating environment hook '/home/labserver/ros2_ws/install/samuchair_interfaces/share/samuchair_interfaces/hook/pkg_config_path.sh'
[11.196s] Level 1:colcon.colcon_core.shell:create_environment_hook('samuchair_interfaces', 'pkg_config_path_multiarch')
[11.282s] INFO:colcon.colcon_core.shell:Creating environment hook '/home/labserver/ros2_ws/install/samuchair_interfaces/share/samuchair_interfaces/hook/pkg_config_path_multiarch.ps1'
[11.285s] INFO:colcon.colcon_core.shell:Creating environment descriptor '/home/labserver/ros2_ws/install/samuchair_interfaces/share/samuchair_interfaces/hook/pkg_config_path_multiarch.dsv'
[11.286s] INFO:colcon.colcon_core.shell:Creating environment hook '/home/labserver/ros2_ws/install/samuchair_interfaces/share/samuchair_interfaces/hook/pkg_config_path_multiarch.sh'
[11.363s] Level 1:colcon.colcon_core.environment:create_environment_scripts_only(samuchair_interfaces)
[11.431s] Level 1:colcon.colcon_core.environment:checking '/home/labserver/ros2_ws/install/samuchair_interfaces' for CMake module files
[11.433s] Level 1:colcon.colcon_core.environment:checking '/home/labserver/ros2_ws/install/samuchair_interfaces' for CMake config files
[11.435s] Level 1:colcon.colcon_core.shell:create_environment_hook('samuchair_interfaces', 'cmake_prefix_path')
[11.509s] INFO:colcon.colcon_core.shell:Creating environment hook '/home/labserver/ros2_ws/install/samuchair_interfaces/share/samuchair_interfaces/hook/cmake_prefix_path.ps1'
[11.515s] INFO:colcon.colcon_core.shell:Creating environment descriptor '/home/labserver/ros2_ws/install/samuchair_interfaces/share/samuchair_interfaces/hook/cmake_prefix_path.dsv'
[11.516s] INFO:colcon.colcon_core.shell:Creating environment hook '/home/labserver/ros2_ws/install/samuchair_interfaces/share/samuchair_interfaces/hook/cmake_prefix_path.sh'
[11.519s] Level 1:colcon.colcon_core.environment:checking '/home/labserver/ros2_ws/install/samuchair_interfaces/lib'
[11.520s] Level 1:colcon.colcon_core.shell:create_environment_hook('samuchair_interfaces', 'ld_library_path_lib')
[11.596s] INFO:colcon.colcon_core.shell:Creating environment hook '/home/labserver/ros2_ws/install/samuchair_interfaces/share/samuchair_interfaces/hook/ld_library_path_lib.ps1'
[11.600s] INFO:colcon.colcon_core.shell:Creating environment descriptor '/home/labserver/ros2_ws/install/samuchair_interfaces/share/samuchair_interfaces/hook/ld_library_path_lib.dsv'
[11.603s] INFO:colcon.colcon_core.shell:Creating environment hook '/home/labserver/ros2_ws/install/samuchair_interfaces/share/samuchair_interfaces/hook/ld_library_path_lib.sh'
[11.604s] Level 1:colcon.colcon_core.environment:checking '/home/labserver/ros2_ws/install/samuchair_interfaces/bin'
[11.604s] Level 1:colcon.colcon_core.environment:checking '/home/labserver/ros2_ws/install/samuchair_interfaces/lib/pkgconfig/samuchair_interfaces.pc'
[11.605s] Level 1:colcon.colcon_core.environment:checking '/home/labserver/ros2_ws/install/samuchair_interfaces/lib/python3.10/site-packages'
[11.605s] Level 1:colcon.colcon_core.environment:checking '/home/labserver/ros2_ws/install/samuchair_interfaces/bin'
[11.696s] INFO:colcon.colcon_core.shell:Creating package script '/home/labserver/ros2_ws/install/samuchair_interfaces/share/samuchair_interfaces/package.ps1'
[11.702s] INFO:colcon.colcon_core.shell:Creating package descriptor '/home/labserver/ros2_ws/install/samuchair_interfaces/share/samuchair_interfaces/package.dsv'
[11.707s] INFO:colcon.colcon_core.shell:Creating package script '/home/labserver/ros2_ws/install/samuchair_interfaces/share/samuchair_interfaces/package.sh'
[11.709s] INFO:colcon.colcon_core.shell:Creating package script '/home/labserver/ros2_ws/install/samuchair_interfaces/share/samuchair_interfaces/package.bash'
[11.714s] INFO:colcon.colcon_core.shell:Creating package script '/home/labserver/ros2_ws/install/samuchair_interfaces/share/samuchair_interfaces/package.zsh'
[11.715s] Level 1:colcon.colcon_core.environment:create_file_with_runtime_dependencies(/home/labserver/ros2_ws/install/samuchair_interfaces/share/colcon-core/packages/samuchair_interfaces)
[12.116s] DEBUG:colcon.colcon_core.event_handler.log_command:Invoked command in '/home/labserver/ros2_ws/src/samuchair' returned '0': PYTHONPATH=/home/labserver/ros2_ws/build/samuchair/prefix_override:/home/labserver/ros2_ws/install/samuchair/lib/python3.10/site-packages:${PYTHONPATH} /usr/bin/python3 setup.py egg_info --egg-base ../../build/samuchair build --build-base /home/labserver/ros2_ws/build/samuchair/build install --record /home/labserver/ros2_ws/build/samuchair/install.log --single-version-externally-managed
[12.168s] Level 1:colcon.colcon_core.environment:checking '/home/labserver/ros2_ws/install/samuchair' for CMake module files
[12.168s] Level 1:colcon.colcon_core.environment:checking '/home/labserver/ros2_ws/install/samuchair' for CMake config files
[12.169s] Level 1:colcon.colcon_core.environment:checking '/home/labserver/ros2_ws/install/samuchair/lib'
[12.170s] Level 1:colcon.colcon_core.environment:checking '/home/labserver/ros2_ws/install/samuchair/bin'
[12.170s] Level 1:colcon.colcon_core.environment:checking '/home/labserver/ros2_ws/install/samuchair/lib/pkgconfig/samuchair.pc'
[12.170s] Level 1:colcon.colcon_core.environment:checking '/home/labserver/ros2_ws/install/samuchair/lib/python3.10/site-packages'
[12.170s] Level 1:colcon.colcon_core.shell:create_environment_hook('samuchair', 'pythonpath')
[12.218s] INFO:colcon.colcon_core.shell:Creating environment hook '/home/labserver/ros2_ws/install/samuchair/share/samuchair/hook/pythonpath.ps1'
[12.220s] INFO:colcon.colcon_core.shell:Creating environment descriptor '/home/labserver/ros2_ws/install/samuchair/share/samuchair/hook/pythonpath.dsv'
[12.221s] INFO:colcon.colcon_core.shell:Creating environment hook '/home/labserver/ros2_ws/install/samuchair/share/samuchair/hook/pythonpath.sh'
[12.222s] Level 1:colcon.colcon_core.environment:checking '/home/labserver/ros2_ws/install/samuchair/bin'
[12.222s] Level 1:colcon.colcon_core.environment:create_environment_scripts_only(samuchair)
[12.257s] INFO:colcon.colcon_core.shell:Creating package script '/home/labserver/ros2_ws/install/samuchair/share/samuchair/package.ps1'
[12.259s] INFO:colcon.colcon_core.shell:Creating package descriptor '/home/labserver/ros2_ws/install/samuchair/share/samuchair/package.dsv'
[12.261s] INFO:colcon.colcon_core.shell:Creating package script '/home/labserver/ros2_ws/install/samuchair/share/samuchair/package.sh'
[12.265s] INFO:colcon.colcon_core.shell:Creating package script '/home/labserver/ros2_ws/install/samuchair/share/samuchair/package.bash'
[12.266s] INFO:colcon.colcon_core.shell:Creating package script '/home/labserver/ros2_ws/install/samuchair/share/samuchair/package.zsh'
[12.268s] Level 1:colcon.colcon_core.environment:create_file_with_runtime_dependencies(/home/labserver/ros2_ws/install/samuchair/share/colcon-core/packages/samuchair)
[12.269s] DEBUG:colcon.colcon_parallel_executor.executor.parallel:closing loop
[12.270s] DEBUG:colcon.colcon_parallel_executor.executor.parallel:loop closed
[12.270s] DEBUG:colcon.colcon_parallel_executor.executor.parallel:run_until_complete finished with '0'
[12.270s] DEBUG:colcon.colcon_core.event_reactor:joining thread
[12.328s] INFO:colcon.colcon_core.plugin_system:Skipping extension 'colcon_notification.desktop_notification.terminal_notifier': Not used on non-Darwin systems
[12.328s] INFO:colcon.colcon_core.plugin_system:Skipping extension 'colcon_notification.desktop_notification.win32': Not used on non-Windows systems
[12.328s] INFO:colcon.colcon_notification.desktop_notification:Sending desktop notification using 'notify2'
[12.370s] DEBUG:colcon.colcon_core.event_reactor:joined thread
[12.477s] INFO:colcon.colcon_core.shell:Creating prefix script '/home/labserver/ros2_ws/install/local_setup.ps1'
[12.480s] INFO:colcon.colcon_core.shell:Creating prefix util module '/home/labserver/ros2_ws/install/_local_setup_util_ps1.py'
[12.485s] INFO:colcon.colcon_core.shell:Creating prefix chain script '/home/labserver/ros2_ws/install/setup.ps1'
[12.536s] INFO:colcon.colcon_core.shell:Creating prefix script '/home/labserver/ros2_ws/install/local_setup.sh'
[12.539s] INFO:colcon.colcon_core.shell:Creating prefix util module '/home/labserver/ros2_ws/install/_local_setup_util_sh.py'
[12.540s] INFO:colcon.colcon_core.shell:Creating prefix chain script '/home/labserver/ros2_ws/install/setup.sh'
[12.598s] INFO:colcon.colcon_core.shell:Creating prefix script '/home/labserver/ros2_ws/install/local_setup.bash'
[12.599s] INFO:colcon.colcon_core.shell:Creating prefix chain script '/home/labserver/ros2_ws/install/setup.bash'
[12.642s] INFO:colcon.colcon_core.shell:Creating prefix script '/home/labserver/ros2_ws/install/local_setup.zsh'
[12.644s] INFO:colcon.colcon_core.shell:Creating prefix chain script '/home/labserver/ros2_ws/install/setup.zsh'
