[6.385s] Invoking command in '/home/labserver/ros2_ws/src/prueba': PYTHONPATH=/home/labserver/ros2_ws/build/prueba/prefix_override:/home/labserver/ros2_ws/install/prueba/lib/python3.10/site-packages:${PYTHONPATH} /usr/bin/python3 setup.py egg_info --egg-base ../../build/prueba build --build-base /home/labserver/ros2_ws/build/prueba/build install --record /home/labserver/ros2_ws/build/prueba/install.log --single-version-externally-managed
[7.775s] running egg_info
[7.811s] writing ../../build/prueba/prueba.egg-info/PKG-INFO
[7.811s] writing dependency_links to ../../build/prueba/prueba.egg-info/dependency_links.txt
[7.811s] writing entry points to ../../build/prueba/prueba.egg-info/entry_points.txt
[7.816s] writing requirements to ../../build/prueba/prueba.egg-info/requires.txt
[7.816s] writing top-level names to ../../build/prueba/prueba.egg-info/top_level.txt
[8.249s] reading manifest file '../../build/prueba/prueba.egg-info/SOURCES.txt'
[8.256s] writing manifest file '../../build/prueba/prueba.egg-info/SOURCES.txt'
[8.260s] running build
[8.260s] running build_py
[8.260s] copying prueba/prueba.py -> /home/labserver/ros2_ws/build/prueba/build/lib/prueba
[8.260s] copying prueba/listener.py -> /home/labserver/ros2_ws/build/prueba/build/lib/prueba
[8.263s] copying prueba/__init__.py -> /home/labserver/ros2_ws/build/prueba/build/lib/prueba
[8.263s] running install
[8.267s] /home/labserver/.local/lib/python3.10/site-packages/setuptools/_distutils/cmd.py:66: SetuptoolsDeprecationWarning: setup.py install is deprecated.
[8.267s] !!
[8.268s] 
[8.268s]         ********************************************************************************
[8.268s]         Please avoid running ``setup.py`` directly.
[8.268s]         Instead, use pypa/build, pypa/installer or other
[8.272s]         standards-based tools.
[8.272s] 
[8.272s]         See https://blog.ganssle.io/articles/2021/10/setup-py-deprecated.html for details.
[8.272s]         ********************************************************************************
[8.272s] 
[8.272s] !!
[8.272s]   self.initialize_options()
[8.293s] running install_lib
[8.359s] running install_data
[8.415s] copying resource/prueba -> /home/labserver/ros2_ws/install/prueba/share/ament_index/resource_index/packages
[8.416s] copying package.xml -> /home/labserver/ros2_ws/install/prueba/share/prueba
[8.426s] running install_egg_info
[8.500s] removing '/home/labserver/ros2_ws/install/prueba/lib/python3.10/site-packages/prueba-0.0.0-py3.10.egg-info' (and everything under it)
[8.502s] Copying ../../build/prueba/prueba.egg-info to /home/labserver/ros2_ws/install/prueba/lib/python3.10/site-packages/prueba-0.0.0-py3.10.egg-info
[8.510s] running install_scripts
[8.684s] Installing listener script to /home/labserver/ros2_ws/install/prueba/lib/prueba
[8.684s] Installing talker script to /home/labserver/ros2_ws/install/prueba/lib/prueba
[8.684s] writing list of installed files to '/home/labserver/ros2_ws/build/prueba/install.log'
[8.874s] Invoked command in '/home/labserver/ros2_ws/src/prueba' returned '0': PYTHONPATH=/home/labserver/ros2_ws/build/prueba/prefix_override:/home/labserver/ros2_ws/install/prueba/lib/python3.10/site-packages:${PYTHONPATH} /usr/bin/python3 setup.py egg_info --egg-base ../../build/prueba build --build-base /home/labserver/ros2_ws/build/prueba/build install --record /home/labserver/ros2_ws/build/prueba/install.log --single-version-externally-managed
