[7.239s] Invoking command in '/home/labserver/ros2_ws/src/samuchair': PYTHONPATH=/home/labserver/ros2_ws/build/samuchair/prefix_override:/home/labserver/ros2_ws/install/samuchair/lib/python3.10/site-packages:${PYTHONPATH} /usr/bin/python3 setup.py egg_info --egg-base ../../build/samuchair build --build-base /home/labserver/ros2_ws/build/samuchair/build install --record /home/labserver/ros2_ws/build/samuchair/install.log --single-version-externally-managed
[9.059s] running egg_info
[9.181s] writing ../../build/samuchair/samuchair.egg-info/PKG-INFO
[9.190s] writing dependency_links to ../../build/samuchair/samuchair.egg-info/dependency_links.txt
[9.203s] writing entry points to ../../build/samuchair/samuchair.egg-info/entry_points.txt
[9.207s] writing requirements to ../../build/samuchair/samuchair.egg-info/requires.txt
[9.208s] writing top-level names to ../../build/samuchair/samuchair.egg-info/top_level.txt
[10.517s] reading manifest file '../../build/samuchair/samuchair.egg-info/SOURCES.txt'
[10.517s] writing manifest file '../../build/samuchair/samuchair.egg-info/SOURCES.txt'
[10.517s] running build
[10.517s] running build_py
[10.518s] copying samuchair/arduinoNode.py -> /home/labserver/ros2_ws/build/samuchair/build/lib/samuchair
[10.518s] copying samuchair/movilNode.py -> /home/labserver/ros2_ws/build/samuchair/build/lib/samuchair
[10.518s] copying samuchair/webcamNode.py -> /home/labserver/ros2_ws/build/samuchair/build/lib/samuchair
[10.518s] copying samuchair/secondarytaskNode.py -> /home/labserver/ros2_ws/build/samuchair/build/lib/samuchair
[10.518s] copying samuchair/ComJoystickManual.py -> /home/labserver/ros2_ws/build/samuchair/build/lib/samuchair
[10.518s] copying samuchair/Webcam.py -> /home/labserver/ros2_ws/build/samuchair/build/lib/samuchair
[10.522s] copying samuchair/esp32Node.py -> /home/labserver/ros2_ws/build/samuchair/build/lib/samuchair
[10.522s] copying samuchair/esp32Node_old.py -> /home/labserver/ros2_ws/build/samuchair/build/lib/samuchair
[10.525s] copying samuchair/testArduinoNode.py -> /home/labserver/ros2_ws/build/samuchair/build/lib/samuchair
[10.525s] copying samuchair/__init__.py -> /home/labserver/ros2_ws/build/samuchair/build/lib/samuchair
[10.530s] copying samuchair/SecondaryTask.py -> /home/labserver/ros2_ws/build/samuchair/build/lib/samuchair
[10.531s] copying samuchair/ComESP32.py -> /home/labserver/ros2_ws/build/samuchair/build/lib/samuchair
[10.531s] running install
[10.537s] /home/labserver/.local/lib/python3.10/site-packages/setuptools/_distutils/cmd.py:66: SetuptoolsDeprecationWarning: setup.py install is deprecated.
[10.537s] !!
[10.538s] 
[10.539s]         ********************************************************************************
[10.539s]         Please avoid running ``setup.py`` directly.
[10.539s]         Instead, use pypa/build, pypa/installer or other
[10.539s]         standards-based tools.
[10.539s] 
[10.539s]         See https://blog.ganssle.io/articles/2021/10/setup-py-deprecated.html for details.
[10.540s]         ********************************************************************************
[10.540s] 
[10.540s] !!
[10.540s]   self.initialize_options()
[10.540s] running install_lib
[10.619s] running install_data
[10.695s] copying launch/record_samuchair.launch.py -> /home/labserver/ros2_ws/install/samuchair/share/samuchair/launch
[10.696s] copying launch/samuchair.launch.py -> /home/labserver/ros2_ws/install/samuchair/share/samuchair/launch
[10.697s] copying resource/samuchair -> /home/labserver/ros2_ws/install/samuchair/share/ament_index/resource_index/packages
[10.698s] copying package.xml -> /home/labserver/ros2_ws/install/samuchair/share/samuchair
[10.699s] running install_egg_info
[10.752s] removing '/home/labserver/ros2_ws/install/samuchair/lib/python3.10/site-packages/samuchair-0.0.0-py3.10.egg-info' (and everything under it)
[10.756s] Copying ../../build/samuchair/samuchair.egg-info to /home/labserver/ros2_ws/install/samuchair/lib/python3.10/site-packages/samuchair-0.0.0-py3.10.egg-info
[10.760s] running install_scripts
[10.972s] Installing arduinoNode script to /home/labserver/ros2_ws/install/samuchair/lib/samuchair
[10.977s] Installing esp32Node script to /home/labserver/ros2_ws/install/samuchair/lib/samuchair
[10.977s] Installing movilNode script to /home/labserver/ros2_ws/install/samuchair/lib/samuchair
[10.982s] Installing secondarytaskNode script to /home/labserver/ros2_ws/install/samuchair/lib/samuchair
[10.983s] Installing testArduinoNode script to /home/labserver/ros2_ws/install/samuchair/lib/samuchair
[10.987s] Installing webcamNode script to /home/labserver/ros2_ws/install/samuchair/lib/samuchair
[10.991s] writing list of installed files to '/home/labserver/ros2_ws/build/samuchair/install.log'
[11.086s] Invoked command in '/home/labserver/ros2_ws/src/samuchair' returned '0': PYTHONPATH=/home/labserver/ros2_ws/build/samuchair/prefix_override:/home/labserver/ros2_ws/install/samuchair/lib/python3.10/site-packages:${PYTHONPATH} /usr/bin/python3 setup.py egg_info --egg-base ../../build/samuchair build --build-base /home/labserver/ros2_ws/build/samuchair/build install --record /home/labserver/ros2_ws/build/samuchair/install.log --single-version-externally-managed
