[2.654s] Invoking command in '/home/labserver/ros2_ws/src/samuchair': PYTHONPATH=/home/labserver/ros2_ws/build/samuchair/prefix_override:/home/labserver/ros2_ws/install/samuchair/lib/python3.10/site-packages:${PYTHONPATH} /usr/bin/python3 setup.py egg_info --egg-base ../../build/samuchair build --build-base /home/labserver/ros2_ws/build/samuchair/build install --record /home/labserver/ros2_ws/build/samuchair/install.log --single-version-externally-managed
[3.149s] running egg_info
[3.176s] writing ../../build/samuchair/samuchair.egg-info/PKG-INFO
[3.178s] writing dependency_links to ../../build/samuchair/samuchair.egg-info/dependency_links.txt
[3.178s] writing entry points to ../../build/samuchair/samuchair.egg-info/entry_points.txt
[3.182s] writing requirements to ../../build/samuchair/samuchair.egg-info/requires.txt
[3.182s] writing top-level names to ../../build/samuchair/samuchair.egg-info/top_level.txt
[3.737s] reading manifest file '../../build/samuchair/samuchair.egg-info/SOURCES.txt'
[3.747s] writing manifest file '../../build/samuchair/samuchair.egg-info/SOURCES.txt'
[3.747s] running build
[3.755s] running build_py
[3.755s] copying samuchair/arduinoNode.py -> /home/labserver/ros2_ws/build/samuchair/build/lib/samuchair
[3.755s] copying samuchair/joystickBluetoothNode.py -> /home/labserver/ros2_ws/build/samuchair/build/lib/samuchair
[3.755s] copying samuchair/movilNode.py -> /home/labserver/ros2_ws/build/samuchair/build/lib/samuchair
[3.755s] copying samuchair/webcamNode.py -> /home/labserver/ros2_ws/build/samuchair/build/lib/samuchair
[3.755s] copying samuchair/tactilesNode.py -> /home/labserver/ros2_ws/build/samuchair/build/lib/samuchair
[3.755s] copying samuchair/secondarytaskNode.py -> /home/labserver/ros2_ws/build/samuchair/build/lib/samuchair
[3.755s] copying samuchair/ComJoystickManual.py -> /home/labserver/ros2_ws/build/samuchair/build/lib/samuchair
[3.755s] copying samuchair/Webcam.py -> /home/labserver/ros2_ws/build/samuchair/build/lib/samuchair
[3.755s] copying samuchair/esp32Node.py -> /home/labserver/ros2_ws/build/samuchair/build/lib/samuchair
[3.755s] copying samuchair/jBNode.py -> /home/labserver/ros2_ws/build/samuchair/build/lib/samuchair
[3.776s] copying samuchair/esp32Node_old.py -> /home/labserver/ros2_ws/build/samuchair/build/lib/samuchair
[3.776s] copying samuchair/main.py -> /home/labserver/ros2_ws/build/samuchair/build/lib/samuchair
[3.777s] copying samuchair/testArduinoNode.py -> /home/labserver/ros2_ws/build/samuchair/build/lib/samuchair
[3.777s] copying samuchair/__init__.py -> /home/labserver/ros2_ws/build/samuchair/build/lib/samuchair
[3.777s] copying samuchair/SecondaryTask.py -> /home/labserver/ros2_ws/build/samuchair/build/lib/samuchair
[3.783s] copying samuchair/ComESP32.py -> /home/labserver/ros2_ws/build/samuchair/build/lib/samuchair
[3.789s] copying samuchair/mapJoyFingerChair.py -> /home/labserver/ros2_ws/build/samuchair/build/lib/samuchair
[3.789s] running install
[3.789s] /home/labserver/.local/lib/python3.10/site-packages/setuptools/_distutils/cmd.py:66: SetuptoolsDeprecationWarning: setup.py install is deprecated.
[3.789s] !!
[3.789s] 
[3.789s]         ********************************************************************************
[3.789s]         Please avoid running ``setup.py`` directly.
[3.790s]         Instead, use pypa/build, pypa/installer or other
[3.790s]         standards-based tools.
[3.790s] 
[3.790s]         See https://blog.ganssle.io/articles/2021/10/setup-py-deprecated.html for details.
[3.790s]         ********************************************************************************
[3.790s] 
[3.790s] !!
[3.790s]   self.initialize_options()
[3.799s] running install_lib
[3.874s] copying /home/labserver/ros2_ws/build/samuchair/build/lib/samuchair/arduinoNode.py -> /home/labserver/ros2_ws/install/samuchair/lib/python3.10/site-packages/samuchair
[3.877s] copying /home/labserver/ros2_ws/build/samuchair/build/lib/samuchair/movilNode.py -> /home/labserver/ros2_ws/install/samuchair/lib/python3.10/site-packages/samuchair
[3.881s] copying /home/labserver/ros2_ws/build/samuchair/build/lib/samuchair/webcamNode.py -> /home/labserver/ros2_ws/install/samuchair/lib/python3.10/site-packages/samuchair
[3.889s] byte-compiling /home/labserver/ros2_ws/install/samuchair/lib/python3.10/site-packages/samuchair/arduinoNode.py to arduinoNode.cpython-310.pyc
[3.891s] byte-compiling /home/labserver/ros2_ws/install/samuchair/lib/python3.10/site-packages/samuchair/movilNode.py to movilNode.cpython-310.pyc
[3.907s] byte-compiling /home/labserver/ros2_ws/install/samuchair/lib/python3.10/site-packages/samuchair/webcamNode.py to webcamNode.cpython-310.pyc
[3.910s] running install_data
[3.975s] copying launch/record_samuchair.launch.py -> /home/labserver/ros2_ws/install/samuchair/share/samuchair/launch
[3.975s] copying launch/samuchair.launch.py -> /home/labserver/ros2_ws/install/samuchair/share/samuchair/launch
[3.975s] copying resource/samuchair -> /home/labserver/ros2_ws/install/samuchair/share/ament_index/resource_index/packages
[3.975s] copying package.xml -> /home/labserver/ros2_ws/install/samuchair/share/samuchair
[3.980s] running install_egg_info
[4.062s] removing '/home/labserver/ros2_ws/install/samuchair/lib/python3.10/site-packages/samuchair-0.0.0-py3.10.egg-info' (and everything under it)
[4.070s] Copying ../../build/samuchair/samuchair.egg-info to /home/labserver/ros2_ws/install/samuchair/lib/python3.10/site-packages/samuchair-0.0.0-py3.10.egg-info
[4.075s] running install_scripts
[4.219s] Installing arduinoNode script to /home/labserver/ros2_ws/install/samuchair/lib/samuchair
[4.221s] Installing esp32Node script to /home/labserver/ros2_ws/install/samuchair/lib/samuchair
[4.221s] Installing jBNode script to /home/labserver/ros2_ws/install/samuchair/lib/samuchair
[4.226s] Installing movilNode script to /home/labserver/ros2_ws/install/samuchair/lib/samuchair
[4.226s] Installing secondarytaskNode script to /home/labserver/ros2_ws/install/samuchair/lib/samuchair
[4.227s] Installing tactilesNode script to /home/labserver/ros2_ws/install/samuchair/lib/samuchair
[4.229s] Installing testArduinoNode script to /home/labserver/ros2_ws/install/samuchair/lib/samuchair
[4.231s] Installing webcamNode script to /home/labserver/ros2_ws/install/samuchair/lib/samuchair
[4.231s] writing list of installed files to '/home/labserver/ros2_ws/build/samuchair/install.log'
[4.310s] Invoked command in '/home/labserver/ros2_ws/src/samuchair' returned '0': PYTHONPATH=/home/labserver/ros2_ws/build/samuchair/prefix_override:/home/labserver/ros2_ws/install/samuchair/lib/python3.10/site-packages:${PYTHONPATH} /usr/bin/python3 setup.py egg_info --egg-base ../../build/samuchair build --build-base /home/labserver/ros2_ws/build/samuchair/build install --record /home/labserver/ros2_ws/build/samuchair/install.log --single-version-externally-managed
