[4.792s] Invoking command in '/home/labserver/ros2_ws/src/prueba': PYTHONPATH=/home/labserver/ros2_ws/build/prueba/prefix_override:/home/labserver/ros2_ws/install/prueba/lib/python3.10/site-packages:${PYTHONPATH} /usr/bin/python3 setup.py egg_info --egg-base ../../build/prueba build --build-base /home/labserver/ros2_ws/build/prueba/build install --record /home/labserver/ros2_ws/build/prueba/install.log --single-version-externally-managed
[5.654s] running egg_info
[5.727s] writing ../../build/prueba/prueba.egg-info/PKG-INFO
[5.730s] writing dependency_links to ../../build/prueba/prueba.egg-info/dependency_links.txt
[5.733s] writing entry points to ../../build/prueba/prueba.egg-info/entry_points.txt
[5.734s] writing requirements to ../../build/prueba/prueba.egg-info/requires.txt
[5.734s] writing top-level names to ../../build/prueba/prueba.egg-info/top_level.txt
[6.377s] reading manifest file '../../build/prueba/prueba.egg-info/SOURCES.txt'
[6.381s] writing manifest file '../../build/prueba/prueba.egg-info/SOURCES.txt'
[6.385s] running build
[6.386s] running build_py
[6.386s] copying prueba/prueba.py -> /home/labserver/ros2_ws/build/prueba/build/lib/prueba
[6.395s] copying prueba/listener.py -> /home/labserver/ros2_ws/build/prueba/build/lib/prueba
[6.396s] copying prueba/__init__.py -> /home/labserver/ros2_ws/build/prueba/build/lib/prueba
[6.405s] running install
[6.412s] /home/labserver/.local/lib/python3.10/site-packages/setuptools/_distutils/cmd.py:66: SetuptoolsDeprecationWarning: setup.py install is deprecated.
[6.412s] !!
[6.413s] 
[6.413s]         ********************************************************************************
[6.413s]         Please avoid running ``setup.py`` directly.
[6.413s]         Instead, use pypa/build, pypa/installer or other
[6.413s]         standards-based tools.
[6.423s] 
[6.424s]         See https://blog.ganssle.io/articles/2021/10/setup-py-deprecated.html for details.
[6.424s]         ********************************************************************************
[6.424s] 
[6.425s] !!
[6.425s]   self.initialize_options()
[6.447s] running install_lib
[6.538s] running install_data
[6.621s] copying resource/prueba -> /home/labserver/ros2_ws/install/prueba/share/ament_index/resource_index/packages
[6.628s] copying package.xml -> /home/labserver/ros2_ws/install/prueba/share/prueba
[6.628s] running install_egg_info
[6.736s] removing '/home/labserver/ros2_ws/install/prueba/lib/python3.10/site-packages/prueba-0.0.0-py3.10.egg-info' (and everything under it)
[6.739s] Copying ../../build/prueba/prueba.egg-info to /home/labserver/ros2_ws/install/prueba/lib/python3.10/site-packages/prueba-0.0.0-py3.10.egg-info
[6.745s] running install_scripts
[6.975s] Installing listener script to /home/labserver/ros2_ws/install/prueba/lib/prueba
[6.978s] Installing talker script to /home/labserver/ros2_ws/install/prueba/lib/prueba
[6.981s] writing list of installed files to '/home/labserver/ros2_ws/build/prueba/install.log'
[7.258s] Invoked command in '/home/labserver/ros2_ws/src/prueba' returned '0': PYTHONPATH=/home/labserver/ros2_ws/build/prueba/prefix_override:/home/labserver/ros2_ws/install/prueba/lib/python3.10/site-packages:${PYTHONPATH} /usr/bin/python3 setup.py egg_info --egg-base ../../build/prueba build --build-base /home/labserver/ros2_ws/build/prueba/build install --record /home/labserver/ros2_ws/build/prueba/install.log --single-version-externally-managed
