[2.499s] Invoking command in '/home/labserver/ros2_ws/src/samuchair': PYTHONPATH=/home/labserver/ros2_ws/build/samuchair/prefix_override:/home/labserver/ros2_ws/install/samuchair/lib/python3.10/site-packages:${PYTHONPATH} /usr/bin/python3 setup.py egg_info --egg-base ../../build/samuchair build --build-base /home/labserver/ros2_ws/build/samuchair/build install --record /home/labserver/ros2_ws/build/samuchair/install.log --single-version-externally-managed
[3.319s] running egg_info
[3.368s] writing ../../build/samuchair/samuchair.egg-info/PKG-INFO
[3.368s] writing dependency_links to ../../build/samuchair/samuchair.egg-info/dependency_links.txt
[3.372s] writing entry points to ../../build/samuchair/samuchair.egg-info/entry_points.txt
[3.374s] writing requirements to ../../build/samuchair/samuchair.egg-info/requires.txt
[3.376s] writing top-level names to ../../build/samuchair/samuchair.egg-info/top_level.txt
[3.958s] reading manifest file '../../build/samuchair/samuchair.egg-info/SOURCES.txt'
[3.961s] writing manifest file '../../build/samuchair/samuchair.egg-info/SOURCES.txt'
[3.963s] running build
[3.964s] running build_py
[3.964s] copying samuchair/arduinoNode.py -> /home/labserver/ros2_ws/build/samuchair/build/lib/samuchair
[3.969s] copying samuchair/movilNode.py -> /home/labserver/ros2_ws/build/samuchair/build/lib/samuchair
[3.972s] copying samuchair/webcamNode.py -> /home/labserver/ros2_ws/build/samuchair/build/lib/samuchair
[3.975s] copying samuchair/secondarytaskNode.py -> /home/labserver/ros2_ws/build/samuchair/build/lib/samuchair
[3.975s] copying samuchair/ComJoystickManual.py -> /home/labserver/ros2_ws/build/samuchair/build/lib/samuchair
[3.975s] copying samuchair/Webcam.py -> /home/labserver/ros2_ws/build/samuchair/build/lib/samuchair
[3.984s] copying samuchair/esp32Node.py -> /home/labserver/ros2_ws/build/samuchair/build/lib/samuchair
[3.984s] copying samuchair/esp32Node_old.py -> /home/labserver/ros2_ws/build/samuchair/build/lib/samuchair
[3.984s] copying samuchair/testArduinoNode.py -> /home/labserver/ros2_ws/build/samuchair/build/lib/samuchair
[3.991s] copying samuchair/__init__.py -> /home/labserver/ros2_ws/build/samuchair/build/lib/samuchair
[3.991s] copying samuchair/SecondaryTask.py -> /home/labserver/ros2_ws/build/samuchair/build/lib/samuchair
[3.991s] copying samuchair/ComESP32.py -> /home/labserver/ros2_ws/build/samuchair/build/lib/samuchair
[3.992s] running install
[3.992s] /home/labserver/.local/lib/python3.10/site-packages/setuptools/_distutils/cmd.py:66: SetuptoolsDeprecationWarning: setup.py install is deprecated.
[3.992s] !!
[3.992s] 
[3.992s]         ********************************************************************************
[3.992s]         Please avoid running ``setup.py`` directly.
[3.998s]         Instead, use pypa/build, pypa/installer or other
[3.998s]         standards-based tools.
[3.998s] 
[3.998s]         See https://blog.ganssle.io/articles/2021/10/setup-py-deprecated.html for details.
[3.998s]         ********************************************************************************
[3.998s] 
[3.998s] !!
[3.998s]   self.initialize_options()
[4.017s] running install_lib
[4.066s] copying /home/labserver/ros2_ws/build/samuchair/build/lib/samuchair/movilNode.py -> /home/labserver/ros2_ws/install/samuchair/lib/python3.10/site-packages/samuchair
[4.072s] byte-compiling /home/labserver/ros2_ws/install/samuchair/lib/python3.10/site-packages/samuchair/movilNode.py to movilNode.cpython-310.pyc
[4.079s] running install_data
[4.124s] copying launch/record_samuchair.launch.py -> /home/labserver/ros2_ws/install/samuchair/share/samuchair/launch
[4.129s] copying launch/samuchair.launch.py -> /home/labserver/ros2_ws/install/samuchair/share/samuchair/launch
[4.129s] copying resource/samuchair -> /home/labserver/ros2_ws/install/samuchair/share/ament_index/resource_index/packages
[4.129s] copying package.xml -> /home/labserver/ros2_ws/install/samuchair/share/samuchair
[4.129s] running install_egg_info
[4.199s] removing '/home/labserver/ros2_ws/install/samuchair/lib/python3.10/site-packages/samuchair-0.0.0-py3.10.egg-info' (and everything under it)
[4.199s] Copying ../../build/samuchair/samuchair.egg-info to /home/labserver/ros2_ws/install/samuchair/lib/python3.10/site-packages/samuchair-0.0.0-py3.10.egg-info
[4.200s] running install_scripts
[4.402s] Installing arduinoNode script to /home/labserver/ros2_ws/install/samuchair/lib/samuchair
[4.402s] Installing esp32Node script to /home/labserver/ros2_ws/install/samuchair/lib/samuchair
[4.403s] Installing movilNode script to /home/labserver/ros2_ws/install/samuchair/lib/samuchair
[4.403s] Installing secondarytaskNode script to /home/labserver/ros2_ws/install/samuchair/lib/samuchair
[4.403s] Installing testArduinoNode script to /home/labserver/ros2_ws/install/samuchair/lib/samuchair
[4.403s] Installing webcamNode script to /home/labserver/ros2_ws/install/samuchair/lib/samuchair
[4.403s] writing list of installed files to '/home/labserver/ros2_ws/build/samuchair/install.log'
[4.639s] Invoked command in '/home/labserver/ros2_ws/src/samuchair' returned '0': PYTHONPATH=/home/labserver/ros2_ws/build/samuchair/prefix_override:/home/labserver/ros2_ws/install/samuchair/lib/python3.10/site-packages:${PYTHONPATH} /usr/bin/python3 setup.py egg_info --egg-base ../../build/samuchair build --build-base /home/labserver/ros2_ws/build/samuchair/build install --record /home/labserver/ros2_ws/build/samuchair/install.log --single-version-externally-managed
