[3.705s] Invoking command in '/home/labserver/ros2_ws/src/samuchair': PYTHONPATH=/home/labserver/ros2_ws/build/samuchair/prefix_override:/home/labserver/ros2_ws/install/samuchair/lib/python3.10/site-packages:${PYTHONPATH} /usr/bin/python3 setup.py egg_info --egg-base ../../build/samuchair build --build-base /home/labserver/ros2_ws/build/samuchair/build install --record /home/labserver/ros2_ws/build/samuchair/install.log --single-version-externally-managed
[4.412s] running egg_info
[4.492s] writing ../../build/samuchair/samuchair.egg-info/PKG-INFO
[4.492s] writing dependency_links to ../../build/samuchair/samuchair.egg-info/dependency_links.txt
[4.492s] writing entry points to ../../build/samuchair/samuchair.egg-info/entry_points.txt
[4.493s] writing requirements to ../../build/samuchair/samuchair.egg-info/requires.txt
[4.496s] writing top-level names to ../../build/samuchair/samuchair.egg-info/top_level.txt
[5.139s] reading manifest file '../../build/samuchair/samuchair.egg-info/SOURCES.txt'
[5.139s] writing manifest file '../../build/samuchair/samuchair.egg-info/SOURCES.txt'
[5.142s] running build
[5.143s] running build_py
[5.143s] copying samuchair/arduinoNode.py -> /home/labserver/ros2_ws/build/samuchair/build/lib/samuchair
[5.143s] copying samuchair/movilNode.py -> /home/labserver/ros2_ws/build/samuchair/build/lib/samuchair
[5.143s] copying samuchair/webcamNode.py -> /home/labserver/ros2_ws/build/samuchair/build/lib/samuchair
[5.143s] copying samuchair/tactilesNode.py -> /home/labserver/ros2_ws/build/samuchair/build/lib/samuchair
[5.143s] copying samuchair/secondarytaskNode.py -> /home/labserver/ros2_ws/build/samuchair/build/lib/samuchair
[5.143s] copying samuchair/ComJoystickManual.py -> /home/labserver/ros2_ws/build/samuchair/build/lib/samuchair
[5.147s] copying samuchair/Webcam.py -> /home/labserver/ros2_ws/build/samuchair/build/lib/samuchair
[5.147s] copying samuchair/esp32Node.py -> /home/labserver/ros2_ws/build/samuchair/build/lib/samuchair
[5.147s] copying samuchair/esp32Node_old.py -> /home/labserver/ros2_ws/build/samuchair/build/lib/samuchair
[5.147s] copying samuchair/testArduinoNode.py -> /home/labserver/ros2_ws/build/samuchair/build/lib/samuchair
[5.148s] copying samuchair/__init__.py -> /home/labserver/ros2_ws/build/samuchair/build/lib/samuchair
[5.148s] copying samuchair/SecondaryTask.py -> /home/labserver/ros2_ws/build/samuchair/build/lib/samuchair
[5.148s] copying samuchair/ComESP32.py -> /home/labserver/ros2_ws/build/samuchair/build/lib/samuchair
[5.148s] running install
[5.148s] /home/labserver/.local/lib/python3.10/site-packages/setuptools/_distutils/cmd.py:66: SetuptoolsDeprecationWarning: setup.py install is deprecated.
[5.148s] !!
[5.148s] 
[5.152s]         ********************************************************************************
[5.152s]         Please avoid running ``setup.py`` directly.
[5.152s]         Instead, use pypa/build, pypa/installer or other
[5.152s]         standards-based tools.
[5.153s] 
[5.153s]         See https://blog.ganssle.io/articles/2021/10/setup-py-deprecated.html for details.
[5.153s]         ********************************************************************************
[5.153s] 
[5.153s] !!
[5.153s]   self.initialize_options()
[5.161s] running install_lib
[5.203s] copying /home/labserver/ros2_ws/build/samuchair/build/lib/samuchair/movilNode.py -> /home/labserver/ros2_ws/install/samuchair/lib/python3.10/site-packages/samuchair
[5.204s] byte-compiling /home/labserver/ros2_ws/install/samuchair/lib/python3.10/site-packages/samuchair/movilNode.py to movilNode.cpython-310.pyc
[5.209s] running install_data
[5.234s] copying launch/record_samuchair.launch.py -> /home/labserver/ros2_ws/install/samuchair/share/samuchair/launch
[5.234s] copying launch/samuchair.launch.py -> /home/labserver/ros2_ws/install/samuchair/share/samuchair/launch
[5.237s] copying resource/samuchair -> /home/labserver/ros2_ws/install/samuchair/share/ament_index/resource_index/packages
[5.237s] copying package.xml -> /home/labserver/ros2_ws/install/samuchair/share/samuchair
[5.237s] running install_egg_info
[5.281s] removing '/home/labserver/ros2_ws/install/samuchair/lib/python3.10/site-packages/samuchair-0.0.0-py3.10.egg-info' (and everything under it)
[5.287s] Copying ../../build/samuchair/samuchair.egg-info to /home/labserver/ros2_ws/install/samuchair/lib/python3.10/site-packages/samuchair-0.0.0-py3.10.egg-info
[5.287s] running install_scripts
[5.408s] Installing arduinoNode script to /home/labserver/ros2_ws/install/samuchair/lib/samuchair
[5.410s] Installing esp32Node script to /home/labserver/ros2_ws/install/samuchair/lib/samuchair
[5.412s] Installing movilNode script to /home/labserver/ros2_ws/install/samuchair/lib/samuchair
[5.412s] Installing secondarytaskNode script to /home/labserver/ros2_ws/install/samuchair/lib/samuchair
[5.412s] Installing tactilesNode script to /home/labserver/ros2_ws/install/samuchair/lib/samuchair
[5.413s] Installing testArduinoNode script to /home/labserver/ros2_ws/install/samuchair/lib/samuchair
[5.413s] Installing webcamNode script to /home/labserver/ros2_ws/install/samuchair/lib/samuchair
[5.416s] writing list of installed files to '/home/labserver/ros2_ws/build/samuchair/install.log'
[5.498s] Invoked command in '/home/labserver/ros2_ws/src/samuchair' returned '0': PYTHONPATH=/home/labserver/ros2_ws/build/samuchair/prefix_override:/home/labserver/ros2_ws/install/samuchair/lib/python3.10/site-packages:${PYTHONPATH} /usr/bin/python3 setup.py egg_info --egg-base ../../build/samuchair build --build-base /home/labserver/ros2_ws/build/samuchair/build install --record /home/labserver/ros2_ws/build/samuchair/install.log --single-version-externally-managed
