[2.861s] Invoking command in '/home/labserver/ros2_ws/src/samuchair': PYTHONPATH=/home/labserver/ros2_ws/build/samuchair/prefix_override:/home/labserver/ros2_ws/install/samuchair/lib/python3.10/site-packages:${PYTHONPATH} /usr/bin/python3 setup.py egg_info --egg-base ../../build/samuchair build --build-base /home/labserver/ros2_ws/build/samuchair/build install --record /home/labserver/ros2_ws/build/samuchair/install.log --single-version-externally-managed
[3.437s] running egg_info
[3.494s] writing ../../build/samuchair/samuchair.egg-info/PKG-INFO
[3.509s] writing dependency_links to ../../build/samuchair/samuchair.egg-info/dependency_links.txt
[3.509s] writing entry points to ../../build/samuchair/samuchair.egg-info/entry_points.txt
[3.509s] writing requirements to ../../build/samuchair/samuchair.egg-info/requires.txt
[3.509s] writing top-level names to ../../build/samuchair/samuchair.egg-info/top_level.txt
[3.860s] reading manifest file '../../build/samuchair/samuchair.egg-info/SOURCES.txt'
[3.862s] writing manifest file '../../build/samuchair/samuchair.egg-info/SOURCES.txt'
[3.863s] running build
[3.864s] running build_py
[3.864s] copying samuchair/arduinoNode.py -> /home/labserver/ros2_ws/build/samuchair/build/lib/samuchair
[3.865s] copying samuchair/movilNode.py -> /home/labserver/ros2_ws/build/samuchair/build/lib/samuchair
[3.867s] copying samuchair/webcamNode.py -> /home/labserver/ros2_ws/build/samuchair/build/lib/samuchair
[3.870s] copying samuchair/tactilesNode.py -> /home/labserver/ros2_ws/build/samuchair/build/lib/samuchair
[3.870s] copying samuchair/secondarytaskNode.py -> /home/labserver/ros2_ws/build/samuchair/build/lib/samuchair
[3.870s] copying samuchair/ComJoystickManual.py -> /home/labserver/ros2_ws/build/samuchair/build/lib/samuchair
[3.871s] copying samuchair/Webcam.py -> /home/labserver/ros2_ws/build/samuchair/build/lib/samuchair
[3.872s] copying samuchair/esp32Node.py -> /home/labserver/ros2_ws/build/samuchair/build/lib/samuchair
[3.872s] copying samuchair/esp32Node_old.py -> /home/labserver/ros2_ws/build/samuchair/build/lib/samuchair
[3.872s] copying samuchair/testArduinoNode.py -> /home/labserver/ros2_ws/build/samuchair/build/lib/samuchair
[3.873s] copying samuchair/__init__.py -> /home/labserver/ros2_ws/build/samuchair/build/lib/samuchair
[3.873s] copying samuchair/SecondaryTask.py -> /home/labserver/ros2_ws/build/samuchair/build/lib/samuchair
[3.875s] copying samuchair/ComESP32.py -> /home/labserver/ros2_ws/build/samuchair/build/lib/samuchair
[3.878s] running install
[3.881s] /home/labserver/.local/lib/python3.10/site-packages/setuptools/_distutils/cmd.py:66: SetuptoolsDeprecationWarning: setup.py install is deprecated.
[3.882s] !!
[3.882s] 
[3.882s]         ********************************************************************************
[3.882s]         Please avoid running ``setup.py`` directly.
[3.882s]         Instead, use pypa/build, pypa/installer or other
[3.882s]         standards-based tools.
[3.883s] 
[3.883s]         See https://blog.ganssle.io/articles/2021/10/setup-py-deprecated.html for details.
[3.883s]         ********************************************************************************
[3.883s] 
[3.883s] !!
[3.883s]   self.initialize_options()
[3.890s] running install_lib
[3.918s] copying /home/labserver/ros2_ws/build/samuchair/build/lib/samuchair/tactilesNode.py -> /home/labserver/ros2_ws/install/samuchair/lib/python3.10/site-packages/samuchair
[3.920s] byte-compiling /home/labserver/ros2_ws/install/samuchair/lib/python3.10/site-packages/samuchair/tactilesNode.py to tactilesNode.cpython-310.pyc
[3.925s] running install_data
[3.954s] copying launch/record_samuchair.launch.py -> /home/labserver/ros2_ws/install/samuchair/share/samuchair/launch
[3.954s] copying launch/samuchair.launch.py -> /home/labserver/ros2_ws/install/samuchair/share/samuchair/launch
[3.954s] copying resource/samuchair -> /home/labserver/ros2_ws/install/samuchair/share/ament_index/resource_index/packages
[3.954s] copying package.xml -> /home/labserver/ros2_ws/install/samuchair/share/samuchair
[3.954s] running install_egg_info
[3.984s] removing '/home/labserver/ros2_ws/install/samuchair/lib/python3.10/site-packages/samuchair-0.0.0-py3.10.egg-info' (and everything under it)
[3.986s] Copying ../../build/samuchair/samuchair.egg-info to /home/labserver/ros2_ws/install/samuchair/lib/python3.10/site-packages/samuchair-0.0.0-py3.10.egg-info
[3.987s] running install_scripts
[4.068s] Installing arduinoNode script to /home/labserver/ros2_ws/install/samuchair/lib/samuchair
[4.070s] Installing esp32Node script to /home/labserver/ros2_ws/install/samuchair/lib/samuchair
[4.070s] Installing movilNode script to /home/labserver/ros2_ws/install/samuchair/lib/samuchair
[4.071s] Installing secondarytaskNode script to /home/labserver/ros2_ws/install/samuchair/lib/samuchair
[4.071s] Installing tactilesNode script to /home/labserver/ros2_ws/install/samuchair/lib/samuchair
[4.072s] Installing testArduinoNode script to /home/labserver/ros2_ws/install/samuchair/lib/samuchair
[4.073s] Installing webcamNode script to /home/labserver/ros2_ws/install/samuchair/lib/samuchair
[4.075s] writing list of installed files to '/home/labserver/ros2_ws/build/samuchair/install.log'
[4.150s] Invoked command in '/home/labserver/ros2_ws/src/samuchair' returned '0': PYTHONPATH=/home/labserver/ros2_ws/build/samuchair/prefix_override:/home/labserver/ros2_ws/install/samuchair/lib/python3.10/site-packages:${PYTHONPATH} /usr/bin/python3 setup.py egg_info --egg-base ../../build/samuchair build --build-base /home/labserver/ros2_ws/build/samuchair/build install --record /home/labserver/ros2_ws/build/samuchair/install.log --single-version-externally-managed
