[8.524s] Invoking command in '/home/labserver/ros2_ws/src/samuchair': PYTHONPATH=/home/labserver/ros2_ws/build/samuchair/prefix_override:/home/labserver/ros2_ws/install/samuchair/lib/python3.10/site-packages:${PYTHONPATH} /usr/bin/python3 setup.py egg_info --egg-base ../../build/samuchair build --build-base /home/labserver/ros2_ws/build/samuchair/build install --record /home/labserver/ros2_ws/build/samuchair/install.log --single-version-externally-managed
[10.120s] running egg_info
[10.209s] writing ../../build/samuchair/samuchair.egg-info/PKG-INFO
[10.211s] writing dependency_links to ../../build/samuchair/samuchair.egg-info/dependency_links.txt
[10.215s] writing entry points to ../../build/samuchair/samuchair.egg-info/entry_points.txt
[10.215s] writing requirements to ../../build/samuchair/samuchair.egg-info/requires.txt
[10.222s] writing top-level names to ../../build/samuchair/samuchair.egg-info/top_level.txt
[11.326s] reading manifest file '../../build/samuchair/samuchair.egg-info/SOURCES.txt'
[11.326s] writing manifest file '../../build/samuchair/samuchair.egg-info/SOURCES.txt'
[11.330s] running build
[11.331s] running build_py
[11.331s] copying samuchair/arduinoNode.py -> /home/labserver/ros2_ws/build/samuchair/build/lib/samuchair
[11.337s] copying samuchair/joystickBluetoothNode.py -> /home/labserver/ros2_ws/build/samuchair/build/lib/samuchair
[11.338s] copying samuchair/movilNode.py -> /home/labserver/ros2_ws/build/samuchair/build/lib/samuchair
[11.349s] copying samuchair/webcamNode.py -> /home/labserver/ros2_ws/build/samuchair/build/lib/samuchair
[11.350s] copying samuchair/tactilesNode.py -> /home/labserver/ros2_ws/build/samuchair/build/lib/samuchair
[11.351s] copying samuchair/secondarytaskNode.py -> /home/labserver/ros2_ws/build/samuchair/build/lib/samuchair
[11.352s] copying samuchair/ComJoystickManual.py -> /home/labserver/ros2_ws/build/samuchair/build/lib/samuchair
[11.354s] copying samuchair/Webcam.py -> /home/labserver/ros2_ws/build/samuchair/build/lib/samuchair
[11.355s] copying samuchair/esp32Node.py -> /home/labserver/ros2_ws/build/samuchair/build/lib/samuchair
[11.355s] copying samuchair/jBNode.py -> /home/labserver/ros2_ws/build/samuchair/build/lib/samuchair
[11.355s] copying samuchair/esp32Node_old.py -> /home/labserver/ros2_ws/build/samuchair/build/lib/samuchair
[11.355s] copying samuchair/testArduinoNode.py -> /home/labserver/ros2_ws/build/samuchair/build/lib/samuchair
[11.360s] copying samuchair/__init__.py -> /home/labserver/ros2_ws/build/samuchair/build/lib/samuchair
[11.360s] copying samuchair/SecondaryTask.py -> /home/labserver/ros2_ws/build/samuchair/build/lib/samuchair
[11.360s] copying samuchair/ComESP32.py -> /home/labserver/ros2_ws/build/samuchair/build/lib/samuchair
[11.360s] copying samuchair/mapJoyFingerChair.py -> /home/labserver/ros2_ws/build/samuchair/build/lib/samuchair
[11.364s] running install
[11.364s] /home/labserver/.local/lib/python3.10/site-packages/setuptools/_distutils/cmd.py:66: SetuptoolsDeprecationWarning: setup.py install is deprecated.
[11.364s] !!
[11.364s] 
[11.364s]         ********************************************************************************
[11.364s]         Please avoid running ``setup.py`` directly.
[11.364s]         Instead, use pypa/build, pypa/installer or other
[11.364s]         standards-based tools.
[11.365s] 
[11.365s]         See https://blog.ganssle.io/articles/2021/10/setup-py-deprecated.html for details.
[11.365s]         ********************************************************************************
[11.365s] 
[11.370s] !!
[11.370s]   self.initialize_options()
[11.393s] running install_lib
[11.701s] copying /home/labserver/ros2_ws/build/samuchair/build/lib/samuchair/ComESP32.py -> /home/labserver/ros2_ws/install/samuchair/lib/python3.10/site-packages/samuchair
[11.710s] byte-compiling /home/labserver/ros2_ws/install/samuchair/lib/python3.10/site-packages/samuchair/ComESP32.py to ComESP32.cpython-310.pyc
[11.753s] running install_data
[11.886s] copying launch/record_samuchair.launch.py -> /home/labserver/ros2_ws/install/samuchair/share/samuchair/launch
[11.890s] copying launch/samuchair.launch.py -> /home/labserver/ros2_ws/install/samuchair/share/samuchair/launch
[11.896s] copying resource/samuchair -> /home/labserver/ros2_ws/install/samuchair/share/ament_index/resource_index/packages
[11.896s] copying package.xml -> /home/labserver/ros2_ws/install/samuchair/share/samuchair
[11.896s] running install_egg_info
[11.980s] removing '/home/labserver/ros2_ws/install/samuchair/lib/python3.10/site-packages/samuchair-0.0.0-py3.10.egg-info' (and everything under it)
[11.983s] Copying ../../build/samuchair/samuchair.egg-info to /home/labserver/ros2_ws/install/samuchair/lib/python3.10/site-packages/samuchair-0.0.0-py3.10.egg-info
[11.989s] running install_scripts
[12.231s] Installing arduinoNode script to /home/labserver/ros2_ws/install/samuchair/lib/samuchair
[12.233s] Installing esp32Node script to /home/labserver/ros2_ws/install/samuchair/lib/samuchair
[12.238s] Installing jBNode script to /home/labserver/ros2_ws/install/samuchair/lib/samuchair
[12.241s] Installing movilNode script to /home/labserver/ros2_ws/install/samuchair/lib/samuchair
[12.241s] Installing secondarytaskNode script to /home/labserver/ros2_ws/install/samuchair/lib/samuchair
[12.246s] Installing tactilesNode script to /home/labserver/ros2_ws/install/samuchair/lib/samuchair
[12.250s] Installing testArduinoNode script to /home/labserver/ros2_ws/install/samuchair/lib/samuchair
[12.250s] Installing webcamNode script to /home/labserver/ros2_ws/install/samuchair/lib/samuchair
[12.252s] writing list of installed files to '/home/labserver/ros2_ws/build/samuchair/install.log'
[12.417s] Invoked command in '/home/labserver/ros2_ws/src/samuchair' returned '0': PYTHONPATH=/home/labserver/ros2_ws/build/samuchair/prefix_override:/home/labserver/ros2_ws/install/samuchair/lib/python3.10/site-packages:${PYTHONPATH} /usr/bin/python3 setup.py egg_info --egg-base ../../build/samuchair build --build-base /home/labserver/ros2_ws/build/samuchair/build install --record /home/labserver/ros2_ws/build/samuchair/install.log --single-version-externally-managed
