[2.588s] Invoking command in '/home/labserver/ros2_ws/src/samuchair': PYTHONPATH=/home/labserver/ros2_ws/build/samuchair/prefix_override:/home/labserver/ros2_ws/install/samuchair/lib/python3.10/site-packages:${PYTHONPATH} /usr/bin/python3 setup.py egg_info --egg-base ../../build/samuchair build --build-base /home/labserver/ros2_ws/build/samuchair/build install --record /home/labserver/ros2_ws/build/samuchair/install.log --single-version-externally-managed
[3.176s] running egg_info
[3.206s] writing ../../build/samuchair/samuchair.egg-info/PKG-INFO
[3.209s] writing dependency_links to ../../build/samuchair/samuchair.egg-info/dependency_links.txt
[3.210s] writing entry points to ../../build/samuchair/samuchair.egg-info/entry_points.txt
[3.213s] writing requirements to ../../build/samuchair/samuchair.egg-info/requires.txt
[3.214s] writing top-level names to ../../build/samuchair/samuchair.egg-info/top_level.txt
[3.658s] reading manifest file '../../build/samuchair/samuchair.egg-info/SOURCES.txt'
[3.660s] writing manifest file '../../build/samuchair/samuchair.egg-info/SOURCES.txt'
[3.667s] running build
[3.678s] running build_py
[3.678s] copying samuchair/arduinoNode.py -> /home/labserver/ros2_ws/build/samuchair/build/lib/samuchair
[3.678s] copying samuchair/movilNode.py -> /home/labserver/ros2_ws/build/samuchair/build/lib/samuchair
[3.678s] copying samuchair/webcamNode.py -> /home/labserver/ros2_ws/build/samuchair/build/lib/samuchair
[3.678s] copying samuchair/tactilesNode.py -> /home/labserver/ros2_ws/build/samuchair/build/lib/samuchair
[3.678s] copying samuchair/secondarytaskNode.py -> /home/labserver/ros2_ws/build/samuchair/build/lib/samuchair
[3.678s] copying samuchair/ComJoystickManual.py -> /home/labserver/ros2_ws/build/samuchair/build/lib/samuchair
[3.678s] copying samuchair/Webcam.py -> /home/labserver/ros2_ws/build/samuchair/build/lib/samuchair
[3.679s] copying samuchair/esp32Node.py -> /home/labserver/ros2_ws/build/samuchair/build/lib/samuchair
[3.679s] copying samuchair/esp32Node_old.py -> /home/labserver/ros2_ws/build/samuchair/build/lib/samuchair
[3.679s] copying samuchair/testArduinoNode.py -> /home/labserver/ros2_ws/build/samuchair/build/lib/samuchair
[3.679s] copying samuchair/__init__.py -> /home/labserver/ros2_ws/build/samuchair/build/lib/samuchair
[3.679s] copying samuchair/SecondaryTask.py -> /home/labserver/ros2_ws/build/samuchair/build/lib/samuchair
[3.679s] copying samuchair/ComESP32.py -> /home/labserver/ros2_ws/build/samuchair/build/lib/samuchair
[3.679s] running install
[3.679s] /home/labserver/.local/lib/python3.10/site-packages/setuptools/_distutils/cmd.py:66: SetuptoolsDeprecationWarning: setup.py install is deprecated.
[3.685s] !!
[3.685s] 
[3.685s]         ********************************************************************************
[3.691s]         Please avoid running ``setup.py`` directly.
[3.691s]         Instead, use pypa/build, pypa/installer or other
[3.692s]         standards-based tools.
[3.692s] 
[3.692s]         See https://blog.ganssle.io/articles/2021/10/setup-py-deprecated.html for details.
[3.692s]         ********************************************************************************
[3.692s] 
[3.692s] !!
[3.692s]   self.initialize_options()
[3.692s] running install_lib
[3.747s] copying /home/labserver/ros2_ws/build/samuchair/build/lib/samuchair/tactilesNode.py -> /home/labserver/ros2_ws/install/samuchair/lib/python3.10/site-packages/samuchair
[3.747s] byte-compiling /home/labserver/ros2_ws/install/samuchair/lib/python3.10/site-packages/samuchair/tactilesNode.py to tactilesNode.cpython-310.pyc
[3.756s] running install_data
[3.816s] copying launch/record_samuchair.launch.py -> /home/labserver/ros2_ws/install/samuchair/share/samuchair/launch
[3.818s] copying launch/samuchair.launch.py -> /home/labserver/ros2_ws/install/samuchair/share/samuchair/launch
[3.818s] copying resource/samuchair -> /home/labserver/ros2_ws/install/samuchair/share/ament_index/resource_index/packages
[3.822s] copying package.xml -> /home/labserver/ros2_ws/install/samuchair/share/samuchair
[3.822s] running install_egg_info
[3.885s] removing '/home/labserver/ros2_ws/install/samuchair/lib/python3.10/site-packages/samuchair-0.0.0-py3.10.egg-info' (and everything under it)
[3.885s] Copying ../../build/samuchair/samuchair.egg-info to /home/labserver/ros2_ws/install/samuchair/lib/python3.10/site-packages/samuchair-0.0.0-py3.10.egg-info
[3.885s] running install_scripts
[3.993s] Installing arduinoNode script to /home/labserver/ros2_ws/install/samuchair/lib/samuchair
[3.994s] Installing esp32Node script to /home/labserver/ros2_ws/install/samuchair/lib/samuchair
[3.996s] Installing movilNode script to /home/labserver/ros2_ws/install/samuchair/lib/samuchair
[3.998s] Installing secondarytaskNode script to /home/labserver/ros2_ws/install/samuchair/lib/samuchair
[3.998s] Installing tactilesNode script to /home/labserver/ros2_ws/install/samuchair/lib/samuchair
[3.999s] Installing testArduinoNode script to /home/labserver/ros2_ws/install/samuchair/lib/samuchair
[4.001s] Installing webcamNode script to /home/labserver/ros2_ws/install/samuchair/lib/samuchair
[4.001s] writing list of installed files to '/home/labserver/ros2_ws/build/samuchair/install.log'
[4.073s] Invoked command in '/home/labserver/ros2_ws/src/samuchair' returned '0': PYTHONPATH=/home/labserver/ros2_ws/build/samuchair/prefix_override:/home/labserver/ros2_ws/install/samuchair/lib/python3.10/site-packages:${PYTHONPATH} /usr/bin/python3 setup.py egg_info --egg-base ../../build/samuchair build --build-base /home/labserver/ros2_ws/build/samuchair/build install --record /home/labserver/ros2_ws/build/samuchair/install.log --single-version-externally-managed
