[1.892s] Invoking command in '/home/labserver/ros2_ws/src/my_robot_controller': PYTHONPATH=/home/labserver/ros2_ws/build/my_robot_controller/prefix_override:/home/labserver/ros2_ws/install/my_robot_controller/lib/python3.10/site-packages:${PYTHONPATH} /usr/bin/python3 setup.py egg_info --egg-base ../../build/my_robot_controller build --build-base /home/labserver/ros2_ws/build/my_robot_controller/build install --record /home/labserver/ros2_ws/build/my_robot_controller/install.log --single-version-externally-managed
[2.195s] running egg_info
[2.208s] writing ../../build/my_robot_controller/my_robot_controller.egg-info/PKG-INFO
[2.212s] writing dependency_links to ../../build/my_robot_controller/my_robot_controller.egg-info/dependency_links.txt
[2.213s] writing entry points to ../../build/my_robot_controller/my_robot_controller.egg-info/entry_points.txt
[2.214s] writing requirements to ../../build/my_robot_controller/my_robot_controller.egg-info/requires.txt
[2.216s] writing top-level names to ../../build/my_robot_controller/my_robot_controller.egg-info/top_level.txt
[2.445s] reading manifest file '../../build/my_robot_controller/my_robot_controller.egg-info/SOURCES.txt'
[2.447s] writing manifest file '../../build/my_robot_controller/my_robot_controller.egg-info/SOURCES.txt'
[2.448s] running build
[2.448s] running build_py
[2.449s] copying my_robot_controller/my_first_node.py -> /home/labserver/ros2_ws/build/my_robot_controller/build/lib/my_robot_controller
[2.451s] copying my_robot_controller/__init__.py -> /home/labserver/ros2_ws/build/my_robot_controller/build/lib/my_robot_controller
[2.452s] /home/labserver/.local/lib/python3.10/site-packages/setuptools/_distutils/cmd.py:66: SetuptoolsDeprecationWarning: setup.py install is deprecated.
[2.452s] !!
[2.452s] 
[2.452s]         ********************************************************************************
[2.452s]         Please avoid running ``setup.py`` directly.
[2.452s]         Instead, use pypa/build, pypa/installer or other
[2.452s]         standards-based tools.
[2.452s] 
[2.452s]         See https://blog.ganssle.io/articles/2021/10/setup-py-deprecated.html for details.
[2.452s]         ********************************************************************************
[2.452s] 
[2.452s] !!
[2.452s]   self.initialize_options()
[2.452s] running install
[2.461s] running install_lib
[2.498s] running install_data
[2.524s] copying resource/my_robot_controller -> /home/labserver/ros2_ws/install/my_robot_controller/share/ament_index/resource_index/packages
[2.525s] copying package.xml -> /home/labserver/ros2_ws/install/my_robot_controller/share/my_robot_controller
[2.526s] running install_egg_info
[2.548s] removing '/home/labserver/ros2_ws/install/my_robot_controller/lib/python3.10/site-packages/my_robot_controller-0.0.0-py3.10.egg-info' (and everything under it)
[2.550s] Copying ../../build/my_robot_controller/my_robot_controller.egg-info to /home/labserver/ros2_ws/install/my_robot_controller/lib/python3.10/site-packages/my_robot_controller-0.0.0-py3.10.egg-info
[2.553s] running install_scripts
[2.623s] Installing test_node script to /home/labserver/ros2_ws/install/my_robot_controller/lib/my_robot_controller
[2.626s] writing list of installed files to '/home/labserver/ros2_ws/build/my_robot_controller/install.log'
[2.721s] Invoked command in '/home/labserver/ros2_ws/src/my_robot_controller' returned '0': PYTHONPATH=/home/labserver/ros2_ws/build/my_robot_controller/prefix_override:/home/labserver/ros2_ws/install/my_robot_controller/lib/python3.10/site-packages:${PYTHONPATH} /usr/bin/python3 setup.py egg_info --egg-base ../../build/my_robot_controller build --build-base /home/labserver/ros2_ws/build/my_robot_controller/build install --record /home/labserver/ros2_ws/build/my_robot_controller/install.log --single-version-externally-managed
