[0.945s] Invoking command in '/home/labserver/ros2_ws/src/prueba': PYTHONPATH=/home/labserver/ros2_ws/build/prueba/prefix_override:/home/labserver/ros2_ws/install/prueba/lib/python3.10/site-packages:${PYTHONPATH} /usr/bin/python3 setup.py egg_info --egg-base ../../build/prueba build --build-base /home/labserver/ros2_ws/build/prueba/build install --record /home/labserver/ros2_ws/build/prueba/install.log --single-version-externally-managed
[1.159s] running egg_info
[1.173s] writing ../../build/prueba/prueba.egg-info/PKG-INFO
[1.174s] writing dependency_links to ../../build/prueba/prueba.egg-info/dependency_links.txt
[1.175s] writing entry points to ../../build/prueba/prueba.egg-info/entry_points.txt
[1.176s] writing requirements to ../../build/prueba/prueba.egg-info/requires.txt
[1.177s] writing top-level names to ../../build/prueba/prueba.egg-info/top_level.txt
[1.204s] reading manifest file '../../build/prueba/prueba.egg-info/SOURCES.txt'
[1.205s] writing manifest file '../../build/prueba/prueba.egg-info/SOURCES.txt'
[1.206s] running build
[1.206s] running build_py
[1.206s] copying prueba/prueba.py -> /home/labserver/ros2_ws/build/prueba/build/lib/prueba
[1.207s] copying prueba/__init__.py -> /home/labserver/ros2_ws/build/prueba/build/lib/prueba
[1.207s] running install
[1.208s] /home/labserver/.local/lib/python3.10/site-packages/setuptools/_distutils/cmd.py:66: SetuptoolsDeprecationWarning: setup.py install is deprecated.
[1.208s] !!
[1.208s] 
[1.208s]         ********************************************************************************
[1.208s]         Please avoid running ``setup.py`` directly.
[1.208s]         Instead, use pypa/build, pypa/installer or other
[1.208s]         standards-based tools.
[1.208s] 
[1.209s]         See https://blog.ganssle.io/articles/2021/10/setup-py-deprecated.html for details.
[1.209s]         ********************************************************************************
[1.209s] 
[1.209s] !!
[1.209s]   self.initialize_options()
[1.213s] running install_lib
[1.228s] byte-compiling /home/labserver/ros2_ws/install/prueba/lib/python3.10/site-packages/prueba/prueba.py to prueba.cpython-310.pyc
[1.228s]   File "/home/labserver/ros2_ws/install/prueba/lib/python3.10/site-packages/prueba/prueba.py", line 10
[1.228s]     		super().__init()__('minimal_publisher')
[1.228s]     		                ^^
[1.228s] SyntaxError: invalid syntax
[1.228s] 
[1.229s] running install_data
[1.243s] copying resource/prueba -> /home/labserver/ros2_ws/install/prueba/share/ament_index/resource_index/packages
[1.243s] copying package.xml -> /home/labserver/ros2_ws/install/prueba/share/prueba
[1.243s] running install_egg_info
[1.261s] removing '/home/labserver/ros2_ws/install/prueba/lib/python3.10/site-packages/prueba-0.0.0-py3.10.egg-info' (and everything under it)
[1.261s] Copying ../../build/prueba/prueba.egg-info to /home/labserver/ros2_ws/install/prueba/lib/python3.10/site-packages/prueba-0.0.0-py3.10.egg-info
[1.262s] running install_scripts
[1.399s] Installing talker script to /home/labserver/ros2_ws/install/prueba/lib/prueba
[1.400s] writing list of installed files to '/home/labserver/ros2_ws/build/prueba/install.log'
[1.445s] Invoked command in '/home/labserver/ros2_ws/src/prueba' returned '0': PYTHONPATH=/home/labserver/ros2_ws/build/prueba/prefix_override:/home/labserver/ros2_ws/install/prueba/lib/python3.10/site-packages:${PYTHONPATH} /usr/bin/python3 setup.py egg_info --egg-base ../../build/prueba build --build-base /home/labserver/ros2_ws/build/prueba/build install --record /home/labserver/ros2_ws/build/prueba/install.log --single-version-externally-managed
