[2.721s] Invoking command in '/home/labserver/ros2_ws/src/samuchair': PYTHONPATH=/home/labserver/ros2_ws/build/samuchair/prefix_override:/home/labserver/ros2_ws/install/samuchair/lib/python3.10/site-packages:${PYTHONPATH} /usr/bin/python3 setup.py egg_info --egg-base ../../build/samuchair build --build-base /home/labserver/ros2_ws/build/samuchair/build install --record /home/labserver/ros2_ws/build/samuchair/install.log --single-version-externally-managed
[3.335s] running egg_info
[3.379s] writing ../../build/samuchair/samuchair.egg-info/PKG-INFO
[3.384s] writing dependency_links to ../../build/samuchair/samuchair.egg-info/dependency_links.txt
[3.384s] writing entry points to ../../build/samuchair/samuchair.egg-info/entry_points.txt
[3.388s] writing requirements to ../../build/samuchair/samuchair.egg-info/requires.txt
[3.393s] writing top-level names to ../../build/samuchair/samuchair.egg-info/top_level.txt
[3.668s] reading manifest file '../../build/samuchair/samuchair.egg-info/SOURCES.txt'
[3.668s] writing manifest file '../../build/samuchair/samuchair.egg-info/SOURCES.txt'
[3.669s] running build
[3.669s] running build_py
[3.671s] copying samuchair/arduinoNode.py -> /home/labserver/ros2_ws/build/samuchair/build/lib/samuchair
[3.672s] copying samuchair/webcamNode.py -> /home/labserver/ros2_ws/build/samuchair/build/lib/samuchair
[3.673s] copying samuchair/secondarytaskNode.py -> /home/labserver/ros2_ws/build/samuchair/build/lib/samuchair
[3.680s] copying samuchair/ComJoystickManual.py -> /home/labserver/ros2_ws/build/samuchair/build/lib/samuchair
[3.680s] copying samuchair/Webcam.py -> /home/labserver/ros2_ws/build/samuchair/build/lib/samuchair
[3.680s] copying samuchair/esp32Node.py -> /home/labserver/ros2_ws/build/samuchair/build/lib/samuchair
[3.680s] copying samuchair/esp32Node_old.py -> /home/labserver/ros2_ws/build/samuchair/build/lib/samuchair
[3.680s] copying samuchair/testArduinoNode.py -> /home/labserver/ros2_ws/build/samuchair/build/lib/samuchair
[3.687s] /home/labserver/.local/lib/python3.10/site-packages/setuptools/_distutils/cmd.py:66: SetuptoolsDeprecationWarning: setup.py install is deprecated.
[3.688s] !!
[3.688s] 
[3.688s]         ********************************************************************************
[3.688s]         Please avoid running ``setup.py`` directly.
[3.688s]         Instead, use pypa/build, pypa/installer or other
[3.688s]         standards-based tools.
[3.688s] 
[3.688s]         See https://blog.ganssle.io/articles/2021/10/setup-py-deprecated.html for details.
[3.688s]         ********************************************************************************
[3.688s] 
[3.688s] !!
[3.688s]   self.initialize_options()
[3.692s] copying samuchair/__init__.py -> /home/labserver/ros2_ws/build/samuchair/build/lib/samuchair
[3.692s] copying samuchair/SecondaryTask.py -> /home/labserver/ros2_ws/build/samuchair/build/lib/samuchair
[3.692s] copying samuchair/ComESP32.py -> /home/labserver/ros2_ws/build/samuchair/build/lib/samuchair
[3.692s] running install
[3.715s] running install_lib
[3.755s] copying /home/labserver/ros2_ws/build/samuchair/build/lib/samuchair/webcamNode.py -> /home/labserver/ros2_ws/install/samuchair/lib/python3.10/site-packages/samuchair
[3.756s] copying /home/labserver/ros2_ws/build/samuchair/build/lib/samuchair/Webcam.py -> /home/labserver/ros2_ws/install/samuchair/lib/python3.10/site-packages/samuchair
[3.757s] byte-compiling /home/labserver/ros2_ws/install/samuchair/lib/python3.10/site-packages/samuchair/webcamNode.py to webcamNode.cpython-310.pyc
[3.760s] byte-compiling /home/labserver/ros2_ws/install/samuchair/lib/python3.10/site-packages/samuchair/Webcam.py to Webcam.cpython-310.pyc
[3.763s] running install_data
[3.806s] copying launch/samuchair.launch.py -> /home/labserver/ros2_ws/install/samuchair/share/samuchair/launch
[3.813s] copying resource/samuchair -> /home/labserver/ros2_ws/install/samuchair/share/ament_index/resource_index/packages
[3.815s] copying package.xml -> /home/labserver/ros2_ws/install/samuchair/share/samuchair
[3.816s] running install_egg_info
[3.853s] removing '/home/labserver/ros2_ws/install/samuchair/lib/python3.10/site-packages/samuchair-0.0.0-py3.10.egg-info' (and everything under it)
[3.857s] Copying ../../build/samuchair/samuchair.egg-info to /home/labserver/ros2_ws/install/samuchair/lib/python3.10/site-packages/samuchair-0.0.0-py3.10.egg-info
[3.862s] running install_scripts
[4.081s] Installing arduinoNode script to /home/labserver/ros2_ws/install/samuchair/lib/samuchair
[4.081s] Installing esp32Node script to /home/labserver/ros2_ws/install/samuchair/lib/samuchair
[4.085s] Installing secondarytaskNode script to /home/labserver/ros2_ws/install/samuchair/lib/samuchair
[4.086s] Installing testArduinoNode script to /home/labserver/ros2_ws/install/samuchair/lib/samuchair
[4.093s] Installing webcamNode script to /home/labserver/ros2_ws/install/samuchair/lib/samuchair
[4.093s] writing list of installed files to '/home/labserver/ros2_ws/build/samuchair/install.log'
[4.184s] Invoked command in '/home/labserver/ros2_ws/src/samuchair' returned '0': PYTHONPATH=/home/labserver/ros2_ws/build/samuchair/prefix_override:/home/labserver/ros2_ws/install/samuchair/lib/python3.10/site-packages:${PYTHONPATH} /usr/bin/python3 setup.py egg_info --egg-base ../../build/samuchair build --build-base /home/labserver/ros2_ws/build/samuchair/build install --record /home/labserver/ros2_ws/build/samuchair/install.log --single-version-externally-managed
