[2.653s] Invoking command in '/home/labserver/ros2_ws/src/samuchair': PYTHONPATH=/home/labserver/ros2_ws/build/samuchair/prefix_override:/home/labserver/ros2_ws/install/samuchair/lib/python3.10/site-packages:${PYTHONPATH} /usr/bin/python3 setup.py egg_info --egg-base ../../build/samuchair build --build-base /home/labserver/ros2_ws/build/samuchair/build install --record /home/labserver/ros2_ws/build/samuchair/install.log --single-version-externally-managed
[3.116s] running egg_info
[3.160s] writing ../../build/samuchair/samuchair.egg-info/PKG-INFO
[3.162s] writing dependency_links to ../../build/samuchair/samuchair.egg-info/dependency_links.txt
[3.164s] writing entry points to ../../build/samuchair/samuchair.egg-info/entry_points.txt
[3.166s] writing requirements to ../../build/samuchair/samuchair.egg-info/requires.txt
[3.169s] writing top-level names to ../../build/samuchair/samuchair.egg-info/top_level.txt
[3.618s] reading manifest file '../../build/samuchair/samuchair.egg-info/SOURCES.txt'
[3.618s] writing manifest file '../../build/samuchair/samuchair.egg-info/SOURCES.txt'
[3.618s] running build
[3.618s] running build_py
[3.618s] copying samuchair/arduinoNode.py -> /home/labserver/ros2_ws/build/samuchair/build/lib/samuchair
[3.618s] copying samuchair/webcamNode.py -> /home/labserver/ros2_ws/build/samuchair/build/lib/samuchair
[3.618s] copying samuchair/secondarytaskNode.py -> /home/labserver/ros2_ws/build/samuchair/build/lib/samuchair
[3.619s] copying samuchair/ComJoystickManual.py -> /home/labserver/ros2_ws/build/samuchair/build/lib/samuchair
[3.619s] copying samuchair/Webcam.py -> /home/labserver/ros2_ws/build/samuchair/build/lib/samuchair
[3.619s] copying samuchair/esp32Node.py -> /home/labserver/ros2_ws/build/samuchair/build/lib/samuchair
[3.628s] copying samuchair/esp32Node_old.py -> /home/labserver/ros2_ws/build/samuchair/build/lib/samuchair
[3.628s] copying samuchair/testArduinoNode.py -> /home/labserver/ros2_ws/build/samuchair/build/lib/samuchair
[3.628s] copying samuchair/__init__.py -> /home/labserver/ros2_ws/build/samuchair/build/lib/samuchair
[3.629s] copying samuchair/SecondaryTask.py -> /home/labserver/ros2_ws/build/samuchair/build/lib/samuchair
[3.629s] copying samuchair/ComESP32.py -> /home/labserver/ros2_ws/build/samuchair/build/lib/samuchair
[3.629s] running install
[3.629s] /home/labserver/.local/lib/python3.10/site-packages/setuptools/_distutils/cmd.py:66: SetuptoolsDeprecationWarning: setup.py install is deprecated.
[3.632s] !!
[3.632s] 
[3.633s]         ********************************************************************************
[3.633s]         Please avoid running ``setup.py`` directly.
[3.633s]         Instead, use pypa/build, pypa/installer or other
[3.633s]         standards-based tools.
[3.633s] 
[3.633s]         See https://blog.ganssle.io/articles/2021/10/setup-py-deprecated.html for details.
[3.633s]         ********************************************************************************
[3.633s] 
[3.633s] !!
[3.633s]   self.initialize_options()
[3.653s] running install_lib
[3.721s] copying /home/labserver/ros2_ws/build/samuchair/build/lib/samuchair/secondarytaskNode.py -> /home/labserver/ros2_ws/install/samuchair/lib/python3.10/site-packages/samuchair
[3.721s] byte-compiling /home/labserver/ros2_ws/install/samuchair/lib/python3.10/site-packages/samuchair/secondarytaskNode.py to secondarytaskNode.cpython-310.pyc
[3.741s] running install_data
[3.779s] copying launch/samuchair.launch.py -> /home/labserver/ros2_ws/install/samuchair/share/samuchair/launch
[3.780s] copying resource/samuchair -> /home/labserver/ros2_ws/install/samuchair/share/ament_index/resource_index/packages
[3.780s] copying package.xml -> /home/labserver/ros2_ws/install/samuchair/share/samuchair
[3.780s] running install_egg_info
[3.826s] removing '/home/labserver/ros2_ws/install/samuchair/lib/python3.10/site-packages/samuchair-0.0.0-py3.10.egg-info' (and everything under it)
[3.836s] Copying ../../build/samuchair/samuchair.egg-info to /home/labserver/ros2_ws/install/samuchair/lib/python3.10/site-packages/samuchair-0.0.0-py3.10.egg-info
[3.836s] running install_scripts
[3.965s] Installing arduinoNode script to /home/labserver/ros2_ws/install/samuchair/lib/samuchair
[3.965s] Installing esp32Node script to /home/labserver/ros2_ws/install/samuchair/lib/samuchair
[3.966s] Installing secondarytaskNode script to /home/labserver/ros2_ws/install/samuchair/lib/samuchair
[3.968s] Installing testArduinoNode script to /home/labserver/ros2_ws/install/samuchair/lib/samuchair
[3.974s] Installing webcamNode script to /home/labserver/ros2_ws/install/samuchair/lib/samuchair
[3.974s] writing list of installed files to '/home/labserver/ros2_ws/build/samuchair/install.log'
[4.051s] Invoked command in '/home/labserver/ros2_ws/src/samuchair' returned '0': PYTHONPATH=/home/labserver/ros2_ws/build/samuchair/prefix_override:/home/labserver/ros2_ws/install/samuchair/lib/python3.10/site-packages:${PYTHONPATH} /usr/bin/python3 setup.py egg_info --egg-base ../../build/samuchair build --build-base /home/labserver/ros2_ws/build/samuchair/build install --record /home/labserver/ros2_ws/build/samuchair/install.log --single-version-externally-managed
