[2.124s] Invoking command in '/home/labserver/ros2_ws/src/prueba': PYTHONPATH=/home/labserver/ros2_ws/build/prueba/prefix_override:/home/labserver/ros2_ws/install/prueba/lib/python3.10/site-packages:${PYTHONPATH} /usr/bin/python3 setup.py egg_info --egg-base ../../build/prueba build --build-base /home/labserver/ros2_ws/build/prueba/build install --record /home/labserver/ros2_ws/build/prueba/install.log --single-version-externally-managed
[2.608s] running egg_info
[2.634s] writing ../../build/prueba/prueba.egg-info/PKG-INFO
[2.635s] writing dependency_links to ../../build/prueba/prueba.egg-info/dependency_links.txt
[2.637s] writing entry points to ../../build/prueba/prueba.egg-info/entry_points.txt
[2.639s] writing requirements to ../../build/prueba/prueba.egg-info/requires.txt
[2.640s] writing top-level names to ../../build/prueba/prueba.egg-info/top_level.txt
[2.893s] reading manifest file '../../build/prueba/prueba.egg-info/SOURCES.txt'
[2.896s] writing manifest file '../../build/prueba/prueba.egg-info/SOURCES.txt'
[2.898s] running build
[2.899s] running build_py
[2.902s] copying prueba/prueba.py -> /home/labserver/ros2_ws/build/prueba/build/lib/prueba
[2.903s] copying prueba/listener.py -> /home/labserver/ros2_ws/build/prueba/build/lib/prueba
[2.906s] copying prueba/__init__.py -> /home/labserver/ros2_ws/build/prueba/build/lib/prueba
[2.907s] running install
[2.911s] /home/labserver/.local/lib/python3.10/site-packages/setuptools/_distutils/cmd.py:66: SetuptoolsDeprecationWarning: setup.py install is deprecated.
[2.911s] !!
[2.912s] 
[2.912s]         ********************************************************************************
[2.912s]         Please avoid running ``setup.py`` directly.
[2.912s]         Instead, use pypa/build, pypa/installer or other
[2.912s]         standards-based tools.
[2.912s] 
[2.912s]         See https://blog.ganssle.io/articles/2021/10/setup-py-deprecated.html for details.
[2.912s]         ********************************************************************************
[2.912s] 
[2.912s] !!
[2.912s]   self.initialize_options()
[2.921s] running install_lib
[2.958s] running install_data
[2.989s] copying resource/prueba -> /home/labserver/ros2_ws/install/prueba/share/ament_index/resource_index/packages
[2.989s] copying package.xml -> /home/labserver/ros2_ws/install/prueba/share/prueba
[2.990s] running install_egg_info
[3.020s] removing '/home/labserver/ros2_ws/install/prueba/lib/python3.10/site-packages/prueba-0.0.0-py3.10.egg-info' (and everything under it)
[3.025s] Copying ../../build/prueba/prueba.egg-info to /home/labserver/ros2_ws/install/prueba/lib/python3.10/site-packages/prueba-0.0.0-py3.10.egg-info
[3.026s] running install_scripts
[3.108s] Installing listener script to /home/labserver/ros2_ws/install/prueba/lib/prueba
[3.111s] Installing talker script to /home/labserver/ros2_ws/install/prueba/lib/prueba
[3.113s] writing list of installed files to '/home/labserver/ros2_ws/build/prueba/install.log'
[3.202s] Invoked command in '/home/labserver/ros2_ws/src/prueba' returned '0': PYTHONPATH=/home/labserver/ros2_ws/build/prueba/prefix_override:/home/labserver/ros2_ws/install/prueba/lib/python3.10/site-packages:${PYTHONPATH} /usr/bin/python3 setup.py egg_info --egg-base ../../build/prueba build --build-base /home/labserver/ros2_ws/build/prueba/build install --record /home/labserver/ros2_ws/build/prueba/install.log --single-version-externally-managed
