[2.849s] Invoking command in '/home/labserver/ros2_ws/src/samuchair': PYTHONPATH=/home/labserver/ros2_ws/build/samuchair/prefix_override:/home/labserver/ros2_ws/install/samuchair/lib/python3.10/site-packages:${PYTHONPATH} /usr/bin/python3 setup.py egg_info --egg-base ../../build/samuchair build --build-base /home/labserver/ros2_ws/build/samuchair/build install --record /home/labserver/ros2_ws/build/samuchair/install.log --single-version-externally-managed
[3.509s] running egg_info
[3.560s] writing ../../build/samuchair/samuchair.egg-info/PKG-INFO
[3.562s] writing dependency_links to ../../build/samuchair/samuchair.egg-info/dependency_links.txt
[3.562s] writing entry points to ../../build/samuchair/samuchair.egg-info/entry_points.txt
[3.571s] writing requirements to ../../build/samuchair/samuchair.egg-info/requires.txt
[3.571s] writing top-level names to ../../build/samuchair/samuchair.egg-info/top_level.txt
[3.802s] reading manifest file '../../build/samuchair/samuchair.egg-info/SOURCES.txt'
[3.802s] writing manifest file '../../build/samuchair/samuchair.egg-info/SOURCES.txt'
[3.803s] running build
[3.803s] running build_py
[3.803s] copying samuchair/arduinoNode.py -> /home/labserver/ros2_ws/build/samuchair/build/lib/samuchair
[3.803s] copying samuchair/joystickBluetoothNode.py -> /home/labserver/ros2_ws/build/samuchair/build/lib/samuchair
[3.803s] copying samuchair/movilNode.py -> /home/labserver/ros2_ws/build/samuchair/build/lib/samuchair
[3.803s] copying samuchair/webcamNode.py -> /home/labserver/ros2_ws/build/samuchair/build/lib/samuchair
[3.803s] copying samuchair/tactilesNode.py -> /home/labserver/ros2_ws/build/samuchair/build/lib/samuchair
[3.803s] copying samuchair/secondarytaskNode.py -> /home/labserver/ros2_ws/build/samuchair/build/lib/samuchair
[3.807s] copying samuchair/ComJoystickManual.py -> /home/labserver/ros2_ws/build/samuchair/build/lib/samuchair
[3.810s] copying samuchair/Webcam.py -> /home/labserver/ros2_ws/build/samuchair/build/lib/samuchair
[3.810s] copying samuchair/esp32Node.py -> /home/labserver/ros2_ws/build/samuchair/build/lib/samuchair
[3.810s] copying samuchair/jBNode.py -> /home/labserver/ros2_ws/build/samuchair/build/lib/samuchair
[3.811s] copying samuchair/esp32Node_old.py -> /home/labserver/ros2_ws/build/samuchair/build/lib/samuchair
[3.811s] copying samuchair/main.py -> /home/labserver/ros2_ws/build/samuchair/build/lib/samuchair
[3.811s] copying samuchair/testArduinoNode.py -> /home/labserver/ros2_ws/build/samuchair/build/lib/samuchair
[3.811s] copying samuchair/__init__.py -> /home/labserver/ros2_ws/build/samuchair/build/lib/samuchair
[3.811s] copying samuchair/SecondaryTask.py -> /home/labserver/ros2_ws/build/samuchair/build/lib/samuchair
[3.812s] copying samuchair/ComESP32.py -> /home/labserver/ros2_ws/build/samuchair/build/lib/samuchair
[3.812s] copying samuchair/mapJoyFingerChair.py -> /home/labserver/ros2_ws/build/samuchair/build/lib/samuchair
[3.814s] running install
[3.825s] /home/labserver/.local/lib/python3.10/site-packages/setuptools/_distutils/cmd.py:66: SetuptoolsDeprecationWarning: setup.py install is deprecated.
[3.825s] !!
[3.825s] 
[3.825s]         ********************************************************************************
[3.825s]         Please avoid running ``setup.py`` directly.
[3.825s]         Instead, use pypa/build, pypa/installer or other
[3.825s]         standards-based tools.
[3.825s] 
[3.825s]         See https://blog.ganssle.io/articles/2021/10/setup-py-deprecated.html for details.
[3.825s]         ********************************************************************************
[3.825s] 
[3.825s] !!
[3.825s]   self.initialize_options()
[3.834s] running install_lib
[3.893s] copying /home/labserver/ros2_ws/build/samuchair/build/lib/samuchair/arduinoNode.py -> /home/labserver/ros2_ws/install/samuchair/lib/python3.10/site-packages/samuchair
[3.895s] byte-compiling /home/labserver/ros2_ws/install/samuchair/lib/python3.10/site-packages/samuchair/arduinoNode.py to arduinoNode.cpython-310.pyc
[3.895s] running install_data
[3.935s] copying launch/record_samuchair.launch.py -> /home/labserver/ros2_ws/install/samuchair/share/samuchair/launch
[3.935s] copying launch/samuchair.launch.py -> /home/labserver/ros2_ws/install/samuchair/share/samuchair/launch
[3.956s] copying resource/samuchair -> /home/labserver/ros2_ws/install/samuchair/share/ament_index/resource_index/packages
[3.956s] copying package.xml -> /home/labserver/ros2_ws/install/samuchair/share/samuchair
[3.956s] running install_egg_info
[4.011s] removing '/home/labserver/ros2_ws/install/samuchair/lib/python3.10/site-packages/samuchair-0.0.0-py3.10.egg-info' (and everything under it)
[4.011s] Copying ../../build/samuchair/samuchair.egg-info to /home/labserver/ros2_ws/install/samuchair/lib/python3.10/site-packages/samuchair-0.0.0-py3.10.egg-info
[4.013s] running install_scripts
[4.146s] Installing arduinoNode script to /home/labserver/ros2_ws/install/samuchair/lib/samuchair
[4.147s] Installing esp32Node script to /home/labserver/ros2_ws/install/samuchair/lib/samuchair
[4.148s] Installing jBNode script to /home/labserver/ros2_ws/install/samuchair/lib/samuchair
[4.149s] Installing movilNode script to /home/labserver/ros2_ws/install/samuchair/lib/samuchair
[4.149s] Installing secondarytaskNode script to /home/labserver/ros2_ws/install/samuchair/lib/samuchair
[4.157s] Installing tactilesNode script to /home/labserver/ros2_ws/install/samuchair/lib/samuchair
[4.158s] Installing testArduinoNode script to /home/labserver/ros2_ws/install/samuchair/lib/samuchair
[4.158s] Installing webcamNode script to /home/labserver/ros2_ws/install/samuchair/lib/samuchair
[4.158s] writing list of installed files to '/home/labserver/ros2_ws/build/samuchair/install.log'
[4.259s] Invoked command in '/home/labserver/ros2_ws/src/samuchair' returned '0': PYTHONPATH=/home/labserver/ros2_ws/build/samuchair/prefix_override:/home/labserver/ros2_ws/install/samuchair/lib/python3.10/site-packages:${PYTHONPATH} /usr/bin/python3 setup.py egg_info --egg-base ../../build/samuchair build --build-base /home/labserver/ros2_ws/build/samuchair/build install --record /home/labserver/ros2_ws/build/samuchair/install.log --single-version-externally-managed
