[2.346s] Invoking command in '/home/labserver/ros2_ws/src/samuchair': PYTHONPATH=/home/labserver/ros2_ws/build/samuchair/prefix_override:/home/labserver/ros2_ws/install/samuchair/lib/python3.10/site-packages:${PYTHONPATH} /usr/bin/python3 setup.py egg_info --egg-base ../../build/samuchair build --build-base /home/labserver/ros2_ws/build/samuchair/build install --record /home/labserver/ros2_ws/build/samuchair/install.log --single-version-externally-managed
[2.921s] running egg_info
[2.960s] writing ../../build/samuchair/samuchair.egg-info/PKG-INFO
[2.961s] writing dependency_links to ../../build/samuchair/samuchair.egg-info/dependency_links.txt
[2.961s] writing entry points to ../../build/samuchair/samuchair.egg-info/entry_points.txt
[2.961s] writing requirements to ../../build/samuchair/samuchair.egg-info/requires.txt
[2.968s] writing top-level names to ../../build/samuchair/samuchair.egg-info/top_level.txt
[3.305s] reading manifest file '../../build/samuchair/samuchair.egg-info/SOURCES.txt'
[3.307s] writing manifest file '../../build/samuchair/samuchair.egg-info/SOURCES.txt'
[3.308s] running build
[3.311s] running build_py
[3.312s] copying samuchair/arduinoNode.py -> /home/labserver/ros2_ws/build/samuchair/build/lib/samuchair
[3.313s] copying samuchair/movilNode.py -> /home/labserver/ros2_ws/build/samuchair/build/lib/samuchair
[3.314s] copying samuchair/webcamNode.py -> /home/labserver/ros2_ws/build/samuchair/build/lib/samuchair
[3.314s] copying samuchair/tactilesNode.py -> /home/labserver/ros2_ws/build/samuchair/build/lib/samuchair
[3.314s] copying samuchair/secondarytaskNode.py -> /home/labserver/ros2_ws/build/samuchair/build/lib/samuchair
[3.315s] copying samuchair/ComJoystickManual.py -> /home/labserver/ros2_ws/build/samuchair/build/lib/samuchair
[3.315s] copying samuchair/Webcam.py -> /home/labserver/ros2_ws/build/samuchair/build/lib/samuchair
[3.316s] copying samuchair/esp32Node.py -> /home/labserver/ros2_ws/build/samuchair/build/lib/samuchair
[3.316s] copying samuchair/esp32Node_old.py -> /home/labserver/ros2_ws/build/samuchair/build/lib/samuchair
[3.316s] copying samuchair/testArduinoNode.py -> /home/labserver/ros2_ws/build/samuchair/build/lib/samuchair
[3.318s] copying samuchair/__init__.py -> /home/labserver/ros2_ws/build/samuchair/build/lib/samuchair
[3.320s] copying samuchair/SecondaryTask.py -> /home/labserver/ros2_ws/build/samuchair/build/lib/samuchair
[3.320s] copying samuchair/ComESP32.py -> /home/labserver/ros2_ws/build/samuchair/build/lib/samuchair
[3.320s] running install
[3.321s] /home/labserver/.local/lib/python3.10/site-packages/setuptools/_distutils/cmd.py:66: SetuptoolsDeprecationWarning: setup.py install is deprecated.
[3.321s] !!
[3.321s] 
[3.321s]         ********************************************************************************
[3.321s]         Please avoid running ``setup.py`` directly.
[3.322s]         Instead, use pypa/build, pypa/installer or other
[3.326s]         standards-based tools.
[3.326s] 
[3.326s]         See https://blog.ganssle.io/articles/2021/10/setup-py-deprecated.html for details.
[3.326s]         ********************************************************************************
[3.327s] 
[3.327s] !!
[3.327s]   self.initialize_options()
[3.339s] running install_lib
[3.386s] copying /home/labserver/ros2_ws/build/samuchair/build/lib/samuchair/movilNode.py -> /home/labserver/ros2_ws/install/samuchair/lib/python3.10/site-packages/samuchair
[3.390s] byte-compiling /home/labserver/ros2_ws/install/samuchair/lib/python3.10/site-packages/samuchair/movilNode.py to movilNode.cpython-310.pyc
[3.397s] running install_data
[3.450s] copying launch/record_samuchair.launch.py -> /home/labserver/ros2_ws/install/samuchair/share/samuchair/launch
[3.451s] copying launch/samuchair.launch.py -> /home/labserver/ros2_ws/install/samuchair/share/samuchair/launch
[3.453s] copying resource/samuchair -> /home/labserver/ros2_ws/install/samuchair/share/ament_index/resource_index/packages
[3.458s] copying package.xml -> /home/labserver/ros2_ws/install/samuchair/share/samuchair
[3.458s] running install_egg_info
[3.494s] removing '/home/labserver/ros2_ws/install/samuchair/lib/python3.10/site-packages/samuchair-0.0.0-py3.10.egg-info' (and everything under it)
[3.499s] Copying ../../build/samuchair/samuchair.egg-info to /home/labserver/ros2_ws/install/samuchair/lib/python3.10/site-packages/samuchair-0.0.0-py3.10.egg-info
[3.505s] running install_scripts
[3.598s] Installing arduinoNode script to /home/labserver/ros2_ws/install/samuchair/lib/samuchair
[3.598s] Installing esp32Node script to /home/labserver/ros2_ws/install/samuchair/lib/samuchair
[3.599s] Installing movilNode script to /home/labserver/ros2_ws/install/samuchair/lib/samuchair
[3.605s] Installing secondarytaskNode script to /home/labserver/ros2_ws/install/samuchair/lib/samuchair
[3.607s] Installing tactilesNode script to /home/labserver/ros2_ws/install/samuchair/lib/samuchair
[3.607s] Installing testArduinoNode script to /home/labserver/ros2_ws/install/samuchair/lib/samuchair
[3.607s] Installing webcamNode script to /home/labserver/ros2_ws/install/samuchair/lib/samuchair
[3.613s] writing list of installed files to '/home/labserver/ros2_ws/build/samuchair/install.log'
[3.759s] Invoked command in '/home/labserver/ros2_ws/src/samuchair' returned '0': PYTHONPATH=/home/labserver/ros2_ws/build/samuchair/prefix_override:/home/labserver/ros2_ws/install/samuchair/lib/python3.10/site-packages:${PYTHONPATH} /usr/bin/python3 setup.py egg_info --egg-base ../../build/samuchair build --build-base /home/labserver/ros2_ws/build/samuchair/build install --record /home/labserver/ros2_ws/build/samuchair/install.log --single-version-externally-managed
