[2.890s] Invoking command in '/home/labserver/ros2_ws/src/samuchair': PYTHONPATH=/home/labserver/ros2_ws/build/samuchair/prefix_override:/home/labserver/ros2_ws/install/samuchair/lib/python3.10/site-packages:${PYTHONPATH} /usr/bin/python3 setup.py egg_info --egg-base ../../build/samuchair build --build-base /home/labserver/ros2_ws/build/samuchair/build install --record /home/labserver/ros2_ws/build/samuchair/install.log --single-version-externally-managed
[3.446s] running egg_info
[3.482s] writing ../../build/samuchair/samuchair.egg-info/PKG-INFO
[3.482s] writing dependency_links to ../../build/samuchair/samuchair.egg-info/dependency_links.txt
[3.482s] writing entry points to ../../build/samuchair/samuchair.egg-info/entry_points.txt
[3.482s] writing requirements to ../../build/samuchair/samuchair.egg-info/requires.txt
[3.485s] writing top-level names to ../../build/samuchair/samuchair.egg-info/top_level.txt
[3.833s] reading manifest file '../../build/samuchair/samuchair.egg-info/SOURCES.txt'
[3.833s] writing manifest file '../../build/samuchair/samuchair.egg-info/SOURCES.txt'
[3.833s] running build
[3.833s] running build_py
[3.833s] copying samuchair/arduinoNode.py -> /home/labserver/ros2_ws/build/samuchair/build/lib/samuchair
[3.841s] copying samuchair/movilNode.py -> /home/labserver/ros2_ws/build/samuchair/build/lib/samuchair
[3.848s] copying samuchair/webcamNode.py -> /home/labserver/ros2_ws/build/samuchair/build/lib/samuchair
[3.849s] copying samuchair/secondarytaskNode.py -> /home/labserver/ros2_ws/build/samuchair/build/lib/samuchair
[3.849s] copying samuchair/ComJoystickManual.py -> /home/labserver/ros2_ws/build/samuchair/build/lib/samuchair
[3.849s] copying samuchair/Webcam.py -> /home/labserver/ros2_ws/build/samuchair/build/lib/samuchair
[3.849s] copying samuchair/esp32Node.py -> /home/labserver/ros2_ws/build/samuchair/build/lib/samuchair
[3.849s] copying samuchair/esp32Node_old.py -> /home/labserver/ros2_ws/build/samuchair/build/lib/samuchair
[3.849s] copying samuchair/testArduinoNode.py -> /home/labserver/ros2_ws/build/samuchair/build/lib/samuchair
[3.849s] copying samuchair/__init__.py -> /home/labserver/ros2_ws/build/samuchair/build/lib/samuchair
[3.849s] copying samuchair/SecondaryTask.py -> /home/labserver/ros2_ws/build/samuchair/build/lib/samuchair
[3.849s] copying samuchair/ComESP32.py -> /home/labserver/ros2_ws/build/samuchair/build/lib/samuchair
[3.850s] running install
[3.850s] /home/labserver/.local/lib/python3.10/site-packages/setuptools/_distutils/cmd.py:66: SetuptoolsDeprecationWarning: setup.py install is deprecated.
[3.850s] !!
[3.850s] 
[3.850s]         ********************************************************************************
[3.850s]         Please avoid running ``setup.py`` directly.
[3.850s]         Instead, use pypa/build, pypa/installer or other
[3.850s]         standards-based tools.
[3.850s] 
[3.850s]         See https://blog.ganssle.io/articles/2021/10/setup-py-deprecated.html for details.
[3.850s]         ********************************************************************************
[3.850s] 
[3.851s] !!
[3.851s]   self.initialize_options()
[3.868s] running install_lib
[3.920s] copying /home/labserver/ros2_ws/build/samuchair/build/lib/samuchair/movilNode.py -> /home/labserver/ros2_ws/install/samuchair/lib/python3.10/site-packages/samuchair
[3.929s] byte-compiling /home/labserver/ros2_ws/install/samuchair/lib/python3.10/site-packages/samuchair/movilNode.py to movilNode.cpython-310.pyc
[3.929s] running install_data
[3.971s] copying launch/record_samuchair.launch.py -> /home/labserver/ros2_ws/install/samuchair/share/samuchair/launch
[3.971s] copying launch/samuchair.launch.py -> /home/labserver/ros2_ws/install/samuchair/share/samuchair/launch
[3.971s] copying resource/samuchair -> /home/labserver/ros2_ws/install/samuchair/share/ament_index/resource_index/packages
[3.972s] copying package.xml -> /home/labserver/ros2_ws/install/samuchair/share/samuchair
[3.972s] running install_egg_info
[4.016s] removing '/home/labserver/ros2_ws/install/samuchair/lib/python3.10/site-packages/samuchair-0.0.0-py3.10.egg-info' (and everything under it)
[4.022s] Copying ../../build/samuchair/samuchair.egg-info to /home/labserver/ros2_ws/install/samuchair/lib/python3.10/site-packages/samuchair-0.0.0-py3.10.egg-info
[4.023s] running install_scripts
[4.179s] Installing arduinoNode script to /home/labserver/ros2_ws/install/samuchair/lib/samuchair
[4.184s] Installing esp32Node script to /home/labserver/ros2_ws/install/samuchair/lib/samuchair
[4.184s] Installing movilNode script to /home/labserver/ros2_ws/install/samuchair/lib/samuchair
[4.186s] Installing secondarytaskNode script to /home/labserver/ros2_ws/install/samuchair/lib/samuchair
[4.186s] Installing testArduinoNode script to /home/labserver/ros2_ws/install/samuchair/lib/samuchair
[4.187s] Installing webcamNode script to /home/labserver/ros2_ws/install/samuchair/lib/samuchair
[4.203s] writing list of installed files to '/home/labserver/ros2_ws/build/samuchair/install.log'
[4.338s] Invoked command in '/home/labserver/ros2_ws/src/samuchair' returned '0': PYTHONPATH=/home/labserver/ros2_ws/build/samuchair/prefix_override:/home/labserver/ros2_ws/install/samuchair/lib/python3.10/site-packages:${PYTHONPATH} /usr/bin/python3 setup.py egg_info --egg-base ../../build/samuchair build --build-base /home/labserver/ros2_ws/build/samuchair/build install --record /home/labserver/ros2_ws/build/samuchair/install.log --single-version-externally-managed
