[2.001s] Invoking command in '/home/labserver/ros2_ws/src/prueba': PYTHONPATH=/home/labserver/ros2_ws/build/prueba/prefix_override:/home/labserver/ros2_ws/install/prueba/lib/python3.10/site-packages:${PYTHONPATH} /usr/bin/python3 setup.py egg_info --egg-base ../../build/prueba build --build-base /home/labserver/ros2_ws/build/prueba/build install --record /home/labserver/ros2_ws/build/prueba/install.log --single-version-externally-managed
[2.328s] running egg_info
[2.347s] writing ../../build/prueba/prueba.egg-info/PKG-INFO
[2.348s] writing dependency_links to ../../build/prueba/prueba.egg-info/dependency_links.txt
[2.349s] writing entry points to ../../build/prueba/prueba.egg-info/entry_points.txt
[2.350s] writing requirements to ../../build/prueba/prueba.egg-info/requires.txt
[2.351s] writing top-level names to ../../build/prueba/prueba.egg-info/top_level.txt
[2.539s] reading manifest file '../../build/prueba/prueba.egg-info/SOURCES.txt'
[2.540s] writing manifest file '../../build/prueba/prueba.egg-info/SOURCES.txt'
[2.544s] running build
[2.544s] running build_py
[2.544s] copying prueba/prueba.py -> /home/labserver/ros2_ws/build/prueba/build/lib/prueba
[2.547s] copying prueba/listener.py -> /home/labserver/ros2_ws/build/prueba/build/lib/prueba
[2.547s] copying prueba/__init__.py -> /home/labserver/ros2_ws/build/prueba/build/lib/prueba
[2.547s] running install
[2.547s] /home/labserver/.local/lib/python3.10/site-packages/setuptools/_distutils/cmd.py:66: SetuptoolsDeprecationWarning: setup.py install is deprecated.
[2.547s] !!
[2.547s] 
[2.547s]         ********************************************************************************
[2.549s]         Please avoid running ``setup.py`` directly.
[2.550s]         Instead, use pypa/build, pypa/installer or other
[2.550s]         standards-based tools.
[2.550s] 
[2.550s]         See https://blog.ganssle.io/articles/2021/10/setup-py-deprecated.html for details.
[2.550s]         ********************************************************************************
[2.550s] 
[2.550s] !!
[2.550s]   self.initialize_options()
[2.555s] running install_lib
[2.589s] running install_data
[2.613s] copying resource/prueba -> /home/labserver/ros2_ws/install/prueba/share/ament_index/resource_index/packages
[2.614s] copying package.xml -> /home/labserver/ros2_ws/install/prueba/share/prueba
[2.614s] running install_egg_info
[2.635s] removing '/home/labserver/ros2_ws/install/prueba/lib/python3.10/site-packages/prueba-0.0.0-py3.10.egg-info' (and everything under it)
[2.640s] Copying ../../build/prueba/prueba.egg-info to /home/labserver/ros2_ws/install/prueba/lib/python3.10/site-packages/prueba-0.0.0-py3.10.egg-info
[2.641s] running install_scripts
[2.717s] Installing listener script to /home/labserver/ros2_ws/install/prueba/lib/prueba
[2.720s] Installing talker script to /home/labserver/ros2_ws/install/prueba/lib/prueba
[2.721s] writing list of installed files to '/home/labserver/ros2_ws/build/prueba/install.log'
[2.790s] Invoked command in '/home/labserver/ros2_ws/src/prueba' returned '0': PYTHONPATH=/home/labserver/ros2_ws/build/prueba/prefix_override:/home/labserver/ros2_ws/install/prueba/lib/python3.10/site-packages:${PYTHONPATH} /usr/bin/python3 setup.py egg_info --egg-base ../../build/prueba build --build-base /home/labserver/ros2_ws/build/prueba/build install --record /home/labserver/ros2_ws/build/prueba/install.log --single-version-externally-managed
