[4.673s] Invoking command in '/home/labserver/ros2_ws/src/prueba': PYTHONPATH=/home/labserver/ros2_ws/build/prueba/prefix_override:/home/labserver/ros2_ws/install/prueba/lib/python3.10/site-packages:${PYTHONPATH} /usr/bin/python3 setup.py egg_info --egg-base ../../build/prueba build --build-base /home/labserver/ros2_ws/build/prueba/build install --record /home/labserver/ros2_ws/build/prueba/install.log --single-version-externally-managed
[5.535s] running egg_info
[5.623s] writing ../../build/prueba/prueba.egg-info/PKG-INFO
[5.629s] writing dependency_links to ../../build/prueba/prueba.egg-info/dependency_links.txt
[5.634s] writing entry points to ../../build/prueba/prueba.egg-info/entry_points.txt
[5.640s] writing requirements to ../../build/prueba/prueba.egg-info/requires.txt
[5.647s] writing top-level names to ../../build/prueba/prueba.egg-info/top_level.txt
[6.276s] reading manifest file '../../build/prueba/prueba.egg-info/SOURCES.txt'
[6.283s] writing manifest file '../../build/prueba/prueba.egg-info/SOURCES.txt'
[6.286s] running build
[6.289s] running build_py
[6.292s] copying prueba/prueba.py -> /home/labserver/ros2_ws/build/prueba/build/lib/prueba
[6.293s] copying prueba/listener.py -> /home/labserver/ros2_ws/build/prueba/build/lib/prueba
[6.296s] copying prueba/__init__.py -> /home/labserver/ros2_ws/build/prueba/build/lib/prueba
[6.308s] /home/labserver/.local/lib/python3.10/site-packages/setuptools/_distutils/cmd.py:66: SetuptoolsDeprecationWarning: setup.py install is deprecated.
[6.312s] !!
[6.312s] 
[6.313s]         ********************************************************************************
[6.313s]         Please avoid running ``setup.py`` directly.
[6.313s]         Instead, use pypa/build, pypa/installer or other
[6.313s]         standards-based tools.
[6.314s] 
[6.314s]         See https://blog.ganssle.io/articles/2021/10/setup-py-deprecated.html for details.
[6.323s]         ********************************************************************************
[6.326s] 
[6.326s] !!
[6.326s]   self.initialize_options()
[6.326s] running install
[6.340s] running install_lib
[6.416s] running install_data
[6.469s] copying resource/prueba -> /home/labserver/ros2_ws/install/prueba/share/ament_index/resource_index/packages
[6.476s] copying package.xml -> /home/labserver/ros2_ws/install/prueba/share/prueba
[6.477s] running install_egg_info
[6.534s] removing '/home/labserver/ros2_ws/install/prueba/lib/python3.10/site-packages/prueba-0.0.0-py3.10.egg-info' (and everything under it)
[6.548s] Copying ../../build/prueba/prueba.egg-info to /home/labserver/ros2_ws/install/prueba/lib/python3.10/site-packages/prueba-0.0.0-py3.10.egg-info
[6.551s] running install_scripts
[6.812s] Installing listener script to /home/labserver/ros2_ws/install/prueba/lib/prueba
[6.812s] Installing talker script to /home/labserver/ros2_ws/install/prueba/lib/prueba
[6.819s] writing list of installed files to '/home/labserver/ros2_ws/build/prueba/install.log'
[7.569s] Invoked command in '/home/labserver/ros2_ws/src/prueba' returned '0': PYTHONPATH=/home/labserver/ros2_ws/build/prueba/prefix_override:/home/labserver/ros2_ws/install/prueba/lib/python3.10/site-packages:${PYTHONPATH} /usr/bin/python3 setup.py egg_info --egg-base ../../build/prueba build --build-base /home/labserver/ros2_ws/build/prueba/build install --record /home/labserver/ros2_ws/build/prueba/install.log --single-version-externally-managed
