[2.259s] Invoking command in '/home/labserver/ros2_ws/src/prueba': PYTHONPATH=/home/labserver/ros2_ws/build/prueba/prefix_override:/home/labserver/ros2_ws/install/prueba/lib/python3.10/site-packages:${PYTHONPATH} /usr/bin/python3 setup.py egg_info --egg-base ../../build/prueba build --build-base /home/labserver/ros2_ws/build/prueba/build install --record /home/labserver/ros2_ws/build/prueba/install.log --single-version-externally-managed
[2.691s] running egg_info
[2.723s] writing ../../build/prueba/prueba.egg-info/PKG-INFO
[2.726s] writing dependency_links to ../../build/prueba/prueba.egg-info/dependency_links.txt
[2.728s] writing entry points to ../../build/prueba/prueba.egg-info/entry_points.txt
[2.728s] writing requirements to ../../build/prueba/prueba.egg-info/requires.txt
[2.730s] writing top-level names to ../../build/prueba/prueba.egg-info/top_level.txt
[2.960s] reading manifest file '../../build/prueba/prueba.egg-info/SOURCES.txt'
[2.961s] writing manifest file '../../build/prueba/prueba.egg-info/SOURCES.txt'
[2.964s] running build
[2.964s] running build_py
[2.964s] copying prueba/prueba.py -> /home/labserver/ros2_ws/build/prueba/build/lib/prueba
[2.964s] copying prueba/listener.py -> /home/labserver/ros2_ws/build/prueba/build/lib/prueba
[2.964s] copying prueba/__init__.py -> /home/labserver/ros2_ws/build/prueba/build/lib/prueba
[2.964s] running install
[2.964s] /home/labserver/.local/lib/python3.10/site-packages/setuptools/_distutils/cmd.py:66: SetuptoolsDeprecationWarning: setup.py install is deprecated.
[2.964s] !!
[2.965s] 
[2.965s]         ********************************************************************************
[2.965s]         Please avoid running ``setup.py`` directly.
[2.965s]         Instead, use pypa/build, pypa/installer or other
[2.965s]         standards-based tools.
[2.967s] 
[2.967s]         See https://blog.ganssle.io/articles/2021/10/setup-py-deprecated.html for details.
[2.967s]         ********************************************************************************
[2.967s] 
[2.967s] !!
[2.967s]   self.initialize_options()
[2.975s] running install_lib
[2.995s] running install_data
[3.013s] copying resource/prueba -> /home/labserver/ros2_ws/install/prueba/share/ament_index/resource_index/packages
[3.014s] copying package.xml -> /home/labserver/ros2_ws/install/prueba/share/prueba
[3.017s] running install_egg_info
[3.036s] removing '/home/labserver/ros2_ws/install/prueba/lib/python3.10/site-packages/prueba-0.0.0-py3.10.egg-info' (and everything under it)
[3.038s] Copying ../../build/prueba/prueba.egg-info to /home/labserver/ros2_ws/install/prueba/lib/python3.10/site-packages/prueba-0.0.0-py3.10.egg-info
[3.039s] running install_scripts
[3.102s] Installing listener script to /home/labserver/ros2_ws/install/prueba/lib/prueba
[3.104s] Installing talker script to /home/labserver/ros2_ws/install/prueba/lib/prueba
[3.104s] writing list of installed files to '/home/labserver/ros2_ws/build/prueba/install.log'
[3.346s] Invoked command in '/home/labserver/ros2_ws/src/prueba' returned '0': PYTHONPATH=/home/labserver/ros2_ws/build/prueba/prefix_override:/home/labserver/ros2_ws/install/prueba/lib/python3.10/site-packages:${PYTHONPATH} /usr/bin/python3 setup.py egg_info --egg-base ../../build/prueba build --build-base /home/labserver/ros2_ws/build/prueba/build install --record /home/labserver/ros2_ws/build/prueba/install.log --single-version-externally-managed
