[1.647s] Invoking command in '/home/labserver/ros2_ws/src/prueba': PYTHONPATH=/home/labserver/ros2_ws/build/prueba/prefix_override:/home/labserver/ros2_ws/install/prueba/lib/python3.10/site-packages:${PYTHONPATH} /usr/bin/python3 setup.py egg_info --egg-base ../../build/prueba build --build-base /home/labserver/ros2_ws/build/prueba/build install --record /home/labserver/ros2_ws/build/prueba/install.log --single-version-externally-managed
[1.953s] running egg_info
[1.975s] writing ../../build/prueba/prueba.egg-info/PKG-INFO
[1.976s] writing dependency_links to ../../build/prueba/prueba.egg-info/dependency_links.txt
[1.977s] writing entry points to ../../build/prueba/prueba.egg-info/entry_points.txt
[1.979s] writing requirements to ../../build/prueba/prueba.egg-info/requires.txt
[1.981s] writing top-level names to ../../build/prueba/prueba.egg-info/top_level.txt
[2.189s] reading manifest file '../../build/prueba/prueba.egg-info/SOURCES.txt'
[2.190s] writing manifest file '../../build/prueba/prueba.egg-info/SOURCES.txt'
[2.191s] running build
[2.191s] running build_py
[2.192s] copying prueba/prueba.py -> /home/labserver/ros2_ws/build/prueba/build/lib/prueba
[2.192s] copying prueba/listener.py -> /home/labserver/ros2_ws/build/prueba/build/lib/prueba
[2.193s] copying prueba/__init__.py -> /home/labserver/ros2_ws/build/prueba/build/lib/prueba
[2.194s] running install
[2.195s] /home/labserver/.local/lib/python3.10/site-packages/setuptools/_distutils/cmd.py:66: SetuptoolsDeprecationWarning: setup.py install is deprecated.
[2.197s] !!
[2.197s] 
[2.197s]         ********************************************************************************
[2.197s]         Please avoid running ``setup.py`` directly.
[2.197s]         Instead, use pypa/build, pypa/installer or other
[2.197s]         standards-based tools.
[2.197s] 
[2.197s]         See https://blog.ganssle.io/articles/2021/10/setup-py-deprecated.html for details.
[2.197s]         ********************************************************************************
[2.198s] 
[2.198s] !!
[2.198s]   self.initialize_options()
[2.207s] running install_lib
[2.239s] running install_data
[2.269s] copying resource/prueba -> /home/labserver/ros2_ws/install/prueba/share/ament_index/resource_index/packages
[2.269s] copying package.xml -> /home/labserver/ros2_ws/install/prueba/share/prueba
[2.270s] running install_egg_info
[2.292s] removing '/home/labserver/ros2_ws/install/prueba/lib/python3.10/site-packages/prueba-0.0.0-py3.10.egg-info' (and everything under it)
[2.292s] Copying ../../build/prueba/prueba.egg-info to /home/labserver/ros2_ws/install/prueba/lib/python3.10/site-packages/prueba-0.0.0-py3.10.egg-info
[2.294s] running install_scripts
[2.355s] Installing listener script to /home/labserver/ros2_ws/install/prueba/lib/prueba
[2.355s] Installing talker script to /home/labserver/ros2_ws/install/prueba/lib/prueba
[2.356s] writing list of installed files to '/home/labserver/ros2_ws/build/prueba/install.log'
[2.407s] Invoked command in '/home/labserver/ros2_ws/src/prueba' returned '0': PYTHONPATH=/home/labserver/ros2_ws/build/prueba/prefix_override:/home/labserver/ros2_ws/install/prueba/lib/python3.10/site-packages:${PYTHONPATH} /usr/bin/python3 setup.py egg_info --egg-base ../../build/prueba build --build-base /home/labserver/ros2_ws/build/prueba/build install --record /home/labserver/ros2_ws/build/prueba/install.log --single-version-externally-managed
