[1.302s] Invoking command in '/home/labserver/ros2_ws/src/samuchair': PYTHONPATH=/home/labserver/ros2_ws/build/samuchair/prefix_override:/home/labserver/ros2_ws/install/samuchair/lib/python3.10/site-packages:${PYTHONPATH} /usr/bin/python3 setup.py egg_info --egg-base ../../build/samuchair build --build-base /home/labserver/ros2_ws/build/samuchair/build install --record /home/labserver/ros2_ws/build/samuchair/install.log --single-version-externally-managed
[1.544s] running egg_info
[1.563s] writing ../../build/samuchair/samuchair.egg-info/PKG-INFO
[1.563s] writing dependency_links to ../../build/samuchair/samuchair.egg-info/dependency_links.txt
[1.564s] writing entry points to ../../build/samuchair/samuchair.egg-info/entry_points.txt
[1.565s] writing requirements to ../../build/samuchair/samuchair.egg-info/requires.txt
[1.565s] writing top-level names to ../../build/samuchair/samuchair.egg-info/top_level.txt
[1.728s] reading manifest file '../../build/samuchair/samuchair.egg-info/SOURCES.txt'
[1.729s] writing manifest file '../../build/samuchair/samuchair.egg-info/SOURCES.txt'
[1.730s] running build
[1.730s] running build_py
[1.731s] copying samuchair/webcamNode.py -> /home/labserver/ros2_ws/build/samuchair/build/lib/samuchair
[1.732s] copying samuchair/Webcam.py -> /home/labserver/ros2_ws/build/samuchair/build/lib/samuchair
[1.732s] copying samuchair/esp32Node.py -> /home/labserver/ros2_ws/build/samuchair/build/lib/samuchair
[1.733s] copying samuchair/esp32Node_old.py -> /home/labserver/ros2_ws/build/samuchair/build/lib/samuchair
[1.733s] copying samuchair/secondarytasktNode.py -> /home/labserver/ros2_ws/build/samuchair/build/lib/samuchair
[1.734s] copying samuchair/__init__.py -> /home/labserver/ros2_ws/build/samuchair/build/lib/samuchair
[1.734s] copying samuchair/SecondaryTask.py -> /home/labserver/ros2_ws/build/samuchair/build/lib/samuchair
[1.735s] copying samuchair/ComESP32.py -> /home/labserver/ros2_ws/build/samuchair/build/lib/samuchair
[1.736s] running install
[1.736s] /home/labserver/.local/lib/python3.10/site-packages/setuptools/_distutils/cmd.py:66: SetuptoolsDeprecationWarning: setup.py install is deprecated.
[1.737s] !!
[1.737s] 
[1.737s]         ********************************************************************************
[1.737s]         Please avoid running ``setup.py`` directly.
[1.737s]         Instead, use pypa/build, pypa/installer or other
[1.737s]         standards-based tools.
[1.737s] 
[1.737s]         See https://blog.ganssle.io/articles/2021/10/setup-py-deprecated.html for details.
[1.737s]         ********************************************************************************
[1.737s] 
[1.737s] !!
[1.737s]   self.initialize_options()
[1.745s] running install_lib
[1.769s] running install_data
[1.786s] copying resource/samuchair -> /home/labserver/ros2_ws/install/samuchair/share/ament_index/resource_index/packages
[1.786s] copying package.xml -> /home/labserver/ros2_ws/install/samuchair/share/samuchair
[1.787s] running install_egg_info
[1.807s] removing '/home/labserver/ros2_ws/install/samuchair/lib/python3.10/site-packages/samuchair-0.0.0-py3.10.egg-info' (and everything under it)
[1.809s] Copying ../../build/samuchair/samuchair.egg-info to /home/labserver/ros2_ws/install/samuchair/lib/python3.10/site-packages/samuchair-0.0.0-py3.10.egg-info
[1.809s] running install_scripts
[1.867s] Installing esp32Node script to /home/labserver/ros2_ws/install/samuchair/lib/samuchair
[1.868s] Installing secondarytaskNode script to /home/labserver/ros2_ws/install/samuchair/lib/samuchair
[1.868s] Installing webcamNode script to /home/labserver/ros2_ws/install/samuchair/lib/samuchair
[1.869s] writing list of installed files to '/home/labserver/ros2_ws/build/samuchair/install.log'
[1.909s] Invoked command in '/home/labserver/ros2_ws/src/samuchair' returned '0': PYTHONPATH=/home/labserver/ros2_ws/build/samuchair/prefix_override:/home/labserver/ros2_ws/install/samuchair/lib/python3.10/site-packages:${PYTHONPATH} /usr/bin/python3 setup.py egg_info --egg-base ../../build/samuchair build --build-base /home/labserver/ros2_ws/build/samuchair/build install --record /home/labserver/ros2_ws/build/samuchair/install.log --single-version-externally-managed
