[3.078s] Invoking command in '/home/labserver/ros2_ws/src/samuchair': PYTHONPATH=/home/labserver/ros2_ws/build/samuchair/prefix_override:/home/labserver/ros2_ws/install/samuchair/lib/python3.10/site-packages:${PYTHONPATH} /usr/bin/python3 setup.py egg_info --egg-base ../../build/samuchair build --build-base /home/labserver/ros2_ws/build/samuchair/build install --record /home/labserver/ros2_ws/build/samuchair/install.log --single-version-externally-managed
[3.705s] running egg_info
[3.725s] writing ../../build/samuchair/samuchair.egg-info/PKG-INFO
[3.725s] writing dependency_links to ../../build/samuchair/samuchair.egg-info/dependency_links.txt
[3.733s] writing entry points to ../../build/samuchair/samuchair.egg-info/entry_points.txt
[3.734s] writing requirements to ../../build/samuchair/samuchair.egg-info/requires.txt
[3.734s] writing top-level names to ../../build/samuchair/samuchair.egg-info/top_level.txt
[4.243s] reading manifest file '../../build/samuchair/samuchair.egg-info/SOURCES.txt'
[4.243s] writing manifest file '../../build/samuchair/samuchair.egg-info/SOURCES.txt'
[4.243s] running build
[4.243s] running build_py
[4.246s] copying samuchair/arduinoNode.py -> /home/labserver/ros2_ws/build/samuchair/build/lib/samuchair
[4.249s] copying samuchair/movilNode.py -> /home/labserver/ros2_ws/build/samuchair/build/lib/samuchair
[4.250s] copying samuchair/webcamNode.py -> /home/labserver/ros2_ws/build/samuchair/build/lib/samuchair
[4.250s] copying samuchair/tactilesNode.py -> /home/labserver/ros2_ws/build/samuchair/build/lib/samuchair
[4.250s] copying samuchair/secondarytaskNode.py -> /home/labserver/ros2_ws/build/samuchair/build/lib/samuchair
[4.253s] copying samuchair/ComJoystickManual.py -> /home/labserver/ros2_ws/build/samuchair/build/lib/samuchair
[4.253s] copying samuchair/Webcam.py -> /home/labserver/ros2_ws/build/samuchair/build/lib/samuchair
[4.253s] copying samuchair/esp32Node.py -> /home/labserver/ros2_ws/build/samuchair/build/lib/samuchair
[4.253s] copying samuchair/esp32Node_old.py -> /home/labserver/ros2_ws/build/samuchair/build/lib/samuchair
[4.253s] copying samuchair/testArduinoNode.py -> /home/labserver/ros2_ws/build/samuchair/build/lib/samuchair
[4.255s] copying samuchair/__init__.py -> /home/labserver/ros2_ws/build/samuchair/build/lib/samuchair
[4.259s] copying samuchair/SecondaryTask.py -> /home/labserver/ros2_ws/build/samuchair/build/lib/samuchair
[4.260s] copying samuchair/ComESP32.py -> /home/labserver/ros2_ws/build/samuchair/build/lib/samuchair
[4.260s] running install
[4.264s] /home/labserver/.local/lib/python3.10/site-packages/setuptools/_distutils/cmd.py:66: SetuptoolsDeprecationWarning: setup.py install is deprecated.
[4.264s] !!
[4.264s] 
[4.264s]         ********************************************************************************
[4.264s]         Please avoid running ``setup.py`` directly.
[4.264s]         Instead, use pypa/build, pypa/installer or other
[4.264s]         standards-based tools.
[4.264s] 
[4.264s]         See https://blog.ganssle.io/articles/2021/10/setup-py-deprecated.html for details.
[4.268s]         ********************************************************************************
[4.268s] 
[4.268s] !!
[4.268s]   self.initialize_options()
[4.276s] running install_lib
[4.299s] copying /home/labserver/ros2_ws/build/samuchair/build/lib/samuchair/secondarytaskNode.py -> /home/labserver/ros2_ws/install/samuchair/lib/python3.10/site-packages/samuchair
[4.301s] byte-compiling /home/labserver/ros2_ws/install/samuchair/lib/python3.10/site-packages/samuchair/secondarytaskNode.py to secondarytaskNode.cpython-310.pyc
[4.303s] running install_data
[4.323s] copying launch/record_samuchair.launch.py -> /home/labserver/ros2_ws/install/samuchair/share/samuchair/launch
[4.324s] copying launch/samuchair.launch.py -> /home/labserver/ros2_ws/install/samuchair/share/samuchair/launch
[4.325s] copying resource/samuchair -> /home/labserver/ros2_ws/install/samuchair/share/ament_index/resource_index/packages
[4.325s] copying package.xml -> /home/labserver/ros2_ws/install/samuchair/share/samuchair
[4.327s] running install_egg_info
[4.358s] removing '/home/labserver/ros2_ws/install/samuchair/lib/python3.10/site-packages/samuchair-0.0.0-py3.10.egg-info' (and everything under it)
[4.363s] Copying ../../build/samuchair/samuchair.egg-info to /home/labserver/ros2_ws/install/samuchair/lib/python3.10/site-packages/samuchair-0.0.0-py3.10.egg-info
[4.364s] running install_scripts
[4.425s] Installing arduinoNode script to /home/labserver/ros2_ws/install/samuchair/lib/samuchair
[4.426s] Installing esp32Node script to /home/labserver/ros2_ws/install/samuchair/lib/samuchair
[4.428s] Installing movilNode script to /home/labserver/ros2_ws/install/samuchair/lib/samuchair
[4.428s] Installing secondarytaskNode script to /home/labserver/ros2_ws/install/samuchair/lib/samuchair
[4.429s] Installing tactilesNode script to /home/labserver/ros2_ws/install/samuchair/lib/samuchair
[4.430s] Installing testArduinoNode script to /home/labserver/ros2_ws/install/samuchair/lib/samuchair
[4.431s] Installing webcamNode script to /home/labserver/ros2_ws/install/samuchair/lib/samuchair
[4.433s] writing list of installed files to '/home/labserver/ros2_ws/build/samuchair/install.log'
[4.502s] Invoked command in '/home/labserver/ros2_ws/src/samuchair' returned '0': PYTHONPATH=/home/labserver/ros2_ws/build/samuchair/prefix_override:/home/labserver/ros2_ws/install/samuchair/lib/python3.10/site-packages:${PYTHONPATH} /usr/bin/python3 setup.py egg_info --egg-base ../../build/samuchair build --build-base /home/labserver/ros2_ws/build/samuchair/build install --record /home/labserver/ros2_ws/build/samuchair/install.log --single-version-externally-managed
