[1.858s] Invoking command in '/home/labserver/ros2_ws/src/prueba': PYTHONPATH=/home/labserver/ros2_ws/build/prueba/prefix_override:/home/labserver/ros2_ws/install/prueba/lib/python3.10/site-packages:${PYTHONPATH} /usr/bin/python3 setup.py egg_info --egg-base ../../build/prueba build --build-base /home/labserver/ros2_ws/build/prueba/build install --record /home/labserver/ros2_ws/build/prueba/install.log --single-version-externally-managed
[2.156s] running egg_info
[2.186s] writing ../../build/prueba/prueba.egg-info/PKG-INFO
[2.188s] writing dependency_links to ../../build/prueba/prueba.egg-info/dependency_links.txt
[2.189s] writing entry points to ../../build/prueba/prueba.egg-info/entry_points.txt
[2.189s] writing requirements to ../../build/prueba/prueba.egg-info/requires.txt
[2.189s] writing top-level names to ../../build/prueba/prueba.egg-info/top_level.txt
[2.401s] reading manifest file '../../build/prueba/prueba.egg-info/SOURCES.txt'
[2.402s] writing manifest file '../../build/prueba/prueba.egg-info/SOURCES.txt'
[2.403s] running build
[2.403s] running build_py
[2.403s] copying prueba/prueba.py -> /home/labserver/ros2_ws/build/prueba/build/lib/prueba
[2.407s] copying prueba/listener.py -> /home/labserver/ros2_ws/build/prueba/build/lib/prueba
[2.407s] copying prueba/__init__.py -> /home/labserver/ros2_ws/build/prueba/build/lib/prueba
[2.407s] running install
[2.407s] /home/labserver/.local/lib/python3.10/site-packages/setuptools/_distutils/cmd.py:66: SetuptoolsDeprecationWarning: setup.py install is deprecated.
[2.407s] !!
[2.408s] 
[2.408s]         ********************************************************************************
[2.408s]         Please avoid running ``setup.py`` directly.
[2.408s]         Instead, use pypa/build, pypa/installer or other
[2.408s]         standards-based tools.
[2.408s] 
[2.408s]         See https://blog.ganssle.io/articles/2021/10/setup-py-deprecated.html for details.
[2.408s]         ********************************************************************************
[2.408s] 
[2.408s] !!
[2.408s]   self.initialize_options()
[2.411s] running install_lib
[2.434s] running install_data
[2.455s] copying resource/prueba -> /home/labserver/ros2_ws/install/prueba/share/ament_index/resource_index/packages
[2.456s] copying package.xml -> /home/labserver/ros2_ws/install/prueba/share/prueba
[2.457s] running install_egg_info
[2.479s] removing '/home/labserver/ros2_ws/install/prueba/lib/python3.10/site-packages/prueba-0.0.0-py3.10.egg-info' (and everything under it)
[2.485s] Copying ../../build/prueba/prueba.egg-info to /home/labserver/ros2_ws/install/prueba/lib/python3.10/site-packages/prueba-0.0.0-py3.10.egg-info
[2.486s] running install_scripts
[2.538s] Installing listener script to /home/labserver/ros2_ws/install/prueba/lib/prueba
[2.539s] Installing talker script to /home/labserver/ros2_ws/install/prueba/lib/prueba
[2.540s] writing list of installed files to '/home/labserver/ros2_ws/build/prueba/install.log'
[2.598s] Invoked command in '/home/labserver/ros2_ws/src/prueba' returned '0': PYTHONPATH=/home/labserver/ros2_ws/build/prueba/prefix_override:/home/labserver/ros2_ws/install/prueba/lib/python3.10/site-packages:${PYTHONPATH} /usr/bin/python3 setup.py egg_info --egg-base ../../build/prueba build --build-base /home/labserver/ros2_ws/build/prueba/build install --record /home/labserver/ros2_ws/build/prueba/install.log --single-version-externally-managed
