[7.192s] Invoking command in '/home/labserver/ros2_ws/src/samuchair': PYTHONPATH=/home/labserver/ros2_ws/build/samuchair/prefix_override:/home/labserver/ros2_ws/install/samuchair/lib/python3.10/site-packages:${PYTHONPATH} /usr/bin/python3 setup.py egg_info --egg-base ../../build/samuchair build --build-base /home/labserver/ros2_ws/build/samuchair/build install --record /home/labserver/ros2_ws/build/samuchair/install.log --single-version-externally-managed
[9.004s] running egg_info
[9.151s] writing ../../build/samuchair/samuchair.egg-info/PKG-INFO
[9.151s] writing dependency_links to ../../build/samuchair/samuchair.egg-info/dependency_links.txt
[9.151s] writing entry points to ../../build/samuchair/samuchair.egg-info/entry_points.txt
[9.151s] writing requirements to ../../build/samuchair/samuchair.egg-info/requires.txt
[9.161s] writing top-level names to ../../build/samuchair/samuchair.egg-info/top_level.txt
[10.267s] reading manifest file '../../build/samuchair/samuchair.egg-info/SOURCES.txt'
[10.269s] writing manifest file '../../build/samuchair/samuchair.egg-info/SOURCES.txt'
[10.270s] running build
[10.272s] running build_py
[10.273s] copying samuchair/arduinoNode.py -> /home/labserver/ros2_ws/build/samuchair/build/lib/samuchair
[10.276s] copying samuchair/movilNode.py -> /home/labserver/ros2_ws/build/samuchair/build/lib/samuchair
[10.276s] copying samuchair/webcamNode.py -> /home/labserver/ros2_ws/build/samuchair/build/lib/samuchair
[10.276s] copying samuchair/secondarytaskNode.py -> /home/labserver/ros2_ws/build/samuchair/build/lib/samuchair
[10.280s] copying samuchair/ComJoystickManual.py -> /home/labserver/ros2_ws/build/samuchair/build/lib/samuchair
[10.280s] copying samuchair/Webcam.py -> /home/labserver/ros2_ws/build/samuchair/build/lib/samuchair
[10.280s] copying samuchair/esp32Node.py -> /home/labserver/ros2_ws/build/samuchair/build/lib/samuchair
[10.283s] copying samuchair/esp32Node_old.py -> /home/labserver/ros2_ws/build/samuchair/build/lib/samuchair
[10.287s] copying samuchair/testArduinoNode.py -> /home/labserver/ros2_ws/build/samuchair/build/lib/samuchair
[10.289s] copying samuchair/__init__.py -> /home/labserver/ros2_ws/build/samuchair/build/lib/samuchair
[10.289s] copying samuchair/SecondaryTask.py -> /home/labserver/ros2_ws/build/samuchair/build/lib/samuchair
[10.289s] copying samuchair/ComESP32.py -> /home/labserver/ros2_ws/build/samuchair/build/lib/samuchair
[10.294s] running install
[10.294s] /home/labserver/.local/lib/python3.10/site-packages/setuptools/_distutils/cmd.py:66: SetuptoolsDeprecationWarning: setup.py install is deprecated.
[10.294s] !!
[10.294s] 
[10.294s]         ********************************************************************************
[10.295s]         Please avoid running ``setup.py`` directly.
[10.295s]         Instead, use pypa/build, pypa/installer or other
[10.295s]         standards-based tools.
[10.295s] 
[10.295s]         See https://blog.ganssle.io/articles/2021/10/setup-py-deprecated.html for details.
[10.296s]         ********************************************************************************
[10.296s] 
[10.296s] !!
[10.296s]   self.initialize_options()
[10.326s] running install_lib
[10.383s] copying /home/labserver/ros2_ws/build/samuchair/build/lib/samuchair/secondarytaskNode.py -> /home/labserver/ros2_ws/install/samuchair/lib/python3.10/site-packages/samuchair
[10.385s] byte-compiling /home/labserver/ros2_ws/install/samuchair/lib/python3.10/site-packages/samuchair/secondarytaskNode.py to secondarytaskNode.cpython-310.pyc
[10.396s] running install_data
[10.452s] copying launch/record_samuchair.launch.py -> /home/labserver/ros2_ws/install/samuchair/share/samuchair/launch
[10.453s] copying launch/samuchair.launch.py -> /home/labserver/ros2_ws/install/samuchair/share/samuchair/launch
[10.454s] copying resource/samuchair -> /home/labserver/ros2_ws/install/samuchair/share/ament_index/resource_index/packages
[10.458s] copying package.xml -> /home/labserver/ros2_ws/install/samuchair/share/samuchair
[10.458s] running install_egg_info
[10.518s] removing '/home/labserver/ros2_ws/install/samuchair/lib/python3.10/site-packages/samuchair-0.0.0-py3.10.egg-info' (and everything under it)
[10.530s] Copying ../../build/samuchair/samuchair.egg-info to /home/labserver/ros2_ws/install/samuchair/lib/python3.10/site-packages/samuchair-0.0.0-py3.10.egg-info
[10.537s] running install_scripts
[10.821s] Installing arduinoNode script to /home/labserver/ros2_ws/install/samuchair/lib/samuchair
[10.825s] Installing esp32Node script to /home/labserver/ros2_ws/install/samuchair/lib/samuchair
[10.825s] Installing movilNode script to /home/labserver/ros2_ws/install/samuchair/lib/samuchair
[10.825s] Installing secondarytaskNode script to /home/labserver/ros2_ws/install/samuchair/lib/samuchair
[10.833s] Installing testArduinoNode script to /home/labserver/ros2_ws/install/samuchair/lib/samuchair
[10.839s] Installing webcamNode script to /home/labserver/ros2_ws/install/samuchair/lib/samuchair
[10.842s] writing list of installed files to '/home/labserver/ros2_ws/build/samuchair/install.log'
[10.998s] Invoked command in '/home/labserver/ros2_ws/src/samuchair' returned '0': PYTHONPATH=/home/labserver/ros2_ws/build/samuchair/prefix_override:/home/labserver/ros2_ws/install/samuchair/lib/python3.10/site-packages:${PYTHONPATH} /usr/bin/python3 setup.py egg_info --egg-base ../../build/samuchair build --build-base /home/labserver/ros2_ws/build/samuchair/build install --record /home/labserver/ros2_ws/build/samuchair/install.log --single-version-externally-managed
