[0.490s] Invoking command in '/home/labserver/ros2_ws/build/samuchair_interfaces': /usr/bin/cmake --build /home/labserver/ros2_ws/build/samuchair_interfaces -- -j2 -l2
[0.573s] [  9%] Built target samuchair_interfaces__rosidl_generator_c
[0.602s] [ 12%] Built target samuchair_interfaces__cpp
[0.644s] [ 12%] Built target ament_cmake_python_copy_samuchair_interfaces
[0.661s] [ 22%] Built target samuchair_interfaces__rosidl_typesupport_cpp
[0.706s] [ 32%] Built target samuchair_interfaces__rosidl_typesupport_introspection_c
[0.706s] [ 41%] Built target samuchair_interfaces__rosidl_typesupport_fastrtps_c
[0.759s] [ 51%] Built target samuchair_interfaces__rosidl_typesupport_c
[0.766s] [ 61%] Built target samuchair_interfaces__rosidl_typesupport_fastrtps_cpp
[0.876s] [ 70%] Built target samuchair_interfaces__rosidl_typesupport_introspection_cpp
[0.941s] [ 70%] Built target samuchair_interfaces
[1.019s] [ 74%] Built target samuchair_interfaces__py
[1.129s] [ 80%] Built target samuchair_interfaces__rosidl_generator_py
[1.227s] [ 87%] Built target samuchair_interfaces__rosidl_typesupport_fastrtps_c__pyext
[1.317s] running egg_info
[1.330s] [ 93%] Built target samuchair_interfaces__rosidl_typesupport_introspection_c__pyext
[1.402s] writing samuchair_interfaces.egg-info/PKG-INFO
[1.402s] writing dependency_links to samuchair_interfaces.egg-info/dependency_links.txt
[1.402s] writing top-level names to samuchair_interfaces.egg-info/top_level.txt
[1.454s] [100%] Built target samuchair_interfaces__rosidl_typesupport_c__pyext
[1.904s] reading manifest file 'samuchair_interfaces.egg-info/SOURCES.txt'
[1.904s] writing manifest file 'samuchair_interfaces.egg-info/SOURCES.txt'
[2.009s] [100%] Built target ament_cmake_python_build_samuchair_interfaces_egg
[2.068s] Invoked command in '/home/labserver/ros2_ws/build/samuchair_interfaces' returned '0': /usr/bin/cmake --build /home/labserver/ros2_ws/build/samuchair_interfaces -- -j2 -l2
[2.582s] Invoking command in '/home/labserver/ros2_ws/build/samuchair_interfaces': /usr/bin/cmake --install /home/labserver/ros2_ws/build/samuchair_interfaces
[2.615s] -- Install configuration: ""
[2.615s] -- Up-to-date: /home/labserver/ros2_ws/install/samuchair_interfaces/share/ament_index/resource_index/rosidl_interfaces/samuchair_interfaces
[2.615s] -- Up-to-date: /home/labserver/ros2_ws/install/samuchair_interfaces/include/samuchair_interfaces/samuchair_interfaces
[2.615s] -- Up-to-date: /home/labserver/ros2_ws/install/samuchair_interfaces/include/samuchair_interfaces/samuchair_interfaces/msg
[2.615s] -- Up-to-date: /home/labserver/ros2_ws/install/samuchair_interfaces/include/samuchair_interfaces/samuchair_interfaces/msg/rosidl_generator_c__visibility_control.h
[2.616s] -- Up-to-date: /home/labserver/ros2_ws/install/samuchair_interfaces/include/samuchair_interfaces/samuchair_interfaces/srv
[2.625s] -- Up-to-date: /home/labserver/ros2_ws/install/samuchair_interfaces/include/samuchair_interfaces/samuchair_interfaces/srv/arduino_motor.h
[2.625s] -- Up-to-date: /home/labserver/ros2_ws/install/samuchair_interfaces/include/samuchair_interfaces/samuchair_interfaces/srv/detail
[2.625s] -- Up-to-date: /home/labserver/ros2_ws/install/samuchair_interfaces/include/samuchair_interfaces/samuchair_interfaces/srv/detail/arduino_motor__functions.h
[2.625s] -- Up-to-date: /home/labserver/ros2_ws/install/samuchair_interfaces/include/samuchair_interfaces/samuchair_interfaces/srv/detail/arduino_motor__functions.c
[2.626s] -- Up-to-date: /home/labserver/ros2_ws/install/samuchair_interfaces/include/samuchair_interfaces/samuchair_interfaces/srv/detail/arduino_motor__struct.h
[2.626s] -- Up-to-date: /home/labserver/ros2_ws/install/samuchair_interfaces/include/samuchair_interfaces/samuchair_interfaces/srv/detail/arduino_motor__type_support.h
[2.626s] -- Up-to-date: /home/labserver/ros2_ws/install/samuchair_interfaces/share/samuchair_interfaces/environment/library_path.sh
[2.626s] -- Up-to-date: /home/labserver/ros2_ws/install/samuchair_interfaces/share/samuchair_interfaces/environment/library_path.dsv
[2.626s] -- Up-to-date: /home/labserver/ros2_ws/install/samuchair_interfaces/lib/libsamuchair_interfaces__rosidl_generator_c.so
[2.626s] -- Up-to-date: /home/labserver/ros2_ws/install/samuchair_interfaces/include/samuchair_interfaces/samuchair_interfaces
[2.626s] -- Up-to-date: /home/labserver/ros2_ws/install/samuchair_interfaces/include/samuchair_interfaces/samuchair_interfaces/msg
[2.626s] -- Up-to-date: /home/labserver/ros2_ws/install/samuchair_interfaces/include/samuchair_interfaces/samuchair_interfaces/msg/rosidl_typesupport_fastrtps_c__visibility_control.h
[2.626s] -- Up-to-date: /home/labserver/ros2_ws/install/samuchair_interfaces/include/samuchair_interfaces/samuchair_interfaces/srv
[2.626s] -- Up-to-date: /home/labserver/ros2_ws/install/samuchair_interfaces/include/samuchair_interfaces/samuchair_interfaces/srv/detail
[2.626s] -- Up-to-date: /home/labserver/ros2_ws/install/samuchair_interfaces/include/samuchair_interfaces/samuchair_interfaces/srv/detail/arduino_motor__rosidl_typesupport_fastrtps_c.h
[2.626s] -- Up-to-date: /home/labserver/ros2_ws/install/samuchair_interfaces/lib/libsamuchair_interfaces__rosidl_typesupport_fastrtps_c.so
[2.626s] -- Up-to-date: /home/labserver/ros2_ws/install/samuchair_interfaces/include/samuchair_interfaces/samuchair_interfaces
[2.626s] -- Up-to-date: /home/labserver/ros2_ws/install/samuchair_interfaces/include/samuchair_interfaces/samuchair_interfaces/msg
[2.626s] -- Up-to-date: /home/labserver/ros2_ws/install/samuchair_interfaces/include/samuchair_interfaces/samuchair_interfaces/msg/rosidl_typesupport_introspection_c__visibility_control.h
[2.626s] -- Up-to-date: /home/labserver/ros2_ws/install/samuchair_interfaces/include/samuchair_interfaces/samuchair_interfaces/srv
[2.626s] -- Up-to-date: /home/labserver/ros2_ws/install/samuchair_interfaces/include/samuchair_interfaces/samuchair_interfaces/srv/detail
[2.626s] -- Up-to-date: /home/labserver/ros2_ws/install/samuchair_interfaces/include/samuchair_interfaces/samuchair_interfaces/srv/detail/arduino_motor__type_support.c
[2.627s] -- Up-to-date: /home/labserver/ros2_ws/install/samuchair_interfaces/include/samuchair_interfaces/samuchair_interfaces/srv/detail/arduino_motor__rosidl_typesupport_introspection_c.h
[2.627s] -- Up-to-date: /home/labserver/ros2_ws/install/samuchair_interfaces/lib/libsamuchair_interfaces__rosidl_typesupport_introspection_c.so
[2.627s] -- Up-to-date: /home/labserver/ros2_ws/install/samuchair_interfaces/lib/libsamuchair_interfaces__rosidl_typesupport_c.so
[2.627s] -- Up-to-date: /home/labserver/ros2_ws/install/samuchair_interfaces/include/samuchair_interfaces/samuchair_interfaces
[2.629s] -- Up-to-date: /home/labserver/ros2_ws/install/samuchair_interfaces/include/samuchair_interfaces/samuchair_interfaces/srv
[2.629s] -- Up-to-date: /home/labserver/ros2_ws/install/samuchair_interfaces/include/samuchair_interfaces/samuchair_interfaces/srv/detail
[2.629s] -- Up-to-date: /home/labserver/ros2_ws/install/samuchair_interfaces/include/samuchair_interfaces/samuchair_interfaces/srv/detail/arduino_motor__struct.hpp
[2.629s] -- Up-to-date: /home/labserver/ros2_ws/install/samuchair_interfaces/include/samuchair_interfaces/samuchair_interfaces/srv/detail/arduino_motor__builder.hpp
[2.629s] -- Up-to-date: /home/labserver/ros2_ws/install/samuchair_interfaces/include/samuchair_interfaces/samuchair_interfaces/srv/detail/arduino_motor__traits.hpp
[2.629s] -- Up-to-date: /home/labserver/ros2_ws/install/samuchair_interfaces/include/samuchair_interfaces/samuchair_interfaces/srv/arduino_motor.hpp
[2.629s] -- Up-to-date: /home/labserver/ros2_ws/install/samuchair_interfaces/include/samuchair_interfaces/samuchair_interfaces
[2.629s] -- Up-to-date: /home/labserver/ros2_ws/install/samuchair_interfaces/include/samuchair_interfaces/samuchair_interfaces/msg
[2.629s] -- Up-to-date: /home/labserver/ros2_ws/install/samuchair_interfaces/include/samuchair_interfaces/samuchair_interfaces/msg/rosidl_typesupport_fastrtps_cpp__visibility_control.h
[2.629s] -- Up-to-date: /home/labserver/ros2_ws/install/samuchair_interfaces/include/samuchair_interfaces/samuchair_interfaces/srv
[2.629s] -- Up-to-date: /home/labserver/ros2_ws/install/samuchair_interfaces/include/samuchair_interfaces/samuchair_interfaces/srv/detail
[2.629s] -- Up-to-date: /home/labserver/ros2_ws/install/samuchair_interfaces/include/samuchair_interfaces/samuchair_interfaces/srv/detail/arduino_motor__rosidl_typesupport_fastrtps_cpp.hpp
[2.629s] -- Up-to-date: /home/labserver/ros2_ws/install/samuchair_interfaces/include/samuchair_interfaces/samuchair_interfaces/srv/detail/dds_fastrtps
[2.630s] -- Up-to-date: /home/labserver/ros2_ws/install/samuchair_interfaces/lib/libsamuchair_interfaces__rosidl_typesupport_fastrtps_cpp.so
[2.630s] -- Up-to-date: /home/labserver/ros2_ws/install/samuchair_interfaces/include/samuchair_interfaces/samuchair_interfaces
[2.630s] -- Up-to-date: /home/labserver/ros2_ws/install/samuchair_interfaces/include/samuchair_interfaces/samuchair_interfaces/srv
[2.630s] -- Up-to-date: /home/labserver/ros2_ws/install/samuchair_interfaces/include/samuchair_interfaces/samuchair_interfaces/srv/detail
[2.630s] -- Up-to-date: /home/labserver/ros2_ws/install/samuchair_interfaces/include/samuchair_interfaces/samuchair_interfaces/srv/detail/arduino_motor__rosidl_typesupport_introspection_cpp.hpp
[2.630s] -- Up-to-date: /home/labserver/ros2_ws/install/samuchair_interfaces/include/samuchair_interfaces/samuchair_interfaces/srv/detail/arduino_motor__type_support.cpp
[2.633s] -- Up-to-date: /home/labserver/ros2_ws/install/samuchair_interfaces/lib/libsamuchair_interfaces__rosidl_typesupport_introspection_cpp.so
[2.633s] -- Up-to-date: /home/labserver/ros2_ws/install/samuchair_interfaces/lib/libsamuchair_interfaces__rosidl_typesupport_cpp.so
[2.633s] -- Up-to-date: /home/labserver/ros2_ws/install/samuchair_interfaces/share/samuchair_interfaces/environment/pythonpath.sh
[2.633s] -- Up-to-date: /home/labserver/ros2_ws/install/samuchair_interfaces/share/samuchair_interfaces/environment/pythonpath.dsv
[2.633s] -- Up-to-date: /home/labserver/ros2_ws/install/samuchair_interfaces/local/lib/python3.10/dist-packages/samuchair_interfaces-0.0.0-py3.10.egg-info
[2.634s] -- Installing: /home/labserver/ros2_ws/install/samuchair_interfaces/local/lib/python3.10/dist-packages/samuchair_interfaces-0.0.0-py3.10.egg-info/top_level.txt
[2.634s] -- Installing: /home/labserver/ros2_ws/install/samuchair_interfaces/local/lib/python3.10/dist-packages/samuchair_interfaces-0.0.0-py3.10.egg-info/SOURCES.txt
[2.634s] -- Installing: /home/labserver/ros2_ws/install/samuchair_interfaces/local/lib/python3.10/dist-packages/samuchair_interfaces-0.0.0-py3.10.egg-info/dependency_links.txt
[2.634s] -- Installing: /home/labserver/ros2_ws/install/samuchair_interfaces/local/lib/python3.10/dist-packages/samuchair_interfaces-0.0.0-py3.10.egg-info/PKG-INFO
[2.634s] -- Up-to-date: /home/labserver/ros2_ws/install/samuchair_interfaces/local/lib/python3.10/dist-packages/samuchair_interfaces
[2.634s] -- Up-to-date: /home/labserver/ros2_ws/install/samuchair_interfaces/local/lib/python3.10/dist-packages/samuchair_interfaces/samuchair_interfaces_s__rosidl_typesupport_fastrtps_c.cpython-310-x86_64-linux-gnu.so
[2.634s] -- Up-to-date: /home/labserver/ros2_ws/install/samuchair_interfaces/local/lib/python3.10/dist-packages/samuchair_interfaces/samuchair_interfaces_s__rosidl_typesupport_introspection_c.cpython-310-x86_64-linux-gnu.so
[2.634s] -- Up-to-date: /home/labserver/ros2_ws/install/samuchair_interfaces/local/lib/python3.10/dist-packages/samuchair_interfaces/libsamuchair_interfaces__rosidl_generator_py.so
[2.634s] -- Up-to-date: /home/labserver/ros2_ws/install/samuchair_interfaces/local/lib/python3.10/dist-packages/samuchair_interfaces/samuchair_interfaces_s__rosidl_typesupport_c.cpython-310-x86_64-linux-gnu.so
[2.634s] -- Up-to-date: /home/labserver/ros2_ws/install/samuchair_interfaces/local/lib/python3.10/dist-packages/samuchair_interfaces/srv
[2.634s] -- Up-to-date: /home/labserver/ros2_ws/install/samuchair_interfaces/local/lib/python3.10/dist-packages/samuchair_interfaces/srv/_arduino_motor_s.c
[2.634s] -- Up-to-date: /home/labserver/ros2_ws/install/samuchair_interfaces/local/lib/python3.10/dist-packages/samuchair_interfaces/srv/__init__.py
[2.634s] -- Up-to-date: /home/labserver/ros2_ws/install/samuchair_interfaces/local/lib/python3.10/dist-packages/samuchair_interfaces/srv/_arduino_motor.py
[2.636s] -- Up-to-date: /home/labserver/ros2_ws/install/samuchair_interfaces/local/lib/python3.10/dist-packages/samuchair_interfaces/_samuchair_interfaces_s.ep.rosidl_typesupport_introspection_c.c
[2.636s] -- Up-to-date: /home/labserver/ros2_ws/install/samuchair_interfaces/local/lib/python3.10/dist-packages/samuchair_interfaces/_samuchair_interfaces_s.ep.rosidl_typesupport_fastrtps_c.c
[2.636s] -- Up-to-date: /home/labserver/ros2_ws/install/samuchair_interfaces/local/lib/python3.10/dist-packages/samuchair_interfaces/__init__.py
[2.637s] -- Up-to-date: /home/labserver/ros2_ws/install/samuchair_interfaces/local/lib/python3.10/dist-packages/samuchair_interfaces/_samuchair_interfaces_s.ep.rosidl_typesupport_c.c
[2.726s] Listing '/home/labserver/ros2_ws/install/samuchair_interfaces/local/lib/python3.10/dist-packages/samuchair_interfaces'...
[2.726s] Listing '/home/labserver/ros2_ws/install/samuchair_interfaces/local/lib/python3.10/dist-packages/samuchair_interfaces/srv'...
[2.739s] -- Up-to-date: /home/labserver/ros2_ws/install/samuchair_interfaces/local/lib/python3.10/dist-packages/samuchair_interfaces/samuchair_interfaces_s__rosidl_typesupport_fastrtps_c.cpython-310-x86_64-linux-gnu.so
[2.743s] -- Up-to-date: /home/labserver/ros2_ws/install/samuchair_interfaces/local/lib/python3.10/dist-packages/samuchair_interfaces/samuchair_interfaces_s__rosidl_typesupport_introspection_c.cpython-310-x86_64-linux-gnu.so
[2.743s] -- Up-to-date: /home/labserver/ros2_ws/install/samuchair_interfaces/local/lib/python3.10/dist-packages/samuchair_interfaces/samuchair_interfaces_s__rosidl_typesupport_c.cpython-310-x86_64-linux-gnu.so
[2.743s] -- Up-to-date: /home/labserver/ros2_ws/install/samuchair_interfaces/lib/libsamuchair_interfaces__rosidl_generator_py.so
[2.743s] -- Up-to-date: /home/labserver/ros2_ws/install/samuchair_interfaces/share/samuchair_interfaces/srv/ArduinoMotor.idl
[2.743s] -- Up-to-date: /home/labserver/ros2_ws/install/samuchair_interfaces/share/samuchair_interfaces/srv/ArduinoMotor.srv
[2.745s] -- Up-to-date: /home/labserver/ros2_ws/install/samuchair_interfaces/share/samuchair_interfaces/srv/ArduinoMotor_Request.msg
[2.746s] -- Up-to-date: /home/labserver/ros2_ws/install/samuchair_interfaces/share/samuchair_interfaces/srv/ArduinoMotor_Response.msg
[2.747s] -- Up-to-date: /home/labserver/ros2_ws/install/samuchair_interfaces/share/ament_index/resource_index/package_run_dependencies/samuchair_interfaces
[2.747s] -- Up-to-date: /home/labserver/ros2_ws/install/samuchair_interfaces/share/ament_index/resource_index/parent_prefix_path/samuchair_interfaces
[2.747s] -- Up-to-date: /home/labserver/ros2_ws/install/samuchair_interfaces/share/samuchair_interfaces/environment/ament_prefix_path.sh
[2.747s] -- Up-to-date: /home/labserver/ros2_ws/install/samuchair_interfaces/share/samuchair_interfaces/environment/ament_prefix_path.dsv
[2.747s] -- Up-to-date: /home/labserver/ros2_ws/install/samuchair_interfaces/share/samuchair_interfaces/environment/path.sh
[2.747s] -- Up-to-date: /home/labserver/ros2_ws/install/samuchair_interfaces/share/samuchair_interfaces/environment/path.dsv
[2.747s] -- Up-to-date: /home/labserver/ros2_ws/install/samuchair_interfaces/share/samuchair_interfaces/local_setup.bash
[2.747s] -- Up-to-date: /home/labserver/ros2_ws/install/samuchair_interfaces/share/samuchair_interfaces/local_setup.sh
[2.747s] -- Up-to-date: /home/labserver/ros2_ws/install/samuchair_interfaces/share/samuchair_interfaces/local_setup.zsh
[2.747s] -- Up-to-date: /home/labserver/ros2_ws/install/samuchair_interfaces/share/samuchair_interfaces/local_setup.dsv
[2.747s] -- Installing: /home/labserver/ros2_ws/install/samuchair_interfaces/share/samuchair_interfaces/package.dsv
[2.747s] -- Up-to-date: /home/labserver/ros2_ws/install/samuchair_interfaces/share/ament_index/resource_index/packages/samuchair_interfaces
[2.751s] -- Up-to-date: /home/labserver/ros2_ws/install/samuchair_interfaces/share/samuchair_interfaces/cmake/export_samuchair_interfaces__rosidl_generator_cExport.cmake
[2.751s] -- Up-to-date: /home/labserver/ros2_ws/install/samuchair_interfaces/share/samuchair_interfaces/cmake/export_samuchair_interfaces__rosidl_generator_cExport-noconfig.cmake
[2.751s] -- Up-to-date: /home/labserver/ros2_ws/install/samuchair_interfaces/share/samuchair_interfaces/cmake/export_samuchair_interfaces__rosidl_typesupport_fastrtps_cExport.cmake
[2.751s] -- Up-to-date: /home/labserver/ros2_ws/install/samuchair_interfaces/share/samuchair_interfaces/cmake/export_samuchair_interfaces__rosidl_typesupport_fastrtps_cExport-noconfig.cmake
[2.751s] -- Up-to-date: /home/labserver/ros2_ws/install/samuchair_interfaces/share/samuchair_interfaces/cmake/samuchair_interfaces__rosidl_typesupport_introspection_cExport.cmake
[2.751s] -- Up-to-date: /home/labserver/ros2_ws/install/samuchair_interfaces/share/samuchair_interfaces/cmake/samuchair_interfaces__rosidl_typesupport_introspection_cExport-noconfig.cmake
[2.751s] -- Up-to-date: /home/labserver/ros2_ws/install/samuchair_interfaces/share/samuchair_interfaces/cmake/samuchair_interfaces__rosidl_typesupport_cExport.cmake
[2.755s] -- Up-to-date: /home/labserver/ros2_ws/install/samuchair_interfaces/share/samuchair_interfaces/cmake/samuchair_interfaces__rosidl_typesupport_cExport-noconfig.cmake
[2.755s] -- Up-to-date: /home/labserver/ros2_ws/install/samuchair_interfaces/share/samuchair_interfaces/cmake/export_samuchair_interfaces__rosidl_generator_cppExport.cmake
[2.755s] -- Up-to-date: /home/labserver/ros2_ws/install/samuchair_interfaces/share/samuchair_interfaces/cmake/export_samuchair_interfaces__rosidl_typesupport_fastrtps_cppExport.cmake
[2.755s] -- Up-to-date: /home/labserver/ros2_ws/install/samuchair_interfaces/share/samuchair_interfaces/cmake/export_samuchair_interfaces__rosidl_typesupport_fastrtps_cppExport-noconfig.cmake
[2.755s] -- Up-to-date: /home/labserver/ros2_ws/install/samuchair_interfaces/share/samuchair_interfaces/cmake/samuchair_interfaces__rosidl_typesupport_introspection_cppExport.cmake
[2.755s] -- Up-to-date: /home/labserver/ros2_ws/install/samuchair_interfaces/share/samuchair_interfaces/cmake/samuchair_interfaces__rosidl_typesupport_introspection_cppExport-noconfig.cmake
[2.755s] -- Up-to-date: /home/labserver/ros2_ws/install/samuchair_interfaces/share/samuchair_interfaces/cmake/samuchair_interfaces__rosidl_typesupport_cppExport.cmake
[2.755s] -- Up-to-date: /home/labserver/ros2_ws/install/samuchair_interfaces/share/samuchair_interfaces/cmake/samuchair_interfaces__rosidl_typesupport_cppExport-noconfig.cmake
[2.755s] -- Up-to-date: /home/labserver/ros2_ws/install/samuchair_interfaces/share/samuchair_interfaces/cmake/export_samuchair_interfaces__rosidl_generator_pyExport.cmake
[2.755s] -- Up-to-date: /home/labserver/ros2_ws/install/samuchair_interfaces/share/samuchair_interfaces/cmake/export_samuchair_interfaces__rosidl_generator_pyExport-noconfig.cmake
[2.755s] -- Up-to-date: /home/labserver/ros2_ws/install/samuchair_interfaces/share/samuchair_interfaces/cmake/rosidl_cmake-extras.cmake
[2.755s] -- Up-to-date: /home/labserver/ros2_ws/install/samuchair_interfaces/share/samuchair_interfaces/cmake/ament_cmake_export_include_directories-extras.cmake
[2.756s] -- Up-to-date: /home/labserver/ros2_ws/install/samuchair_interfaces/share/samuchair_interfaces/cmake/ament_cmake_export_libraries-extras.cmake
[2.756s] -- Up-to-date: /home/labserver/ros2_ws/install/samuchair_interfaces/share/samuchair_interfaces/cmake/ament_cmake_export_targets-extras.cmake
[2.756s] -- Up-to-date: /home/labserver/ros2_ws/install/samuchair_interfaces/share/samuchair_interfaces/cmake/rosidl_cmake_export_typesupport_targets-extras.cmake
[2.756s] -- Up-to-date: /home/labserver/ros2_ws/install/samuchair_interfaces/share/samuchair_interfaces/cmake/ament_cmake_export_dependencies-extras.cmake
[2.756s] -- Up-to-date: /home/labserver/ros2_ws/install/samuchair_interfaces/share/samuchair_interfaces/cmake/rosidl_cmake_export_typesupport_libraries-extras.cmake
[2.756s] -- Up-to-date: /home/labserver/ros2_ws/install/samuchair_interfaces/share/samuchair_interfaces/cmake/samuchair_interfacesConfig.cmake
[2.756s] -- Up-to-date: /home/labserver/ros2_ws/install/samuchair_interfaces/share/samuchair_interfaces/cmake/samuchair_interfacesConfig-version.cmake
[2.756s] -- Up-to-date: /home/labserver/ros2_ws/install/samuchair_interfaces/share/samuchair_interfaces/package.xml
[2.766s] Invoked command in '/home/labserver/ros2_ws/build/samuchair_interfaces' returned '0': /usr/bin/cmake --install /home/labserver/ros2_ws/build/samuchair_interfaces
