[4.780s] Invoking command in '/home/labserver/ros2_ws/src/my_robot_controller': PYTHONPATH=/home/labserver/ros2_ws/build/my_robot_controller/prefix_override:/home/labserver/ros2_ws/install/my_robot_controller/lib/python3.10/site-packages:${PYTHONPATH} /usr/bin/python3 setup.py egg_info --egg-base ../../build/my_robot_controller build --build-base /home/labserver/ros2_ws/build/my_robot_controller/build install --record /home/labserver/ros2_ws/build/my_robot_controller/install.log --single-version-externally-managed
[5.672s] running egg_info
[5.745s] writing ../../build/my_robot_controller/my_robot_controller.egg-info/PKG-INFO
[5.749s] writing dependency_links to ../../build/my_robot_controller/my_robot_controller.egg-info/dependency_links.txt
[5.749s] writing entry points to ../../build/my_robot_controller/my_robot_controller.egg-info/entry_points.txt
[5.756s] writing requirements to ../../build/my_robot_controller/my_robot_controller.egg-info/requires.txt
[5.756s] writing top-level names to ../../build/my_robot_controller/my_robot_controller.egg-info/top_level.txt
[6.262s] reading manifest file '../../build/my_robot_controller/my_robot_controller.egg-info/SOURCES.txt'
[6.267s] writing manifest file '../../build/my_robot_controller/my_robot_controller.egg-info/SOURCES.txt'
[6.268s] running build
[6.270s] running build_py
[6.270s] copying my_robot_controller/my_first_node.py -> /home/labserver/ros2_ws/build/my_robot_controller/build/lib/my_robot_controller
[6.275s] copying my_robot_controller/__init__.py -> /home/labserver/ros2_ws/build/my_robot_controller/build/lib/my_robot_controller
[6.275s] running install
[6.276s] /home/labserver/.local/lib/python3.10/site-packages/setuptools/_distutils/cmd.py:66: SetuptoolsDeprecationWarning: setup.py install is deprecated.
[6.276s] !!
[6.276s] 
[6.276s]         ********************************************************************************
[6.279s]         Please avoid running ``setup.py`` directly.
[6.279s]         Instead, use pypa/build, pypa/installer or other
[6.279s]         standards-based tools.
[6.280s] 
[6.280s]         See https://blog.ganssle.io/articles/2021/10/setup-py-deprecated.html for details.
[6.280s]         ********************************************************************************
[6.280s] 
[6.280s] !!
[6.280s]   self.initialize_options()
[6.293s] running install_lib
[6.362s] running install_data
[6.426s] copying resource/my_robot_controller -> /home/labserver/ros2_ws/install/my_robot_controller/share/ament_index/resource_index/packages
[6.427s] copying package.xml -> /home/labserver/ros2_ws/install/my_robot_controller/share/my_robot_controller
[6.427s] running install_egg_info
[6.509s] removing '/home/labserver/ros2_ws/install/my_robot_controller/lib/python3.10/site-packages/my_robot_controller-0.0.0-py3.10.egg-info' (and everything under it)
[6.510s] Copying ../../build/my_robot_controller/my_robot_controller.egg-info to /home/labserver/ros2_ws/install/my_robot_controller/lib/python3.10/site-packages/my_robot_controller-0.0.0-py3.10.egg-info
[6.510s] running install_scripts
[6.686s] Installing test_node script to /home/labserver/ros2_ws/install/my_robot_controller/lib/my_robot_controller
[6.689s] writing list of installed files to '/home/labserver/ros2_ws/build/my_robot_controller/install.log'
[6.810s] Invoked command in '/home/labserver/ros2_ws/src/my_robot_controller' returned '0': PYTHONPATH=/home/labserver/ros2_ws/build/my_robot_controller/prefix_override:/home/labserver/ros2_ws/install/my_robot_controller/lib/python3.10/site-packages:${PYTHONPATH} /usr/bin/python3 setup.py egg_info --egg-base ../../build/my_robot_controller build --build-base /home/labserver/ros2_ws/build/my_robot_controller/build install --record /home/labserver/ros2_ws/build/my_robot_controller/install.log --single-version-externally-managed
