[2.637s] Invoking command in '/home/labserver/ros2_ws/src/samuchair': PYTHONPATH=/home/labserver/ros2_ws/build/samuchair/prefix_override:/home/labserver/ros2_ws/install/samuchair/lib/python3.10/site-packages:${PYTHONPATH} /usr/bin/python3 setup.py egg_info --egg-base ../../build/samuchair build --build-base /home/labserver/ros2_ws/build/samuchair/build install --record /home/labserver/ros2_ws/build/samuchair/install.log --single-version-externally-managed
[3.197s] running egg_info
[3.199s] creating ../../build/samuchair/samuchair.egg-info
[3.225s] writing ../../build/samuchair/samuchair.egg-info/PKG-INFO
[3.227s] writing dependency_links to ../../build/samuchair/samuchair.egg-info/dependency_links.txt
[3.227s] writing entry points to ../../build/samuchair/samuchair.egg-info/entry_points.txt
[3.229s] writing requirements to ../../build/samuchair/samuchair.egg-info/requires.txt
[3.230s] writing top-level names to ../../build/samuchair/samuchair.egg-info/top_level.txt
[3.504s] writing manifest file '../../build/samuchair/samuchair.egg-info/SOURCES.txt'
[3.543s] reading manifest file '../../build/samuchair/samuchair.egg-info/SOURCES.txt'
[3.544s] writing manifest file '../../build/samuchair/samuchair.egg-info/SOURCES.txt'
[3.545s] running build
[3.549s] running build_py
[3.549s] creating /home/labserver/ros2_ws/build/samuchair/build
[3.549s] creating /home/labserver/ros2_ws/build/samuchair/build/lib
[3.549s] creating /home/labserver/ros2_ws/build/samuchair/build/lib/samuchair
[3.550s] copying samuchair/arduinoNode.py -> /home/labserver/ros2_ws/build/samuchair/build/lib/samuchair
[3.550s] /home/labserver/.local/lib/python3.10/site-packages/setuptools/_distutils/cmd.py:66: SetuptoolsDeprecationWarning: setup.py install is deprecated.
[3.550s] !!
[3.550s] 
[3.550s]         ********************************************************************************
[3.550s]         Please avoid running ``setup.py`` directly.
[3.550s]         Instead, use pypa/build, pypa/installer or other
[3.550s]         standards-based tools.
[3.553s] 
[3.554s]         See https://blog.ganssle.io/articles/2021/10/setup-py-deprecated.html for details.
[3.554s]         ********************************************************************************
[3.554s] 
[3.554s] !!
[3.554s]   self.initialize_options()
[3.554s] copying samuchair/movilNode.py -> /home/labserver/ros2_ws/build/samuchair/build/lib/samuchair
[3.554s] copying samuchair/webcamNode.py -> /home/labserver/ros2_ws/build/samuchair/build/lib/samuchair
[3.554s] copying samuchair/tactilesNode.py -> /home/labserver/ros2_ws/build/samuchair/build/lib/samuchair
[3.554s] copying samuchair/secondarytaskNode.py -> /home/labserver/ros2_ws/build/samuchair/build/lib/samuchair
[3.555s] copying samuchair/ComJoystickManual.py -> /home/labserver/ros2_ws/build/samuchair/build/lib/samuchair
[3.555s] copying samuchair/Webcam.py -> /home/labserver/ros2_ws/build/samuchair/build/lib/samuchair
[3.555s] copying samuchair/esp32Node.py -> /home/labserver/ros2_ws/build/samuchair/build/lib/samuchair
[3.555s] copying samuchair/esp32Node_old.py -> /home/labserver/ros2_ws/build/samuchair/build/lib/samuchair
[3.555s] copying samuchair/testArduinoNode.py -> /home/labserver/ros2_ws/build/samuchair/build/lib/samuchair
[3.555s] copying samuchair/__init__.py -> /home/labserver/ros2_ws/build/samuchair/build/lib/samuchair
[3.555s] copying samuchair/SecondaryTask.py -> /home/labserver/ros2_ws/build/samuchair/build/lib/samuchair
[3.555s] copying samuchair/ComESP32.py -> /home/labserver/ros2_ws/build/samuchair/build/lib/samuchair
[3.555s] running install
[3.557s] running install_lib
[3.581s] creating /home/labserver/ros2_ws/install/samuchair/lib/python3.10/site-packages/samuchair
[3.582s] copying /home/labserver/ros2_ws/build/samuchair/build/lib/samuchair/arduinoNode.py -> /home/labserver/ros2_ws/install/samuchair/lib/python3.10/site-packages/samuchair
[3.582s] copying /home/labserver/ros2_ws/build/samuchair/build/lib/samuchair/movilNode.py -> /home/labserver/ros2_ws/install/samuchair/lib/python3.10/site-packages/samuchair
[3.586s] copying /home/labserver/ros2_ws/build/samuchair/build/lib/samuchair/webcamNode.py -> /home/labserver/ros2_ws/install/samuchair/lib/python3.10/site-packages/samuchair
[3.586s] copying /home/labserver/ros2_ws/build/samuchair/build/lib/samuchair/tactilesNode.py -> /home/labserver/ros2_ws/install/samuchair/lib/python3.10/site-packages/samuchair
[3.586s] copying /home/labserver/ros2_ws/build/samuchair/build/lib/samuchair/secondarytaskNode.py -> /home/labserver/ros2_ws/install/samuchair/lib/python3.10/site-packages/samuchair
[3.586s] copying /home/labserver/ros2_ws/build/samuchair/build/lib/samuchair/ComJoystickManual.py -> /home/labserver/ros2_ws/install/samuchair/lib/python3.10/site-packages/samuchair
[3.586s] copying /home/labserver/ros2_ws/build/samuchair/build/lib/samuchair/Webcam.py -> /home/labserver/ros2_ws/install/samuchair/lib/python3.10/site-packages/samuchair
[3.586s] copying /home/labserver/ros2_ws/build/samuchair/build/lib/samuchair/esp32Node.py -> /home/labserver/ros2_ws/install/samuchair/lib/python3.10/site-packages/samuchair
[3.586s] copying /home/labserver/ros2_ws/build/samuchair/build/lib/samuchair/esp32Node_old.py -> /home/labserver/ros2_ws/install/samuchair/lib/python3.10/site-packages/samuchair
[3.586s] copying /home/labserver/ros2_ws/build/samuchair/build/lib/samuchair/testArduinoNode.py -> /home/labserver/ros2_ws/install/samuchair/lib/python3.10/site-packages/samuchair
[3.586s] copying /home/labserver/ros2_ws/build/samuchair/build/lib/samuchair/__init__.py -> /home/labserver/ros2_ws/install/samuchair/lib/python3.10/site-packages/samuchair
[3.586s] copying /home/labserver/ros2_ws/build/samuchair/build/lib/samuchair/SecondaryTask.py -> /home/labserver/ros2_ws/install/samuchair/lib/python3.10/site-packages/samuchair
[3.586s] copying /home/labserver/ros2_ws/build/samuchair/build/lib/samuchair/ComESP32.py -> /home/labserver/ros2_ws/install/samuchair/lib/python3.10/site-packages/samuchair
[3.586s] byte-compiling /home/labserver/ros2_ws/install/samuchair/lib/python3.10/site-packages/samuchair/arduinoNode.py to arduinoNode.cpython-310.pyc
[3.587s] byte-compiling /home/labserver/ros2_ws/install/samuchair/lib/python3.10/site-packages/samuchair/movilNode.py to movilNode.cpython-310.pyc
[3.588s] byte-compiling /home/labserver/ros2_ws/install/samuchair/lib/python3.10/site-packages/samuchair/webcamNode.py to webcamNode.cpython-310.pyc
[3.589s] byte-compiling /home/labserver/ros2_ws/install/samuchair/lib/python3.10/site-packages/samuchair/tactilesNode.py to tactilesNode.cpython-310.pyc
[3.591s] byte-compiling /home/labserver/ros2_ws/install/samuchair/lib/python3.10/site-packages/samuchair/secondarytaskNode.py to secondarytaskNode.cpython-310.pyc
[3.594s] byte-compiling /home/labserver/ros2_ws/install/samuchair/lib/python3.10/site-packages/samuchair/ComJoystickManual.py to ComJoystickManual.cpython-310.pyc
[3.596s] byte-compiling /home/labserver/ros2_ws/install/samuchair/lib/python3.10/site-packages/samuchair/Webcam.py to Webcam.cpython-310.pyc
[3.596s] byte-compiling /home/labserver/ros2_ws/install/samuchair/lib/python3.10/site-packages/samuchair/esp32Node.py to esp32Node.cpython-310.pyc
[3.596s] byte-compiling /home/labserver/ros2_ws/install/samuchair/lib/python3.10/site-packages/samuchair/esp32Node_old.py to esp32Node_old.cpython-310.pyc
[3.598s] byte-compiling /home/labserver/ros2_ws/install/samuchair/lib/python3.10/site-packages/samuchair/testArduinoNode.py to testArduinoNode.cpython-310.pyc
[3.599s] byte-compiling /home/labserver/ros2_ws/install/samuchair/lib/python3.10/site-packages/samuchair/__init__.py to __init__.cpython-310.pyc
[3.599s] byte-compiling /home/labserver/ros2_ws/install/samuchair/lib/python3.10/site-packages/samuchair/SecondaryTask.py to SecondaryTask.cpython-310.pyc
[3.600s] byte-compiling /home/labserver/ros2_ws/install/samuchair/lib/python3.10/site-packages/samuchair/ComESP32.py to ComESP32.cpython-310.pyc
[3.601s] running install_data
[3.627s] creating /home/labserver/ros2_ws/install/samuchair/share/samuchair/launch
[3.628s] copying launch/record_samuchair.launch.py -> /home/labserver/ros2_ws/install/samuchair/share/samuchair/launch
[3.628s] copying launch/samuchair.launch.py -> /home/labserver/ros2_ws/install/samuchair/share/samuchair/launch
[3.628s] creating /home/labserver/ros2_ws/install/samuchair/share/ament_index
[3.628s] creating /home/labserver/ros2_ws/install/samuchair/share/ament_index/resource_index
[3.629s] creating /home/labserver/ros2_ws/install/samuchair/share/ament_index/resource_index/packages
[3.629s] copying resource/samuchair -> /home/labserver/ros2_ws/install/samuchair/share/ament_index/resource_index/packages
[3.629s] copying package.xml -> /home/labserver/ros2_ws/install/samuchair/share/samuchair
[3.629s] running install_egg_info
[3.654s] Copying ../../build/samuchair/samuchair.egg-info to /home/labserver/ros2_ws/install/samuchair/lib/python3.10/site-packages/samuchair-0.0.0-py3.10.egg-info
[3.656s] running install_scripts
[3.734s] Installing arduinoNode script to /home/labserver/ros2_ws/install/samuchair/lib/samuchair
[3.736s] Installing esp32Node script to /home/labserver/ros2_ws/install/samuchair/lib/samuchair
[3.736s] Installing movilNode script to /home/labserver/ros2_ws/install/samuchair/lib/samuchair
[3.736s] Installing secondarytaskNode script to /home/labserver/ros2_ws/install/samuchair/lib/samuchair
[3.736s] Installing tactilesNode script to /home/labserver/ros2_ws/install/samuchair/lib/samuchair
[3.736s] Installing testArduinoNode script to /home/labserver/ros2_ws/install/samuchair/lib/samuchair
[3.737s] Installing webcamNode script to /home/labserver/ros2_ws/install/samuchair/lib/samuchair
[3.737s] writing list of installed files to '/home/labserver/ros2_ws/build/samuchair/install.log'
[3.798s] Invoked command in '/home/labserver/ros2_ws/src/samuchair' returned '0': PYTHONPATH=/home/labserver/ros2_ws/build/samuchair/prefix_override:/home/labserver/ros2_ws/install/samuchair/lib/python3.10/site-packages:${PYTHONPATH} /usr/bin/python3 setup.py egg_info --egg-base ../../build/samuchair build --build-base /home/labserver/ros2_ws/build/samuchair/build install --record /home/labserver/ros2_ws/build/samuchair/install.log --single-version-externally-managed
