[1.939s] Invoking command in '/home/labserver/ros2_ws/src/prueba': PYTHONPATH=/home/labserver/ros2_ws/build/prueba/prefix_override:/home/labserver/ros2_ws/install/prueba/lib/python3.10/site-packages:${PYTHONPATH} /usr/bin/python3 setup.py egg_info --egg-base ../../build/prueba build --build-base /home/labserver/ros2_ws/build/prueba/build install --record /home/labserver/ros2_ws/build/prueba/install.log --single-version-externally-managed
[2.296s] running egg_info
[2.325s] writing ../../build/prueba/prueba.egg-info/PKG-INFO
[2.328s] writing dependency_links to ../../build/prueba/prueba.egg-info/dependency_links.txt
[2.330s] writing entry points to ../../build/prueba/prueba.egg-info/entry_points.txt
[2.332s] writing requirements to ../../build/prueba/prueba.egg-info/requires.txt
[2.334s] writing top-level names to ../../build/prueba/prueba.egg-info/top_level.txt
[2.604s] reading manifest file '../../build/prueba/prueba.egg-info/SOURCES.txt'
[2.606s] writing manifest file '../../build/prueba/prueba.egg-info/SOURCES.txt'
[2.606s] running build
[2.607s] running build_py
[2.608s] copying prueba/prueba.py -> /home/labserver/ros2_ws/build/prueba/build/lib/prueba
[2.610s] copying prueba/listener.py -> /home/labserver/ros2_ws/build/prueba/build/lib/prueba
[2.612s] copying prueba/__init__.py -> /home/labserver/ros2_ws/build/prueba/build/lib/prueba
[2.612s] /home/labserver/.local/lib/python3.10/site-packages/setuptools/_distutils/cmd.py:66: SetuptoolsDeprecationWarning: setup.py install is deprecated.
[2.613s] !!
[2.613s] 
[2.613s]         ********************************************************************************
[2.613s]         Please avoid running ``setup.py`` directly.
[2.613s]         Instead, use pypa/build, pypa/installer or other
[2.613s]         standards-based tools.
[2.613s] 
[2.613s]         See https://blog.ganssle.io/articles/2021/10/setup-py-deprecated.html for details.
[2.613s]         ********************************************************************************
[2.613s] 
[2.613s] !!
[2.613s]   self.initialize_options()
[2.613s] running install
[2.624s] running install_lib
[2.653s] running install_data
[2.681s] copying resource/prueba -> /home/labserver/ros2_ws/install/prueba/share/ament_index/resource_index/packages
[2.683s] copying package.xml -> /home/labserver/ros2_ws/install/prueba/share/prueba
[2.684s] running install_egg_info
[2.721s] removing '/home/labserver/ros2_ws/install/prueba/lib/python3.10/site-packages/prueba-0.0.0-py3.10.egg-info' (and everything under it)
[2.728s] Copying ../../build/prueba/prueba.egg-info to /home/labserver/ros2_ws/install/prueba/lib/python3.10/site-packages/prueba-0.0.0-py3.10.egg-info
[2.728s] running install_scripts
[2.823s] Installing listener script to /home/labserver/ros2_ws/install/prueba/lib/prueba
[2.824s] Installing talker script to /home/labserver/ros2_ws/install/prueba/lib/prueba
[2.825s] writing list of installed files to '/home/labserver/ros2_ws/build/prueba/install.log'
[2.962s] Invoked command in '/home/labserver/ros2_ws/src/prueba' returned '0': PYTHONPATH=/home/labserver/ros2_ws/build/prueba/prefix_override:/home/labserver/ros2_ws/install/prueba/lib/python3.10/site-packages:${PYTHONPATH} /usr/bin/python3 setup.py egg_info --egg-base ../../build/prueba build --build-base /home/labserver/ros2_ws/build/prueba/build install --record /home/labserver/ros2_ws/build/prueba/install.log --single-version-externally-managed
