[2.018s] DEBUG:colcon:Command line arguments: ['/usr/bin/colcon', 'build']
[2.018s] DEBUG:colcon:Parsed command line arguments: Namespace(log_base=None, log_level=None, verb_name='build', build_base='build', install_base='install', merge_install=False, symlink_install=False, test_result_base=None, continue_on_error=False, executor='parallel', parallel_workers=2, event_handlers=None, ignore_user_meta=False, metas=['./colcon.meta'], base_paths=['.'], packages_ignore=None, packages_ignore_regex=None, paths=None, packages_up_to=None, packages_up_to_regex=None, packages_above=None, packages_above_and_dependencies=None, packages_above_depth=None, packages_select_by_dep=None, packages_skip_by_dep=None, packages_skip_up_to=None, packages_select_build_failed=False, packages_skip_build_finished=False, packages_select_test_failures=False, packages_skip_test_passed=False, packages_select=None, packages_skip=None, packages_select_regex=None, packages_skip_regex=None, packages_start=None, packages_end=None, allow_overriding=[], cmake_args=None, cmake_target=None, cmake_target_skip_unavailable=False, cmake_clean_cache=False, cmake_clean_first=False, cmake_force_configure=False, ament_cmake_args=None, catkin_cmake_args=None, catkin_skip_building_tests=False, verb_parser=<colcon_defaults.argument_parser.defaults.DefaultArgumentsDecorator object at 0x7395b6710820>, verb_extension=<colcon_core.verb.build.BuildVerb object at 0x7395b6beff40>, main=<bound method BuildVerb.main of <colcon_core.verb.build.BuildVerb object at 0x7395b6beff40>>)
[2.124s] Level 1:colcon.colcon_core.package_discovery:discover_packages(colcon_meta) check parameters
[2.124s] Level 1:colcon.colcon_core.package_discovery:discover_packages(recursive) check parameters
[2.124s] Level 1:colcon.colcon_core.package_discovery:discover_packages(ignore) check parameters
[2.124s] Level 1:colcon.colcon_core.package_discovery:discover_packages(path) check parameters
[2.124s] Level 1:colcon.colcon_core.package_discovery:discover_packages(colcon_meta) discover
[2.124s] Level 1:colcon.colcon_core.package_discovery:discover_packages(recursive) discover
[2.124s] INFO:colcon.colcon_core.package_discovery:Crawling recursively for packages in '/home/labserver/ros2_ws'
[2.124s] Level 1:colcon.colcon_core.package_identification:_identify(.) by extensions ['ignore', 'ignore_ament_install']
[2.125s] Level 1:colcon.colcon_core.package_identification:_identify(.) by extension 'ignore'
[2.125s] Level 1:colcon.colcon_core.package_identification:_identify(.) by extension 'ignore_ament_install'
[2.125s] Level 1:colcon.colcon_core.package_identification:_identify(.) by extensions ['colcon_pkg']
[2.125s] Level 1:colcon.colcon_core.package_identification:_identify(.) by extension 'colcon_pkg'
[2.125s] Level 1:colcon.colcon_core.package_identification:_identify(.) by extensions ['colcon_meta']
[2.125s] Level 1:colcon.colcon_core.package_identification:_identify(.) by extension 'colcon_meta'
[2.125s] Level 1:colcon.colcon_core.package_identification:_identify(.) by extensions ['ros']
[2.125s] Level 1:colcon.colcon_core.package_identification:_identify(.) by extension 'ros'
[2.140s] Level 1:colcon.colcon_core.package_identification:_identify(.) by extensions ['cmake', 'python']
[2.140s] Level 1:colcon.colcon_core.package_identification:_identify(.) by extension 'cmake'
[2.140s] Level 1:colcon.colcon_core.package_identification:_identify(.) by extension 'python'
[2.140s] Level 1:colcon.colcon_core.package_identification:_identify(.) by extensions ['python_setup_py']
[2.140s] Level 1:colcon.colcon_core.package_identification:_identify(.) by extension 'python_setup_py'
[2.140s] Level 1:colcon.colcon_core.package_identification:_identify(build) by extensions ['ignore', 'ignore_ament_install']
[2.141s] Level 1:colcon.colcon_core.package_identification:_identify(build) by extension 'ignore'
[2.141s] Level 1:colcon.colcon_core.package_identification:_identify(build) ignored
[2.141s] Level 1:colcon.colcon_core.package_identification:_identify(fotos) by extensions ['ignore', 'ignore_ament_install']
[2.141s] Level 1:colcon.colcon_core.package_identification:_identify(fotos) by extension 'ignore'
[2.141s] Level 1:colcon.colcon_core.package_identification:_identify(fotos) by extension 'ignore_ament_install'
[2.141s] Level 1:colcon.colcon_core.package_identification:_identify(fotos) by extensions ['colcon_pkg']
[2.141s] Level 1:colcon.colcon_core.package_identification:_identify(fotos) by extension 'colcon_pkg'
[2.141s] Level 1:colcon.colcon_core.package_identification:_identify(fotos) by extensions ['colcon_meta']
[2.141s] Level 1:colcon.colcon_core.package_identification:_identify(fotos) by extension 'colcon_meta'
[2.142s] Level 1:colcon.colcon_core.package_identification:_identify(fotos) by extensions ['ros']
[2.142s] Level 1:colcon.colcon_core.package_identification:_identify(fotos) by extension 'ros'
[2.142s] Level 1:colcon.colcon_core.package_identification:_identify(fotos) by extensions ['cmake', 'python']
[2.142s] Level 1:colcon.colcon_core.package_identification:_identify(fotos) by extension 'cmake'
[2.142s] Level 1:colcon.colcon_core.package_identification:_identify(fotos) by extension 'python'
[2.142s] Level 1:colcon.colcon_core.package_identification:_identify(fotos) by extensions ['python_setup_py']
[2.142s] Level 1:colcon.colcon_core.package_identification:_identify(fotos) by extension 'python_setup_py'
[2.142s] Level 1:colcon.colcon_core.package_identification:_identify(install) by extensions ['ignore', 'ignore_ament_install']
[2.142s] Level 1:colcon.colcon_core.package_identification:_identify(install) by extension 'ignore'
[2.142s] Level 1:colcon.colcon_core.package_identification:_identify(install) ignored
[2.143s] Level 1:colcon.colcon_core.package_identification:_identify(log) by extensions ['ignore', 'ignore_ament_install']
[2.143s] Level 1:colcon.colcon_core.package_identification:_identify(log) by extension 'ignore'
[2.143s] Level 1:colcon.colcon_core.package_identification:_identify(log) ignored
[2.143s] Level 1:colcon.colcon_core.package_identification:_identify(src) by extensions ['ignore', 'ignore_ament_install']
[2.143s] Level 1:colcon.colcon_core.package_identification:_identify(src) by extension 'ignore'
[2.143s] Level 1:colcon.colcon_core.package_identification:_identify(src) by extension 'ignore_ament_install'
[2.143s] Level 1:colcon.colcon_core.package_identification:_identify(src) by extensions ['colcon_pkg']
[2.144s] Level 1:colcon.colcon_core.package_identification:_identify(src) by extension 'colcon_pkg'
[2.144s] Level 1:colcon.colcon_core.package_identification:_identify(src) by extensions ['colcon_meta']
[2.144s] Level 1:colcon.colcon_core.package_identification:_identify(src) by extension 'colcon_meta'
[2.144s] Level 1:colcon.colcon_core.package_identification:_identify(src) by extensions ['ros']
[2.144s] Level 1:colcon.colcon_core.package_identification:_identify(src) by extension 'ros'
[2.144s] Level 1:colcon.colcon_core.package_identification:_identify(src) by extensions ['cmake', 'python']
[2.144s] Level 1:colcon.colcon_core.package_identification:_identify(src) by extension 'cmake'
[2.144s] Level 1:colcon.colcon_core.package_identification:_identify(src) by extension 'python'
[2.144s] Level 1:colcon.colcon_core.package_identification:_identify(src) by extensions ['python_setup_py']
[2.144s] Level 1:colcon.colcon_core.package_identification:_identify(src) by extension 'python_setup_py'
[2.144s] Level 1:colcon.colcon_core.package_identification:_identify(src/build) by extensions ['ignore', 'ignore_ament_install']
[2.144s] Level 1:colcon.colcon_core.package_identification:_identify(src/build) by extension 'ignore'
[2.144s] Level 1:colcon.colcon_core.package_identification:_identify(src/build) ignored
[2.145s] Level 1:colcon.colcon_core.package_identification:_identify(src/install) by extensions ['ignore', 'ignore_ament_install']
[2.145s] Level 1:colcon.colcon_core.package_identification:_identify(src/install) by extension 'ignore'
[2.145s] Level 1:colcon.colcon_core.package_identification:_identify(src/install) ignored
[2.145s] Level 1:colcon.colcon_core.package_identification:_identify(src/log) by extensions ['ignore', 'ignore_ament_install']
[2.145s] Level 1:colcon.colcon_core.package_identification:_identify(src/log) by extension 'ignore'
[2.145s] Level 1:colcon.colcon_core.package_identification:_identify(src/log) ignored
[2.145s] Level 1:colcon.colcon_core.package_identification:_identify(src/my_robot_controller) by extensions ['ignore', 'ignore_ament_install']
[2.145s] Level 1:colcon.colcon_core.package_identification:_identify(src/my_robot_controller) by extension 'ignore'
[2.145s] Level 1:colcon.colcon_core.package_identification:_identify(src/my_robot_controller) by extension 'ignore_ament_install'
[2.145s] Level 1:colcon.colcon_core.package_identification:_identify(src/my_robot_controller) by extensions ['colcon_pkg']
[2.145s] Level 1:colcon.colcon_core.package_identification:_identify(src/my_robot_controller) by extension 'colcon_pkg'
[2.145s] Level 1:colcon.colcon_core.package_identification:_identify(src/my_robot_controller) by extensions ['colcon_meta']
[2.145s] Level 1:colcon.colcon_core.package_identification:_identify(src/my_robot_controller) by extension 'colcon_meta'
[2.145s] Level 1:colcon.colcon_core.package_identification:_identify(src/my_robot_controller) by extensions ['ros']
[2.145s] Level 1:colcon.colcon_core.package_identification:_identify(src/my_robot_controller) by extension 'ros'
[2.148s] DEBUG:colcon.colcon_core.package_identification:Package 'src/my_robot_controller' with type 'ros.ament_python' and name 'my_robot_controller'
[2.148s] Level 1:colcon.colcon_core.package_identification:_identify(src/prueba) by extensions ['ignore', 'ignore_ament_install']
[2.149s] Level 1:colcon.colcon_core.package_identification:_identify(src/prueba) by extension 'ignore'
[2.149s] Level 1:colcon.colcon_core.package_identification:_identify(src/prueba) by extension 'ignore_ament_install'
[2.149s] Level 1:colcon.colcon_core.package_identification:_identify(src/prueba) by extensions ['colcon_pkg']
[2.149s] Level 1:colcon.colcon_core.package_identification:_identify(src/prueba) by extension 'colcon_pkg'
[2.149s] Level 1:colcon.colcon_core.package_identification:_identify(src/prueba) by extensions ['colcon_meta']
[2.149s] Level 1:colcon.colcon_core.package_identification:_identify(src/prueba) by extension 'colcon_meta'
[2.149s] Level 1:colcon.colcon_core.package_identification:_identify(src/prueba) by extensions ['ros']
[2.149s] Level 1:colcon.colcon_core.package_identification:_identify(src/prueba) by extension 'ros'
[2.150s] DEBUG:colcon.colcon_core.package_identification:Package 'src/prueba' with type 'ros.ament_python' and name 'prueba'
[2.150s] Level 1:colcon.colcon_core.package_identification:_identify(src/samuchair) by extensions ['ignore', 'ignore_ament_install']
[2.150s] Level 1:colcon.colcon_core.package_identification:_identify(src/samuchair) by extension 'ignore'
[2.150s] Level 1:colcon.colcon_core.package_identification:_identify(src/samuchair) by extension 'ignore_ament_install'
[2.150s] Level 1:colcon.colcon_core.package_identification:_identify(src/samuchair) by extensions ['colcon_pkg']
[2.150s] Level 1:colcon.colcon_core.package_identification:_identify(src/samuchair) by extension 'colcon_pkg'
[2.150s] Level 1:colcon.colcon_core.package_identification:_identify(src/samuchair) by extensions ['colcon_meta']
[2.150s] Level 1:colcon.colcon_core.package_identification:_identify(src/samuchair) by extension 'colcon_meta'
[2.151s] Level 1:colcon.colcon_core.package_identification:_identify(src/samuchair) by extensions ['ros']
[2.151s] Level 1:colcon.colcon_core.package_identification:_identify(src/samuchair) by extension 'ros'
[2.151s] DEBUG:colcon.colcon_core.package_identification:Package 'src/samuchair' with type 'ros.ament_python' and name 'samuchair'
[2.152s] Level 1:colcon.colcon_core.package_identification:_identify(src/samuchair_interfaces) by extensions ['ignore', 'ignore_ament_install']
[2.152s] Level 1:colcon.colcon_core.package_identification:_identify(src/samuchair_interfaces) by extension 'ignore'
[2.152s] Level 1:colcon.colcon_core.package_identification:_identify(src/samuchair_interfaces) by extension 'ignore_ament_install'
[2.152s] Level 1:colcon.colcon_core.package_identification:_identify(src/samuchair_interfaces) by extensions ['colcon_pkg']
[2.152s] Level 1:colcon.colcon_core.package_identification:_identify(src/samuchair_interfaces) by extension 'colcon_pkg'
[2.152s] Level 1:colcon.colcon_core.package_identification:_identify(src/samuchair_interfaces) by extensions ['colcon_meta']
[2.152s] Level 1:colcon.colcon_core.package_identification:_identify(src/samuchair_interfaces) by extension 'colcon_meta'
[2.152s] Level 1:colcon.colcon_core.package_identification:_identify(src/samuchair_interfaces) by extensions ['ros']
[2.152s] Level 1:colcon.colcon_core.package_identification:_identify(src/samuchair_interfaces) by extension 'ros'
[2.153s] DEBUG:colcon.colcon_core.package_identification:Package 'src/samuchair_interfaces' with type 'ros.catkin' and name 'samuchair_interfaces'
[2.153s] Level 1:colcon.colcon_core.package_discovery:discover_packages(recursive) using defaults
[2.153s] Level 1:colcon.colcon_core.package_discovery:discover_packages(ignore) discover
[2.153s] Level 1:colcon.colcon_core.package_discovery:discover_packages(ignore) using defaults
[2.153s] Level 1:colcon.colcon_core.package_discovery:discover_packages(path) discover
[2.153s] Level 1:colcon.colcon_core.package_discovery:discover_packages(path) using defaults
[2.344s] Level 1:colcon.colcon_core.package_discovery:discover_packages(prefix_path) check parameters
[2.344s] Level 1:colcon.colcon_core.package_discovery:discover_packages(prefix_path) discover
[2.388s] DEBUG:colcon.colcon_installed_package_information.package_discovery:Found 4 installed packages in /home/labserver/ros2_ws/install
[2.406s] DEBUG:colcon.colcon_installed_package_information.package_discovery:Found 1 installed packages in /home/labserver/ros2_ws/src/install
[2.425s] DEBUG:colcon.colcon_installed_package_information.package_discovery:Found 270 installed packages in /opt/ros/humble
[2.426s] Level 1:colcon.colcon_core.package_discovery:discover_packages(prefix_path) using defaults
[2.503s] Level 5:colcon.colcon_core.verb:set package 'my_robot_controller' build argument 'cmake_args' from command line to 'None'
[2.503s] Level 5:colcon.colcon_core.verb:set package 'my_robot_controller' build argument 'cmake_target' from command line to 'None'
[2.503s] Level 5:colcon.colcon_core.verb:set package 'my_robot_controller' build argument 'cmake_target_skip_unavailable' from command line to 'False'
[2.503s] Level 5:colcon.colcon_core.verb:set package 'my_robot_controller' build argument 'cmake_clean_cache' from command line to 'False'
[2.503s] Level 5:colcon.colcon_core.verb:set package 'my_robot_controller' build argument 'cmake_clean_first' from command line to 'False'
[2.503s] Level 5:colcon.colcon_core.verb:set package 'my_robot_controller' build argument 'cmake_force_configure' from command line to 'False'
[2.503s] Level 5:colcon.colcon_core.verb:set package 'my_robot_controller' build argument 'ament_cmake_args' from command line to 'None'
[2.503s] Level 5:colcon.colcon_core.verb:set package 'my_robot_controller' build argument 'catkin_cmake_args' from command line to 'None'
[2.503s] Level 5:colcon.colcon_core.verb:set package 'my_robot_controller' build argument 'catkin_skip_building_tests' from command line to 'False'
[2.503s] DEBUG:colcon.colcon_core.verb:Building package 'my_robot_controller' with the following arguments: {'ament_cmake_args': None, 'build_base': '/home/labserver/ros2_ws/build/my_robot_controller', 'catkin_cmake_args': None, 'catkin_skip_building_tests': False, 'cmake_args': None, 'cmake_clean_cache': False, 'cmake_clean_first': False, 'cmake_force_configure': False, 'cmake_target': None, 'cmake_target_skip_unavailable': False, 'install_base': '/home/labserver/ros2_ws/install/my_robot_controller', 'merge_install': False, 'path': '/home/labserver/ros2_ws/src/my_robot_controller', 'symlink_install': False, 'test_result_base': None}
[2.537s] Level 5:colcon.colcon_core.verb:set package 'prueba' build argument 'cmake_args' from command line to 'None'
[2.538s] Level 5:colcon.colcon_core.verb:set package 'prueba' build argument 'cmake_target' from command line to 'None'
[2.538s] Level 5:colcon.colcon_core.verb:set package 'prueba' build argument 'cmake_target_skip_unavailable' from command line to 'False'
[2.538s] Level 5:colcon.colcon_core.verb:set package 'prueba' build argument 'cmake_clean_cache' from command line to 'False'
[2.538s] Level 5:colcon.colcon_core.verb:set package 'prueba' build argument 'cmake_clean_first' from command line to 'False'
[2.538s] Level 5:colcon.colcon_core.verb:set package 'prueba' build argument 'cmake_force_configure' from command line to 'False'
[2.538s] Level 5:colcon.colcon_core.verb:set package 'prueba' build argument 'ament_cmake_args' from command line to 'None'
[2.538s] Level 5:colcon.colcon_core.verb:set package 'prueba' build argument 'catkin_cmake_args' from command line to 'None'
[2.538s] Level 5:colcon.colcon_core.verb:set package 'prueba' build argument 'catkin_skip_building_tests' from command line to 'False'
[2.538s] DEBUG:colcon.colcon_core.verb:Building package 'prueba' with the following arguments: {'ament_cmake_args': None, 'build_base': '/home/labserver/ros2_ws/build/prueba', 'catkin_cmake_args': None, 'catkin_skip_building_tests': False, 'cmake_args': None, 'cmake_clean_cache': False, 'cmake_clean_first': False, 'cmake_force_configure': False, 'cmake_target': None, 'cmake_target_skip_unavailable': False, 'install_base': '/home/labserver/ros2_ws/install/prueba', 'merge_install': False, 'path': '/home/labserver/ros2_ws/src/prueba', 'symlink_install': False, 'test_result_base': None}
[2.556s] Level 5:colcon.colcon_core.verb:set package 'samuchair' build argument 'cmake_args' from command line to 'None'
[2.556s] Level 5:colcon.colcon_core.verb:set package 'samuchair' build argument 'cmake_target' from command line to 'None'
[2.556s] Level 5:colcon.colcon_core.verb:set package 'samuchair' build argument 'cmake_target_skip_unavailable' from command line to 'False'
[2.556s] Level 5:colcon.colcon_core.verb:set package 'samuchair' build argument 'cmake_clean_cache' from command line to 'False'
[2.556s] Level 5:colcon.colcon_core.verb:set package 'samuchair' build argument 'cmake_clean_first' from command line to 'False'
[2.556s] Level 5:colcon.colcon_core.verb:set package 'samuchair' build argument 'cmake_force_configure' from command line to 'False'
[2.556s] Level 5:colcon.colcon_core.verb:set package 'samuchair' build argument 'ament_cmake_args' from command line to 'None'
[2.556s] Level 5:colcon.colcon_core.verb:set package 'samuchair' build argument 'catkin_cmake_args' from command line to 'None'
[2.556s] Level 5:colcon.colcon_core.verb:set package 'samuchair' build argument 'catkin_skip_building_tests' from command line to 'False'
[2.556s] DEBUG:colcon.colcon_core.verb:Building package 'samuchair' with the following arguments: {'ament_cmake_args': None, 'build_base': '/home/labserver/ros2_ws/build/samuchair', 'catkin_cmake_args': None, 'catkin_skip_building_tests': False, 'cmake_args': None, 'cmake_clean_cache': False, 'cmake_clean_first': False, 'cmake_force_configure': False, 'cmake_target': None, 'cmake_target_skip_unavailable': False, 'install_base': '/home/labserver/ros2_ws/install/samuchair', 'merge_install': False, 'path': '/home/labserver/ros2_ws/src/samuchair', 'symlink_install': False, 'test_result_base': None}
[2.577s] Level 5:colcon.colcon_core.verb:set package 'samuchair_interfaces' build argument 'cmake_args' from command line to 'None'
[2.578s] Level 5:colcon.colcon_core.verb:set package 'samuchair_interfaces' build argument 'cmake_target' from command line to 'None'
[2.578s] Level 5:colcon.colcon_core.verb:set package 'samuchair_interfaces' build argument 'cmake_target_skip_unavailable' from command line to 'False'
[2.578s] Level 5:colcon.colcon_core.verb:set package 'samuchair_interfaces' build argument 'cmake_clean_cache' from command line to 'False'
[2.578s] Level 5:colcon.colcon_core.verb:set package 'samuchair_interfaces' build argument 'cmake_clean_first' from command line to 'False'
[2.578s] Level 5:colcon.colcon_core.verb:set package 'samuchair_interfaces' build argument 'cmake_force_configure' from command line to 'False'
[2.578s] Level 5:colcon.colcon_core.verb:set package 'samuchair_interfaces' build argument 'ament_cmake_args' from command line to 'None'
[2.578s] Level 5:colcon.colcon_core.verb:set package 'samuchair_interfaces' build argument 'catkin_cmake_args' from command line to 'None'
[2.578s] Level 5:colcon.colcon_core.verb:set package 'samuchair_interfaces' build argument 'catkin_skip_building_tests' from command line to 'False'
[2.578s] DEBUG:colcon.colcon_core.verb:Building package 'samuchair_interfaces' with the following arguments: {'ament_cmake_args': None, 'build_base': '/home/labserver/ros2_ws/build/samuchair_interfaces', 'catkin_cmake_args': None, 'catkin_skip_building_tests': False, 'cmake_args': None, 'cmake_clean_cache': False, 'cmake_clean_first': False, 'cmake_force_configure': False, 'cmake_target': None, 'cmake_target_skip_unavailable': False, 'install_base': '/home/labserver/ros2_ws/install/samuchair_interfaces', 'merge_install': False, 'path': '/home/labserver/ros2_ws/src/samuchair_interfaces', 'symlink_install': False, 'test_result_base': None}
[2.600s] INFO:colcon.colcon_core.executor:Executing jobs using 'parallel' executor
[2.625s] DEBUG:colcon.colcon_parallel_executor.executor.parallel:run_until_complete
[2.625s] INFO:colcon.colcon_ros.task.ament_python.build:Building ROS package in '/home/labserver/ros2_ws/src/my_robot_controller' with build type 'ament_python'
[2.626s] Level 1:colcon.colcon_core.shell:create_environment_hook('my_robot_controller', 'ament_prefix_path')
[2.663s] INFO:colcon.colcon_core.plugin_system:Skipping extension 'colcon_core.shell.bat': Not used on non-Windows systems
[2.663s] INFO:colcon.colcon_core.shell:Creating environment hook '/home/labserver/ros2_ws/install/my_robot_controller/share/my_robot_controller/hook/ament_prefix_path.ps1'
[2.664s] INFO:colcon.colcon_core.shell:Creating environment descriptor '/home/labserver/ros2_ws/install/my_robot_controller/share/my_robot_controller/hook/ament_prefix_path.dsv'
[2.665s] INFO:colcon.colcon_core.shell:Creating environment hook '/home/labserver/ros2_ws/install/my_robot_controller/share/my_robot_controller/hook/ament_prefix_path.sh'
[2.696s] INFO:colcon.colcon_core.shell:Skip shell extension 'powershell' for command environment: Not usable outside of PowerShell
[2.697s] DEBUG:colcon.colcon_core.shell:Skip shell extension 'dsv' for command environment
[2.803s] INFO:colcon.colcon_ros.task.ament_python.build:Building ROS package in '/home/labserver/ros2_ws/src/prueba' with build type 'ament_python'
[2.804s] Level 1:colcon.colcon_core.shell:create_environment_hook('prueba', 'ament_prefix_path')
[2.831s] INFO:colcon.colcon_core.shell:Creating environment hook '/home/labserver/ros2_ws/install/prueba/share/prueba/hook/ament_prefix_path.ps1'
[2.832s] INFO:colcon.colcon_core.shell:Creating environment descriptor '/home/labserver/ros2_ws/install/prueba/share/prueba/hook/ament_prefix_path.dsv'
[2.833s] INFO:colcon.colcon_core.shell:Creating environment hook '/home/labserver/ros2_ws/install/prueba/share/prueba/hook/ament_prefix_path.sh'
[2.853s] INFO:colcon.colcon_core.shell:Skip shell extension 'powershell' for command environment: Not usable outside of PowerShell
[2.854s] DEBUG:colcon.colcon_core.shell:Skip shell extension 'dsv' for command environment
[3.270s] INFO:colcon.colcon_core.task.python.build:Building Python package in '/home/labserver/ros2_ws/src/my_robot_controller'
[3.295s] INFO:colcon.colcon_core.shell:Skip shell extension 'powershell' for command environment: Not usable outside of PowerShell
[3.295s] DEBUG:colcon.colcon_core.shell:Skip shell extension 'dsv' for command environment
[3.725s] INFO:colcon.colcon_core.task.python.build:Building Python package in '/home/labserver/ros2_ws/src/prueba'
[3.753s] INFO:colcon.colcon_core.shell:Skip shell extension 'powershell' for command environment: Not usable outside of PowerShell
[3.753s] DEBUG:colcon.colcon_core.shell:Skip shell extension 'dsv' for command environment
[5.038s] DEBUG:colcon.colcon_core.event_handler.log_command:Invoking command in '/home/labserver/ros2_ws/src/my_robot_controller': PYTHONPATH=/home/labserver/ros2_ws/build/my_robot_controller/prefix_override:/home/labserver/ros2_ws/install/my_robot_controller/lib/python3.10/site-packages:${PYTHONPATH} /usr/bin/python3 setup.py egg_info --egg-base ../../build/my_robot_controller build --build-base /home/labserver/ros2_ws/build/my_robot_controller/build install --record /home/labserver/ros2_ws/build/my_robot_controller/install.log --single-version-externally-managed
[5.377s] DEBUG:colcon.colcon_core.event_handler.log_command:Invoking command in '/home/labserver/ros2_ws/src/prueba': PYTHONPATH=/home/labserver/ros2_ws/build/prueba/prefix_override:/home/labserver/ros2_ws/install/prueba/lib/python3.10/site-packages:${PYTHONPATH} /usr/bin/python3 setup.py egg_info --egg-base ../../build/prueba build --build-base /home/labserver/ros2_ws/build/prueba/build install --record /home/labserver/ros2_ws/build/prueba/install.log --single-version-externally-managed
[6.387s] DEBUG:colcon.colcon_core.event_handler.log_command:Invoked command in '/home/labserver/ros2_ws/src/my_robot_controller' returned '0': PYTHONPATH=/home/labserver/ros2_ws/build/my_robot_controller/prefix_override:/home/labserver/ros2_ws/install/my_robot_controller/lib/python3.10/site-packages:${PYTHONPATH} /usr/bin/python3 setup.py egg_info --egg-base ../../build/my_robot_controller build --build-base /home/labserver/ros2_ws/build/my_robot_controller/build install --record /home/labserver/ros2_ws/build/my_robot_controller/install.log --single-version-externally-managed
[6.452s] Level 1:colcon.colcon_core.environment:checking '/home/labserver/ros2_ws/install/my_robot_controller' for CMake module files
[6.453s] Level 1:colcon.colcon_core.environment:checking '/home/labserver/ros2_ws/install/my_robot_controller' for CMake config files
[6.455s] Level 1:colcon.colcon_core.environment:checking '/home/labserver/ros2_ws/install/my_robot_controller/lib'
[6.456s] Level 1:colcon.colcon_core.environment:checking '/home/labserver/ros2_ws/install/my_robot_controller/bin'
[6.456s] Level 1:colcon.colcon_core.environment:checking '/home/labserver/ros2_ws/install/my_robot_controller/lib/pkgconfig/my_robot_controller.pc'
[6.457s] Level 1:colcon.colcon_core.environment:checking '/home/labserver/ros2_ws/install/my_robot_controller/lib/python3.10/site-packages'
[6.457s] Level 1:colcon.colcon_core.shell:create_environment_hook('my_robot_controller', 'pythonpath')
[6.508s] INFO:colcon.colcon_core.shell:Creating environment hook '/home/labserver/ros2_ws/install/my_robot_controller/share/my_robot_controller/hook/pythonpath.ps1'
[6.510s] INFO:colcon.colcon_core.shell:Creating environment descriptor '/home/labserver/ros2_ws/install/my_robot_controller/share/my_robot_controller/hook/pythonpath.dsv'
[6.513s] INFO:colcon.colcon_core.shell:Creating environment hook '/home/labserver/ros2_ws/install/my_robot_controller/share/my_robot_controller/hook/pythonpath.sh'
[6.516s] Level 1:colcon.colcon_core.environment:checking '/home/labserver/ros2_ws/install/my_robot_controller/bin'
[6.516s] Level 1:colcon.colcon_core.environment:create_environment_scripts_only(my_robot_controller)
[6.600s] INFO:colcon.colcon_core.shell:Creating package script '/home/labserver/ros2_ws/install/my_robot_controller/share/my_robot_controller/package.ps1'
[6.603s] INFO:colcon.colcon_core.shell:Creating package descriptor '/home/labserver/ros2_ws/install/my_robot_controller/share/my_robot_controller/package.dsv'
[6.606s] INFO:colcon.colcon_core.shell:Creating package script '/home/labserver/ros2_ws/install/my_robot_controller/share/my_robot_controller/package.sh'
[6.609s] INFO:colcon.colcon_core.shell:Creating package script '/home/labserver/ros2_ws/install/my_robot_controller/share/my_robot_controller/package.bash'
[6.613s] INFO:colcon.colcon_core.shell:Creating package script '/home/labserver/ros2_ws/install/my_robot_controller/share/my_robot_controller/package.zsh'
[6.616s] Level 1:colcon.colcon_core.environment:create_file_with_runtime_dependencies(/home/labserver/ros2_ws/install/my_robot_controller/share/colcon-core/packages/my_robot_controller)
[6.619s] INFO:colcon.colcon_ros.task.ament_python.build:Building ROS package in '/home/labserver/ros2_ws/src/samuchair' with build type 'ament_python'
[6.620s] Level 1:colcon.colcon_core.shell:create_environment_hook('samuchair', 'ament_prefix_path')
[6.680s] INFO:colcon.colcon_core.shell:Creating environment hook '/home/labserver/ros2_ws/install/samuchair/share/samuchair/hook/ament_prefix_path.ps1'
[6.683s] INFO:colcon.colcon_core.shell:Creating environment descriptor '/home/labserver/ros2_ws/install/samuchair/share/samuchair/hook/ament_prefix_path.dsv'
[6.686s] INFO:colcon.colcon_core.shell:Creating environment hook '/home/labserver/ros2_ws/install/samuchair/share/samuchair/hook/ament_prefix_path.sh'
[6.754s] INFO:colcon.colcon_core.shell:Skip shell extension 'powershell' for command environment: Not usable outside of PowerShell
[6.756s] DEBUG:colcon.colcon_core.shell:Skip shell extension 'dsv' for command environment
[7.459s] INFO:colcon.colcon_core.task.python.build:Building Python package in '/home/labserver/ros2_ws/src/samuchair'
[7.498s] INFO:colcon.colcon_core.shell:Skip shell extension 'powershell' for command environment: Not usable outside of PowerShell
[7.498s] DEBUG:colcon.colcon_core.shell:Skip shell extension 'dsv' for command environment
[7.623s] DEBUG:colcon.colcon_core.event_handler.log_command:Invoked command in '/home/labserver/ros2_ws/src/prueba' returned '0': PYTHONPATH=/home/labserver/ros2_ws/build/prueba/prefix_override:/home/labserver/ros2_ws/install/prueba/lib/python3.10/site-packages:${PYTHONPATH} /usr/bin/python3 setup.py egg_info --egg-base ../../build/prueba build --build-base /home/labserver/ros2_ws/build/prueba/build install --record /home/labserver/ros2_ws/build/prueba/install.log --single-version-externally-managed
[7.653s] Level 1:colcon.colcon_core.environment:checking '/home/labserver/ros2_ws/install/prueba' for CMake module files
[7.654s] Level 1:colcon.colcon_core.environment:checking '/home/labserver/ros2_ws/install/prueba' for CMake config files
[7.655s] Level 1:colcon.colcon_core.environment:checking '/home/labserver/ros2_ws/install/prueba/lib'
[7.656s] Level 1:colcon.colcon_core.environment:checking '/home/labserver/ros2_ws/install/prueba/bin'
[7.656s] Level 1:colcon.colcon_core.environment:checking '/home/labserver/ros2_ws/install/prueba/lib/pkgconfig/prueba.pc'
[7.656s] Level 1:colcon.colcon_core.environment:checking '/home/labserver/ros2_ws/install/prueba/lib/python3.10/site-packages'
[7.657s] Level 1:colcon.colcon_core.shell:create_environment_hook('prueba', 'pythonpath')
[7.679s] INFO:colcon.colcon_core.shell:Creating environment hook '/home/labserver/ros2_ws/install/prueba/share/prueba/hook/pythonpath.ps1'
[7.681s] INFO:colcon.colcon_core.shell:Creating environment descriptor '/home/labserver/ros2_ws/install/prueba/share/prueba/hook/pythonpath.dsv'
[7.682s] INFO:colcon.colcon_core.shell:Creating environment hook '/home/labserver/ros2_ws/install/prueba/share/prueba/hook/pythonpath.sh'
[7.683s] Level 1:colcon.colcon_core.environment:checking '/home/labserver/ros2_ws/install/prueba/bin'
[7.683s] Level 1:colcon.colcon_core.environment:create_environment_scripts_only(prueba)
[7.713s] INFO:colcon.colcon_core.shell:Creating package script '/home/labserver/ros2_ws/install/prueba/share/prueba/package.ps1'
[7.715s] INFO:colcon.colcon_core.shell:Creating package descriptor '/home/labserver/ros2_ws/install/prueba/share/prueba/package.dsv'
[7.716s] INFO:colcon.colcon_core.shell:Creating package script '/home/labserver/ros2_ws/install/prueba/share/prueba/package.sh'
[7.717s] INFO:colcon.colcon_core.shell:Creating package script '/home/labserver/ros2_ws/install/prueba/share/prueba/package.bash'
[7.718s] INFO:colcon.colcon_core.shell:Creating package script '/home/labserver/ros2_ws/install/prueba/share/prueba/package.zsh'
[7.719s] Level 1:colcon.colcon_core.environment:create_file_with_runtime_dependencies(/home/labserver/ros2_ws/install/prueba/share/colcon-core/packages/prueba)
[7.721s] INFO:colcon.colcon_ros.task.catkin.build:Building ROS package in '/home/labserver/ros2_ws/src/samuchair_interfaces' with build type 'catkin'
[7.721s] INFO:colcon.colcon_cmake.task.cmake.build:Building CMake package in '/home/labserver/ros2_ws/src/samuchair_interfaces'
[7.746s] INFO:colcon.colcon_core.shell:Skip shell extension 'powershell' for command environment: Not usable outside of PowerShell
[7.747s] DEBUG:colcon.colcon_core.shell:Skip shell extension 'dsv' for command environment
[7.870s] DEBUG:colcon.colcon_core.event_handler.log_command:Invoking command in '/home/labserver/ros2_ws/build/samuchair_interfaces': /usr/bin/cmake --build /home/labserver/ros2_ws/build/samuchair_interfaces -- -j2 -l2
[9.835s] DEBUG:colcon.colcon_core.event_handler.log_command:Invoked command in '/home/labserver/ros2_ws/build/samuchair_interfaces' returned '0': /usr/bin/cmake --build /home/labserver/ros2_ws/build/samuchair_interfaces -- -j2 -l2
[10.649s] DEBUG:colcon.colcon_core.event_handler.log_command:Invoking command in '/home/labserver/ros2_ws/build/samuchair_interfaces': /usr/bin/cmake --install /home/labserver/ros2_ws/build/samuchair_interfaces
[10.859s] DEBUG:colcon.colcon_core.event_handler.log_command:Invoking command in '/home/labserver/ros2_ws/src/samuchair': PYTHONPATH=/home/labserver/ros2_ws/build/samuchair/prefix_override:/home/labserver/ros2_ws/install/samuchair/lib/python3.10/site-packages:${PYTHONPATH} /usr/bin/python3 setup.py egg_info --egg-base ../../build/samuchair build --build-base /home/labserver/ros2_ws/build/samuchair/build install --record /home/labserver/ros2_ws/build/samuchair/install.log --single-version-externally-managed
[10.925s] DEBUG:colcon.colcon_core.event_handler.log_command:Invoked command in '/home/labserver/ros2_ws/build/samuchair_interfaces' returned '0': /usr/bin/cmake --install /home/labserver/ros2_ws/build/samuchair_interfaces
[11.350s] Level 1:colcon.colcon_core.shell:create_environment_hook('samuchair_interfaces', 'ros_package_path')
[11.444s] INFO:colcon.colcon_core.shell:Creating environment hook '/home/labserver/ros2_ws/install/samuchair_interfaces/share/samuchair_interfaces/hook/ros_package_path.ps1'
[11.448s] INFO:colcon.colcon_core.shell:Creating environment descriptor '/home/labserver/ros2_ws/install/samuchair_interfaces/share/samuchair_interfaces/hook/ros_package_path.dsv'
[11.449s] INFO:colcon.colcon_core.shell:Creating environment hook '/home/labserver/ros2_ws/install/samuchair_interfaces/share/samuchair_interfaces/hook/ros_package_path.sh'
[11.451s] Level 1:colcon.colcon_ros.task.catkin:checking '/home/labserver/ros2_ws/install/samuchair_interfaces/local/lib/python3.10/dist-packages'
[11.451s] Level 1:colcon.colcon_core.shell:create_environment_hook('samuchair_interfaces', 'catkin_pythonpath')
[11.539s] INFO:colcon.colcon_core.shell:Creating environment hook '/home/labserver/ros2_ws/install/samuchair_interfaces/share/samuchair_interfaces/hook/catkin_pythonpath.ps1'
[11.541s] INFO:colcon.colcon_core.shell:Creating environment descriptor '/home/labserver/ros2_ws/install/samuchair_interfaces/share/samuchair_interfaces/hook/catkin_pythonpath.dsv'
[11.542s] INFO:colcon.colcon_core.shell:Creating environment hook '/home/labserver/ros2_ws/install/samuchair_interfaces/share/samuchair_interfaces/hook/catkin_pythonpath.sh'
[11.545s] Level 1:colcon.colcon_core.shell:create_environment_hook('samuchair_interfaces', 'pkg_config_path')
[11.600s] INFO:colcon.colcon_core.shell:Creating environment hook '/home/labserver/ros2_ws/install/samuchair_interfaces/share/samuchair_interfaces/hook/pkg_config_path.ps1'
[11.604s] INFO:colcon.colcon_core.shell:Creating environment descriptor '/home/labserver/ros2_ws/install/samuchair_interfaces/share/samuchair_interfaces/hook/pkg_config_path.dsv'
[11.607s] INFO:colcon.colcon_core.shell:Creating environment hook '/home/labserver/ros2_ws/install/samuchair_interfaces/share/samuchair_interfaces/hook/pkg_config_path.sh'
[11.614s] Level 1:colcon.colcon_core.shell:create_environment_hook('samuchair_interfaces', 'pkg_config_path_multiarch')
[11.665s] INFO:colcon.colcon_core.shell:Creating environment hook '/home/labserver/ros2_ws/install/samuchair_interfaces/share/samuchair_interfaces/hook/pkg_config_path_multiarch.ps1'
[11.668s] INFO:colcon.colcon_core.shell:Creating environment descriptor '/home/labserver/ros2_ws/install/samuchair_interfaces/share/samuchair_interfaces/hook/pkg_config_path_multiarch.dsv'
[11.669s] INFO:colcon.colcon_core.shell:Creating environment hook '/home/labserver/ros2_ws/install/samuchair_interfaces/share/samuchair_interfaces/hook/pkg_config_path_multiarch.sh'
[11.723s] Level 1:colcon.colcon_core.environment:create_environment_scripts_only(samuchair_interfaces)
[11.771s] Level 1:colcon.colcon_core.environment:checking '/home/labserver/ros2_ws/install/samuchair_interfaces' for CMake module files
[11.774s] Level 1:colcon.colcon_core.environment:checking '/home/labserver/ros2_ws/install/samuchair_interfaces' for CMake config files
[11.775s] Level 1:colcon.colcon_core.shell:create_environment_hook('samuchair_interfaces', 'cmake_prefix_path')
[11.821s] INFO:colcon.colcon_core.shell:Creating environment hook '/home/labserver/ros2_ws/install/samuchair_interfaces/share/samuchair_interfaces/hook/cmake_prefix_path.ps1'
[11.823s] INFO:colcon.colcon_core.shell:Creating environment descriptor '/home/labserver/ros2_ws/install/samuchair_interfaces/share/samuchair_interfaces/hook/cmake_prefix_path.dsv'
[11.827s] INFO:colcon.colcon_core.shell:Creating environment hook '/home/labserver/ros2_ws/install/samuchair_interfaces/share/samuchair_interfaces/hook/cmake_prefix_path.sh'
[11.828s] Level 1:colcon.colcon_core.environment:checking '/home/labserver/ros2_ws/install/samuchair_interfaces/lib'
[11.831s] Level 1:colcon.colcon_core.shell:create_environment_hook('samuchair_interfaces', 'ld_library_path_lib')
[11.876s] INFO:colcon.colcon_core.shell:Creating environment hook '/home/labserver/ros2_ws/install/samuchair_interfaces/share/samuchair_interfaces/hook/ld_library_path_lib.ps1'
[11.877s] INFO:colcon.colcon_core.shell:Creating environment descriptor '/home/labserver/ros2_ws/install/samuchair_interfaces/share/samuchair_interfaces/hook/ld_library_path_lib.dsv'
[11.881s] INFO:colcon.colcon_core.shell:Creating environment hook '/home/labserver/ros2_ws/install/samuchair_interfaces/share/samuchair_interfaces/hook/ld_library_path_lib.sh'
[11.882s] Level 1:colcon.colcon_core.environment:checking '/home/labserver/ros2_ws/install/samuchair_interfaces/bin'
[11.882s] Level 1:colcon.colcon_core.environment:checking '/home/labserver/ros2_ws/install/samuchair_interfaces/lib/pkgconfig/samuchair_interfaces.pc'
[11.883s] Level 1:colcon.colcon_core.environment:checking '/home/labserver/ros2_ws/install/samuchair_interfaces/lib/python3.10/site-packages'
[11.883s] Level 1:colcon.colcon_core.environment:checking '/home/labserver/ros2_ws/install/samuchair_interfaces/bin'
[11.950s] INFO:colcon.colcon_core.shell:Creating package script '/home/labserver/ros2_ws/install/samuchair_interfaces/share/samuchair_interfaces/package.ps1'
[11.954s] INFO:colcon.colcon_core.shell:Creating package descriptor '/home/labserver/ros2_ws/install/samuchair_interfaces/share/samuchair_interfaces/package.dsv'
[11.957s] INFO:colcon.colcon_core.shell:Creating package script '/home/labserver/ros2_ws/install/samuchair_interfaces/share/samuchair_interfaces/package.sh'
[11.959s] INFO:colcon.colcon_core.shell:Creating package script '/home/labserver/ros2_ws/install/samuchair_interfaces/share/samuchair_interfaces/package.bash'
[11.962s] INFO:colcon.colcon_core.shell:Creating package script '/home/labserver/ros2_ws/install/samuchair_interfaces/share/samuchair_interfaces/package.zsh'
[11.963s] Level 1:colcon.colcon_core.environment:create_file_with_runtime_dependencies(/home/labserver/ros2_ws/install/samuchair_interfaces/share/colcon-core/packages/samuchair_interfaces)
[12.650s] DEBUG:colcon.colcon_core.event_handler.log_command:Invoked command in '/home/labserver/ros2_ws/src/samuchair' returned '0': PYTHONPATH=/home/labserver/ros2_ws/build/samuchair/prefix_override:/home/labserver/ros2_ws/install/samuchair/lib/python3.10/site-packages:${PYTHONPATH} /usr/bin/python3 setup.py egg_info --egg-base ../../build/samuchair build --build-base /home/labserver/ros2_ws/build/samuchair/build install --record /home/labserver/ros2_ws/build/samuchair/install.log --single-version-externally-managed
[12.689s] Level 1:colcon.colcon_core.environment:checking '/home/labserver/ros2_ws/install/samuchair' for CMake module files
[12.690s] Level 1:colcon.colcon_core.environment:checking '/home/labserver/ros2_ws/install/samuchair' for CMake config files
[12.692s] Level 1:colcon.colcon_core.environment:checking '/home/labserver/ros2_ws/install/samuchair/lib'
[12.692s] Level 1:colcon.colcon_core.environment:checking '/home/labserver/ros2_ws/install/samuchair/bin'
[12.692s] Level 1:colcon.colcon_core.environment:checking '/home/labserver/ros2_ws/install/samuchair/lib/pkgconfig/samuchair.pc'
[12.695s] Level 1:colcon.colcon_core.environment:checking '/home/labserver/ros2_ws/install/samuchair/lib/python3.10/site-packages'
[12.695s] Level 1:colcon.colcon_core.shell:create_environment_hook('samuchair', 'pythonpath')
[12.747s] INFO:colcon.colcon_core.shell:Creating environment hook '/home/labserver/ros2_ws/install/samuchair/share/samuchair/hook/pythonpath.ps1'
[12.750s] INFO:colcon.colcon_core.shell:Creating environment descriptor '/home/labserver/ros2_ws/install/samuchair/share/samuchair/hook/pythonpath.dsv'
[12.752s] INFO:colcon.colcon_core.shell:Creating environment hook '/home/labserver/ros2_ws/install/samuchair/share/samuchair/hook/pythonpath.sh'
[12.753s] Level 1:colcon.colcon_core.environment:checking '/home/labserver/ros2_ws/install/samuchair/bin'
[12.754s] Level 1:colcon.colcon_core.environment:create_environment_scripts_only(samuchair)
[12.802s] INFO:colcon.colcon_core.shell:Creating package script '/home/labserver/ros2_ws/install/samuchair/share/samuchair/package.ps1'
[12.803s] INFO:colcon.colcon_core.shell:Creating package descriptor '/home/labserver/ros2_ws/install/samuchair/share/samuchair/package.dsv'
[12.805s] INFO:colcon.colcon_core.shell:Creating package script '/home/labserver/ros2_ws/install/samuchair/share/samuchair/package.sh'
[12.806s] INFO:colcon.colcon_core.shell:Creating package script '/home/labserver/ros2_ws/install/samuchair/share/samuchair/package.bash'
[12.807s] INFO:colcon.colcon_core.shell:Creating package script '/home/labserver/ros2_ws/install/samuchair/share/samuchair/package.zsh'
[12.808s] Level 1:colcon.colcon_core.environment:create_file_with_runtime_dependencies(/home/labserver/ros2_ws/install/samuchair/share/colcon-core/packages/samuchair)
[12.810s] DEBUG:colcon.colcon_parallel_executor.executor.parallel:closing loop
[12.811s] DEBUG:colcon.colcon_parallel_executor.executor.parallel:loop closed
[12.811s] DEBUG:colcon.colcon_parallel_executor.executor.parallel:run_until_complete finished with '0'
[12.811s] DEBUG:colcon.colcon_core.event_reactor:joining thread
[12.856s] INFO:colcon.colcon_core.plugin_system:Skipping extension 'colcon_notification.desktop_notification.terminal_notifier': Not used on non-Darwin systems
[12.857s] INFO:colcon.colcon_core.plugin_system:Skipping extension 'colcon_notification.desktop_notification.win32': Not used on non-Windows systems
[12.859s] INFO:colcon.colcon_notification.desktop_notification:Sending desktop notification using 'notify2'
[12.884s] DEBUG:colcon.colcon_core.event_reactor:joined thread
[12.919s] INFO:colcon.colcon_core.shell:Creating prefix script '/home/labserver/ros2_ws/install/local_setup.ps1'
[12.920s] INFO:colcon.colcon_core.shell:Creating prefix util module '/home/labserver/ros2_ws/install/_local_setup_util_ps1.py'
[12.925s] INFO:colcon.colcon_core.shell:Creating prefix chain script '/home/labserver/ros2_ws/install/setup.ps1'
[12.975s] INFO:colcon.colcon_core.shell:Creating prefix script '/home/labserver/ros2_ws/install/local_setup.sh'
[12.975s] INFO:colcon.colcon_core.shell:Creating prefix util module '/home/labserver/ros2_ws/install/_local_setup_util_sh.py'
[12.976s] INFO:colcon.colcon_core.shell:Creating prefix chain script '/home/labserver/ros2_ws/install/setup.sh'
[13.024s] INFO:colcon.colcon_core.shell:Creating prefix script '/home/labserver/ros2_ws/install/local_setup.bash'
[13.027s] INFO:colcon.colcon_core.shell:Creating prefix chain script '/home/labserver/ros2_ws/install/setup.bash'
[13.074s] INFO:colcon.colcon_core.shell:Creating prefix script '/home/labserver/ros2_ws/install/local_setup.zsh'
[13.075s] INFO:colcon.colcon_core.shell:Creating prefix chain script '/home/labserver/ros2_ws/install/setup.zsh'
