[3.803s] Invoking command in '/home/labserver/ros2_ws/src/samuchair': PYTHONPATH=/home/labserver/ros2_ws/build/samuchair/prefix_override:/home/labserver/ros2_ws/install/samuchair/lib/python3.10/site-packages:${PYTHONPATH} /usr/bin/python3 setup.py egg_info --egg-base ../../build/samuchair build --build-base /home/labserver/ros2_ws/build/samuchair/build install --record /home/labserver/ros2_ws/build/samuchair/install.log --single-version-externally-managed
[5.189s] running egg_info
[5.388s] writing ../../build/samuchair/samuchair.egg-info/PKG-INFO
[5.395s] writing dependency_links to ../../build/samuchair/samuchair.egg-info/dependency_links.txt
[5.398s] writing entry points to ../../build/samuchair/samuchair.egg-info/entry_points.txt
[5.401s] writing requirements to ../../build/samuchair/samuchair.egg-info/requires.txt
[5.408s] writing top-level names to ../../build/samuchair/samuchair.egg-info/top_level.txt
[5.909s] reading manifest file '../../build/samuchair/samuchair.egg-info/SOURCES.txt'
[5.910s] writing manifest file '../../build/samuchair/samuchair.egg-info/SOURCES.txt'
[5.912s] running build
[5.912s] running build_py
[5.912s] copying samuchair/arduinoNode.py -> /home/labserver/ros2_ws/build/samuchair/build/lib/samuchair
[5.912s] copying samuchair/movilNode.py -> /home/labserver/ros2_ws/build/samuchair/build/lib/samuchair
[5.912s] copying samuchair/webcamNode.py -> /home/labserver/ros2_ws/build/samuchair/build/lib/samuchair
[5.914s] copying samuchair/secondarytaskNode.py -> /home/labserver/ros2_ws/build/samuchair/build/lib/samuchair
[5.915s] copying samuchair/ComJoystickManual.py -> /home/labserver/ros2_ws/build/samuchair/build/lib/samuchair
[5.915s] copying samuchair/Webcam.py -> /home/labserver/ros2_ws/build/samuchair/build/lib/samuchair
[5.915s] copying samuchair/esp32Node.py -> /home/labserver/ros2_ws/build/samuchair/build/lib/samuchair
[5.915s] copying samuchair/esp32Node_old.py -> /home/labserver/ros2_ws/build/samuchair/build/lib/samuchair
[5.915s] copying samuchair/testArduinoNode.py -> /home/labserver/ros2_ws/build/samuchair/build/lib/samuchair
[5.915s] copying samuchair/__init__.py -> /home/labserver/ros2_ws/build/samuchair/build/lib/samuchair
[5.918s] copying samuchair/SecondaryTask.py -> /home/labserver/ros2_ws/build/samuchair/build/lib/samuchair
[5.919s] copying samuchair/ComESP32.py -> /home/labserver/ros2_ws/build/samuchair/build/lib/samuchair
[5.919s] running install
[5.919s] /home/labserver/.local/lib/python3.10/site-packages/setuptools/_distutils/cmd.py:66: SetuptoolsDeprecationWarning: setup.py install is deprecated.
[5.919s] !!
[5.919s] 
[5.919s]         ********************************************************************************
[5.919s]         Please avoid running ``setup.py`` directly.
[5.919s]         Instead, use pypa/build, pypa/installer or other
[5.919s]         standards-based tools.
[5.919s] 
[5.919s]         See https://blog.ganssle.io/articles/2021/10/setup-py-deprecated.html for details.
[5.919s]         ********************************************************************************
[5.920s] 
[5.920s] !!
[5.920s]   self.initialize_options()
[5.935s] running install_lib
[5.962s] copying /home/labserver/ros2_ws/build/samuchair/build/lib/samuchair/movilNode.py -> /home/labserver/ros2_ws/install/samuchair/lib/python3.10/site-packages/samuchair
[5.965s] byte-compiling /home/labserver/ros2_ws/install/samuchair/lib/python3.10/site-packages/samuchair/movilNode.py to movilNode.cpython-310.pyc
[5.968s] running install_data
[5.992s] copying launch/record_samuchair.launch.py -> /home/labserver/ros2_ws/install/samuchair/share/samuchair/launch
[5.994s] copying launch/samuchair.launch.py -> /home/labserver/ros2_ws/install/samuchair/share/samuchair/launch
[5.995s] copying resource/samuchair -> /home/labserver/ros2_ws/install/samuchair/share/ament_index/resource_index/packages
[5.995s] copying package.xml -> /home/labserver/ros2_ws/install/samuchair/share/samuchair
[5.997s] running install_egg_info
[6.020s] removing '/home/labserver/ros2_ws/install/samuchair/lib/python3.10/site-packages/samuchair-0.0.0-py3.10.egg-info' (and everything under it)
[6.026s] Copying ../../build/samuchair/samuchair.egg-info to /home/labserver/ros2_ws/install/samuchair/lib/python3.10/site-packages/samuchair-0.0.0-py3.10.egg-info
[6.026s] running install_scripts
[6.127s] Installing arduinoNode script to /home/labserver/ros2_ws/install/samuchair/lib/samuchair
[6.128s] Installing esp32Node script to /home/labserver/ros2_ws/install/samuchair/lib/samuchair
[6.129s] Installing movilNode script to /home/labserver/ros2_ws/install/samuchair/lib/samuchair
[6.131s] Installing secondarytaskNode script to /home/labserver/ros2_ws/install/samuchair/lib/samuchair
[6.131s] Installing testArduinoNode script to /home/labserver/ros2_ws/install/samuchair/lib/samuchair
[6.132s] Installing webcamNode script to /home/labserver/ros2_ws/install/samuchair/lib/samuchair
[6.133s] writing list of installed files to '/home/labserver/ros2_ws/build/samuchair/install.log'
[6.230s] Invoked command in '/home/labserver/ros2_ws/src/samuchair' returned '0': PYTHONPATH=/home/labserver/ros2_ws/build/samuchair/prefix_override:/home/labserver/ros2_ws/install/samuchair/lib/python3.10/site-packages:${PYTHONPATH} /usr/bin/python3 setup.py egg_info --egg-base ../../build/samuchair build --build-base /home/labserver/ros2_ws/build/samuchair/build install --record /home/labserver/ros2_ws/build/samuchair/install.log --single-version-externally-managed
