[0.465s] Invoking command in '/home/labserver/ros2_ws/build/samuchair_interfaces': /usr/bin/cmake --build /home/labserver/ros2_ws/build/samuchair_interfaces -- -j2 -l2
[0.570s] [  3%] Built target samuchair_interfaces__cpp
[0.584s] [ 12%] Built target samuchair_interfaces__rosidl_generator_c
[0.642s] [ 22%] Built target samuchair_interfaces__rosidl_typesupport_fastrtps_cpp
[0.652s] [ 22%] Built target ament_cmake_python_copy_samuchair_interfaces
[0.672s] [ 32%] Built target samuchair_interfaces__rosidl_typesupport_introspection_cpp
[0.707s] [ 41%] Built target samuchair_interfaces__rosidl_typesupport_fastrtps_c
[0.719s] [ 51%] Built target samuchair_interfaces__rosidl_typesupport_cpp
[0.757s] [ 61%] Built target samuchair_interfaces__rosidl_typesupport_c
[0.768s] [ 70%] Built target samuchair_interfaces__rosidl_typesupport_introspection_c
[0.814s] [ 70%] Built target samuchair_interfaces
[0.882s] [ 74%] Built target samuchair_interfaces__py
[0.981s] [ 80%] Built target samuchair_interfaces__rosidl_generator_py
[1.073s] [ 87%] Built target samuchair_interfaces__rosidl_typesupport_fastrtps_c__pyext
[1.192s] [ 93%] Built target samuchair_interfaces__rosidl_typesupport_introspection_c__pyext
[1.291s] [100%] Built target samuchair_interfaces__rosidl_typesupport_c__pyext
[1.359s] running egg_info
[1.401s] writing samuchair_interfaces.egg-info/PKG-INFO
[1.403s] writing dependency_links to samuchair_interfaces.egg-info/dependency_links.txt
[1.403s] writing top-level names to samuchair_interfaces.egg-info/top_level.txt
[1.893s] reading manifest file 'samuchair_interfaces.egg-info/SOURCES.txt'
[1.894s] writing manifest file 'samuchair_interfaces.egg-info/SOURCES.txt'
[2.013s] [100%] Built target ament_cmake_python_build_samuchair_interfaces_egg
[2.059s] Invoked command in '/home/labserver/ros2_ws/build/samuchair_interfaces' returned '0': /usr/bin/cmake --build /home/labserver/ros2_ws/build/samuchair_interfaces -- -j2 -l2
[2.646s] Invoking command in '/home/labserver/ros2_ws/build/samuchair_interfaces': /usr/bin/cmake --install /home/labserver/ros2_ws/build/samuchair_interfaces
[2.665s] -- Install configuration: ""
[2.665s] -- Up-to-date: /home/labserver/ros2_ws/install/samuchair_interfaces/share/ament_index/resource_index/rosidl_interfaces/samuchair_interfaces
[2.665s] -- Up-to-date: /home/labserver/ros2_ws/install/samuchair_interfaces/include/samuchair_interfaces/samuchair_interfaces
[2.665s] -- Up-to-date: /home/labserver/ros2_ws/install/samuchair_interfaces/include/samuchair_interfaces/samuchair_interfaces/msg
[2.665s] -- Up-to-date: /home/labserver/ros2_ws/install/samuchair_interfaces/include/samuchair_interfaces/samuchair_interfaces/msg/rosidl_generator_c__visibility_control.h
[2.669s] -- Up-to-date: /home/labserver/ros2_ws/install/samuchair_interfaces/include/samuchair_interfaces/samuchair_interfaces/srv
[2.669s] -- Up-to-date: /home/labserver/ros2_ws/install/samuchair_interfaces/include/samuchair_interfaces/samuchair_interfaces/srv/arduino_motor.h
[2.669s] -- Up-to-date: /home/labserver/ros2_ws/install/samuchair_interfaces/include/samuchair_interfaces/samuchair_interfaces/srv/detail
[2.669s] -- Up-to-date: /home/labserver/ros2_ws/install/samuchair_interfaces/include/samuchair_interfaces/samuchair_interfaces/srv/detail/arduino_motor__functions.h
[2.669s] -- Up-to-date: /home/labserver/ros2_ws/install/samuchair_interfaces/include/samuchair_interfaces/samuchair_interfaces/srv/detail/arduino_motor__functions.c
[2.669s] -- Up-to-date: /home/labserver/ros2_ws/install/samuchair_interfaces/include/samuchair_interfaces/samuchair_interfaces/srv/detail/arduino_motor__struct.h
[2.669s] -- Up-to-date: /home/labserver/ros2_ws/install/samuchair_interfaces/include/samuchair_interfaces/samuchair_interfaces/srv/detail/arduino_motor__type_support.h
[2.669s] -- Up-to-date: /home/labserver/ros2_ws/install/samuchair_interfaces/share/samuchair_interfaces/environment/library_path.sh
[2.669s] -- Up-to-date: /home/labserver/ros2_ws/install/samuchair_interfaces/share/samuchair_interfaces/environment/library_path.dsv
[2.669s] -- Up-to-date: /home/labserver/ros2_ws/install/samuchair_interfaces/lib/libsamuchair_interfaces__rosidl_generator_c.so
[2.670s] -- Up-to-date: /home/labserver/ros2_ws/install/samuchair_interfaces/include/samuchair_interfaces/samuchair_interfaces
[2.670s] -- Up-to-date: /home/labserver/ros2_ws/install/samuchair_interfaces/include/samuchair_interfaces/samuchair_interfaces/msg
[2.670s] -- Up-to-date: /home/labserver/ros2_ws/install/samuchair_interfaces/include/samuchair_interfaces/samuchair_interfaces/msg/rosidl_typesupport_fastrtps_c__visibility_control.h
[2.670s] -- Up-to-date: /home/labserver/ros2_ws/install/samuchair_interfaces/include/samuchair_interfaces/samuchair_interfaces/srv
[2.670s] -- Up-to-date: /home/labserver/ros2_ws/install/samuchair_interfaces/include/samuchair_interfaces/samuchair_interfaces/srv/detail
[2.670s] -- Up-to-date: /home/labserver/ros2_ws/install/samuchair_interfaces/include/samuchair_interfaces/samuchair_interfaces/srv/detail/arduino_motor__rosidl_typesupport_fastrtps_c.h
[2.670s] -- Up-to-date: /home/labserver/ros2_ws/install/samuchair_interfaces/lib/libsamuchair_interfaces__rosidl_typesupport_fastrtps_c.so
[2.670s] -- Up-to-date: /home/labserver/ros2_ws/install/samuchair_interfaces/include/samuchair_interfaces/samuchair_interfaces
[2.670s] -- Up-to-date: /home/labserver/ros2_ws/install/samuchair_interfaces/include/samuchair_interfaces/samuchair_interfaces/msg
[2.670s] -- Up-to-date: /home/labserver/ros2_ws/install/samuchair_interfaces/include/samuchair_interfaces/samuchair_interfaces/msg/rosidl_typesupport_introspection_c__visibility_control.h
[2.670s] -- Up-to-date: /home/labserver/ros2_ws/install/samuchair_interfaces/include/samuchair_interfaces/samuchair_interfaces/srv
[2.670s] -- Up-to-date: /home/labserver/ros2_ws/install/samuchair_interfaces/include/samuchair_interfaces/samuchair_interfaces/srv/detail
[2.670s] -- Up-to-date: /home/labserver/ros2_ws/install/samuchair_interfaces/include/samuchair_interfaces/samuchair_interfaces/srv/detail/arduino_motor__type_support.c
[2.670s] -- Up-to-date: /home/labserver/ros2_ws/install/samuchair_interfaces/include/samuchair_interfaces/samuchair_interfaces/srv/detail/arduino_motor__rosidl_typesupport_introspection_c.h
[2.670s] -- Up-to-date: /home/labserver/ros2_ws/install/samuchair_interfaces/lib/libsamuchair_interfaces__rosidl_typesupport_introspection_c.so
[2.677s] -- Up-to-date: /home/labserver/ros2_ws/install/samuchair_interfaces/lib/libsamuchair_interfaces__rosidl_typesupport_c.so
[2.677s] -- Up-to-date: /home/labserver/ros2_ws/install/samuchair_interfaces/include/samuchair_interfaces/samuchair_interfaces
[2.677s] -- Up-to-date: /home/labserver/ros2_ws/install/samuchair_interfaces/include/samuchair_interfaces/samuchair_interfaces/srv
[2.677s] -- Up-to-date: /home/labserver/ros2_ws/install/samuchair_interfaces/include/samuchair_interfaces/samuchair_interfaces/srv/detail
[2.677s] -- Up-to-date: /home/labserver/ros2_ws/install/samuchair_interfaces/include/samuchair_interfaces/samuchair_interfaces/srv/detail/arduino_motor__struct.hpp
[2.677s] -- Up-to-date: /home/labserver/ros2_ws/install/samuchair_interfaces/include/samuchair_interfaces/samuchair_interfaces/srv/detail/arduino_motor__builder.hpp
[2.677s] -- Up-to-date: /home/labserver/ros2_ws/install/samuchair_interfaces/include/samuchair_interfaces/samuchair_interfaces/srv/detail/arduino_motor__traits.hpp
[2.677s] -- Up-to-date: /home/labserver/ros2_ws/install/samuchair_interfaces/include/samuchair_interfaces/samuchair_interfaces/srv/arduino_motor.hpp
[2.677s] -- Up-to-date: /home/labserver/ros2_ws/install/samuchair_interfaces/include/samuchair_interfaces/samuchair_interfaces
[2.677s] -- Up-to-date: /home/labserver/ros2_ws/install/samuchair_interfaces/include/samuchair_interfaces/samuchair_interfaces/msg
[2.677s] -- Up-to-date: /home/labserver/ros2_ws/install/samuchair_interfaces/include/samuchair_interfaces/samuchair_interfaces/msg/rosidl_typesupport_fastrtps_cpp__visibility_control.h
[2.678s] -- Up-to-date: /home/labserver/ros2_ws/install/samuchair_interfaces/include/samuchair_interfaces/samuchair_interfaces/srv
[2.678s] -- Up-to-date: /home/labserver/ros2_ws/install/samuchair_interfaces/include/samuchair_interfaces/samuchair_interfaces/srv/detail
[2.678s] -- Up-to-date: /home/labserver/ros2_ws/install/samuchair_interfaces/include/samuchair_interfaces/samuchair_interfaces/srv/detail/arduino_motor__rosidl_typesupport_fastrtps_cpp.hpp
[2.678s] -- Up-to-date: /home/labserver/ros2_ws/install/samuchair_interfaces/include/samuchair_interfaces/samuchair_interfaces/srv/detail/dds_fastrtps
[2.678s] -- Up-to-date: /home/labserver/ros2_ws/install/samuchair_interfaces/lib/libsamuchair_interfaces__rosidl_typesupport_fastrtps_cpp.so
[2.678s] -- Up-to-date: /home/labserver/ros2_ws/install/samuchair_interfaces/include/samuchair_interfaces/samuchair_interfaces
[2.678s] -- Up-to-date: /home/labserver/ros2_ws/install/samuchair_interfaces/include/samuchair_interfaces/samuchair_interfaces/srv
[2.678s] -- Up-to-date: /home/labserver/ros2_ws/install/samuchair_interfaces/include/samuchair_interfaces/samuchair_interfaces/srv/detail
[2.678s] -- Up-to-date: /home/labserver/ros2_ws/install/samuchair_interfaces/include/samuchair_interfaces/samuchair_interfaces/srv/detail/arduino_motor__rosidl_typesupport_introspection_cpp.hpp
[2.678s] -- Up-to-date: /home/labserver/ros2_ws/install/samuchair_interfaces/include/samuchair_interfaces/samuchair_interfaces/srv/detail/arduino_motor__type_support.cpp
[2.678s] -- Up-to-date: /home/labserver/ros2_ws/install/samuchair_interfaces/lib/libsamuchair_interfaces__rosidl_typesupport_introspection_cpp.so
[2.678s] -- Up-to-date: /home/labserver/ros2_ws/install/samuchair_interfaces/lib/libsamuchair_interfaces__rosidl_typesupport_cpp.so
[2.678s] -- Up-to-date: /home/labserver/ros2_ws/install/samuchair_interfaces/share/samuchair_interfaces/environment/pythonpath.sh
[2.678s] -- Up-to-date: /home/labserver/ros2_ws/install/samuchair_interfaces/share/samuchair_interfaces/environment/pythonpath.dsv
[2.678s] -- Up-to-date: /home/labserver/ros2_ws/install/samuchair_interfaces/local/lib/python3.10/dist-packages/samuchair_interfaces-0.0.0-py3.10.egg-info
[2.678s] -- Installing: /home/labserver/ros2_ws/install/samuchair_interfaces/local/lib/python3.10/dist-packages/samuchair_interfaces-0.0.0-py3.10.egg-info/top_level.txt
[2.678s] -- Installing: /home/labserver/ros2_ws/install/samuchair_interfaces/local/lib/python3.10/dist-packages/samuchair_interfaces-0.0.0-py3.10.egg-info/SOURCES.txt
[2.678s] -- Installing: /home/labserver/ros2_ws/install/samuchair_interfaces/local/lib/python3.10/dist-packages/samuchair_interfaces-0.0.0-py3.10.egg-info/dependency_links.txt
[2.678s] -- Installing: /home/labserver/ros2_ws/install/samuchair_interfaces/local/lib/python3.10/dist-packages/samuchair_interfaces-0.0.0-py3.10.egg-info/PKG-INFO
[2.679s] -- Up-to-date: /home/labserver/ros2_ws/install/samuchair_interfaces/local/lib/python3.10/dist-packages/samuchair_interfaces
[2.679s] -- Up-to-date: /home/labserver/ros2_ws/install/samuchair_interfaces/local/lib/python3.10/dist-packages/samuchair_interfaces/samuchair_interfaces_s__rosidl_typesupport_fastrtps_c.cpython-310-x86_64-linux-gnu.so
[2.685s] -- Up-to-date: /home/labserver/ros2_ws/install/samuchair_interfaces/local/lib/python3.10/dist-packages/samuchair_interfaces/samuchair_interfaces_s__rosidl_typesupport_introspection_c.cpython-310-x86_64-linux-gnu.so
[2.685s] -- Up-to-date: /home/labserver/ros2_ws/install/samuchair_interfaces/local/lib/python3.10/dist-packages/samuchair_interfaces/libsamuchair_interfaces__rosidl_generator_py.so
[2.685s] -- Up-to-date: /home/labserver/ros2_ws/install/samuchair_interfaces/local/lib/python3.10/dist-packages/samuchair_interfaces/samuchair_interfaces_s__rosidl_typesupport_c.cpython-310-x86_64-linux-gnu.so
[2.685s] -- Up-to-date: /home/labserver/ros2_ws/install/samuchair_interfaces/local/lib/python3.10/dist-packages/samuchair_interfaces/srv
[2.689s] -- Up-to-date: /home/labserver/ros2_ws/install/samuchair_interfaces/local/lib/python3.10/dist-packages/samuchair_interfaces/srv/_arduino_motor_s.c
[2.689s] -- Up-to-date: /home/labserver/ros2_ws/install/samuchair_interfaces/local/lib/python3.10/dist-packages/samuchair_interfaces/srv/__init__.py
[2.689s] -- Up-to-date: /home/labserver/ros2_ws/install/samuchair_interfaces/local/lib/python3.10/dist-packages/samuchair_interfaces/srv/_arduino_motor.py
[2.689s] -- Up-to-date: /home/labserver/ros2_ws/install/samuchair_interfaces/local/lib/python3.10/dist-packages/samuchair_interfaces/_samuchair_interfaces_s.ep.rosidl_typesupport_introspection_c.c
[2.689s] -- Up-to-date: /home/labserver/ros2_ws/install/samuchair_interfaces/local/lib/python3.10/dist-packages/samuchair_interfaces/_samuchair_interfaces_s.ep.rosidl_typesupport_fastrtps_c.c
[2.689s] -- Up-to-date: /home/labserver/ros2_ws/install/samuchair_interfaces/local/lib/python3.10/dist-packages/samuchair_interfaces/__init__.py
[2.689s] -- Up-to-date: /home/labserver/ros2_ws/install/samuchair_interfaces/local/lib/python3.10/dist-packages/samuchair_interfaces/_samuchair_interfaces_s.ep.rosidl_typesupport_c.c
[2.765s] Listing '/home/labserver/ros2_ws/install/samuchair_interfaces/local/lib/python3.10/dist-packages/samuchair_interfaces'...
[2.765s] Listing '/home/labserver/ros2_ws/install/samuchair_interfaces/local/lib/python3.10/dist-packages/samuchair_interfaces/srv'...
[2.779s] -- Up-to-date: /home/labserver/ros2_ws/install/samuchair_interfaces/local/lib/python3.10/dist-packages/samuchair_interfaces/samuchair_interfaces_s__rosidl_typesupport_fastrtps_c.cpython-310-x86_64-linux-gnu.so
[2.779s] -- Up-to-date: /home/labserver/ros2_ws/install/samuchair_interfaces/local/lib/python3.10/dist-packages/samuchair_interfaces/samuchair_interfaces_s__rosidl_typesupport_introspection_c.cpython-310-x86_64-linux-gnu.so
[2.779s] -- Up-to-date: /home/labserver/ros2_ws/install/samuchair_interfaces/local/lib/python3.10/dist-packages/samuchair_interfaces/samuchair_interfaces_s__rosidl_typesupport_c.cpython-310-x86_64-linux-gnu.so
[2.779s] -- Up-to-date: /home/labserver/ros2_ws/install/samuchair_interfaces/lib/libsamuchair_interfaces__rosidl_generator_py.so
[2.779s] -- Up-to-date: /home/labserver/ros2_ws/install/samuchair_interfaces/share/samuchair_interfaces/srv/ArduinoMotor.idl
[2.779s] -- Up-to-date: /home/labserver/ros2_ws/install/samuchair_interfaces/share/samuchair_interfaces/srv/ArduinoMotor.srv
[2.779s] -- Up-to-date: /home/labserver/ros2_ws/install/samuchair_interfaces/share/samuchair_interfaces/srv/ArduinoMotor_Request.msg
[2.779s] -- Up-to-date: /home/labserver/ros2_ws/install/samuchair_interfaces/share/samuchair_interfaces/srv/ArduinoMotor_Response.msg
[2.779s] -- Up-to-date: /home/labserver/ros2_ws/install/samuchair_interfaces/share/ament_index/resource_index/package_run_dependencies/samuchair_interfaces
[2.779s] -- Up-to-date: /home/labserver/ros2_ws/install/samuchair_interfaces/share/ament_index/resource_index/parent_prefix_path/samuchair_interfaces
[2.779s] -- Up-to-date: /home/labserver/ros2_ws/install/samuchair_interfaces/share/samuchair_interfaces/environment/ament_prefix_path.sh
[2.780s] -- Up-to-date: /home/labserver/ros2_ws/install/samuchair_interfaces/share/samuchair_interfaces/environment/ament_prefix_path.dsv
[2.780s] -- Up-to-date: /home/labserver/ros2_ws/install/samuchair_interfaces/share/samuchair_interfaces/environment/path.sh
[2.780s] -- Up-to-date: /home/labserver/ros2_ws/install/samuchair_interfaces/share/samuchair_interfaces/environment/path.dsv
[2.783s] -- Up-to-date: /home/labserver/ros2_ws/install/samuchair_interfaces/share/samuchair_interfaces/local_setup.bash
[2.783s] -- Up-to-date: /home/labserver/ros2_ws/install/samuchair_interfaces/share/samuchair_interfaces/local_setup.sh
[2.783s] -- Up-to-date: /home/labserver/ros2_ws/install/samuchair_interfaces/share/samuchair_interfaces/local_setup.zsh
[2.784s] -- Up-to-date: /home/labserver/ros2_ws/install/samuchair_interfaces/share/samuchair_interfaces/local_setup.dsv
[2.786s] -- Installing: /home/labserver/ros2_ws/install/samuchair_interfaces/share/samuchair_interfaces/package.dsv
[2.787s] -- Up-to-date: /home/labserver/ros2_ws/install/samuchair_interfaces/share/ament_index/resource_index/packages/samuchair_interfaces
[2.787s] -- Up-to-date: /home/labserver/ros2_ws/install/samuchair_interfaces/share/samuchair_interfaces/cmake/export_samuchair_interfaces__rosidl_generator_cExport.cmake
[2.787s] -- Up-to-date: /home/labserver/ros2_ws/install/samuchair_interfaces/share/samuchair_interfaces/cmake/export_samuchair_interfaces__rosidl_generator_cExport-noconfig.cmake
[2.787s] -- Up-to-date: /home/labserver/ros2_ws/install/samuchair_interfaces/share/samuchair_interfaces/cmake/export_samuchair_interfaces__rosidl_typesupport_fastrtps_cExport.cmake
[2.787s] -- Up-to-date: /home/labserver/ros2_ws/install/samuchair_interfaces/share/samuchair_interfaces/cmake/export_samuchair_interfaces__rosidl_typesupport_fastrtps_cExport-noconfig.cmake
[2.787s] -- Up-to-date: /home/labserver/ros2_ws/install/samuchair_interfaces/share/samuchair_interfaces/cmake/samuchair_interfaces__rosidl_typesupport_introspection_cExport.cmake
[2.787s] -- Up-to-date: /home/labserver/ros2_ws/install/samuchair_interfaces/share/samuchair_interfaces/cmake/samuchair_interfaces__rosidl_typesupport_introspection_cExport-noconfig.cmake
[2.788s] -- Up-to-date: /home/labserver/ros2_ws/install/samuchair_interfaces/share/samuchair_interfaces/cmake/samuchair_interfaces__rosidl_typesupport_cExport.cmake
[2.788s] -- Up-to-date: /home/labserver/ros2_ws/install/samuchair_interfaces/share/samuchair_interfaces/cmake/samuchair_interfaces__rosidl_typesupport_cExport-noconfig.cmake
[2.795s] -- Up-to-date: /home/labserver/ros2_ws/install/samuchair_interfaces/share/samuchair_interfaces/cmake/export_samuchair_interfaces__rosidl_generator_cppExport.cmake
[2.796s] -- Up-to-date: /home/labserver/ros2_ws/install/samuchair_interfaces/share/samuchair_interfaces/cmake/export_samuchair_interfaces__rosidl_typesupport_fastrtps_cppExport.cmake
[2.796s] -- Up-to-date: /home/labserver/ros2_ws/install/samuchair_interfaces/share/samuchair_interfaces/cmake/export_samuchair_interfaces__rosidl_typesupport_fastrtps_cppExport-noconfig.cmake
[2.796s] -- Up-to-date: /home/labserver/ros2_ws/install/samuchair_interfaces/share/samuchair_interfaces/cmake/samuchair_interfaces__rosidl_typesupport_introspection_cppExport.cmake
[2.796s] -- Up-to-date: /home/labserver/ros2_ws/install/samuchair_interfaces/share/samuchair_interfaces/cmake/samuchair_interfaces__rosidl_typesupport_introspection_cppExport-noconfig.cmake
[2.796s] -- Up-to-date: /home/labserver/ros2_ws/install/samuchair_interfaces/share/samuchair_interfaces/cmake/samuchair_interfaces__rosidl_typesupport_cppExport.cmake
[2.796s] -- Up-to-date: /home/labserver/ros2_ws/install/samuchair_interfaces/share/samuchair_interfaces/cmake/samuchair_interfaces__rosidl_typesupport_cppExport-noconfig.cmake
[2.796s] -- Up-to-date: /home/labserver/ros2_ws/install/samuchair_interfaces/share/samuchair_interfaces/cmake/export_samuchair_interfaces__rosidl_generator_pyExport.cmake
[2.796s] -- Up-to-date: /home/labserver/ros2_ws/install/samuchair_interfaces/share/samuchair_interfaces/cmake/export_samuchair_interfaces__rosidl_generator_pyExport-noconfig.cmake
[2.796s] -- Up-to-date: /home/labserver/ros2_ws/install/samuchair_interfaces/share/samuchair_interfaces/cmake/rosidl_cmake-extras.cmake
[2.796s] -- Up-to-date: /home/labserver/ros2_ws/install/samuchair_interfaces/share/samuchair_interfaces/cmake/ament_cmake_export_include_directories-extras.cmake
[2.796s] -- Up-to-date: /home/labserver/ros2_ws/install/samuchair_interfaces/share/samuchair_interfaces/cmake/ament_cmake_export_libraries-extras.cmake
[2.796s] -- Up-to-date: /home/labserver/ros2_ws/install/samuchair_interfaces/share/samuchair_interfaces/cmake/ament_cmake_export_targets-extras.cmake
[2.796s] -- Up-to-date: /home/labserver/ros2_ws/install/samuchair_interfaces/share/samuchair_interfaces/cmake/rosidl_cmake_export_typesupport_targets-extras.cmake
[2.796s] -- Up-to-date: /home/labserver/ros2_ws/install/samuchair_interfaces/share/samuchair_interfaces/cmake/ament_cmake_export_dependencies-extras.cmake
[2.796s] -- Up-to-date: /home/labserver/ros2_ws/install/samuchair_interfaces/share/samuchair_interfaces/cmake/rosidl_cmake_export_typesupport_libraries-extras.cmake
[2.796s] -- Up-to-date: /home/labserver/ros2_ws/install/samuchair_interfaces/share/samuchair_interfaces/cmake/samuchair_interfacesConfig.cmake
[2.796s] -- Up-to-date: /home/labserver/ros2_ws/install/samuchair_interfaces/share/samuchair_interfaces/cmake/samuchair_interfacesConfig-version.cmake
[2.796s] -- Up-to-date: /home/labserver/ros2_ws/install/samuchair_interfaces/share/samuchair_interfaces/package.xml
[2.803s] Invoked command in '/home/labserver/ros2_ws/build/samuchair_interfaces' returned '0': /usr/bin/cmake --install /home/labserver/ros2_ws/build/samuchair_interfaces
