[1.743s] Invoking command in '/home/labserver/ros2_ws/src/samuchair': PYTHONPATH=/home/labserver/ros2_ws/build/samuchair/prefix_override:/home/labserver/ros2_ws/install/samuchair/lib/python3.10/site-packages:${PYTHONPATH} /usr/bin/python3 setup.py egg_info --egg-base ../../build/samuchair build --build-base /home/labserver/ros2_ws/build/samuchair/build install --record /home/labserver/ros2_ws/build/samuchair/install.log --single-version-externally-managed
[2.074s] running egg_info
[2.123s] writing ../../build/samuchair/samuchair.egg-info/PKG-INFO
[2.123s] writing dependency_links to ../../build/samuchair/samuchair.egg-info/dependency_links.txt
[2.124s] writing entry points to ../../build/samuchair/samuchair.egg-info/entry_points.txt
[2.124s] writing requirements to ../../build/samuchair/samuchair.egg-info/requires.txt
[2.124s] writing top-level names to ../../build/samuchair/samuchair.egg-info/top_level.txt
[2.434s] reading manifest file '../../build/samuchair/samuchair.egg-info/SOURCES.txt'
[2.436s] writing manifest file '../../build/samuchair/samuchair.egg-info/SOURCES.txt'
[2.438s] running build
[2.440s] running build_py
[2.440s] copying samuchair/arduinoNode.py -> /home/labserver/ros2_ws/build/samuchair/build/lib/samuchair
[2.441s] copying samuchair/webcamNode.py -> /home/labserver/ros2_ws/build/samuchair/build/lib/samuchair
[2.445s] copying samuchair/secondarytaskNode.py -> /home/labserver/ros2_ws/build/samuchair/build/lib/samuchair
[2.445s] copying samuchair/ComJoystickManual.py -> /home/labserver/ros2_ws/build/samuchair/build/lib/samuchair
[2.445s] copying samuchair/Webcam.py -> /home/labserver/ros2_ws/build/samuchair/build/lib/samuchair
[2.445s] copying samuchair/esp32Node.py -> /home/labserver/ros2_ws/build/samuchair/build/lib/samuchair
[2.445s] copying samuchair/esp32Node_old.py -> /home/labserver/ros2_ws/build/samuchair/build/lib/samuchair
[2.445s] copying samuchair/testArduinoNode.py -> /home/labserver/ros2_ws/build/samuchair/build/lib/samuchair
[2.445s] copying samuchair/__init__.py -> /home/labserver/ros2_ws/build/samuchair/build/lib/samuchair
[2.447s] copying samuchair/SecondaryTask.py -> /home/labserver/ros2_ws/build/samuchair/build/lib/samuchair
[2.449s] copying samuchair/ComESP32.py -> /home/labserver/ros2_ws/build/samuchair/build/lib/samuchair
[2.449s] running install
[2.450s] /home/labserver/.local/lib/python3.10/site-packages/setuptools/_distutils/cmd.py:66: SetuptoolsDeprecationWarning: setup.py install is deprecated.
[2.450s] !!
[2.450s] 
[2.450s]         ********************************************************************************
[2.450s]         Please avoid running ``setup.py`` directly.
[2.450s]         Instead, use pypa/build, pypa/installer or other
[2.450s]         standards-based tools.
[2.450s] 
[2.455s]         See https://blog.ganssle.io/articles/2021/10/setup-py-deprecated.html for details.
[2.455s]         ********************************************************************************
[2.455s] 
[2.455s] !!
[2.455s]   self.initialize_options()
[2.462s] running install_lib
[2.492s] copying /home/labserver/ros2_ws/build/samuchair/build/lib/samuchair/testArduinoNode.py -> /home/labserver/ros2_ws/install/samuchair/lib/python3.10/site-packages/samuchair
[2.498s] byte-compiling /home/labserver/ros2_ws/install/samuchair/lib/python3.10/site-packages/samuchair/testArduinoNode.py to testArduinoNode.cpython-310.pyc
[2.503s] running install_data
[2.538s] copying resource/samuchair -> /home/labserver/ros2_ws/install/samuchair/share/ament_index/resource_index/packages
[2.539s] copying package.xml -> /home/labserver/ros2_ws/install/samuchair/share/samuchair
[2.539s] running install_egg_info
[2.585s] removing '/home/labserver/ros2_ws/install/samuchair/lib/python3.10/site-packages/samuchair-0.0.0-py3.10.egg-info' (and everything under it)
[2.589s] Copying ../../build/samuchair/samuchair.egg-info to /home/labserver/ros2_ws/install/samuchair/lib/python3.10/site-packages/samuchair-0.0.0-py3.10.egg-info
[2.589s] running install_scripts
[2.765s] Installing arduinoNode script to /home/labserver/ros2_ws/install/samuchair/lib/samuchair
[2.767s] Installing esp32Node script to /home/labserver/ros2_ws/install/samuchair/lib/samuchair
[2.770s] Installing secondarytaskNode script to /home/labserver/ros2_ws/install/samuchair/lib/samuchair
[2.776s] Installing testArduinoNode script to /home/labserver/ros2_ws/install/samuchair/lib/samuchair
[2.782s] Installing webcamNode script to /home/labserver/ros2_ws/install/samuchair/lib/samuchair
[2.782s] writing list of installed files to '/home/labserver/ros2_ws/build/samuchair/install.log'
[2.998s] Invoked command in '/home/labserver/ros2_ws/src/samuchair' returned '0': PYTHONPATH=/home/labserver/ros2_ws/build/samuchair/prefix_override:/home/labserver/ros2_ws/install/samuchair/lib/python3.10/site-packages:${PYTHONPATH} /usr/bin/python3 setup.py egg_info --egg-base ../../build/samuchair build --build-base /home/labserver/ros2_ws/build/samuchair/build install --record /home/labserver/ros2_ws/build/samuchair/install.log --single-version-externally-managed
