[1.571s] Invoking command in '/home/labserver/ros2_ws/src/samuchair': PYTHONPATH=/home/labserver/ros2_ws/build/samuchair/prefix_override:/home/labserver/ros2_ws/install/samuchair/lib/python3.10/site-packages:${PYTHONPATH} /usr/bin/python3 setup.py egg_info --egg-base ../../build/samuchair build --build-base /home/labserver/ros2_ws/build/samuchair/build install --record /home/labserver/ros2_ws/build/samuchair/install.log --single-version-externally-managed
[1.838s] running egg_info
[1.866s] writing ../../build/samuchair/samuchair.egg-info/PKG-INFO
[1.870s] writing dependency_links to ../../build/samuchair/samuchair.egg-info/dependency_links.txt
[1.870s] writing entry points to ../../build/samuchair/samuchair.egg-info/entry_points.txt
[1.871s] writing requirements to ../../build/samuchair/samuchair.egg-info/requires.txt
[1.872s] writing top-level names to ../../build/samuchair/samuchair.egg-info/top_level.txt
[2.106s] reading manifest file '../../build/samuchair/samuchair.egg-info/SOURCES.txt'
[2.107s] writing manifest file '../../build/samuchair/samuchair.egg-info/SOURCES.txt'
[2.107s] running build
[2.108s] running build_py
[2.108s] copying samuchair/esp32Node.py -> /home/labserver/ros2_ws/build/samuchair/build/lib/samuchair
[2.108s] copying samuchair/esp32Node_old.py -> /home/labserver/ros2_ws/build/samuchair/build/lib/samuchair
[2.109s] copying samuchair/__init__.py -> /home/labserver/ros2_ws/build/samuchair/build/lib/samuchair
[2.109s] copying samuchair/ComESP32.py -> /home/labserver/ros2_ws/build/samuchair/build/lib/samuchair
[2.109s] running install
[2.112s] /home/labserver/.local/lib/python3.10/site-packages/setuptools/_distutils/cmd.py:66: SetuptoolsDeprecationWarning: setup.py install is deprecated.
[2.112s] !!
[2.112s] 
[2.112s]         ********************************************************************************
[2.112s]         Please avoid running ``setup.py`` directly.
[2.112s]         Instead, use pypa/build, pypa/installer or other
[2.112s]         standards-based tools.
[2.112s] 
[2.112s]         See https://blog.ganssle.io/articles/2021/10/setup-py-deprecated.html for details.
[2.113s]         ********************************************************************************
[2.113s] 
[2.113s] !!
[2.113s]   self.initialize_options()
[2.116s] running install_lib
[2.134s] copying /home/labserver/ros2_ws/build/samuchair/build/lib/samuchair/esp32Node.py -> /home/labserver/ros2_ws/install/samuchair/lib/python3.10/site-packages/samuchair
[2.134s] copying /home/labserver/ros2_ws/build/samuchair/build/lib/samuchair/ComESP32.py -> /home/labserver/ros2_ws/install/samuchair/lib/python3.10/site-packages/samuchair
[2.137s] byte-compiling /home/labserver/ros2_ws/install/samuchair/lib/python3.10/site-packages/samuchair/esp32Node.py to esp32Node.cpython-310.pyc
[2.139s] byte-compiling /home/labserver/ros2_ws/install/samuchair/lib/python3.10/site-packages/samuchair/ComESP32.py to ComESP32.cpython-310.pyc
[2.140s] running install_data
[2.162s] copying resource/samuchair -> /home/labserver/ros2_ws/install/samuchair/share/ament_index/resource_index/packages
[2.162s] copying package.xml -> /home/labserver/ros2_ws/install/samuchair/share/samuchair
[2.163s] running install_egg_info
[2.184s] removing '/home/labserver/ros2_ws/install/samuchair/lib/python3.10/site-packages/samuchair-0.0.0-py3.10.egg-info' (and everything under it)
[2.184s] Copying ../../build/samuchair/samuchair.egg-info to /home/labserver/ros2_ws/install/samuchair/lib/python3.10/site-packages/samuchair-0.0.0-py3.10.egg-info
[2.187s] running install_scripts
[2.241s] Installing esp32Node script to /home/labserver/ros2_ws/install/samuchair/lib/samuchair
[2.242s] writing list of installed files to '/home/labserver/ros2_ws/build/samuchair/install.log'
[2.289s] Invoked command in '/home/labserver/ros2_ws/src/samuchair' returned '0': PYTHONPATH=/home/labserver/ros2_ws/build/samuchair/prefix_override:/home/labserver/ros2_ws/install/samuchair/lib/python3.10/site-packages:${PYTHONPATH} /usr/bin/python3 setup.py egg_info --egg-base ../../build/samuchair build --build-base /home/labserver/ros2_ws/build/samuchair/build install --record /home/labserver/ros2_ws/build/samuchair/install.log --single-version-externally-managed
