[2.750s] Invoking command in '/home/labserver/ros2_ws/src/samuchair': PYTHONPATH=/home/labserver/ros2_ws/build/samuchair/prefix_override:/home/labserver/ros2_ws/install/samuchair/lib/python3.10/site-packages:${PYTHONPATH} /usr/bin/python3 setup.py egg_info --egg-base ../../build/samuchair build --build-base /home/labserver/ros2_ws/build/samuchair/build install --record /home/labserver/ros2_ws/build/samuchair/install.log --single-version-externally-managed
[3.435s] running egg_info
[3.524s] writing ../../build/samuchair/samuchair.egg-info/PKG-INFO
[3.526s] writing dependency_links to ../../build/samuchair/samuchair.egg-info/dependency_links.txt
[3.541s] writing entry points to ../../build/samuchair/samuchair.egg-info/entry_points.txt
[3.541s] writing requirements to ../../build/samuchair/samuchair.egg-info/requires.txt
[3.542s] writing top-level names to ../../build/samuchair/samuchair.egg-info/top_level.txt
[3.938s] reading manifest file '../../build/samuchair/samuchair.egg-info/SOURCES.txt'
[3.941s] writing manifest file '../../build/samuchair/samuchair.egg-info/SOURCES.txt'
[3.946s] running build
[3.946s] running build_py
[3.946s] copying samuchair/arduinoNode.py -> /home/labserver/ros2_ws/build/samuchair/build/lib/samuchair
[3.947s] copying samuchair/movilNode.py -> /home/labserver/ros2_ws/build/samuchair/build/lib/samuchair
[3.949s] copying samuchair/webcamNode.py -> /home/labserver/ros2_ws/build/samuchair/build/lib/samuchair
[3.952s] copying samuchair/tactilesNode.py -> /home/labserver/ros2_ws/build/samuchair/build/lib/samuchair
[3.958s] copying samuchair/secondarytaskNode.py -> /home/labserver/ros2_ws/build/samuchair/build/lib/samuchair
[3.958s] copying samuchair/ComJoystickManual.py -> /home/labserver/ros2_ws/build/samuchair/build/lib/samuchair
[3.958s] copying samuchair/Webcam.py -> /home/labserver/ros2_ws/build/samuchair/build/lib/samuchair
[3.958s] copying samuchair/esp32Node.py -> /home/labserver/ros2_ws/build/samuchair/build/lib/samuchair
[3.958s] copying samuchair/esp32Node_old.py -> /home/labserver/ros2_ws/build/samuchair/build/lib/samuchair
[3.962s] copying samuchair/testArduinoNode.py -> /home/labserver/ros2_ws/build/samuchair/build/lib/samuchair
[3.962s] copying samuchair/__init__.py -> /home/labserver/ros2_ws/build/samuchair/build/lib/samuchair
[3.973s] /home/labserver/.local/lib/python3.10/site-packages/setuptools/_distutils/cmd.py:66: SetuptoolsDeprecationWarning: setup.py install is deprecated.
[3.973s] !!
[3.973s] 
[3.973s]         ********************************************************************************
[3.974s]         Please avoid running ``setup.py`` directly.
[3.974s]         Instead, use pypa/build, pypa/installer or other
[3.974s]         standards-based tools.
[3.974s] 
[3.974s]         See https://blog.ganssle.io/articles/2021/10/setup-py-deprecated.html for details.
[3.974s]         ********************************************************************************
[3.974s] 
[3.974s] !!
[3.974s]   self.initialize_options()
[3.974s] copying samuchair/SecondaryTask.py -> /home/labserver/ros2_ws/build/samuchair/build/lib/samuchair
[3.975s] copying samuchair/ComESP32.py -> /home/labserver/ros2_ws/build/samuchair/build/lib/samuchair
[3.975s] running install
[3.987s] running install_lib
[4.013s] copying /home/labserver/ros2_ws/build/samuchair/build/lib/samuchair/movilNode.py -> /home/labserver/ros2_ws/install/samuchair/lib/python3.10/site-packages/samuchair
[4.014s] byte-compiling /home/labserver/ros2_ws/install/samuchair/lib/python3.10/site-packages/samuchair/movilNode.py to movilNode.cpython-310.pyc
[4.017s] running install_data
[4.037s] copying launch/record_samuchair.launch.py -> /home/labserver/ros2_ws/install/samuchair/share/samuchair/launch
[4.038s] copying launch/samuchair.launch.py -> /home/labserver/ros2_ws/install/samuchair/share/samuchair/launch
[4.038s] copying resource/samuchair -> /home/labserver/ros2_ws/install/samuchair/share/ament_index/resource_index/packages
[4.038s] copying package.xml -> /home/labserver/ros2_ws/install/samuchair/share/samuchair
[4.038s] running install_egg_info
[4.063s] removing '/home/labserver/ros2_ws/install/samuchair/lib/python3.10/site-packages/samuchair-0.0.0-py3.10.egg-info' (and everything under it)
[4.064s] Copying ../../build/samuchair/samuchair.egg-info to /home/labserver/ros2_ws/install/samuchair/lib/python3.10/site-packages/samuchair-0.0.0-py3.10.egg-info
[4.070s] running install_scripts
[4.156s] Installing arduinoNode script to /home/labserver/ros2_ws/install/samuchair/lib/samuchair
[4.157s] Installing esp32Node script to /home/labserver/ros2_ws/install/samuchair/lib/samuchair
[4.159s] Installing movilNode script to /home/labserver/ros2_ws/install/samuchair/lib/samuchair
[4.159s] Installing secondarytaskNode script to /home/labserver/ros2_ws/install/samuchair/lib/samuchair
[4.160s] Installing tactilesNode script to /home/labserver/ros2_ws/install/samuchair/lib/samuchair
[4.161s] Installing testArduinoNode script to /home/labserver/ros2_ws/install/samuchair/lib/samuchair
[4.162s] Installing webcamNode script to /home/labserver/ros2_ws/install/samuchair/lib/samuchair
[4.168s] writing list of installed files to '/home/labserver/ros2_ws/build/samuchair/install.log'
[4.240s] Invoked command in '/home/labserver/ros2_ws/src/samuchair' returned '0': PYTHONPATH=/home/labserver/ros2_ws/build/samuchair/prefix_override:/home/labserver/ros2_ws/install/samuchair/lib/python3.10/site-packages:${PYTHONPATH} /usr/bin/python3 setup.py egg_info --egg-base ../../build/samuchair build --build-base /home/labserver/ros2_ws/build/samuchair/build install --record /home/labserver/ros2_ws/build/samuchair/install.log --single-version-externally-managed
