[4.835s] Invoking command in '/home/labserver/ros2_ws/src/prueba': PYTHONPATH=/home/labserver/ros2_ws/build/prueba/prefix_override:/home/labserver/ros2_ws/install/prueba/lib/python3.10/site-packages:${PYTHONPATH} /usr/bin/python3 setup.py egg_info --egg-base ../../build/prueba build --build-base /home/labserver/ros2_ws/build/prueba/build install --record /home/labserver/ros2_ws/build/prueba/install.log --single-version-externally-managed
[5.667s] running egg_info
[5.725s] writing ../../build/prueba/prueba.egg-info/PKG-INFO
[5.727s] writing dependency_links to ../../build/prueba/prueba.egg-info/dependency_links.txt
[5.732s] writing entry points to ../../build/prueba/prueba.egg-info/entry_points.txt
[5.734s] writing requirements to ../../build/prueba/prueba.egg-info/requires.txt
[5.738s] writing top-level names to ../../build/prueba/prueba.egg-info/top_level.txt
[6.291s] reading manifest file '../../build/prueba/prueba.egg-info/SOURCES.txt'
[6.293s] writing manifest file '../../build/prueba/prueba.egg-info/SOURCES.txt'
[6.293s] running build
[6.294s] running build_py
[6.294s] copying prueba/prueba.py -> /home/labserver/ros2_ws/build/prueba/build/lib/prueba
[6.296s] copying prueba/listener.py -> /home/labserver/ros2_ws/build/prueba/build/lib/prueba
[6.296s] copying prueba/__init__.py -> /home/labserver/ros2_ws/build/prueba/build/lib/prueba
[6.298s] running install
[6.300s] /home/labserver/.local/lib/python3.10/site-packages/setuptools/_distutils/cmd.py:66: SetuptoolsDeprecationWarning: setup.py install is deprecated.
[6.300s] !!
[6.302s] 
[6.302s]         ********************************************************************************
[6.302s]         Please avoid running ``setup.py`` directly.
[6.302s]         Instead, use pypa/build, pypa/installer or other
[6.302s]         standards-based tools.
[6.303s] 
[6.305s]         See https://blog.ganssle.io/articles/2021/10/setup-py-deprecated.html for details.
[6.305s]         ********************************************************************************
[6.305s] 
[6.305s] !!
[6.306s]   self.initialize_options()
[6.318s] running install_lib
[6.388s] running install_data
[6.537s] copying resource/prueba -> /home/labserver/ros2_ws/install/prueba/share/ament_index/resource_index/packages
[6.552s] copying package.xml -> /home/labserver/ros2_ws/install/prueba/share/prueba
[6.553s] running install_egg_info
[6.677s] removing '/home/labserver/ros2_ws/install/prueba/lib/python3.10/site-packages/prueba-0.0.0-py3.10.egg-info' (and everything under it)
[6.680s] Copying ../../build/prueba/prueba.egg-info to /home/labserver/ros2_ws/install/prueba/lib/python3.10/site-packages/prueba-0.0.0-py3.10.egg-info
[6.686s] running install_scripts
[7.199s] Installing listener script to /home/labserver/ros2_ws/install/prueba/lib/prueba
[7.201s] Installing talker script to /home/labserver/ros2_ws/install/prueba/lib/prueba
[7.205s] writing list of installed files to '/home/labserver/ros2_ws/build/prueba/install.log'
[7.418s] Invoked command in '/home/labserver/ros2_ws/src/prueba' returned '0': PYTHONPATH=/home/labserver/ros2_ws/build/prueba/prefix_override:/home/labserver/ros2_ws/install/prueba/lib/python3.10/site-packages:${PYTHONPATH} /usr/bin/python3 setup.py egg_info --egg-base ../../build/prueba build --build-base /home/labserver/ros2_ws/build/prueba/build install --record /home/labserver/ros2_ws/build/prueba/install.log --single-version-externally-managed
