[1.326s] Invoking command in '/home/labserver/ros2_ws/src/samuchair': PYTHONPATH=/home/labserver/ros2_ws/build/samuchair/prefix_override:/home/labserver/ros2_ws/install/samuchair/lib/python3.10/site-packages:${PYTHONPATH} /usr/bin/python3 setup.py egg_info --egg-base ../../build/samuchair build --build-base /home/labserver/ros2_ws/build/samuchair/build install --record /home/labserver/ros2_ws/build/samuchair/install.log --single-version-externally-managed
[1.586s] running egg_info
[1.604s] writing ../../build/samuchair/samuchair.egg-info/PKG-INFO
[1.606s] writing dependency_links to ../../build/samuchair/samuchair.egg-info/dependency_links.txt
[1.607s] writing entry points to ../../build/samuchair/samuchair.egg-info/entry_points.txt
[1.609s] writing requirements to ../../build/samuchair/samuchair.egg-info/requires.txt
[1.610s] writing top-level names to ../../build/samuchair/samuchair.egg-info/top_level.txt
[1.782s] reading manifest file '../../build/samuchair/samuchair.egg-info/SOURCES.txt'
[1.783s] writing manifest file '../../build/samuchair/samuchair.egg-info/SOURCES.txt'
[1.783s] running build
[1.783s] running build_py
[1.784s] copying samuchair/webcamNode.py -> /home/labserver/ros2_ws/build/samuchair/build/lib/samuchair
[1.784s] copying samuchair/secondarytaskNode.py -> /home/labserver/ros2_ws/build/samuchair/build/lib/samuchair
[1.785s] copying samuchair/Webcam.py -> /home/labserver/ros2_ws/build/samuchair/build/lib/samuchair
[1.785s] copying samuchair/esp32Node.py -> /home/labserver/ros2_ws/build/samuchair/build/lib/samuchair
[1.785s] copying samuchair/esp32Node_old.py -> /home/labserver/ros2_ws/build/samuchair/build/lib/samuchair
[1.785s] copying samuchair/__init__.py -> /home/labserver/ros2_ws/build/samuchair/build/lib/samuchair
[1.786s] copying samuchair/SecondaryTask.py -> /home/labserver/ros2_ws/build/samuchair/build/lib/samuchair
[1.786s] copying samuchair/ComESP32.py -> /home/labserver/ros2_ws/build/samuchair/build/lib/samuchair
[1.787s] running install
[1.787s] /home/labserver/.local/lib/python3.10/site-packages/setuptools/_distutils/cmd.py:66: SetuptoolsDeprecationWarning: setup.py install is deprecated.
[1.787s] !!
[1.787s] 
[1.787s]         ********************************************************************************
[1.787s]         Please avoid running ``setup.py`` directly.
[1.787s]         Instead, use pypa/build, pypa/installer or other
[1.788s]         standards-based tools.
[1.788s] 
[1.788s]         See https://blog.ganssle.io/articles/2021/10/setup-py-deprecated.html for details.
[1.788s]         ********************************************************************************
[1.788s] 
[1.788s] !!
[1.788s]   self.initialize_options()
[1.792s] running install_lib
[1.810s] copying /home/labserver/ros2_ws/build/samuchair/build/lib/samuchair/secondarytaskNode.py -> /home/labserver/ros2_ws/install/samuchair/lib/python3.10/site-packages/samuchair
[1.810s] byte-compiling /home/labserver/ros2_ws/install/samuchair/lib/python3.10/site-packages/samuchair/secondarytaskNode.py to secondarytaskNode.cpython-310.pyc
[1.813s] running install_data
[1.831s] copying resource/samuchair -> /home/labserver/ros2_ws/install/samuchair/share/ament_index/resource_index/packages
[1.831s] copying package.xml -> /home/labserver/ros2_ws/install/samuchair/share/samuchair
[1.831s] running install_egg_info
[1.849s] removing '/home/labserver/ros2_ws/install/samuchair/lib/python3.10/site-packages/samuchair-0.0.0-py3.10.egg-info' (and everything under it)
[1.850s] Copying ../../build/samuchair/samuchair.egg-info to /home/labserver/ros2_ws/install/samuchair/lib/python3.10/site-packages/samuchair-0.0.0-py3.10.egg-info
[1.851s] running install_scripts
[1.915s] Installing esp32Node script to /home/labserver/ros2_ws/install/samuchair/lib/samuchair
[1.916s] Installing secondarytaskNode script to /home/labserver/ros2_ws/install/samuchair/lib/samuchair
[1.916s] Installing webcamNode script to /home/labserver/ros2_ws/install/samuchair/lib/samuchair
[1.917s] writing list of installed files to '/home/labserver/ros2_ws/build/samuchair/install.log'
[1.965s] Invoked command in '/home/labserver/ros2_ws/src/samuchair' returned '0': PYTHONPATH=/home/labserver/ros2_ws/build/samuchair/prefix_override:/home/labserver/ros2_ws/install/samuchair/lib/python3.10/site-packages:${PYTHONPATH} /usr/bin/python3 setup.py egg_info --egg-base ../../build/samuchair build --build-base /home/labserver/ros2_ws/build/samuchair/build install --record /home/labserver/ros2_ws/build/samuchair/install.log --single-version-externally-managed
