[8.246s] Invoking command in '/home/labserver/ros2_ws/src/samuchair': PYTHONPATH=/home/labserver/ros2_ws/build/samuchair/prefix_override:/home/labserver/ros2_ws/install/samuchair/lib/python3.10/site-packages:${PYTHONPATH} /usr/bin/python3 setup.py egg_info --egg-base ../../build/samuchair build --build-base /home/labserver/ros2_ws/build/samuchair/build install --record /home/labserver/ros2_ws/build/samuchair/install.log --single-version-externally-managed
[9.761s] running egg_info
[9.918s] writing ../../build/samuchair/samuchair.egg-info/PKG-INFO
[9.928s] writing dependency_links to ../../build/samuchair/samuchair.egg-info/dependency_links.txt
[9.928s] writing entry points to ../../build/samuchair/samuchair.egg-info/entry_points.txt
[9.937s] writing requirements to ../../build/samuchair/samuchair.egg-info/requires.txt
[9.937s] writing top-level names to ../../build/samuchair/samuchair.egg-info/top_level.txt
[11.136s] reading manifest file '../../build/samuchair/samuchair.egg-info/SOURCES.txt'
[11.144s] writing manifest file '../../build/samuchair/samuchair.egg-info/SOURCES.txt'
[11.144s] running build
[11.144s] running build_py
[11.144s] copying samuchair/arduinoNode.py -> /home/labserver/ros2_ws/build/samuchair/build/lib/samuchair
[11.155s] copying samuchair/webcamNode.py -> /home/labserver/ros2_ws/build/samuchair/build/lib/samuchair
[11.156s] copying samuchair/secondarytaskNode.py -> /home/labserver/ros2_ws/build/samuchair/build/lib/samuchair
[11.156s] copying samuchair/ComJoystickManual.py -> /home/labserver/ros2_ws/build/samuchair/build/lib/samuchair
[11.156s] copying samuchair/Webcam.py -> /home/labserver/ros2_ws/build/samuchair/build/lib/samuchair
[11.156s] copying samuchair/esp32Node.py -> /home/labserver/ros2_ws/build/samuchair/build/lib/samuchair
[11.174s] copying samuchair/esp32Node_old.py -> /home/labserver/ros2_ws/build/samuchair/build/lib/samuchair
[11.175s] /home/labserver/.local/lib/python3.10/site-packages/setuptools/_distutils/cmd.py:66: SetuptoolsDeprecationWarning: setup.py install is deprecated.
[11.175s] !!
[11.175s] 
[11.175s]         ********************************************************************************
[11.175s]         Please avoid running ``setup.py`` directly.
[11.175s]         Instead, use pypa/build, pypa/installer or other
[11.175s]         standards-based tools.
[11.176s] 
[11.176s]         See https://blog.ganssle.io/articles/2021/10/setup-py-deprecated.html for details.
[11.176s]         ********************************************************************************
[11.176s] 
[11.176s] !!
[11.176s]   self.initialize_options()
[11.176s] copying samuchair/__init__.py -> /home/labserver/ros2_ws/build/samuchair/build/lib/samuchair
[11.176s] copying samuchair/SecondaryTask.py -> /home/labserver/ros2_ws/build/samuchair/build/lib/samuchair
[11.177s] copying samuchair/ComESP32.py -> /home/labserver/ros2_ws/build/samuchair/build/lib/samuchair
[11.177s] running install
[11.199s] running install_lib
[11.349s] copying /home/labserver/ros2_ws/build/samuchair/build/lib/samuchair/arduinoNode.py -> /home/labserver/ros2_ws/install/samuchair/lib/python3.10/site-packages/samuchair
[11.352s] byte-compiling /home/labserver/ros2_ws/install/samuchair/lib/python3.10/site-packages/samuchair/arduinoNode.py to arduinoNode.cpython-310.pyc
[11.372s] running install_data
[11.504s] copying resource/samuchair -> /home/labserver/ros2_ws/install/samuchair/share/ament_index/resource_index/packages
[11.504s] copying package.xml -> /home/labserver/ros2_ws/install/samuchair/share/samuchair
[11.504s] running install_egg_info
[11.652s] removing '/home/labserver/ros2_ws/install/samuchair/lib/python3.10/site-packages/samuchair-0.0.0-py3.10.egg-info' (and everything under it)
[11.664s] Copying ../../build/samuchair/samuchair.egg-info to /home/labserver/ros2_ws/install/samuchair/lib/python3.10/site-packages/samuchair-0.0.0-py3.10.egg-info
[11.674s] running install_scripts
[11.929s] Installing arduinoNode script to /home/labserver/ros2_ws/install/samuchair/lib/samuchair
[11.932s] Installing esp32Node script to /home/labserver/ros2_ws/install/samuchair/lib/samuchair
[11.935s] Installing secondarytaskNode script to /home/labserver/ros2_ws/install/samuchair/lib/samuchair
[11.938s] Installing webcamNode script to /home/labserver/ros2_ws/install/samuchair/lib/samuchair
[11.942s] writing list of installed files to '/home/labserver/ros2_ws/build/samuchair/install.log'
[12.087s] Invoked command in '/home/labserver/ros2_ws/src/samuchair' returned '0': PYTHONPATH=/home/labserver/ros2_ws/build/samuchair/prefix_override:/home/labserver/ros2_ws/install/samuchair/lib/python3.10/site-packages:${PYTHONPATH} /usr/bin/python3 setup.py egg_info --egg-base ../../build/samuchair build --build-base /home/labserver/ros2_ws/build/samuchair/build install --record /home/labserver/ros2_ws/build/samuchair/install.log --single-version-externally-managed
