[0.897s] Invoking command in '/home/labserver/ros2_ws/build/my_robot_controller': PYTHONPATH=/home/labserver/ros2_ws/build/my_robot_controller/prefix_override:/home/labserver/ros2_ws/install/my_robot_controller/lib/python3.10/site-packages:${PYTHONPATH} /usr/bin/python3 setup.py develop --uninstall --editable --build-directory /home/labserver/ros2_ws/build/my_robot_controller/build
[1.209s] running develop
[1.392s] Removing /home/labserver/ros2_ws/install/my_robot_controller/lib/python3.10/site-packages/my-robot-controller.egg-link (link to .)
[1.427s] Invoked command in '/home/labserver/ros2_ws/build/my_robot_controller' returned '0': PYTHONPATH=/home/labserver/ros2_ws/build/my_robot_controller/prefix_override:/home/labserver/ros2_ws/install/my_robot_controller/lib/python3.10/site-packages:${PYTHONPATH} /usr/bin/python3 setup.py develop --uninstall --editable --build-directory /home/labserver/ros2_ws/build/my_robot_controller/build
[1.429s] Invoking command in '/home/labserver/ros2_ws/src/my_robot_controller': PYTHONPATH=/home/labserver/ros2_ws/build/my_robot_controller/prefix_override:/home/labserver/ros2_ws/install/my_robot_controller/lib/python3.10/site-packages:${PYTHONPATH} /usr/bin/python3 setup.py egg_info --egg-base ../../build/my_robot_controller build --build-base /home/labserver/ros2_ws/build/my_robot_controller/build install --record /home/labserver/ros2_ws/build/my_robot_controller/install.log --single-version-externally-managed
[1.718s] running egg_info
[1.719s] writing ../../build/my_robot_controller/my_robot_controller.egg-info/PKG-INFO
[1.720s] writing dependency_links to ../../build/my_robot_controller/my_robot_controller.egg-info/dependency_links.txt
[1.720s] writing entry points to ../../build/my_robot_controller/my_robot_controller.egg-info/entry_points.txt
[1.721s] writing requirements to ../../build/my_robot_controller/my_robot_controller.egg-info/requires.txt
[1.721s] writing top-level names to ../../build/my_robot_controller/my_robot_controller.egg-info/top_level.txt
[1.724s] reading manifest file '../../build/my_robot_controller/my_robot_controller.egg-info/SOURCES.txt'
[1.726s] writing manifest file '../../build/my_robot_controller/my_robot_controller.egg-info/SOURCES.txt'
[1.726s] running build
[1.726s] running build_py
[1.726s] running install
[1.727s] running install_lib
[1.728s] creating /home/labserver/ros2_ws/install/my_robot_controller/lib/python3.10/site-packages/my_robot_controller
[1.728s] copying /home/labserver/ros2_ws/build/my_robot_controller/build/lib/my_robot_controller/my_first_node.py -> /home/labserver/ros2_ws/install/my_robot_controller/lib/python3.10/site-packages/my_robot_controller
[1.728s] copying /home/labserver/ros2_ws/build/my_robot_controller/build/lib/my_robot_controller/__init__.py -> /home/labserver/ros2_ws/install/my_robot_controller/lib/python3.10/site-packages/my_robot_controller
[1.729s] byte-compiling /home/labserver/ros2_ws/install/my_robot_controller/lib/python3.10/site-packages/my_robot_controller/my_first_node.py to my_first_node.cpython-310.pyc
[1.729s] byte-compiling /home/labserver/ros2_ws/install/my_robot_controller/lib/python3.10/site-packages/my_robot_controller/__init__.py to __init__.cpython-310.pyc
[1.730s] running install_data
[1.730s] running install_egg_info
[1.732s] Copying ../../build/my_robot_controller/my_robot_controller.egg-info to /home/labserver/ros2_ws/install/my_robot_controller/lib/python3.10/site-packages/my_robot_controller-0.0.0-py3.10.egg-info
[1.733s] running install_scripts
[1.757s] Installing test_node script to /home/labserver/ros2_ws/install/my_robot_controller/lib/my_robot_controller
[1.758s] writing list of installed files to '/home/labserver/ros2_ws/build/my_robot_controller/install.log'
[1.788s] Invoked command in '/home/labserver/ros2_ws/src/my_robot_controller' returned '0': PYTHONPATH=/home/labserver/ros2_ws/build/my_robot_controller/prefix_override:/home/labserver/ros2_ws/install/my_robot_controller/lib/python3.10/site-packages:${PYTHONPATH} /usr/bin/python3 setup.py egg_info --egg-base ../../build/my_robot_controller build --build-base /home/labserver/ros2_ws/build/my_robot_controller/build install --record /home/labserver/ros2_ws/build/my_robot_controller/install.log --single-version-externally-managed
