[1.207s] DEBUG:colcon:Command line arguments: ['/usr/bin/colcon', 'build']
[1.207s] DEBUG:colcon:Parsed command line arguments: Namespace(log_base=None, log_level=None, verb_name='build', build_base='build', install_base='install', merge_install=False, symlink_install=False, test_result_base=None, continue_on_error=False, executor='parallel', parallel_workers=2, event_handlers=None, ignore_user_meta=False, metas=['./colcon.meta'], base_paths=['.'], packages_ignore=None, packages_ignore_regex=None, paths=None, packages_up_to=None, packages_up_to_regex=None, packages_above=None, packages_above_and_dependencies=None, packages_above_depth=None, packages_select_by_dep=None, packages_skip_by_dep=None, packages_skip_up_to=None, packages_select_build_failed=False, packages_skip_build_finished=False, packages_select_test_failures=False, packages_skip_test_passed=False, packages_select=None, packages_skip=None, packages_select_regex=None, packages_skip_regex=None, packages_start=None, packages_end=None, allow_overriding=[], cmake_args=None, cmake_target=None, cmake_target_skip_unavailable=False, cmake_clean_cache=False, cmake_clean_first=False, cmake_force_configure=False, ament_cmake_args=None, catkin_cmake_args=None, catkin_skip_building_tests=False, verb_parser=<colcon_defaults.argument_parser.defaults.DefaultArgumentsDecorator object at 0x792bd1a74850>, verb_extension=<colcon_core.verb.build.BuildVerb object at 0x792bd1ee3f40>, main=<bound method BuildVerb.main of <colcon_core.verb.build.BuildVerb object at 0x792bd1ee3f40>>)
[1.270s] Level 1:colcon.colcon_core.package_discovery:discover_packages(colcon_meta) check parameters
[1.270s] Level 1:colcon.colcon_core.package_discovery:discover_packages(recursive) check parameters
[1.271s] Level 1:colcon.colcon_core.package_discovery:discover_packages(ignore) check parameters
[1.271s] Level 1:colcon.colcon_core.package_discovery:discover_packages(path) check parameters
[1.271s] Level 1:colcon.colcon_core.package_discovery:discover_packages(colcon_meta) discover
[1.271s] Level 1:colcon.colcon_core.package_discovery:discover_packages(recursive) discover
[1.271s] INFO:colcon.colcon_core.package_discovery:Crawling recursively for packages in '/home/labserver/ros2_ws'
[1.271s] Level 1:colcon.colcon_core.package_identification:_identify(.) by extensions ['ignore', 'ignore_ament_install']
[1.271s] Level 1:colcon.colcon_core.package_identification:_identify(.) by extension 'ignore'
[1.271s] Level 1:colcon.colcon_core.package_identification:_identify(.) by extension 'ignore_ament_install'
[1.272s] Level 1:colcon.colcon_core.package_identification:_identify(.) by extensions ['colcon_pkg']
[1.272s] Level 1:colcon.colcon_core.package_identification:_identify(.) by extension 'colcon_pkg'
[1.272s] Level 1:colcon.colcon_core.package_identification:_identify(.) by extensions ['colcon_meta']
[1.272s] Level 1:colcon.colcon_core.package_identification:_identify(.) by extension 'colcon_meta'
[1.272s] Level 1:colcon.colcon_core.package_identification:_identify(.) by extensions ['ros']
[1.272s] Level 1:colcon.colcon_core.package_identification:_identify(.) by extension 'ros'
[1.289s] Level 1:colcon.colcon_core.package_identification:_identify(.) by extensions ['cmake', 'python']
[1.289s] Level 1:colcon.colcon_core.package_identification:_identify(.) by extension 'cmake'
[1.290s] Level 1:colcon.colcon_core.package_identification:_identify(.) by extension 'python'
[1.290s] Level 1:colcon.colcon_core.package_identification:_identify(.) by extensions ['python_setup_py']
[1.290s] Level 1:colcon.colcon_core.package_identification:_identify(.) by extension 'python_setup_py'
[1.290s] Level 1:colcon.colcon_core.package_identification:_identify(build) by extensions ['ignore', 'ignore_ament_install']
[1.290s] Level 1:colcon.colcon_core.package_identification:_identify(build) by extension 'ignore'
[1.290s] Level 1:colcon.colcon_core.package_identification:_identify(build) ignored
[1.290s] Level 1:colcon.colcon_core.package_identification:_identify(fotos) by extensions ['ignore', 'ignore_ament_install']
[1.290s] Level 1:colcon.colcon_core.package_identification:_identify(fotos) by extension 'ignore'
[1.290s] Level 1:colcon.colcon_core.package_identification:_identify(fotos) by extension 'ignore_ament_install'
[1.290s] Level 1:colcon.colcon_core.package_identification:_identify(fotos) by extensions ['colcon_pkg']
[1.290s] Level 1:colcon.colcon_core.package_identification:_identify(fotos) by extension 'colcon_pkg'
[1.290s] Level 1:colcon.colcon_core.package_identification:_identify(fotos) by extensions ['colcon_meta']
[1.290s] Level 1:colcon.colcon_core.package_identification:_identify(fotos) by extension 'colcon_meta'
[1.291s] Level 1:colcon.colcon_core.package_identification:_identify(fotos) by extensions ['ros']
[1.291s] Level 1:colcon.colcon_core.package_identification:_identify(fotos) by extension 'ros'
[1.291s] Level 1:colcon.colcon_core.package_identification:_identify(fotos) by extensions ['cmake', 'python']
[1.291s] Level 1:colcon.colcon_core.package_identification:_identify(fotos) by extension 'cmake'
[1.291s] Level 1:colcon.colcon_core.package_identification:_identify(fotos) by extension 'python'
[1.291s] Level 1:colcon.colcon_core.package_identification:_identify(fotos) by extensions ['python_setup_py']
[1.291s] Level 1:colcon.colcon_core.package_identification:_identify(fotos) by extension 'python_setup_py'
[1.291s] Level 1:colcon.colcon_core.package_identification:_identify(install) by extensions ['ignore', 'ignore_ament_install']
[1.291s] Level 1:colcon.colcon_core.package_identification:_identify(install) by extension 'ignore'
[1.291s] Level 1:colcon.colcon_core.package_identification:_identify(install) ignored
[1.291s] Level 1:colcon.colcon_core.package_identification:_identify(log) by extensions ['ignore', 'ignore_ament_install']
[1.291s] Level 1:colcon.colcon_core.package_identification:_identify(log) by extension 'ignore'
[1.291s] Level 1:colcon.colcon_core.package_identification:_identify(log) ignored
[1.292s] Level 1:colcon.colcon_core.package_identification:_identify(src) by extensions ['ignore', 'ignore_ament_install']
[1.292s] Level 1:colcon.colcon_core.package_identification:_identify(src) by extension 'ignore'
[1.292s] Level 1:colcon.colcon_core.package_identification:_identify(src) by extension 'ignore_ament_install'
[1.292s] Level 1:colcon.colcon_core.package_identification:_identify(src) by extensions ['colcon_pkg']
[1.292s] Level 1:colcon.colcon_core.package_identification:_identify(src) by extension 'colcon_pkg'
[1.292s] Level 1:colcon.colcon_core.package_identification:_identify(src) by extensions ['colcon_meta']
[1.292s] Level 1:colcon.colcon_core.package_identification:_identify(src) by extension 'colcon_meta'
[1.292s] Level 1:colcon.colcon_core.package_identification:_identify(src) by extensions ['ros']
[1.292s] Level 1:colcon.colcon_core.package_identification:_identify(src) by extension 'ros'
[1.292s] Level 1:colcon.colcon_core.package_identification:_identify(src) by extensions ['cmake', 'python']
[1.292s] Level 1:colcon.colcon_core.package_identification:_identify(src) by extension 'cmake'
[1.292s] Level 1:colcon.colcon_core.package_identification:_identify(src) by extension 'python'
[1.292s] Level 1:colcon.colcon_core.package_identification:_identify(src) by extensions ['python_setup_py']
[1.292s] Level 1:colcon.colcon_core.package_identification:_identify(src) by extension 'python_setup_py'
[1.293s] Level 1:colcon.colcon_core.package_identification:_identify(src/build) by extensions ['ignore', 'ignore_ament_install']
[1.293s] Level 1:colcon.colcon_core.package_identification:_identify(src/build) by extension 'ignore'
[1.293s] Level 1:colcon.colcon_core.package_identification:_identify(src/build) ignored
[1.293s] Level 1:colcon.colcon_core.package_identification:_identify(src/install) by extensions ['ignore', 'ignore_ament_install']
[1.293s] Level 1:colcon.colcon_core.package_identification:_identify(src/install) by extension 'ignore'
[1.293s] Level 1:colcon.colcon_core.package_identification:_identify(src/install) ignored
[1.293s] Level 1:colcon.colcon_core.package_identification:_identify(src/log) by extensions ['ignore', 'ignore_ament_install']
[1.294s] Level 1:colcon.colcon_core.package_identification:_identify(src/log) by extension 'ignore'
[1.294s] Level 1:colcon.colcon_core.package_identification:_identify(src/log) ignored
[1.294s] Level 1:colcon.colcon_core.package_identification:_identify(src/my_robot_controller) by extensions ['ignore', 'ignore_ament_install']
[1.294s] Level 1:colcon.colcon_core.package_identification:_identify(src/my_robot_controller) by extension 'ignore'
[1.294s] Level 1:colcon.colcon_core.package_identification:_identify(src/my_robot_controller) by extension 'ignore_ament_install'
[1.294s] Level 1:colcon.colcon_core.package_identification:_identify(src/my_robot_controller) by extensions ['colcon_pkg']
[1.294s] Level 1:colcon.colcon_core.package_identification:_identify(src/my_robot_controller) by extension 'colcon_pkg'
[1.294s] Level 1:colcon.colcon_core.package_identification:_identify(src/my_robot_controller) by extensions ['colcon_meta']
[1.294s] Level 1:colcon.colcon_core.package_identification:_identify(src/my_robot_controller) by extension 'colcon_meta'
[1.294s] Level 1:colcon.colcon_core.package_identification:_identify(src/my_robot_controller) by extensions ['ros']
[1.294s] Level 1:colcon.colcon_core.package_identification:_identify(src/my_robot_controller) by extension 'ros'
[1.297s] DEBUG:colcon.colcon_core.package_identification:Package 'src/my_robot_controller' with type 'ros.ament_python' and name 'my_robot_controller'
[1.297s] Level 1:colcon.colcon_core.package_identification:_identify(src/prueba) by extensions ['ignore', 'ignore_ament_install']
[1.297s] Level 1:colcon.colcon_core.package_identification:_identify(src/prueba) by extension 'ignore'
[1.297s] Level 1:colcon.colcon_core.package_identification:_identify(src/prueba) by extension 'ignore_ament_install'
[1.297s] Level 1:colcon.colcon_core.package_identification:_identify(src/prueba) by extensions ['colcon_pkg']
[1.297s] Level 1:colcon.colcon_core.package_identification:_identify(src/prueba) by extension 'colcon_pkg'
[1.297s] Level 1:colcon.colcon_core.package_identification:_identify(src/prueba) by extensions ['colcon_meta']
[1.298s] Level 1:colcon.colcon_core.package_identification:_identify(src/prueba) by extension 'colcon_meta'
[1.298s] Level 1:colcon.colcon_core.package_identification:_identify(src/prueba) by extensions ['ros']
[1.298s] Level 1:colcon.colcon_core.package_identification:_identify(src/prueba) by extension 'ros'
[1.298s] DEBUG:colcon.colcon_core.package_identification:Package 'src/prueba' with type 'ros.ament_python' and name 'prueba'
[1.298s] Level 1:colcon.colcon_core.package_identification:_identify(src/samuchair) by extensions ['ignore', 'ignore_ament_install']
[1.299s] Level 1:colcon.colcon_core.package_identification:_identify(src/samuchair) by extension 'ignore'
[1.299s] Level 1:colcon.colcon_core.package_identification:_identify(src/samuchair) by extension 'ignore_ament_install'
[1.299s] Level 1:colcon.colcon_core.package_identification:_identify(src/samuchair) by extensions ['colcon_pkg']
[1.299s] Level 1:colcon.colcon_core.package_identification:_identify(src/samuchair) by extension 'colcon_pkg'
[1.299s] Level 1:colcon.colcon_core.package_identification:_identify(src/samuchair) by extensions ['colcon_meta']
[1.299s] Level 1:colcon.colcon_core.package_identification:_identify(src/samuchair) by extension 'colcon_meta'
[1.299s] Level 1:colcon.colcon_core.package_identification:_identify(src/samuchair) by extensions ['ros']
[1.299s] Level 1:colcon.colcon_core.package_identification:_identify(src/samuchair) by extension 'ros'
[1.299s] DEBUG:colcon.colcon_core.package_identification:Package 'src/samuchair' with type 'ros.ament_python' and name 'samuchair'
[1.300s] Level 1:colcon.colcon_core.package_identification:_identify(src/samuchair_interfaces) by extensions ['ignore', 'ignore_ament_install']
[1.300s] Level 1:colcon.colcon_core.package_identification:_identify(src/samuchair_interfaces) by extension 'ignore'
[1.300s] Level 1:colcon.colcon_core.package_identification:_identify(src/samuchair_interfaces) by extension 'ignore_ament_install'
[1.301s] Level 1:colcon.colcon_core.package_identification:_identify(src/samuchair_interfaces) by extensions ['colcon_pkg']
[1.301s] Level 1:colcon.colcon_core.package_identification:_identify(src/samuchair_interfaces) by extension 'colcon_pkg'
[1.301s] Level 1:colcon.colcon_core.package_identification:_identify(src/samuchair_interfaces) by extensions ['colcon_meta']
[1.301s] Level 1:colcon.colcon_core.package_identification:_identify(src/samuchair_interfaces) by extension 'colcon_meta'
[1.301s] Level 1:colcon.colcon_core.package_identification:_identify(src/samuchair_interfaces) by extensions ['ros']
[1.301s] Level 1:colcon.colcon_core.package_identification:_identify(src/samuchair_interfaces) by extension 'ros'
[1.301s] DEBUG:colcon.colcon_core.package_identification:Package 'src/samuchair_interfaces' with type 'ros.catkin' and name 'samuchair_interfaces'
[1.302s] Level 1:colcon.colcon_core.package_discovery:discover_packages(recursive) using defaults
[1.302s] Level 1:colcon.colcon_core.package_discovery:discover_packages(ignore) discover
[1.302s] Level 1:colcon.colcon_core.package_discovery:discover_packages(ignore) using defaults
[1.302s] Level 1:colcon.colcon_core.package_discovery:discover_packages(path) discover
[1.302s] Level 1:colcon.colcon_core.package_discovery:discover_packages(path) using defaults
[1.414s] Level 1:colcon.colcon_core.package_discovery:discover_packages(prefix_path) check parameters
[1.414s] Level 1:colcon.colcon_core.package_discovery:discover_packages(prefix_path) discover
[1.452s] DEBUG:colcon.colcon_installed_package_information.package_discovery:Found 4 installed packages in /home/labserver/ros2_ws/install
[1.470s] DEBUG:colcon.colcon_installed_package_information.package_discovery:Found 1 installed packages in /home/labserver/ros2_ws/src/install
[1.489s] DEBUG:colcon.colcon_installed_package_information.package_discovery:Found 270 installed packages in /opt/ros/humble
[1.490s] Level 1:colcon.colcon_core.package_discovery:discover_packages(prefix_path) using defaults
[1.572s] Level 5:colcon.colcon_core.verb:set package 'my_robot_controller' build argument 'cmake_args' from command line to 'None'
[1.572s] Level 5:colcon.colcon_core.verb:set package 'my_robot_controller' build argument 'cmake_target' from command line to 'None'
[1.572s] Level 5:colcon.colcon_core.verb:set package 'my_robot_controller' build argument 'cmake_target_skip_unavailable' from command line to 'False'
[1.572s] Level 5:colcon.colcon_core.verb:set package 'my_robot_controller' build argument 'cmake_clean_cache' from command line to 'False'
[1.572s] Level 5:colcon.colcon_core.verb:set package 'my_robot_controller' build argument 'cmake_clean_first' from command line to 'False'
[1.572s] Level 5:colcon.colcon_core.verb:set package 'my_robot_controller' build argument 'cmake_force_configure' from command line to 'False'
[1.572s] Level 5:colcon.colcon_core.verb:set package 'my_robot_controller' build argument 'ament_cmake_args' from command line to 'None'
[1.572s] Level 5:colcon.colcon_core.verb:set package 'my_robot_controller' build argument 'catkin_cmake_args' from command line to 'None'
[1.572s] Level 5:colcon.colcon_core.verb:set package 'my_robot_controller' build argument 'catkin_skip_building_tests' from command line to 'False'
[1.573s] DEBUG:colcon.colcon_core.verb:Building package 'my_robot_controller' with the following arguments: {'ament_cmake_args': None, 'build_base': '/home/labserver/ros2_ws/build/my_robot_controller', 'catkin_cmake_args': None, 'catkin_skip_building_tests': False, 'cmake_args': None, 'cmake_clean_cache': False, 'cmake_clean_first': False, 'cmake_force_configure': False, 'cmake_target': None, 'cmake_target_skip_unavailable': False, 'install_base': '/home/labserver/ros2_ws/install/my_robot_controller', 'merge_install': False, 'path': '/home/labserver/ros2_ws/src/my_robot_controller', 'symlink_install': False, 'test_result_base': None}
[1.606s] Level 5:colcon.colcon_core.verb:set package 'prueba' build argument 'cmake_args' from command line to 'None'
[1.607s] Level 5:colcon.colcon_core.verb:set package 'prueba' build argument 'cmake_target' from command line to 'None'
[1.607s] Level 5:colcon.colcon_core.verb:set package 'prueba' build argument 'cmake_target_skip_unavailable' from command line to 'False'
[1.607s] Level 5:colcon.colcon_core.verb:set package 'prueba' build argument 'cmake_clean_cache' from command line to 'False'
[1.607s] Level 5:colcon.colcon_core.verb:set package 'prueba' build argument 'cmake_clean_first' from command line to 'False'
[1.607s] Level 5:colcon.colcon_core.verb:set package 'prueba' build argument 'cmake_force_configure' from command line to 'False'
[1.607s] Level 5:colcon.colcon_core.verb:set package 'prueba' build argument 'ament_cmake_args' from command line to 'None'
[1.607s] Level 5:colcon.colcon_core.verb:set package 'prueba' build argument 'catkin_cmake_args' from command line to 'None'
[1.607s] Level 5:colcon.colcon_core.verb:set package 'prueba' build argument 'catkin_skip_building_tests' from command line to 'False'
[1.607s] DEBUG:colcon.colcon_core.verb:Building package 'prueba' with the following arguments: {'ament_cmake_args': None, 'build_base': '/home/labserver/ros2_ws/build/prueba', 'catkin_cmake_args': None, 'catkin_skip_building_tests': False, 'cmake_args': None, 'cmake_clean_cache': False, 'cmake_clean_first': False, 'cmake_force_configure': False, 'cmake_target': None, 'cmake_target_skip_unavailable': False, 'install_base': '/home/labserver/ros2_ws/install/prueba', 'merge_install': False, 'path': '/home/labserver/ros2_ws/src/prueba', 'symlink_install': False, 'test_result_base': None}
[1.625s] Level 5:colcon.colcon_core.verb:set package 'samuchair' build argument 'cmake_args' from command line to 'None'
[1.625s] Level 5:colcon.colcon_core.verb:set package 'samuchair' build argument 'cmake_target' from command line to 'None'
[1.625s] Level 5:colcon.colcon_core.verb:set package 'samuchair' build argument 'cmake_target_skip_unavailable' from command line to 'False'
[1.625s] Level 5:colcon.colcon_core.verb:set package 'samuchair' build argument 'cmake_clean_cache' from command line to 'False'
[1.625s] Level 5:colcon.colcon_core.verb:set package 'samuchair' build argument 'cmake_clean_first' from command line to 'False'
[1.625s] Level 5:colcon.colcon_core.verb:set package 'samuchair' build argument 'cmake_force_configure' from command line to 'False'
[1.625s] Level 5:colcon.colcon_core.verb:set package 'samuchair' build argument 'ament_cmake_args' from command line to 'None'
[1.625s] Level 5:colcon.colcon_core.verb:set package 'samuchair' build argument 'catkin_cmake_args' from command line to 'None'
[1.625s] Level 5:colcon.colcon_core.verb:set package 'samuchair' build argument 'catkin_skip_building_tests' from command line to 'False'
[1.625s] DEBUG:colcon.colcon_core.verb:Building package 'samuchair' with the following arguments: {'ament_cmake_args': None, 'build_base': '/home/labserver/ros2_ws/build/samuchair', 'catkin_cmake_args': None, 'catkin_skip_building_tests': False, 'cmake_args': None, 'cmake_clean_cache': False, 'cmake_clean_first': False, 'cmake_force_configure': False, 'cmake_target': None, 'cmake_target_skip_unavailable': False, 'install_base': '/home/labserver/ros2_ws/install/samuchair', 'merge_install': False, 'path': '/home/labserver/ros2_ws/src/samuchair', 'symlink_install': False, 'test_result_base': None}
[1.654s] Level 5:colcon.colcon_core.verb:set package 'samuchair_interfaces' build argument 'cmake_args' from command line to 'None'
[1.654s] Level 5:colcon.colcon_core.verb:set package 'samuchair_interfaces' build argument 'cmake_target' from command line to 'None'
[1.654s] Level 5:colcon.colcon_core.verb:set package 'samuchair_interfaces' build argument 'cmake_target_skip_unavailable' from command line to 'False'
[1.654s] Level 5:colcon.colcon_core.verb:set package 'samuchair_interfaces' build argument 'cmake_clean_cache' from command line to 'False'
[1.654s] Level 5:colcon.colcon_core.verb:set package 'samuchair_interfaces' build argument 'cmake_clean_first' from command line to 'False'
[1.654s] Level 5:colcon.colcon_core.verb:set package 'samuchair_interfaces' build argument 'cmake_force_configure' from command line to 'False'
[1.654s] Level 5:colcon.colcon_core.verb:set package 'samuchair_interfaces' build argument 'ament_cmake_args' from command line to 'None'
[1.654s] Level 5:colcon.colcon_core.verb:set package 'samuchair_interfaces' build argument 'catkin_cmake_args' from command line to 'None'
[1.654s] Level 5:colcon.colcon_core.verb:set package 'samuchair_interfaces' build argument 'catkin_skip_building_tests' from command line to 'False'
[1.654s] DEBUG:colcon.colcon_core.verb:Building package 'samuchair_interfaces' with the following arguments: {'ament_cmake_args': None, 'build_base': '/home/labserver/ros2_ws/build/samuchair_interfaces', 'catkin_cmake_args': None, 'catkin_skip_building_tests': False, 'cmake_args': None, 'cmake_clean_cache': False, 'cmake_clean_first': False, 'cmake_force_configure': False, 'cmake_target': None, 'cmake_target_skip_unavailable': False, 'install_base': '/home/labserver/ros2_ws/install/samuchair_interfaces', 'merge_install': False, 'path': '/home/labserver/ros2_ws/src/samuchair_interfaces', 'symlink_install': False, 'test_result_base': None}
[1.682s] INFO:colcon.colcon_core.executor:Executing jobs using 'parallel' executor
[1.713s] DEBUG:colcon.colcon_parallel_executor.executor.parallel:run_until_complete
[1.713s] INFO:colcon.colcon_ros.task.ament_python.build:Building ROS package in '/home/labserver/ros2_ws/src/my_robot_controller' with build type 'ament_python'
[1.714s] Level 1:colcon.colcon_core.shell:create_environment_hook('my_robot_controller', 'ament_prefix_path')
[1.740s] INFO:colcon.colcon_core.plugin_system:Skipping extension 'colcon_core.shell.bat': Not used on non-Windows systems
[1.740s] INFO:colcon.colcon_core.shell:Creating environment hook '/home/labserver/ros2_ws/install/my_robot_controller/share/my_robot_controller/hook/ament_prefix_path.ps1'
[1.743s] INFO:colcon.colcon_core.shell:Creating environment descriptor '/home/labserver/ros2_ws/install/my_robot_controller/share/my_robot_controller/hook/ament_prefix_path.dsv'
[1.746s] INFO:colcon.colcon_core.shell:Creating environment hook '/home/labserver/ros2_ws/install/my_robot_controller/share/my_robot_controller/hook/ament_prefix_path.sh'
[1.770s] INFO:colcon.colcon_core.shell:Skip shell extension 'powershell' for command environment: Not usable outside of PowerShell
[1.771s] DEBUG:colcon.colcon_core.shell:Skip shell extension 'dsv' for command environment
[1.896s] INFO:colcon.colcon_ros.task.ament_python.build:Building ROS package in '/home/labserver/ros2_ws/src/prueba' with build type 'ament_python'
[1.896s] Level 1:colcon.colcon_core.shell:create_environment_hook('prueba', 'ament_prefix_path')
[1.927s] INFO:colcon.colcon_core.shell:Creating environment hook '/home/labserver/ros2_ws/install/prueba/share/prueba/hook/ament_prefix_path.ps1'
[1.928s] INFO:colcon.colcon_core.shell:Creating environment descriptor '/home/labserver/ros2_ws/install/prueba/share/prueba/hook/ament_prefix_path.dsv'
[1.929s] INFO:colcon.colcon_core.shell:Creating environment hook '/home/labserver/ros2_ws/install/prueba/share/prueba/hook/ament_prefix_path.sh'
[1.960s] INFO:colcon.colcon_core.shell:Skip shell extension 'powershell' for command environment: Not usable outside of PowerShell
[1.960s] DEBUG:colcon.colcon_core.shell:Skip shell extension 'dsv' for command environment
[2.311s] INFO:colcon.colcon_core.task.python.build:Building Python package in '/home/labserver/ros2_ws/src/my_robot_controller'
[2.328s] INFO:colcon.colcon_core.shell:Skip shell extension 'powershell' for command environment: Not usable outside of PowerShell
[2.328s] DEBUG:colcon.colcon_core.shell:Skip shell extension 'dsv' for command environment
[2.649s] INFO:colcon.colcon_core.task.python.build:Building Python package in '/home/labserver/ros2_ws/src/prueba'
[2.670s] INFO:colcon.colcon_core.shell:Skip shell extension 'powershell' for command environment: Not usable outside of PowerShell
[2.670s] DEBUG:colcon.colcon_core.shell:Skip shell extension 'dsv' for command environment
[3.830s] DEBUG:colcon.colcon_core.event_handler.log_command:Invoking command in '/home/labserver/ros2_ws/src/my_robot_controller': PYTHONPATH=/home/labserver/ros2_ws/build/my_robot_controller/prefix_override:/home/labserver/ros2_ws/install/my_robot_controller/lib/python3.10/site-packages:${PYTHONPATH} /usr/bin/python3 setup.py egg_info --egg-base ../../build/my_robot_controller build --build-base /home/labserver/ros2_ws/build/my_robot_controller/build install --record /home/labserver/ros2_ws/build/my_robot_controller/install.log --single-version-externally-managed
[3.975s] DEBUG:colcon.colcon_core.event_handler.log_command:Invoking command in '/home/labserver/ros2_ws/src/prueba': PYTHONPATH=/home/labserver/ros2_ws/build/prueba/prefix_override:/home/labserver/ros2_ws/install/prueba/lib/python3.10/site-packages:${PYTHONPATH} /usr/bin/python3 setup.py egg_info --egg-base ../../build/prueba build --build-base /home/labserver/ros2_ws/build/prueba/build install --record /home/labserver/ros2_ws/build/prueba/install.log --single-version-externally-managed
[4.826s] DEBUG:colcon.colcon_core.event_handler.log_command:Invoked command in '/home/labserver/ros2_ws/src/my_robot_controller' returned '0': PYTHONPATH=/home/labserver/ros2_ws/build/my_robot_controller/prefix_override:/home/labserver/ros2_ws/install/my_robot_controller/lib/python3.10/site-packages:${PYTHONPATH} /usr/bin/python3 setup.py egg_info --egg-base ../../build/my_robot_controller build --build-base /home/labserver/ros2_ws/build/my_robot_controller/build install --record /home/labserver/ros2_ws/build/my_robot_controller/install.log --single-version-externally-managed
[4.887s] Level 1:colcon.colcon_core.environment:checking '/home/labserver/ros2_ws/install/my_robot_controller' for CMake module files
[4.888s] Level 1:colcon.colcon_core.environment:checking '/home/labserver/ros2_ws/install/my_robot_controller' for CMake config files
[4.890s] Level 1:colcon.colcon_core.environment:checking '/home/labserver/ros2_ws/install/my_robot_controller/lib'
[4.891s] Level 1:colcon.colcon_core.environment:checking '/home/labserver/ros2_ws/install/my_robot_controller/bin'
[4.891s] Level 1:colcon.colcon_core.environment:checking '/home/labserver/ros2_ws/install/my_robot_controller/lib/pkgconfig/my_robot_controller.pc'
[4.891s] Level 1:colcon.colcon_core.environment:checking '/home/labserver/ros2_ws/install/my_robot_controller/lib/python3.10/site-packages'
[4.892s] Level 1:colcon.colcon_core.shell:create_environment_hook('my_robot_controller', 'pythonpath')
[4.926s] INFO:colcon.colcon_core.shell:Creating environment hook '/home/labserver/ros2_ws/install/my_robot_controller/share/my_robot_controller/hook/pythonpath.ps1'
[4.928s] INFO:colcon.colcon_core.shell:Creating environment descriptor '/home/labserver/ros2_ws/install/my_robot_controller/share/my_robot_controller/hook/pythonpath.dsv'
[4.931s] INFO:colcon.colcon_core.shell:Creating environment hook '/home/labserver/ros2_ws/install/my_robot_controller/share/my_robot_controller/hook/pythonpath.sh'
[4.933s] Level 1:colcon.colcon_core.environment:checking '/home/labserver/ros2_ws/install/my_robot_controller/bin'
[4.934s] Level 1:colcon.colcon_core.environment:create_environment_scripts_only(my_robot_controller)
[4.958s] INFO:colcon.colcon_core.shell:Creating package script '/home/labserver/ros2_ws/install/my_robot_controller/share/my_robot_controller/package.ps1'
[4.960s] INFO:colcon.colcon_core.shell:Creating package descriptor '/home/labserver/ros2_ws/install/my_robot_controller/share/my_robot_controller/package.dsv'
[4.961s] INFO:colcon.colcon_core.shell:Creating package script '/home/labserver/ros2_ws/install/my_robot_controller/share/my_robot_controller/package.sh'
[4.962s] INFO:colcon.colcon_core.shell:Creating package script '/home/labserver/ros2_ws/install/my_robot_controller/share/my_robot_controller/package.bash'
[4.963s] INFO:colcon.colcon_core.shell:Creating package script '/home/labserver/ros2_ws/install/my_robot_controller/share/my_robot_controller/package.zsh'
[4.964s] Level 1:colcon.colcon_core.environment:create_file_with_runtime_dependencies(/home/labserver/ros2_ws/install/my_robot_controller/share/colcon-core/packages/my_robot_controller)
[4.966s] INFO:colcon.colcon_ros.task.ament_python.build:Building ROS package in '/home/labserver/ros2_ws/src/samuchair' with build type 'ament_python'
[4.966s] Level 1:colcon.colcon_core.shell:create_environment_hook('samuchair', 'ament_prefix_path')
[4.994s] INFO:colcon.colcon_core.shell:Creating environment hook '/home/labserver/ros2_ws/install/samuchair/share/samuchair/hook/ament_prefix_path.ps1'
[4.996s] INFO:colcon.colcon_core.shell:Creating environment descriptor '/home/labserver/ros2_ws/install/samuchair/share/samuchair/hook/ament_prefix_path.dsv'
[4.997s] INFO:colcon.colcon_core.shell:Creating environment hook '/home/labserver/ros2_ws/install/samuchair/share/samuchair/hook/ament_prefix_path.sh'
[5.025s] INFO:colcon.colcon_core.shell:Skip shell extension 'powershell' for command environment: Not usable outside of PowerShell
[5.025s] DEBUG:colcon.colcon_core.shell:Skip shell extension 'dsv' for command environment
[5.160s] DEBUG:colcon.colcon_core.event_handler.log_command:Invoked command in '/home/labserver/ros2_ws/src/prueba' returned '0': PYTHONPATH=/home/labserver/ros2_ws/build/prueba/prefix_override:/home/labserver/ros2_ws/install/prueba/lib/python3.10/site-packages:${PYTHONPATH} /usr/bin/python3 setup.py egg_info --egg-base ../../build/prueba build --build-base /home/labserver/ros2_ws/build/prueba/build install --record /home/labserver/ros2_ws/build/prueba/install.log --single-version-externally-managed
[5.185s] Level 1:colcon.colcon_core.environment:checking '/home/labserver/ros2_ws/install/prueba' for CMake module files
[5.188s] Level 1:colcon.colcon_core.environment:checking '/home/labserver/ros2_ws/install/prueba' for CMake config files
[5.189s] Level 1:colcon.colcon_core.environment:checking '/home/labserver/ros2_ws/install/prueba/lib'
[5.190s] Level 1:colcon.colcon_core.environment:checking '/home/labserver/ros2_ws/install/prueba/bin'
[5.190s] Level 1:colcon.colcon_core.environment:checking '/home/labserver/ros2_ws/install/prueba/lib/pkgconfig/prueba.pc'
[5.190s] Level 1:colcon.colcon_core.environment:checking '/home/labserver/ros2_ws/install/prueba/lib/python3.10/site-packages'
[5.190s] Level 1:colcon.colcon_core.shell:create_environment_hook('prueba', 'pythonpath')
[5.225s] INFO:colcon.colcon_core.shell:Creating environment hook '/home/labserver/ros2_ws/install/prueba/share/prueba/hook/pythonpath.ps1'
[5.226s] INFO:colcon.colcon_core.shell:Creating environment descriptor '/home/labserver/ros2_ws/install/prueba/share/prueba/hook/pythonpath.dsv'
[5.227s] INFO:colcon.colcon_core.shell:Creating environment hook '/home/labserver/ros2_ws/install/prueba/share/prueba/hook/pythonpath.sh'
[5.228s] Level 1:colcon.colcon_core.environment:checking '/home/labserver/ros2_ws/install/prueba/bin'
[5.228s] Level 1:colcon.colcon_core.environment:create_environment_scripts_only(prueba)
[5.254s] INFO:colcon.colcon_core.shell:Creating package script '/home/labserver/ros2_ws/install/prueba/share/prueba/package.ps1'
[5.256s] INFO:colcon.colcon_core.shell:Creating package descriptor '/home/labserver/ros2_ws/install/prueba/share/prueba/package.dsv'
[5.260s] INFO:colcon.colcon_core.shell:Creating package script '/home/labserver/ros2_ws/install/prueba/share/prueba/package.sh'
[5.261s] INFO:colcon.colcon_core.shell:Creating package script '/home/labserver/ros2_ws/install/prueba/share/prueba/package.bash'
[5.262s] INFO:colcon.colcon_core.shell:Creating package script '/home/labserver/ros2_ws/install/prueba/share/prueba/package.zsh'
[5.263s] Level 1:colcon.colcon_core.environment:create_file_with_runtime_dependencies(/home/labserver/ros2_ws/install/prueba/share/colcon-core/packages/prueba)
[5.264s] INFO:colcon.colcon_ros.task.catkin.build:Building ROS package in '/home/labserver/ros2_ws/src/samuchair_interfaces' with build type 'catkin'
[5.264s] INFO:colcon.colcon_cmake.task.cmake.build:Building CMake package in '/home/labserver/ros2_ws/src/samuchair_interfaces'
[5.303s] INFO:colcon.colcon_core.shell:Skip shell extension 'powershell' for command environment: Not usable outside of PowerShell
[5.303s] DEBUG:colcon.colcon_core.shell:Skip shell extension 'dsv' for command environment
[5.757s] INFO:colcon.colcon_core.task.python.build:Building Python package in '/home/labserver/ros2_ws/src/samuchair'
[5.902s] INFO:colcon.colcon_core.shell:Skip shell extension 'powershell' for command environment: Not usable outside of PowerShell
[5.903s] DEBUG:colcon.colcon_core.shell:Skip shell extension 'dsv' for command environment
[6.066s] DEBUG:colcon.colcon_core.event_handler.log_command:Invoking command in '/home/labserver/ros2_ws/build/samuchair_interfaces': /usr/bin/cmake --build /home/labserver/ros2_ws/build/samuchair_interfaces -- -j2 -l2
[8.592s] DEBUG:colcon.colcon_core.event_handler.log_command:Invoking command in '/home/labserver/ros2_ws/src/samuchair': PYTHONPATH=/home/labserver/ros2_ws/build/samuchair/prefix_override:/home/labserver/ros2_ws/install/samuchair/lib/python3.10/site-packages:${PYTHONPATH} /usr/bin/python3 setup.py egg_info --egg-base ../../build/samuchair build --build-base /home/labserver/ros2_ws/build/samuchair/build install --record /home/labserver/ros2_ws/build/samuchair/install.log --single-version-externally-managed
[8.905s] DEBUG:colcon.colcon_core.event_handler.log_command:Invoked command in '/home/labserver/ros2_ws/build/samuchair_interfaces' returned '0': /usr/bin/cmake --build /home/labserver/ros2_ws/build/samuchair_interfaces -- -j2 -l2
[9.654s] DEBUG:colcon.colcon_core.event_handler.log_command:Invoking command in '/home/labserver/ros2_ws/build/samuchair_interfaces': /usr/bin/cmake --install /home/labserver/ros2_ws/build/samuchair_interfaces
[9.848s] DEBUG:colcon.colcon_core.event_handler.log_command:Invoked command in '/home/labserver/ros2_ws/build/samuchair_interfaces' returned '0': /usr/bin/cmake --install /home/labserver/ros2_ws/build/samuchair_interfaces
[10.189s] Level 1:colcon.colcon_core.shell:create_environment_hook('samuchair_interfaces', 'ros_package_path')
[10.278s] INFO:colcon.colcon_core.shell:Creating environment hook '/home/labserver/ros2_ws/install/samuchair_interfaces/share/samuchair_interfaces/hook/ros_package_path.ps1'
[10.283s] INFO:colcon.colcon_core.shell:Creating environment descriptor '/home/labserver/ros2_ws/install/samuchair_interfaces/share/samuchair_interfaces/hook/ros_package_path.dsv'
[10.287s] INFO:colcon.colcon_core.shell:Creating environment hook '/home/labserver/ros2_ws/install/samuchair_interfaces/share/samuchair_interfaces/hook/ros_package_path.sh'
[10.290s] Level 1:colcon.colcon_ros.task.catkin:checking '/home/labserver/ros2_ws/install/samuchair_interfaces/local/lib/python3.10/dist-packages'
[10.292s] Level 1:colcon.colcon_core.shell:create_environment_hook('samuchair_interfaces', 'catkin_pythonpath')
[10.333s] INFO:colcon.colcon_core.shell:Creating environment hook '/home/labserver/ros2_ws/install/samuchair_interfaces/share/samuchair_interfaces/hook/catkin_pythonpath.ps1'
[10.336s] INFO:colcon.colcon_core.shell:Creating environment descriptor '/home/labserver/ros2_ws/install/samuchair_interfaces/share/samuchair_interfaces/hook/catkin_pythonpath.dsv'
[10.339s] INFO:colcon.colcon_core.shell:Creating environment hook '/home/labserver/ros2_ws/install/samuchair_interfaces/share/samuchair_interfaces/hook/catkin_pythonpath.sh'
[10.340s] Level 1:colcon.colcon_core.shell:create_environment_hook('samuchair_interfaces', 'pkg_config_path')
[10.372s] INFO:colcon.colcon_core.shell:Creating environment hook '/home/labserver/ros2_ws/install/samuchair_interfaces/share/samuchair_interfaces/hook/pkg_config_path.ps1'
[10.373s] INFO:colcon.colcon_core.shell:Creating environment descriptor '/home/labserver/ros2_ws/install/samuchair_interfaces/share/samuchair_interfaces/hook/pkg_config_path.dsv'
[10.374s] INFO:colcon.colcon_core.shell:Creating environment hook '/home/labserver/ros2_ws/install/samuchair_interfaces/share/samuchair_interfaces/hook/pkg_config_path.sh'
[10.380s] Level 1:colcon.colcon_core.shell:create_environment_hook('samuchair_interfaces', 'pkg_config_path_multiarch')
[10.408s] INFO:colcon.colcon_core.shell:Creating environment hook '/home/labserver/ros2_ws/install/samuchair_interfaces/share/samuchair_interfaces/hook/pkg_config_path_multiarch.ps1'
[10.409s] INFO:colcon.colcon_core.shell:Creating environment descriptor '/home/labserver/ros2_ws/install/samuchair_interfaces/share/samuchair_interfaces/hook/pkg_config_path_multiarch.dsv'
[10.410s] INFO:colcon.colcon_core.shell:Creating environment hook '/home/labserver/ros2_ws/install/samuchair_interfaces/share/samuchair_interfaces/hook/pkg_config_path_multiarch.sh'
[10.436s] Level 1:colcon.colcon_core.environment:create_environment_scripts_only(samuchair_interfaces)
[10.457s] Level 1:colcon.colcon_core.environment:checking '/home/labserver/ros2_ws/install/samuchair_interfaces' for CMake module files
[10.458s] Level 1:colcon.colcon_core.environment:checking '/home/labserver/ros2_ws/install/samuchair_interfaces' for CMake config files
[10.459s] Level 1:colcon.colcon_core.shell:create_environment_hook('samuchair_interfaces', 'cmake_prefix_path')
[10.484s] INFO:colcon.colcon_core.shell:Creating environment hook '/home/labserver/ros2_ws/install/samuchair_interfaces/share/samuchair_interfaces/hook/cmake_prefix_path.ps1'
[10.485s] INFO:colcon.colcon_core.shell:Creating environment descriptor '/home/labserver/ros2_ws/install/samuchair_interfaces/share/samuchair_interfaces/hook/cmake_prefix_path.dsv'
[10.486s] INFO:colcon.colcon_core.shell:Creating environment hook '/home/labserver/ros2_ws/install/samuchair_interfaces/share/samuchair_interfaces/hook/cmake_prefix_path.sh'
[10.487s] Level 1:colcon.colcon_core.environment:checking '/home/labserver/ros2_ws/install/samuchair_interfaces/lib'
[10.487s] Level 1:colcon.colcon_core.shell:create_environment_hook('samuchair_interfaces', 'ld_library_path_lib')
[10.506s] INFO:colcon.colcon_core.shell:Creating environment hook '/home/labserver/ros2_ws/install/samuchair_interfaces/share/samuchair_interfaces/hook/ld_library_path_lib.ps1'
[10.507s] INFO:colcon.colcon_core.shell:Creating environment descriptor '/home/labserver/ros2_ws/install/samuchair_interfaces/share/samuchair_interfaces/hook/ld_library_path_lib.dsv'
[10.508s] INFO:colcon.colcon_core.shell:Creating environment hook '/home/labserver/ros2_ws/install/samuchair_interfaces/share/samuchair_interfaces/hook/ld_library_path_lib.sh'
[10.509s] Level 1:colcon.colcon_core.environment:checking '/home/labserver/ros2_ws/install/samuchair_interfaces/bin'
[10.509s] Level 1:colcon.colcon_core.environment:checking '/home/labserver/ros2_ws/install/samuchair_interfaces/lib/pkgconfig/samuchair_interfaces.pc'
[10.509s] Level 1:colcon.colcon_core.environment:checking '/home/labserver/ros2_ws/install/samuchair_interfaces/lib/python3.10/site-packages'
[10.509s] Level 1:colcon.colcon_core.environment:checking '/home/labserver/ros2_ws/install/samuchair_interfaces/bin'
[10.544s] INFO:colcon.colcon_core.shell:Creating package script '/home/labserver/ros2_ws/install/samuchair_interfaces/share/samuchair_interfaces/package.ps1'
[10.553s] INFO:colcon.colcon_core.shell:Creating package descriptor '/home/labserver/ros2_ws/install/samuchair_interfaces/share/samuchair_interfaces/package.dsv'
[10.555s] INFO:colcon.colcon_core.shell:Creating package script '/home/labserver/ros2_ws/install/samuchair_interfaces/share/samuchair_interfaces/package.sh'
[10.557s] INFO:colcon.colcon_core.shell:Creating package script '/home/labserver/ros2_ws/install/samuchair_interfaces/share/samuchair_interfaces/package.bash'
[10.558s] INFO:colcon.colcon_core.shell:Creating package script '/home/labserver/ros2_ws/install/samuchair_interfaces/share/samuchair_interfaces/package.zsh'
[10.560s] Level 1:colcon.colcon_core.environment:create_file_with_runtime_dependencies(/home/labserver/ros2_ws/install/samuchair_interfaces/share/colcon-core/packages/samuchair_interfaces)
[10.573s] DEBUG:colcon.colcon_core.event_handler.log_command:Invoked command in '/home/labserver/ros2_ws/src/samuchair' returned '0': PYTHONPATH=/home/labserver/ros2_ws/build/samuchair/prefix_override:/home/labserver/ros2_ws/install/samuchair/lib/python3.10/site-packages:${PYTHONPATH} /usr/bin/python3 setup.py egg_info --egg-base ../../build/samuchair build --build-base /home/labserver/ros2_ws/build/samuchair/build install --record /home/labserver/ros2_ws/build/samuchair/install.log --single-version-externally-managed
[10.622s] Level 1:colcon.colcon_core.environment:checking '/home/labserver/ros2_ws/install/samuchair' for CMake module files
[10.624s] Level 1:colcon.colcon_core.environment:checking '/home/labserver/ros2_ws/install/samuchair' for CMake config files
[10.628s] Level 1:colcon.colcon_core.environment:checking '/home/labserver/ros2_ws/install/samuchair/lib'
[10.632s] Level 1:colcon.colcon_core.environment:checking '/home/labserver/ros2_ws/install/samuchair/bin'
[10.632s] Level 1:colcon.colcon_core.environment:checking '/home/labserver/ros2_ws/install/samuchair/lib/pkgconfig/samuchair.pc'
[10.633s] Level 1:colcon.colcon_core.environment:checking '/home/labserver/ros2_ws/install/samuchair/lib/python3.10/site-packages'
[10.633s] Level 1:colcon.colcon_core.shell:create_environment_hook('samuchair', 'pythonpath')
[10.718s] INFO:colcon.colcon_core.shell:Creating environment hook '/home/labserver/ros2_ws/install/samuchair/share/samuchair/hook/pythonpath.ps1'
[10.720s] INFO:colcon.colcon_core.shell:Creating environment descriptor '/home/labserver/ros2_ws/install/samuchair/share/samuchair/hook/pythonpath.dsv'
[10.722s] INFO:colcon.colcon_core.shell:Creating environment hook '/home/labserver/ros2_ws/install/samuchair/share/samuchair/hook/pythonpath.sh'
[10.724s] Level 1:colcon.colcon_core.environment:checking '/home/labserver/ros2_ws/install/samuchair/bin'
[10.725s] Level 1:colcon.colcon_core.environment:create_environment_scripts_only(samuchair)
[10.797s] INFO:colcon.colcon_core.shell:Creating package script '/home/labserver/ros2_ws/install/samuchair/share/samuchair/package.ps1'
[10.799s] INFO:colcon.colcon_core.shell:Creating package descriptor '/home/labserver/ros2_ws/install/samuchair/share/samuchair/package.dsv'
[10.802s] INFO:colcon.colcon_core.shell:Creating package script '/home/labserver/ros2_ws/install/samuchair/share/samuchair/package.sh'
[10.804s] INFO:colcon.colcon_core.shell:Creating package script '/home/labserver/ros2_ws/install/samuchair/share/samuchair/package.bash'
[10.806s] INFO:colcon.colcon_core.shell:Creating package script '/home/labserver/ros2_ws/install/samuchair/share/samuchair/package.zsh'
[10.808s] Level 1:colcon.colcon_core.environment:create_file_with_runtime_dependencies(/home/labserver/ros2_ws/install/samuchair/share/colcon-core/packages/samuchair)
[10.809s] DEBUG:colcon.colcon_parallel_executor.executor.parallel:closing loop
[10.810s] DEBUG:colcon.colcon_parallel_executor.executor.parallel:loop closed
[10.810s] DEBUG:colcon.colcon_parallel_executor.executor.parallel:run_until_complete finished with '0'
[10.810s] DEBUG:colcon.colcon_core.event_reactor:joining thread
[10.907s] INFO:colcon.colcon_core.plugin_system:Skipping extension 'colcon_notification.desktop_notification.terminal_notifier': Not used on non-Darwin systems
[10.907s] INFO:colcon.colcon_core.plugin_system:Skipping extension 'colcon_notification.desktop_notification.win32': Not used on non-Windows systems
[10.907s] INFO:colcon.colcon_notification.desktop_notification:Sending desktop notification using 'notify2'
[10.956s] DEBUG:colcon.colcon_core.event_reactor:joined thread
[11.077s] INFO:colcon.colcon_core.shell:Creating prefix script '/home/labserver/ros2_ws/install/local_setup.ps1'
[11.083s] INFO:colcon.colcon_core.shell:Creating prefix util module '/home/labserver/ros2_ws/install/_local_setup_util_ps1.py'
[11.086s] INFO:colcon.colcon_core.shell:Creating prefix chain script '/home/labserver/ros2_ws/install/setup.ps1'
[11.146s] INFO:colcon.colcon_core.shell:Creating prefix script '/home/labserver/ros2_ws/install/local_setup.sh'
[11.148s] INFO:colcon.colcon_core.shell:Creating prefix util module '/home/labserver/ros2_ws/install/_local_setup_util_sh.py'
[11.150s] INFO:colcon.colcon_core.shell:Creating prefix chain script '/home/labserver/ros2_ws/install/setup.sh'
[11.183s] INFO:colcon.colcon_core.shell:Creating prefix script '/home/labserver/ros2_ws/install/local_setup.bash'
[11.185s] INFO:colcon.colcon_core.shell:Creating prefix chain script '/home/labserver/ros2_ws/install/setup.bash'
[11.216s] INFO:colcon.colcon_core.shell:Creating prefix script '/home/labserver/ros2_ws/install/local_setup.zsh'
[11.218s] INFO:colcon.colcon_core.shell:Creating prefix chain script '/home/labserver/ros2_ws/install/setup.zsh'
