[2.267s] Invoking command in '/home/labserver/ros2_ws/src/prueba': PYTHONPATH=/home/labserver/ros2_ws/build/prueba/prefix_override:/home/labserver/ros2_ws/install/prueba/lib/python3.10/site-packages:${PYTHONPATH} /usr/bin/python3 setup.py egg_info --egg-base ../../build/prueba build --build-base /home/labserver/ros2_ws/build/prueba/build install --record /home/labserver/ros2_ws/build/prueba/install.log --single-version-externally-managed
[2.653s] running egg_info
[2.671s] writing ../../build/prueba/prueba.egg-info/PKG-INFO
[2.673s] writing dependency_links to ../../build/prueba/prueba.egg-info/dependency_links.txt
[2.674s] writing entry points to ../../build/prueba/prueba.egg-info/entry_points.txt
[2.675s] writing requirements to ../../build/prueba/prueba.egg-info/requires.txt
[2.681s] writing top-level names to ../../build/prueba/prueba.egg-info/top_level.txt
[2.874s] reading manifest file '../../build/prueba/prueba.egg-info/SOURCES.txt'
[2.875s] writing manifest file '../../build/prueba/prueba.egg-info/SOURCES.txt'
[2.876s] running build
[2.876s] running build_py
[2.879s] copying prueba/prueba.py -> /home/labserver/ros2_ws/build/prueba/build/lib/prueba
[2.879s] copying prueba/listener.py -> /home/labserver/ros2_ws/build/prueba/build/lib/prueba
[2.880s] copying prueba/__init__.py -> /home/labserver/ros2_ws/build/prueba/build/lib/prueba
[2.880s] running install
[2.881s] /home/labserver/.local/lib/python3.10/site-packages/setuptools/_distutils/cmd.py:66: SetuptoolsDeprecationWarning: setup.py install is deprecated.
[2.881s] !!
[2.881s] 
[2.882s]         ********************************************************************************
[2.882s]         Please avoid running ``setup.py`` directly.
[2.882s]         Instead, use pypa/build, pypa/installer or other
[2.882s]         standards-based tools.
[2.882s] 
[2.882s]         See https://blog.ganssle.io/articles/2021/10/setup-py-deprecated.html for details.
[2.886s]         ********************************************************************************
[2.887s] 
[2.887s] !!
[2.887s]   self.initialize_options()
[2.894s] running install_lib
[2.927s] running install_data
[2.946s] copying resource/prueba -> /home/labserver/ros2_ws/install/prueba/share/ament_index/resource_index/packages
[2.947s] copying package.xml -> /home/labserver/ros2_ws/install/prueba/share/prueba
[2.948s] running install_egg_info
[2.969s] removing '/home/labserver/ros2_ws/install/prueba/lib/python3.10/site-packages/prueba-0.0.0-py3.10.egg-info' (and everything under it)
[2.976s] Copying ../../build/prueba/prueba.egg-info to /home/labserver/ros2_ws/install/prueba/lib/python3.10/site-packages/prueba-0.0.0-py3.10.egg-info
[2.981s] running install_scripts
[3.073s] Installing listener script to /home/labserver/ros2_ws/install/prueba/lib/prueba
[3.073s] Installing talker script to /home/labserver/ros2_ws/install/prueba/lib/prueba
[3.078s] writing list of installed files to '/home/labserver/ros2_ws/build/prueba/install.log'
[3.398s] Invoked command in '/home/labserver/ros2_ws/src/prueba' returned '0': PYTHONPATH=/home/labserver/ros2_ws/build/prueba/prefix_override:/home/labserver/ros2_ws/install/prueba/lib/python3.10/site-packages:${PYTHONPATH} /usr/bin/python3 setup.py egg_info --egg-base ../../build/prueba build --build-base /home/labserver/ros2_ws/build/prueba/build install --record /home/labserver/ros2_ws/build/prueba/install.log --single-version-externally-managed
